2020-02-29 12:40:03.981   1   INF   Device started running
2020-02-29 12:40:03.982   1   WRN   Device directory not exist, creating
2020-02-29 12:40:03.982   1   INF   Device directory created
2020-02-29 12:40:03.982   1   INF   Starting device loop
2020-02-29 12:40:03.982   1   INF   Downloading actual state
2020-02-29 12:40:04.013   1   INF   Actual state downloaded, elapsed: 30.576583ms
2020-02-29 12:40:04.013   1   INF   Actual workplace state: 
2020-02-29 12:40:04.013   1   INF   Checking open order
2020-02-29 12:40:04.031   1   INF   Open order checked, elapsed: 18.584672ms
2020-02-29 12:40:04.032   1   INF   Actual open order: 0
2020-02-29 12:40:04.032   1   INF   Checking open downtime
2020-02-29 12:40:04.080   1   INF   Open downtime checked, elapsed: 48.161246ms
2020-02-29 12:40:04.080   1   INF   Actual open downtime: 0
2020-02-29 12:40:04.080   1   INF   Loop ended, elapsed: 98.229143ms
2020-02-29 12:40:04.080   1   INF   Sleeping for 9.901699s
2020-02-29 12:40:13.982   1   INF   Device still active
2020-02-29 12:40:13.982   1   INF   Starting device loop
2020-02-29 12:40:13.982   1   INF   Downloading actual state
2020-02-29 12:40:14.004   1   INF   Actual state downloaded, elapsed: 21.915306ms
2020-02-29 12:40:14.005   1   INF   Actual workplace state: 
2020-02-29 12:40:14.005   1   INF   Checking open order
2020-02-29 12:40:14.040   1   INF   Open order checked, elapsed: 35.602097ms
2020-02-29 12:40:14.040   1   INF   Actual open order: 0
2020-02-29 12:40:14.041   1   INF   Checking open downtime
2020-02-29 12:40:14.103   1   INF   Open downtime checked, elapsed: 62.309856ms
2020-02-29 12:40:14.103   1   INF   Actual open downtime: 0
2020-02-29 12:40:14.103   1   INF   Loop ended, elapsed: 120.815673ms
2020-02-29 12:40:14.103   1   INF   Sleeping for 9.879123724s
2020-02-29 12:40:23.983   1   INF   Device not active
2020-02-29 12:40:23.983   1   INF   Device not active, stopped running
2020-02-29 12:40:23.984   1   INF   Device started running
2020-02-29 12:40:23.984   1   INF   Device directory exists
2020-02-29 12:40:23.984   1   INF   Starting device loop
2020-02-29 12:40:23.984   1   INF   Downloading actual state
2020-02-29 12:40:24.016   1   INF   Actual state downloaded, elapsed: 31.976281ms
2020-02-29 12:40:24.016   1   INF   Actual workplace state: 
2020-02-29 12:40:24.016   1   INF   Checking open order
2020-02-29 12:40:24.036   1   INF   Open order checked, elapsed: 19.1723ms
2020-02-29 12:40:24.036   1   INF   Actual open order: 0
2020-02-29 12:40:24.036   1   INF   Checking open downtime
2020-02-29 12:40:24.058   1   INF   Open downtime checked, elapsed: 22.479111ms
2020-02-29 12:40:24.059   1   INF   Actual open downtime: 0
2020-02-29 12:40:24.059   1   INF   Loop ended, elapsed: 74.585924ms
2020-02-29 12:40:24.059   1   INF   Sleeping for 9.925331732s
2020-02-29 12:40:33.984   1   INF   Device still active
2020-02-29 12:40:33.984   1   INF   Starting device loop
2020-02-29 12:40:33.985   1   INF   Downloading actual state
2020-02-29 12:40:34.023   1   INF   Actual state downloaded, elapsed: 38.483309ms
2020-02-29 12:40:34.023   1   INF   Actual workplace state: Poweroff
2020-02-29 12:40:34.023   1   INF   Checking open order
2020-02-29 12:40:34.054   1   INF   Open order checked, elapsed: 30.801801ms
2020-02-29 12:40:34.054   1   INF   Actual open order: 0
2020-02-29 12:40:34.054   1   INF   Checking open downtime
2020-02-29 12:40:34.075   1   INF   Open downtime checked, elapsed: 20.107971ms
2020-02-29 12:40:34.075   1   INF   Actual open downtime: 0
2020-02-29 12:40:34.075   1   INF   Poweroff state
2020-02-29 12:40:34.075   1   INF   Loop ended, elapsed: 90.504343ms
2020-02-29 12:40:34.075   1   INF   Sleeping for 9.909373225s
2020-02-29 12:40:43.985   1   INF   Device still active
2020-02-29 12:40:43.985   1   INF   Starting device loop
2020-02-29 12:40:43.985   1   INF   Downloading actual state
2020-02-29 12:40:44.023   1   INF   Actual state downloaded, elapsed: 37.18862ms
2020-02-29 12:40:44.023   1   INF   Actual workplace state: Poweroff
2020-02-29 12:40:44.023   1   INF   Checking open order
2020-02-29 12:40:44.073   1   INF   Open order checked, elapsed: 49.949087ms
2020-02-29 12:40:44.073   1   INF   Actual open order: 0
2020-02-29 12:40:44.073   1   INF   Checking open downtime
2020-02-29 12:40:44.091   1   INF   Open downtime checked, elapsed: 18.056101ms
2020-02-29 12:40:44.092   1   INF   Actual open downtime: 0
2020-02-29 12:40:44.092   1   INF   Poweroff state
2020-02-29 12:40:44.092   1   INF   Loop ended, elapsed: 106.70356ms
2020-02-29 12:40:44.092   1   INF   Sleeping for 9.893219652s
2020-02-29 12:40:53.986   1   INF   Device still active
2020-02-29 12:40:53.986   1   INF   Starting device loop
2020-02-29 12:40:53.986   1   INF   Downloading actual state
2020-02-29 12:40:54.020   1   INF   Actual state downloaded, elapsed: 34.158689ms
2020-02-29 12:40:54.020   1   INF   Actual workplace state: Poweroff
2020-02-29 12:40:54.020   1   INF   Checking open order
2020-02-29 12:40:54.048   1   INF   Open order checked, elapsed: 27.67883ms
2020-02-29 12:40:54.048   1   INF   Actual open order: 0
2020-02-29 12:40:54.048   1   INF   Checking open downtime
2020-02-29 12:40:54.073   1   INF   Open downtime checked, elapsed: 24.60072ms
2020-02-29 12:40:54.073   1   INF   Actual open downtime: 0
2020-02-29 12:40:54.073   1   INF   Poweroff state
2020-02-29 12:40:54.073   1   INF   Loop ended, elapsed: 87.423278ms
2020-02-29 12:40:54.073   1   INF   Sleeping for 9.912510725s
2020-02-29 12:41:03.986   1   INF   Device still active
2020-02-29 12:41:03.986   1   INF   Starting device loop
2020-02-29 12:41:03.986   1   INF   Downloading actual state
2020-02-29 12:41:04.054   1   INF   Actual state downloaded, elapsed: 67.993317ms
2020-02-29 12:41:04.054   1   INF   Actual workplace state: Poweroff
2020-02-29 12:41:04.055   1   INF   Checking open order
2020-02-29 12:41:04.079   1   INF   Open order checked, elapsed: 24.042371ms
2020-02-29 12:41:04.079   1   INF   Actual open order: 0
2020-02-29 12:41:04.079   1   INF   Checking open downtime
2020-02-29 12:41:04.100   1   INF   Open downtime checked, elapsed: 20.572323ms
2020-02-29 12:41:04.100   1   INF   Actual open downtime: 0
2020-02-29 12:41:04.100   1   INF   Poweroff state
2020-02-29 12:41:04.100   1   INF   Loop ended, elapsed: 113.575032ms
2020-02-29 12:41:04.100   1   INF   Sleeping for 9.88633605s
2020-02-29 12:41:13.987   1   INF   Device still active
2020-02-29 12:41:13.987   1   INF   Starting device loop
2020-02-29 12:41:13.987   1   INF   Downloading actual state
2020-02-29 12:41:14.035   1   INF   Actual state downloaded, elapsed: 48.341567ms
2020-02-29 12:41:14.035   1   INF   Actual workplace state: Poweroff
2020-02-29 12:41:14.035   1   INF   Checking open order
2020-02-29 12:41:14.055   1   INF   Open order checked, elapsed: 19.026845ms
2020-02-29 12:41:14.055   1   INF   Actual open order: 0
2020-02-29 12:41:14.055   1   INF   Checking open downtime
2020-02-29 12:41:14.092   1   INF   Open downtime checked, elapsed: 37.279265ms
2020-02-29 12:41:14.092   1   INF   Actual open downtime: 0
2020-02-29 12:41:14.092   1   INF   Poweroff state
2020-02-29 12:41:14.092   1   INF   Loop ended, elapsed: 105.600264ms
2020-02-29 12:41:14.092   1   INF   Sleeping for 9.894350699s
2020-02-29 12:41:23.987   1   INF   Device still active
2020-02-29 12:41:23.987   1   INF   Starting device loop
2020-02-29 12:41:23.987   1   INF   Downloading actual state
2020-02-29 12:41:24.015   1   INF   Actual state downloaded, elapsed: 27.785278ms
2020-02-29 12:41:24.015   1   INF   Actual workplace state: Poweroff
2020-02-29 12:41:24.015   1   INF   Checking open order
2020-02-29 12:41:24.040   1   INF   Open order checked, elapsed: 24.214329ms
2020-02-29 12:41:24.040   1   INF   Actual open order: 0
2020-02-29 12:41:24.040   1   INF   Checking open downtime
2020-02-29 12:41:24.069   1   INF   Open downtime checked, elapsed: 29.040572ms
2020-02-29 12:41:24.069   1   INF   Actual open downtime: 0
2020-02-29 12:41:24.069   1   INF   Poweroff state
2020-02-29 12:41:24.069   1   INF   Loop ended, elapsed: 82.187403ms
2020-02-29 12:41:24.069   1   INF   Sleeping for 9.917742264s
2020-02-29 12:41:33.987   1   INF   Device still active
2020-02-29 12:41:33.988   1   INF   Starting device loop
2020-02-29 12:41:33.988   1   INF   Downloading actual state
2020-02-29 12:41:34.028   1   INF   Actual state downloaded, elapsed: 40.115394ms
2020-02-29 12:41:34.028   1   INF   Actual workplace state: Poweroff
2020-02-29 12:41:34.028   1   INF   Checking open order
2020-02-29 12:41:34.063   1   INF   Open order checked, elapsed: 34.866031ms
2020-02-29 12:41:34.063   1   INF   Actual open order: 0
2020-02-29 12:41:34.063   1   INF   Checking open downtime
2020-02-29 12:41:34.096   1   INF   Open downtime checked, elapsed: 32.61788ms
2020-02-29 12:41:34.096   1   INF   Actual open downtime: 0
2020-02-29 12:41:34.096   1   INF   Poweroff state
2020-02-29 12:41:34.096   1   INF   Loop ended, elapsed: 108.589971ms
2020-02-29 12:41:34.096   1   INF   Sleeping for 9.891355444s
2020-02-29 12:41:43.988   1   INF   Device still active
2020-02-29 12:41:43.988   1   INF   Starting device loop
2020-02-29 12:41:43.988   1   INF   Downloading actual state
2020-02-29 12:41:44.050   1   INF   Actual state downloaded, elapsed: 61.318543ms
2020-02-29 12:41:44.050   1   INF   Actual workplace state: Poweroff
2020-02-29 12:41:44.050   1   INF   Checking open order
2020-02-29 12:41:44.073   1   INF   Open order checked, elapsed: 22.478249ms
2020-02-29 12:41:44.073   1   INF   Actual open order: 0
2020-02-29 12:41:44.073   1   INF   Checking open downtime
2020-02-29 12:41:44.091   1   INF   Open downtime checked, elapsed: 18.061352ms
2020-02-29 12:41:44.091   1   INF   Actual open downtime: 0
2020-02-29 12:41:44.091   1   INF   Poweroff state
2020-02-29 12:41:44.091   1   INF   Loop ended, elapsed: 103.037556ms
2020-02-29 12:41:44.091   1   INF   Sleeping for 9.896909464s
2020-02-29 12:41:53.989   1   INF   Device still active
2020-02-29 12:41:53.989   1   INF   Starting device loop
2020-02-29 12:41:53.989   1   INF   Downloading actual state
2020-02-29 12:41:54.028   1   INF   Actual state downloaded, elapsed: 38.866704ms
2020-02-29 12:41:54.028   1   INF   Actual workplace state: Poweroff
2020-02-29 12:41:54.028   1   INF   Checking open order
2020-02-29 12:41:54.062   1   INF   Open order checked, elapsed: 33.723124ms
2020-02-29 12:41:54.062   1   INF   Actual open order: 0
2020-02-29 12:41:54.062   1   INF   Checking open downtime
2020-02-29 12:41:54.089   1   INF   Open downtime checked, elapsed: 26.362018ms
2020-02-29 12:41:54.089   1   INF   Actual open downtime: 0
2020-02-29 12:41:54.089   1   INF   Poweroff state
2020-02-29 12:41:54.089   1   INF   Loop ended, elapsed: 100.051582ms
2020-02-29 12:41:54.089   1   INF   Sleeping for 9.899845109s
2020-02-29 12:42:03.991   1   INF   Device still active
2020-02-29 12:42:03.991   1   INF   Starting device loop
2020-02-29 12:42:03.992   1   INF   Downloading actual state
2020-02-29 12:42:04.032   1   INF   Actual state downloaded, elapsed: 39.671463ms
2020-02-29 12:42:04.032   1   INF   Actual workplace state: Poweroff
2020-02-29 12:42:04.032   1   INF   Checking open order
2020-02-29 12:42:04.059   1   INF   Open order checked, elapsed: 26.873427ms
2020-02-29 12:42:04.059   1   INF   Actual open order: 0
2020-02-29 12:42:04.059   1   INF   Checking open downtime
2020-02-29 12:42:04.077   1   INF   Open downtime checked, elapsed: 17.874264ms
2020-02-29 12:42:04.077   1   INF   Actual open downtime: 0
2020-02-29 12:42:04.077   1   INF   Poweroff state
2020-02-29 12:42:04.077   1   INF   Loop ended, elapsed: 85.438673ms
2020-02-29 12:42:04.077   1   INF   Sleeping for 9.914487887s
2020-02-29 12:42:13.994   1   INF   Device still active
2020-02-29 12:42:13.995   1   INF   Starting device loop
2020-02-29 12:42:13.995   1   INF   Downloading actual state
2020-02-29 12:42:14.038   1   INF   Actual state downloaded, elapsed: 42.595756ms
2020-02-29 12:42:14.038   1   INF   Actual workplace state: Poweroff
2020-02-29 12:42:14.038   1   INF   Checking open order
2020-02-29 12:42:14.066   1   INF   Open order checked, elapsed: 28.259085ms
2020-02-29 12:42:14.067   1   INF   Actual open order: 0
2020-02-29 12:42:14.067   1   INF   Checking open downtime
2020-02-29 12:42:14.090   1   INF   Open downtime checked, elapsed: 22.943946ms
2020-02-29 12:42:14.090   1   INF   Actual open downtime: 0
2020-02-29 12:42:14.090   1   INF   Poweroff state
2020-02-29 12:42:14.090   1   INF   Loop ended, elapsed: 95.118583ms
2020-02-29 12:42:14.090   1   INF   Sleeping for 9.904834295s
2020-02-29 12:42:23.999   1   INF   Device still active
2020-02-29 12:42:24.000   1   INF   Starting device loop
2020-02-29 12:42:24.000   1   INF   Downloading actual state
2020-02-29 12:42:24.044   1   INF   Actual state downloaded, elapsed: 43.371191ms
2020-02-29 12:42:24.044   1   INF   Actual workplace state: Poweroff
2020-02-29 12:42:24.044   1   INF   Checking open order
2020-02-29 12:42:24.070   1   INF   Open order checked, elapsed: 26.274471ms
2020-02-29 12:42:24.071   1   INF   Actual open order: 0
2020-02-29 12:42:24.071   1   INF   Checking open downtime
2020-02-29 12:42:24.095   1   INF   Open downtime checked, elapsed: 24.125436ms
2020-02-29 12:42:24.095   1   INF   Actual open downtime: 0
2020-02-29 12:42:24.095   1   INF   Poweroff state
2020-02-29 12:42:24.095   1   INF   Loop ended, elapsed: 95.351177ms
2020-02-29 12:42:24.095   1   INF   Sleeping for 9.904540754s
2020-02-29 12:42:34.003   1   INF   Device still active
2020-02-29 12:42:34.003   1   INF   Starting device loop
2020-02-29 12:42:34.003   1   INF   Downloading actual state
2020-02-29 12:42:34.039   1   INF   Actual state downloaded, elapsed: 35.919625ms
2020-02-29 12:42:34.040   1   INF   Actual workplace state: Poweroff
2020-02-29 12:42:34.040   1   INF   Checking open order
2020-02-29 12:42:34.069   1   INF   Open order checked, elapsed: 29.229807ms
2020-02-29 12:42:34.069   1   INF   Actual open order: 0
2020-02-29 12:42:34.069   1   INF   Checking open downtime
2020-02-29 12:42:34.091   1   INF   Open downtime checked, elapsed: 21.566716ms
2020-02-29 12:42:34.091   1   INF   Actual open downtime: 0
2020-02-29 12:42:34.091   1   INF   Poweroff state
2020-02-29 12:42:34.091   1   INF   Loop ended, elapsed: 88.051696ms
2020-02-29 12:42:34.091   1   INF   Sleeping for 9.911890513s
2020-02-29 12:42:44.004   1   INF   Device still active
2020-02-29 12:42:44.005   1   INF   Starting device loop
2020-02-29 12:42:44.005   1   INF   Downloading actual state
2020-02-29 12:42:44.044   1   INF   Actual state downloaded, elapsed: 38.885997ms
2020-02-29 12:42:44.044   1   INF   Actual workplace state: Poweroff
2020-02-29 12:42:44.044   1   INF   Checking open order
2020-02-29 12:42:44.067   1   INF   Open order checked, elapsed: 22.325423ms
2020-02-29 12:42:44.067   1   INF   Actual open order: 0
2020-02-29 12:42:44.067   1   INF   Checking open downtime
2020-02-29 12:42:44.092   1   INF   Open downtime checked, elapsed: 24.671515ms
2020-02-29 12:42:44.092   1   INF   Actual open downtime: 0
2020-02-29 12:42:44.092   1   INF   Poweroff state
2020-02-29 12:42:44.092   1   INF   Loop ended, elapsed: 87.173003ms
2020-02-29 12:42:44.092   1   INF   Sleeping for 9.912768255s
2020-02-29 12:42:54.005   1   INF   Device still active
2020-02-29 12:42:54.005   1   INF   Starting device loop
2020-02-29 12:42:54.005   1   INF   Downloading actual state
2020-02-29 12:42:54.081   1   INF   Actual state downloaded, elapsed: 75.75611ms
2020-02-29 12:42:54.081   1   INF   Actual workplace state: Poweroff
2020-02-29 12:42:54.082   1   INF   Checking open order
2020-02-29 12:42:54.117   1   INF   Open order checked, elapsed: 35.31922ms
2020-02-29 12:42:54.117   1   INF   Actual open order: 0
2020-02-29 12:42:54.117   1   INF   Checking open downtime
2020-02-29 12:42:54.149   1   INF   Open downtime checked, elapsed: 31.400403ms
2020-02-29 12:42:54.149   1   INF   Actual open downtime: 0
2020-02-29 12:42:54.149   1   INF   Poweroff state
2020-02-29 12:42:54.149   1   INF   Loop ended, elapsed: 143.872467ms
2020-02-29 12:42:54.149   1   INF   Sleeping for 9.856034901s
2020-02-29 12:43:04.009   1   INF   Device still active
2020-02-29 12:43:04.009   1   INF   Starting device loop
2020-02-29 12:43:04.009   1   INF   Downloading actual state
2020-02-29 12:43:04.067   1   INF   Actual state downloaded, elapsed: 57.401064ms
2020-02-29 12:43:04.067   1   INF   Actual workplace state: Poweroff
2020-02-29 12:43:04.067   1   INF   Checking open order
2020-02-29 12:43:04.096   1   INF   Open order checked, elapsed: 29.122645ms
2020-02-29 12:43:04.097   1   INF   Actual open order: 0
2020-02-29 12:43:04.097   1   INF   Checking open downtime
2020-02-29 12:43:04.129   1   INF   Open downtime checked, elapsed: 32.705484ms
2020-02-29 12:43:04.130   1   INF   Actual open downtime: 0
2020-02-29 12:43:04.130   1   INF   Poweroff state
2020-02-29 12:43:04.130   1   INF   Loop ended, elapsed: 120.616516ms
2020-02-29 12:43:04.130   1   INF   Sleeping for 9.879322394s
2020-02-29 12:43:14.011   1   INF   Device still active
2020-02-29 12:43:14.011   1   INF   Starting device loop
2020-02-29 12:43:14.012   1   INF   Downloading actual state
2020-02-29 12:43:14.063   1   INF   Actual state downloaded, elapsed: 51.778159ms
2020-02-29 12:43:14.064   1   INF   Actual workplace state: Poweroff
2020-02-29 12:43:14.064   1   INF   Checking open order
2020-02-29 12:43:14.089   1   INF   Open order checked, elapsed: 25.680256ms
2020-02-29 12:43:14.090   1   INF   Actual open order: 0
2020-02-29 12:43:14.090   1   INF   Checking open downtime
2020-02-29 12:43:14.121   1   INF   Open downtime checked, elapsed: 31.389722ms
2020-02-29 12:43:14.121   1   INF   Actual open downtime: 0
2020-02-29 12:43:14.122   1   INF   Poweroff state
2020-02-29 12:43:14.122   1   INF   Loop ended, elapsed: 110.130821ms
2020-02-29 12:43:14.122   1   INF   Sleeping for 9.889753606s
2020-02-29 12:43:24.013   1   INF   Device still active
2020-02-29 12:43:24.013   1   INF   Starting device loop
2020-02-29 12:43:24.013   1   INF   Downloading actual state
2020-02-29 12:43:24.054   1   INF   Actual state downloaded, elapsed: 40.140701ms
2020-02-29 12:43:24.054   1   INF   Actual workplace state: Poweroff
2020-02-29 12:43:24.054   1   INF   Checking open order
2020-02-29 12:43:24.092   1   INF   Open order checked, elapsed: 37.347306ms
2020-02-29 12:43:24.092   1   INF   Actual open order: 0
2020-02-29 12:43:24.092   1   INF   Checking open downtime
2020-02-29 12:43:24.122   1   INF   Open downtime checked, elapsed: 30.43529ms
2020-02-29 12:43:24.123   1   INF   Actual open downtime: 0
2020-02-29 12:43:24.123   1   INF   Poweroff state
2020-02-29 12:43:24.123   1   INF   Loop ended, elapsed: 109.201986ms
2020-02-29 12:43:24.123   1   INF   Sleeping for 9.890696259s
2020-02-29 12:43:34.014   1   INF   Device still active
2020-02-29 12:43:34.014   1   INF   Starting device loop
2020-02-29 12:43:34.014   1   INF   Downloading actual state
2020-02-29 12:43:34.070   1   INF   Actual state downloaded, elapsed: 56.130999ms
2020-02-29 12:43:34.070   1   INF   Actual workplace state: Poweroff
2020-02-29 12:43:34.070   1   INF   Checking open order
2020-02-29 12:43:34.101   1   INF   Open order checked, elapsed: 30.138042ms
2020-02-29 12:43:34.101   1   INF   Actual open order: 0
2020-02-29 12:43:34.101   1   INF   Checking open downtime
2020-02-29 12:43:34.142   1   INF   Open downtime checked, elapsed: 40.289349ms
2020-02-29 12:43:34.142   1   INF   Actual open downtime: 0
2020-02-29 12:43:34.142   1   INF   Poweroff state
2020-02-29 12:43:34.142   1   INF   Loop ended, elapsed: 128.252543ms
2020-02-29 12:43:34.142   1   INF   Sleeping for 9.87165155s
2020-02-29 12:43:44.017   1   INF   Device still active
2020-02-29 12:43:44.018   1   INF   Starting device loop
2020-02-29 12:43:44.018   1   INF   Downloading actual state
2020-02-29 12:43:44.071   1   INF   Actual state downloaded, elapsed: 52.389298ms
2020-02-29 12:43:44.071   1   INF   Actual workplace state: Poweroff
2020-02-29 12:43:44.071   1   INF   Checking open order
2020-02-29 12:43:44.104   1   INF   Open order checked, elapsed: 33.130214ms
2020-02-29 12:43:44.105   1   INF   Actual open order: 0
2020-02-29 12:43:44.105   1   INF   Checking open downtime
2020-02-29 12:43:44.129   1   INF   Open downtime checked, elapsed: 24.173289ms
2020-02-29 12:43:44.129   1   INF   Actual open downtime: 0
2020-02-29 12:43:44.129   1   INF   Poweroff state
2020-02-29 12:43:44.129   1   INF   Loop ended, elapsed: 111.077963ms
2020-02-29 12:43:44.129   1   INF   Sleeping for 9.888872435s
2020-02-29 12:43:54.019   1   INF   Device still active
2020-02-29 12:43:54.020   1   INF   Starting device loop
2020-02-29 12:43:54.020   1   INF   Downloading actual state
2020-02-29 12:43:54.097   1   INF   Actual state downloaded, elapsed: 76.793373ms
2020-02-29 12:43:54.097   1   INF   Actual workplace state: Poweroff
2020-02-29 12:43:54.097   1   INF   Checking open order
2020-02-29 12:43:54.132   1   INF   Open order checked, elapsed: 34.523655ms
2020-02-29 12:43:54.132   1   INF   Actual open order: 0
2020-02-29 12:43:54.132   1   INF   Checking open downtime
2020-02-29 12:43:54.165   1   INF   Open downtime checked, elapsed: 33.114956ms
2020-02-29 12:43:54.165   1   INF   Actual open downtime: 0
2020-02-29 12:43:54.166   1   INF   Poweroff state
2020-02-29 12:43:54.166   1   INF   Loop ended, elapsed: 145.587685ms
2020-02-29 12:43:54.166   1   INF   Sleeping for 9.854320865s
2020-02-29 12:44:04.020   1   INF   Device still active
2020-02-29 12:44:04.021   1   INF   Starting device loop
2020-02-29 12:44:04.021   1   INF   Downloading actual state
2020-02-29 12:44:04.086   1   INF   Actual state downloaded, elapsed: 64.399734ms
2020-02-29 12:44:04.086   1   INF   Actual workplace state: Poweroff
2020-02-29 12:44:04.086   1   INF   Checking open order
2020-02-29 12:44:04.121   1   INF   Open order checked, elapsed: 35.184642ms
2020-02-29 12:44:04.121   1   INF   Actual open order: 0
2020-02-29 12:44:04.121   1   INF   Checking open downtime
2020-02-29 12:44:04.142   1   INF   Open downtime checked, elapsed: 20.658781ms
2020-02-29 12:44:04.142   1   INF   Actual open downtime: 0
2020-02-29 12:44:04.142   1   INF   Poweroff state
2020-02-29 12:44:04.142   1   INF   Loop ended, elapsed: 121.513026ms
2020-02-29 12:44:04.142   1   INF   Sleeping for 9.878416759s
2020-02-29 12:44:14.021   1   INF   Device still active
2020-02-29 12:44:14.021   1   INF   Starting device loop
2020-02-29 12:44:14.022   1   INF   Downloading actual state
2020-02-29 12:44:14.083   1   INF   Actual state downloaded, elapsed: 61.3448ms
2020-02-29 12:44:14.083   1   INF   Actual workplace state: Poweroff
2020-02-29 12:44:14.083   1   INF   Checking open order
2020-02-29 12:44:14.129   1   INF   Open order checked, elapsed: 45.934575ms
2020-02-29 12:44:14.129   1   INF   Actual open order: 0
2020-02-29 12:44:14.129   1   INF   Checking open downtime
2020-02-29 12:44:14.154   1   INF   Open downtime checked, elapsed: 24.876828ms
2020-02-29 12:44:14.155   1   INF   Actual open downtime: 0
2020-02-29 12:44:14.155   1   INF   Poweroff state
2020-02-29 12:44:14.155   1   INF   Loop ended, elapsed: 133.35941ms
2020-02-29 12:44:14.155   1   INF   Sleeping for 9.866529852s
2020-02-29 12:44:24.023   1   INF   Device still active
2020-02-29 12:44:24.024   1   INF   Device not active, stopped running
2020-02-29 12:44:24.046   1   INF   Device started running
2020-02-29 12:44:24.047   1   INF   Device directory exists
2020-02-29 12:44:24.047   1   INF   Device not active, stopped running
2020-02-29 12:44:53.444   1   INF   Device started running
2020-02-29 12:44:53.444   1   INF   Device directory exists
2020-02-29 12:44:53.444   1   INF   Starting device loop
2020-02-29 12:44:53.444   1   INF   Downloading actual state
2020-02-29 12:44:53.467   1   INF   Actual state downloaded, elapsed: 22.253906ms
2020-02-29 12:44:53.467   1   INF   Actual workplace state: Poweroff
2020-02-29 12:44:53.467   1   INF   Checking open order
2020-02-29 12:44:53.504   1   INF   Open order checked, elapsed: 37.050721ms
2020-02-29 12:44:53.504   1   INF   Actual open order: 0
2020-02-29 12:44:53.504   1   INF   Checking open downtime
2020-02-29 12:44:53.536   1   INF   Open downtime checked, elapsed: 31.181609ms
2020-02-29 12:44:53.536   1   INF   Actual open downtime: 0
2020-02-29 12:44:53.536   1   INF   Poweroff state
2020-02-29 12:44:53.536   1   INF   Loop ended, elapsed: 91.452735ms
2020-02-29 12:44:53.536   1   INF   Sleeping for 9.908449254s
2020-02-29 12:45:03.445   1   INF   Device still active
2020-02-29 12:45:03.445   1   INF   Starting device loop
2020-02-29 12:45:03.445   1   INF   Downloading actual state
2020-02-29 12:45:03.472   1   INF   Actual state downloaded, elapsed: 26.877854ms
2020-02-29 12:45:03.472   1   INF   Actual workplace state: Poweroff
2020-02-29 12:45:03.472   1   INF   Checking open order
2020-02-29 12:45:03.494   1   INF   Open order checked, elapsed: 21.534145ms
2020-02-29 12:45:03.494   1   INF   Actual open order: 0
2020-02-29 12:45:03.494   1   INF   Checking open downtime
2020-02-29 12:45:03.536   1   INF   Open downtime checked, elapsed: 42.340378ms
2020-02-29 12:45:03.536   1   INF   Actual open downtime: 0
2020-02-29 12:45:03.536   1   INF   Poweroff state
2020-02-29 12:45:03.537   1   INF   Loop ended, elapsed: 91.731425ms
2020-02-29 12:45:03.537   1   INF   Sleeping for 9.908171971s
2020-02-29 12:45:13.447   1   INF   Device still active
2020-02-29 12:45:13.447   1   INF   Starting device loop
2020-02-29 12:45:13.447   1   INF   Downloading actual state
2020-02-29 12:45:13.479   1   INF   Actual state downloaded, elapsed: 32.412455ms
2020-02-29 12:45:13.480   1   INF   Actual workplace state: Poweroff
2020-02-29 12:45:13.480   1   INF   Checking open order
2020-02-29 12:45:13.527   1   INF   Open order checked, elapsed: 47.097328ms
2020-02-29 12:45:13.527   1   INF   Actual open order: 0
2020-02-29 12:45:13.527   1   INF   Checking open downtime
2020-02-29 12:45:13.571   1   INF   Open downtime checked, elapsed: 43.621944ms
2020-02-29 12:45:13.571   1   INF   Actual open downtime: 0
2020-02-29 12:45:13.571   1   INF   Poweroff state
2020-02-29 12:45:13.572   1   INF   Loop ended, elapsed: 124.512207ms
2020-02-29 12:45:13.572   1   INF   Sleeping for 9.875406899s
2020-02-29 12:45:23.448   1   INF   Device still active
2020-02-29 12:45:23.448   1   INF   Starting device loop
2020-02-29 12:45:23.448   1   INF   Downloading actual state
2020-02-29 12:45:23.498   1   INF   Actual state downloaded, elapsed: 49.714427ms
2020-02-29 12:45:23.498   1   INF   Actual workplace state: Poweroff
2020-02-29 12:45:23.499   1   INF   Checking open order
2020-02-29 12:45:23.540   1   INF   Open order checked, elapsed: 41.810515ms
2020-02-29 12:45:23.541   1   INF   Actual open order: 0
2020-02-29 12:45:23.541   1   INF   Checking open downtime
2020-02-29 12:45:23.591   1   INF   Open downtime checked, elapsed: 49.889599ms
2020-02-29 12:45:23.591   1   INF   Actual open downtime: 0
2020-02-29 12:45:23.591   1   INF   Poweroff state
2020-02-29 12:45:23.591   1   INF   Loop ended, elapsed: 142.659782ms
2020-02-29 12:45:23.591   1   INF   Sleeping for 9.857268224s
2020-02-29 12:45:33.449   1   INF   Device still active
2020-02-29 12:45:33.449   1   INF   Starting device loop
2020-02-29 12:45:33.449   1   INF   Downloading actual state
2020-02-29 12:45:33.515   1   INF   Actual state downloaded, elapsed: 65.798007ms
2020-02-29 12:45:33.515   1   INF   Actual workplace state: Poweroff
2020-02-29 12:45:33.515   1   INF   Checking open order
2020-02-29 12:45:33.560   1   INF   Open order checked, elapsed: 44.868815ms
2020-02-29 12:45:33.560   1   INF   Actual open order: 0
2020-02-29 12:45:33.560   1   INF   Checking open downtime
2020-02-29 12:45:33.592   1   INF   Open downtime checked, elapsed: 31.189875ms
2020-02-29 12:45:33.592   1   INF   Actual open downtime: 0
2020-02-29 12:45:33.592   1   INF   Poweroff state
2020-02-29 12:45:33.592   1   INF   Loop ended, elapsed: 143.157519ms
2020-02-29 12:45:33.592   1   INF   Sleeping for 9.856702073s
2020-02-29 12:45:43.450   1   INF   Device still active
2020-02-29 12:45:43.450   1   INF   Starting device loop
2020-02-29 12:45:43.450   1   INF   Downloading actual state
2020-02-29 12:45:43.551   1   INF   Actual state downloaded, elapsed: 101.010762ms
2020-02-29 12:45:43.551   1   INF   Actual workplace state: Poweroff
2020-02-29 12:45:43.551   1   INF   Checking open order
2020-02-29 12:45:43.590   1   INF   Open order checked, elapsed: 38.138566ms
2020-02-29 12:45:43.590   1   INF   Actual open order: 0
2020-02-29 12:45:43.590   1   INF   Checking open downtime
2020-02-29 12:45:43.637   1   INF   Open downtime checked, elapsed: 45.948848ms
2020-02-29 12:45:43.637   1   INF   Actual open downtime: 0
2020-02-29 12:45:43.637   1   INF   Poweroff state
2020-02-29 12:45:43.637   1   INF   Loop ended, elapsed: 186.753021ms
2020-02-29 12:45:43.637   1   INF   Sleeping for 9.81313402s
2020-02-29 12:45:53.450   1   INF   Device still active
2020-02-29 12:45:53.450   1   INF   Starting device loop
2020-02-29 12:45:53.450   1   INF   Downloading actual state
2020-02-29 12:45:53.498   1   INF   Actual state downloaded, elapsed: 47.464779ms
2020-02-29 12:45:53.498   1   INF   Actual workplace state: Poweroff
2020-02-29 12:45:53.498   1   INF   Checking open order
2020-02-29 12:45:53.519   1   INF   Open order checked, elapsed: 20.30348ms
2020-02-29 12:45:53.519   1   INF   Actual open order: 0
2020-02-29 12:45:53.519   1   INF   Checking open downtime
2020-02-29 12:45:53.543   1   INF   Open downtime checked, elapsed: 24.148915ms
2020-02-29 12:45:53.543   1   INF   Actual open downtime: 0
2020-02-29 12:45:53.543   1   INF   Poweroff state
2020-02-29 12:45:53.543   1   INF   Loop ended, elapsed: 92.890768ms
2020-02-29 12:45:53.543   1   INF   Sleeping for 9.907014549s
2020-02-29 12:46:03.451   1   INF   Device still active
2020-02-29 12:46:03.451   1   INF   Starting device loop
2020-02-29 12:46:03.451   1   INF   Downloading actual state
2020-02-29 12:46:03.478   1   INF   Actual state downloaded, elapsed: 26.928142ms
2020-02-29 12:46:03.478   1   INF   Actual workplace state: Poweroff
2020-02-29 12:46:03.478   1   INF   Checking open order
2020-02-29 12:46:03.511   1   INF   Open order checked, elapsed: 32.951305ms
2020-02-29 12:46:03.511   1   INF   Actual open order: 0
2020-02-29 12:46:03.511   1   INF   Checking open downtime
2020-02-29 12:46:03.528   1   INF   Open downtime checked, elapsed: 16.117951ms
2020-02-29 12:46:03.528   1   INF   Actual open downtime: 0
2020-02-29 12:46:03.528   1   INF   Poweroff state
2020-02-29 12:46:03.528   1   INF   Loop ended, elapsed: 76.985403ms
2020-02-29 12:46:03.528   1   INF   Sleeping for 9.922922664s
2020-02-29 12:46:13.452   1   INF   Device not active
2020-02-29 12:46:13.452   1   INF   Device not active, stopped running
2020-02-29 12:46:13.454   1   INF   Device started running
2020-02-29 12:46:13.454   1   INF   Device directory exists
2020-02-29 12:46:13.454   1   INF   Starting device loop
2020-02-29 12:46:13.454   1   INF   Downloading actual state
2020-02-29 12:46:13.488   1   INF   Actual state downloaded, elapsed: 33.848094ms
2020-02-29 12:46:13.488   1   INF   Actual workplace state: Poweroff
2020-02-29 12:46:13.488   1   INF   Checking open order
2020-02-29 12:46:13.522   1   INF   Open order checked, elapsed: 33.712219ms
2020-02-29 12:46:13.522   1   INF   Actual open order: 0
2020-02-29 12:46:13.522   1   INF   Checking open downtime
2020-02-29 12:46:13.548   1   INF   Open downtime checked, elapsed: 25.055821ms
2020-02-29 12:46:13.548   1   INF   Actual open downtime: 0
2020-02-29 12:46:13.548   1   INF   Poweroff state
2020-02-29 12:46:13.548   1   INF   Loop ended, elapsed: 93.708598ms
2020-02-29 12:46:13.548   1   INF   Sleeping for 9.9061794s
2020-02-29 12:46:23.454   1   INF   Device still active
2020-02-29 12:46:23.454   1   INF   Starting device loop
2020-02-29 12:46:23.454   1   INF   Downloading actual state
2020-02-29 12:46:23.502   1   INF   Actual state downloaded, elapsed: 47.050999ms
2020-02-29 12:46:23.502   1   INF   Actual workplace state: Poweroff
2020-02-29 12:46:23.502   1   INF   Checking open order
2020-02-29 12:46:23.521   1   INF   Open order checked, elapsed: 19.291402ms
2020-02-29 12:46:23.521   1   INF   Actual open order: 0
2020-02-29 12:46:23.522   1   INF   Checking open downtime
2020-02-29 12:46:23.553   1   INF   Open downtime checked, elapsed: 31.073821ms
2020-02-29 12:46:23.553   1   INF   Actual open downtime: 0
2020-02-29 12:46:23.553   1   INF   Poweroff state
2020-02-29 12:46:23.553   1   INF   Loop ended, elapsed: 98.520114ms
2020-02-29 12:46:23.553   1   INF   Sleeping for 9.901431332s
2020-02-29 12:46:33.455   1   INF   Device still active
2020-02-29 12:46:33.455   1   INF   Starting device loop
2020-02-29 12:46:33.455   1   INF   Downloading actual state
2020-02-29 12:46:33.491   1   INF   Actual state downloaded, elapsed: 35.41354ms
2020-02-29 12:46:33.491   1   INF   Actual workplace state: Poweroff
2020-02-29 12:46:33.491   1   INF   Checking open order
2020-02-29 12:46:33.520   1   INF   Open order checked, elapsed: 28.938197ms
2020-02-29 12:46:33.520   1   INF   Actual open order: 0
2020-02-29 12:46:33.520   1   INF   Checking open downtime
2020-02-29 12:46:33.556   1   INF   Open downtime checked, elapsed: 35.339663ms
2020-02-29 12:46:33.556   1   INF   Actual open downtime: 0
2020-02-29 12:46:33.556   1   INF   Poweroff state
2020-02-29 12:46:33.556   1   INF   Loop ended, elapsed: 100.843474ms
2020-02-29 12:46:33.556   1   INF   Sleeping for 9.899100688s
2020-02-29 12:46:43.456   1   INF   Device still active
2020-02-29 12:46:43.456   1   INF   Starting device loop
2020-02-29 12:46:43.456   1   INF   Downloading actual state
2020-02-29 12:46:43.487   1   INF   Actual state downloaded, elapsed: 30.566378ms
2020-02-29 12:46:43.487   1   INF   Actual workplace state: Poweroff
2020-02-29 12:46:43.487   1   INF   Checking open order
2020-02-29 12:46:43.507   1   INF   Open order checked, elapsed: 19.574631ms
2020-02-29 12:46:43.507   1   INF   Actual open order: 0
2020-02-29 12:46:43.507   1   INF   Checking open downtime
2020-02-29 12:46:43.533   1   INF   Open downtime checked, elapsed: 25.791872ms
2020-02-29 12:46:43.534   1   INF   Actual open downtime: 0
2020-02-29 12:46:43.534   1   INF   Poweroff state
2020-02-29 12:46:43.534   1   INF   Loop ended, elapsed: 77.307314ms
2020-02-29 12:46:43.534   1   INF   Sleeping for 9.922606033s
2020-02-29 12:46:53.457   1   INF   Device still active
2020-02-29 12:46:53.457   1   INF   Starting device loop
2020-02-29 12:46:53.457   1   INF   Downloading actual state
2020-02-29 12:46:53.501   1   INF   Actual state downloaded, elapsed: 43.540796ms
2020-02-29 12:46:53.501   1   INF   Actual workplace state: Poweroff
2020-02-29 12:46:53.501   1   INF   Checking open order
2020-02-29 12:46:53.532   1   INF   Open order checked, elapsed: 30.803807ms
2020-02-29 12:46:53.532   1   INF   Actual open order: 0
2020-02-29 12:46:53.532   1   INF   Checking open downtime
2020-02-29 12:46:53.564   1   INF   Open downtime checked, elapsed: 31.234121ms
2020-02-29 12:46:53.564   1   INF   Actual open downtime: 0
2020-02-29 12:46:53.564   1   INF   Poweroff state
2020-02-29 12:46:53.564   1   INF   Loop ended, elapsed: 106.758275ms
2020-02-29 12:46:53.564   1   INF   Sleeping for 9.893152625s
2020-02-29 12:47:03.457   1   INF   Device still active
2020-02-29 12:47:03.457   1   INF   Starting device loop
2020-02-29 12:47:03.458   1   INF   Downloading actual state
2020-02-29 12:47:03.493   1   INF   Actual state downloaded, elapsed: 35.581345ms
2020-02-29 12:47:03.493   1   INF   Actual workplace state: Poweroff
2020-02-29 12:47:03.493   1   INF   Checking open order
2020-02-29 12:47:03.548   1   INF   Open order checked, elapsed: 54.760793ms
2020-02-29 12:47:03.548   1   INF   Actual open order: 0
2020-02-29 12:47:03.549   1   INF   Checking open downtime
2020-02-29 12:47:03.571   1   INF   Open downtime checked, elapsed: 21.913705ms
2020-02-29 12:47:03.571   1   INF   Actual open downtime: 0
2020-02-29 12:47:03.571   1   INF   Poweroff state
2020-02-29 12:47:03.571   1   INF   Loop ended, elapsed: 113.402802ms
2020-02-29 12:47:03.571   1   INF   Sleeping for 9.886541636s
2020-02-29 12:47:13.458   1   INF   Device still active
2020-02-29 12:47:13.458   1   INF   Starting device loop
2020-02-29 12:47:13.458   1   INF   Downloading actual state
2020-02-29 12:47:13.501   1   INF   Actual state downloaded, elapsed: 42.336601ms
2020-02-29 12:47:13.501   1   INF   Actual workplace state: Poweroff
2020-02-29 12:47:13.501   1   INF   Checking open order
2020-02-29 12:47:13.556   1   INF   Open order checked, elapsed: 54.798993ms
2020-02-29 12:47:13.557   1   INF   Actual open order: 0
2020-02-29 12:47:13.557   1   INF   Checking open downtime
2020-02-29 12:47:13.582   1   INF   Open downtime checked, elapsed: 24.979851ms
2020-02-29 12:47:13.582   1   INF   Actual open downtime: 0
2020-02-29 12:47:13.582   1   INF   Poweroff state
2020-02-29 12:47:13.582   1   INF   Loop ended, elapsed: 124.085682ms
2020-02-29 12:47:13.582   1   INF   Sleeping for 9.87586273s
2020-02-29 12:47:23.459   1   INF   Device still active
2020-02-29 12:47:23.459   1   INF   Starting device loop
2020-02-29 12:47:23.459   1   INF   Downloading actual state
2020-02-29 12:47:23.511   1   INF   Actual state downloaded, elapsed: 52.281117ms
2020-02-29 12:47:23.512   1   INF   Actual workplace state: Poweroff
2020-02-29 12:47:23.512   1   INF   Checking open order
2020-02-29 12:47:23.540   1   INF   Open order checked, elapsed: 28.018829ms
2020-02-29 12:47:23.540   1   INF   Actual open order: 0
2020-02-29 12:47:23.540   1   INF   Checking open downtime
2020-02-29 12:47:23.560   1   INF   Open downtime checked, elapsed: 19.803852ms
2020-02-29 12:47:23.560   1   INF   Actual open downtime: 0
2020-02-29 12:47:23.560   1   INF   Poweroff state
2020-02-29 12:47:23.560   1   INF   Loop ended, elapsed: 101.662757ms
2020-02-29 12:47:23.561   1   INF   Sleeping for 9.898245752s
2020-02-29 12:47:33.459   1   INF   Device still active
2020-02-29 12:47:33.459   1   INF   Starting device loop
2020-02-29 12:47:33.460   1   INF   Downloading actual state
2020-02-29 12:47:33.523   1   INF   Actual state downloaded, elapsed: 62.996457ms
2020-02-29 12:47:33.523   1   INF   Actual workplace state: Poweroff
2020-02-29 12:47:33.523   1   INF   Checking open order
2020-02-29 12:47:33.560   1   INF   Open order checked, elapsed: 36.576839ms
2020-02-29 12:47:33.560   1   INF   Actual open order: 0
2020-02-29 12:47:33.560   1   INF   Checking open downtime
2020-02-29 12:47:33.581   1   INF   Open downtime checked, elapsed: 20.687186ms
2020-02-29 12:47:33.582   1   INF   Actual open downtime: 0
2020-02-29 12:47:33.582   1   INF   Poweroff state
2020-02-29 12:47:33.582   1   INF   Loop ended, elapsed: 122.218717ms
2020-02-29 12:47:33.582   1   INF   Sleeping for 9.877720647s
2020-02-29 12:47:43.460   1   INF   Device still active
2020-02-29 12:47:43.460   1   INF   Starting device loop
2020-02-29 12:47:43.460   1   INF   Downloading actual state
2020-02-29 12:47:43.516   1   INF   Actual state downloaded, elapsed: 55.679949ms
2020-02-29 12:47:43.516   1   INF   Actual workplace state: Poweroff
2020-02-29 12:47:43.516   1   INF   Checking open order
2020-02-29 12:47:43.565   1   INF   Open order checked, elapsed: 48.390504ms
2020-02-29 12:47:43.565   1   INF   Actual open order: 0
2020-02-29 12:47:43.565   1   INF   Checking open downtime
2020-02-29 12:47:43.591   1   INF   Open downtime checked, elapsed: 25.451786ms
2020-02-29 12:47:43.591   1   INF   Actual open downtime: 0
2020-02-29 12:47:43.591   1   INF   Poweroff state
2020-02-29 12:47:43.591   1   INF   Loop ended, elapsed: 130.578085ms
2020-02-29 12:47:43.591   1   INF   Sleeping for 9.869372986s
2020-02-29 12:47:53.461   1   INF   Device still active
2020-02-29 12:47:53.461   1   INF   Starting device loop
2020-02-29 12:47:53.461   1   INF   Downloading actual state
2020-02-29 12:47:53.501   1   INF   Actual state downloaded, elapsed: 39.525623ms
2020-02-29 12:47:53.501   1   INF   Actual workplace state: Poweroff
2020-02-29 12:47:53.501   1   INF   Checking open order
2020-02-29 12:47:53.546   1   INF   Open order checked, elapsed: 44.581577ms
2020-02-29 12:47:53.546   1   INF   Actual open order: 0
2020-02-29 12:47:53.546   1   INF   Checking open downtime
2020-02-29 12:47:53.571   1   INF   Open downtime checked, elapsed: 24.870508ms
2020-02-29 12:47:53.571   1   INF   Actual open downtime: 0
2020-02-29 12:47:53.571   1   INF   Poweroff state
2020-02-29 12:47:53.571   1   INF   Loop ended, elapsed: 110.09588ms
2020-02-29 12:47:53.571   1   INF   Sleeping for 9.889795276s
2020-02-29 12:48:03.461   1   INF   Device still active
2020-02-29 12:48:03.461   1   INF   Starting device loop
2020-02-29 12:48:03.462   1   INF   Downloading actual state
2020-02-29 12:48:03.513   1   INF   Actual state downloaded, elapsed: 51.190361ms
2020-02-29 12:48:03.513   1   INF   Actual workplace state: Poweroff
2020-02-29 12:48:03.513   1   INF   Checking open order
2020-02-29 12:48:03.549   1   INF   Open order checked, elapsed: 35.607142ms
2020-02-29 12:48:03.549   1   INF   Actual open order: 0
2020-02-29 12:48:03.549   1   INF   Checking open downtime
2020-02-29 12:48:03.573   1   INF   Open downtime checked, elapsed: 24.240504ms
2020-02-29 12:48:03.574   1   INF   Actual open downtime: 0
2020-02-29 12:48:03.574   1   INF   Poweroff state
2020-02-29 12:48:03.574   1   INF   Loop ended, elapsed: 112.6078ms
2020-02-29 12:48:03.574   1   INF   Sleeping for 9.887301278s
2020-02-29 12:48:13.462   1   INF   Device still active
2020-02-29 12:48:13.462   1   INF   Starting device loop
2020-02-29 12:48:13.462   1   INF   Downloading actual state
2020-02-29 12:48:13.502   1   INF   Actual state downloaded, elapsed: 40.161627ms
2020-02-29 12:48:13.503   1   INF   Actual workplace state: Poweroff
2020-02-29 12:48:13.503   1   INF   Checking open order
2020-02-29 12:48:13.529   1   INF   Open order checked, elapsed: 26.385579ms
2020-02-29 12:48:13.530   1   INF   Actual open order: 0
2020-02-29 12:48:13.530   1   INF   Checking open downtime
2020-02-29 12:48:13.559   1   INF   Open downtime checked, elapsed: 29.40849ms
2020-02-29 12:48:13.559   1   INF   Actual open downtime: 0
2020-02-29 12:48:13.559   1   INF   Poweroff state
2020-02-29 12:48:13.559   1   INF   Loop ended, elapsed: 97.225021ms
2020-02-29 12:48:13.560   1   INF   Sleeping for 9.902673739s
2020-02-29 12:48:23.463   1   INF   Device still active
2020-02-29 12:48:23.463   1   INF   Starting device loop
2020-02-29 12:48:23.463   1   INF   Downloading actual state
2020-02-29 12:48:23.513   1   INF   Actual state downloaded, elapsed: 49.536302ms
2020-02-29 12:48:23.513   1   INF   Actual workplace state: Poweroff
2020-02-29 12:48:23.513   1   INF   Checking open order
2020-02-29 12:48:23.544   1   INF   Open order checked, elapsed: 30.748311ms
2020-02-29 12:48:23.544   1   INF   Actual open order: 0
2020-02-29 12:48:23.544   1   INF   Checking open downtime
2020-02-29 12:48:23.572   1   INF   Open downtime checked, elapsed: 27.507151ms
2020-02-29 12:48:23.572   1   INF   Actual open downtime: 0
2020-02-29 12:48:23.572   1   INF   Poweroff state
2020-02-29 12:48:23.572   1   INF   Loop ended, elapsed: 109.384315ms
2020-02-29 12:48:23.573   1   INF   Sleeping for 9.890508014s
2020-02-29 12:48:33.463   1   INF   Device still active
2020-02-29 12:48:33.464   1   INF   Starting device loop
2020-02-29 12:48:33.464   1   INF   Downloading actual state
2020-02-29 12:48:33.516   1   INF   Actual state downloaded, elapsed: 51.556544ms
2020-02-29 12:48:33.516   1   INF   Actual workplace state: Poweroff
2020-02-29 12:48:33.516   1   INF   Checking open order
2020-02-29 12:48:33.561   1   INF   Open order checked, elapsed: 44.69835ms
2020-02-29 12:48:33.561   1   INF   Actual open order: 0
2020-02-29 12:48:33.561   1   INF   Checking open downtime
2020-02-29 12:48:33.599   1   INF   Open downtime checked, elapsed: 37.889315ms
2020-02-29 12:48:33.600   1   INF   Actual open downtime: 0
2020-02-29 12:48:33.600   1   INF   Poweroff state
2020-02-29 12:48:33.600   1   INF   Loop ended, elapsed: 135.67871ms
2020-02-29 12:48:33.600   1   INF   Sleeping for 9.864263353s
2020-02-29 12:48:43.464   1   INF   Device still active
2020-02-29 12:48:43.465   1   INF   Starting device loop
2020-02-29 12:48:43.465   1   INF   Downloading actual state
2020-02-29 12:48:43.517   1   INF   Actual state downloaded, elapsed: 52.09617ms
2020-02-29 12:48:43.518   1   INF   Actual workplace state: Poweroff
2020-02-29 12:48:43.518   1   INF   Checking open order
2020-02-29 12:48:43.557   1   INF   Open order checked, elapsed: 38.527027ms
2020-02-29 12:48:43.557   1   INF   Actual open order: 0
2020-02-29 12:48:43.557   1   INF   Checking open downtime
2020-02-29 12:48:43.624   1   INF   Open downtime checked, elapsed: 66.256157ms
2020-02-29 12:48:43.624   1   INF   Actual open downtime: 0
2020-02-29 12:48:43.625   1   INF   Poweroff state
2020-02-29 12:48:43.625   1   INF   Loop ended, elapsed: 159.941778ms
2020-02-29 12:48:43.625   1   INF   Sleeping for 9.839879561s
2020-02-29 12:48:53.465   1   INF   Device still active
2020-02-29 12:48:53.466   1   INF   Starting device loop
2020-02-29 12:48:53.466   1   INF   Downloading actual state
2020-02-29 12:48:53.515   1   INF   Actual state downloaded, elapsed: 48.656451ms
2020-02-29 12:48:53.515   1   INF   Actual workplace state: Poweroff
2020-02-29 12:48:53.515   1   INF   Checking open order
2020-02-29 12:48:53.551   1   INF   Open order checked, elapsed: 35.776936ms
2020-02-29 12:48:53.551   1   INF   Actual open order: 0
2020-02-29 12:48:53.552   1   INF   Checking open downtime
2020-02-29 12:48:53.605   1   INF   Open downtime checked, elapsed: 53.54157ms
2020-02-29 12:48:53.606   1   INF   Actual open downtime: 0
2020-02-29 12:48:53.606   1   INF   Poweroff state
2020-02-29 12:48:53.606   1   INF   Loop ended, elapsed: 139.937575ms
2020-02-29 12:48:53.606   1   INF   Sleeping for 9.859971945s
2020-02-29 12:49:03.470   1   INF   Device still active
2020-02-29 12:49:03.471   1   INF   Starting device loop
2020-02-29 12:49:03.471   1   INF   Downloading actual state
2020-02-29 12:49:03.520   1   INF   Actual state downloaded, elapsed: 49.219626ms
2020-02-29 12:49:03.520   1   INF   Actual workplace state: Poweroff
2020-02-29 12:49:03.521   1   INF   Checking open order
2020-02-29 12:49:03.574   1   INF   Open order checked, elapsed: 52.965318ms
2020-02-29 12:49:03.574   1   INF   Actual open order: 0
2020-02-29 12:49:03.574   1   INF   Checking open downtime
2020-02-29 12:49:03.588   1   INF   Open downtime checked, elapsed: 13.637387ms
2020-02-29 12:49:03.588   1   INF   Actual open downtime: 0
2020-02-29 12:49:03.588   1   INF   Poweroff state
2020-02-29 12:49:03.588   1   INF   Loop ended, elapsed: 116.941473ms
2020-02-29 12:49:03.588   1   INF   Sleeping for 9.882964898s
2020-02-29 12:49:13.473   1   INF   Device still active
2020-02-29 12:49:13.474   1   INF   Starting device loop
2020-02-29 12:49:13.474   1   INF   Downloading actual state
2020-02-29 12:49:13.542   1   INF   Actual state downloaded, elapsed: 67.562115ms
2020-02-29 12:49:13.542   1   INF   Actual workplace state: Poweroff
2020-02-29 12:49:13.542   1   INF   Checking open order
2020-02-29 12:49:13.607   1   INF   Open order checked, elapsed: 64.868416ms
2020-02-29 12:49:13.607   1   INF   Actual open order: 0
2020-02-29 12:49:13.607   1   INF   Checking open downtime
2020-02-29 12:49:13.647   1   INF   Open downtime checked, elapsed: 39.576947ms
2020-02-29 12:49:13.647   1   INF   Actual open downtime: 0
2020-02-29 12:49:13.647   1   INF   Poweroff state
2020-02-29 12:49:13.647   1   INF   Loop ended, elapsed: 173.788071ms
2020-02-29 12:49:13.648   1   INF   Sleeping for 9.826106185s
2020-02-29 12:49:23.475   1   INF   Device still active
2020-02-29 12:49:23.475   1   INF   Device not active, stopped running
2020-02-29 12:49:23.498   1   INF   Device started running
2020-02-29 12:49:23.499   1   INF   Device directory exists
2020-02-29 12:49:23.499   1   INF   Device not active, stopped running
