2020-02-29 12:40:03.981   3   INF   Device started running
2020-02-29 12:40:03.982   3   WRN   Device directory not exist, creating
2020-02-29 12:40:03.982   3   INF   Device directory created
2020-02-29 12:40:03.982   3   INF   Starting device loop
2020-02-29 12:40:03.982   3   INF   Downloading actual state
2020-02-29 12:40:04.012   3   INF   Actual state downloaded, elapsed: 29.956607ms
2020-02-29 12:40:04.012   3   INF   Actual workplace state: 
2020-02-29 12:40:04.012   3   INF   Checking open order
2020-02-29 12:40:04.038   3   INF   Open order checked, elapsed: 25.768944ms
2020-02-29 12:40:04.038   3   INF   Actual open order: 0
2020-02-29 12:40:04.039   3   INF   Checking open downtime
2020-02-29 12:40:04.078   3   INF   Open downtime checked, elapsed: 39.372343ms
2020-02-29 12:40:04.078   3   INF   Actual open downtime: 0
2020-02-29 12:40:04.078   3   INF   Loop ended, elapsed: 96.154114ms
2020-02-29 12:40:04.078   3   INF   Sleeping for 9.903777932s
2020-02-29 12:40:13.982   3   INF   Device still active
2020-02-29 12:40:13.982   3   INF   Starting device loop
2020-02-29 12:40:13.983   3   INF   Downloading actual state
2020-02-29 12:40:14.024   3   INF   Actual state downloaded, elapsed: 41.749965ms
2020-02-29 12:40:14.025   3   INF   Actual workplace state: 
2020-02-29 12:40:14.025   3   INF   Checking open order
2020-02-29 12:40:14.084   3   INF   Open order checked, elapsed: 58.681274ms
2020-02-29 12:40:14.084   3   INF   Actual open order: 0
2020-02-29 12:40:14.084   3   INF   Checking open downtime
2020-02-29 12:40:14.115   3   INF   Open downtime checked, elapsed: 31.413098ms
2020-02-29 12:40:14.116   3   INF   Actual open downtime: 0
2020-02-29 12:40:14.116   3   INF   Loop ended, elapsed: 133.169124ms
2020-02-29 12:40:14.116   3   INF   Sleeping for 9.866769328s
2020-02-29 12:40:23.983   3   INF   Device not active
2020-02-29 12:40:23.983   3   INF   Device not active, stopped running
2020-02-29 12:40:23.984   3   INF   Device started running
2020-02-29 12:40:23.984   3   INF   Device directory exists
2020-02-29 12:40:23.984   3   INF   Starting device loop
2020-02-29 12:40:23.984   3   INF   Downloading actual state
2020-02-29 12:40:24.024   3   INF   Actual state downloaded, elapsed: 40.012436ms
2020-02-29 12:40:24.024   3   INF   Actual workplace state: 
2020-02-29 12:40:24.024   3   INF   Checking open order
2020-02-29 12:40:24.054   3   INF   Open order checked, elapsed: 29.053219ms
2020-02-29 12:40:24.054   3   INF   Actual open order: 0
2020-02-29 12:40:24.054   3   INF   Checking open downtime
2020-02-29 12:40:24.068   3   INF   Open downtime checked, elapsed: 14.537544ms
2020-02-29 12:40:24.069   3   INF   Actual open downtime: 0
2020-02-29 12:40:24.069   3   INF   Loop ended, elapsed: 84.535559ms
2020-02-29 12:40:24.069   3   INF   Sleeping for 9.915406505s
2020-02-29 12:40:33.984   3   INF   Device still active
2020-02-29 12:40:33.985   3   INF   Starting device loop
2020-02-29 12:40:33.985   3   INF   Downloading actual state
2020-02-29 12:40:34.018   3   INF   Actual state downloaded, elapsed: 32.669657ms
2020-02-29 12:40:34.018   3   INF   Actual workplace state: Production
2020-02-29 12:40:34.018   3   INF   Checking open order
2020-02-29 12:40:34.054   3   INF   Open order checked, elapsed: 36.177439ms
2020-02-29 12:40:34.054   3   INF   Actual open order: 0
2020-02-29 12:40:34.054   3   INF   Checking open downtime
2020-02-29 12:40:34.083   3   INF   Open downtime checked, elapsed: 28.642553ms
2020-02-29 12:40:34.083   3   INF   Actual open downtime: 0
2020-02-29 12:40:34.083   3   INF   Production state
2020-02-29 12:40:34.083   3   INF   Opening order
2020-02-29 12:40:34.115   3   INF   Order opened, elapsed: 31.083631ms
2020-02-29 12:40:34.115   3   INF   Loop ended, elapsed: 129.875433ms
2020-02-29 12:40:34.115   3   INF   Sleeping for 9.870051591s
2020-02-29 12:40:43.985   3   INF   Device still active
2020-02-29 12:40:43.985   3   INF   Starting device loop
2020-02-29 12:40:43.985   3   INF   Downloading actual state
2020-02-29 12:40:44.047   3   INF   Actual state downloaded, elapsed: 61.308598ms
2020-02-29 12:40:44.047   3   INF   Actual workplace state: Production
2020-02-29 12:40:44.047   3   INF   Checking open order
2020-02-29 12:40:44.066   3   INF   Open order checked, elapsed: 19.194831ms
2020-02-29 12:40:44.067   3   INF   Actual open order: 1
2020-02-29 12:40:44.067   3   INF   Checking open downtime
2020-02-29 12:40:44.093   3   INF   Open downtime checked, elapsed: 26.672731ms
2020-02-29 12:40:44.094   3   INF   Actual open downtime: 0
2020-02-29 12:40:44.094   3   INF   Production state
2020-02-29 12:40:44.094   3   INF   Updating order data
2020-02-29 12:40:44.138   3   INF   Order data updated, elapsed: 43.698838ms
2020-02-29 12:40:44.138   3   INF   Loop ended, elapsed: 152.476427ms
2020-02-29 12:40:44.138   3   INF   Sleeping for 9.847451484s
2020-02-29 12:40:53.986   3   INF   Device still active
2020-02-29 12:40:53.986   3   INF   Starting device loop
2020-02-29 12:40:53.986   3   INF   Downloading actual state
2020-02-29 12:40:54.020   3   INF   Actual state downloaded, elapsed: 34.431489ms
2020-02-29 12:40:54.020   3   INF   Actual workplace state: Production
2020-02-29 12:40:54.021   3   INF   Checking open order
2020-02-29 12:40:54.048   3   INF   Open order checked, elapsed: 27.681681ms
2020-02-29 12:40:54.048   3   INF   Actual open order: 1
2020-02-29 12:40:54.048   3   INF   Checking open downtime
2020-02-29 12:40:54.067   3   INF   Open downtime checked, elapsed: 18.506699ms
2020-02-29 12:40:54.067   3   INF   Actual open downtime: 0
2020-02-29 12:40:54.067   3   INF   Production state
2020-02-29 12:40:54.068   3   INF   Updating order data
2020-02-29 12:40:54.094   3   INF   Order data updated, elapsed: 26.168841ms
2020-02-29 12:40:54.094   3   INF   Loop ended, elapsed: 108.061418ms
2020-02-29 12:40:54.094   3   INF   Sleeping for 9.891867125s
2020-02-29 12:41:03.986   3   INF   Device still active
2020-02-29 12:41:03.986   3   INF   Starting device loop
2020-02-29 12:41:03.986   3   INF   Downloading actual state
2020-02-29 12:41:04.017   3   INF   Actual state downloaded, elapsed: 30.454697ms
2020-02-29 12:41:04.017   3   INF   Actual workplace state: Production
2020-02-29 12:41:04.017   3   INF   Checking open order
2020-02-29 12:41:04.041   3   INF   Open order checked, elapsed: 23.552221ms
2020-02-29 12:41:04.041   3   INF   Actual open order: 1
2020-02-29 12:41:04.041   3   INF   Checking open downtime
2020-02-29 12:41:04.054   3   INF   Open downtime checked, elapsed: 12.951535ms
2020-02-29 12:41:04.054   3   INF   Actual open downtime: 0
2020-02-29 12:41:04.054   3   INF   Production state
2020-02-29 12:41:04.054   3   INF   Updating order data
2020-02-29 12:41:04.103   3   INF   Order data updated, elapsed: 49.066693ms
2020-02-29 12:41:04.103   3   INF   Loop ended, elapsed: 117.207665ms
2020-02-29 12:41:04.104   3   INF   Sleeping for 9.882702031s
2020-02-29 12:41:13.987   3   INF   Device still active
2020-02-29 12:41:13.987   3   INF   Starting device loop
2020-02-29 12:41:13.987   3   INF   Downloading actual state
2020-02-29 12:41:14.039   3   INF   Actual state downloaded, elapsed: 52.172858ms
2020-02-29 12:41:14.039   3   INF   Actual workplace state: Production
2020-02-29 12:41:14.039   3   INF   Checking open order
2020-02-29 12:41:14.071   3   INF   Open order checked, elapsed: 31.384784ms
2020-02-29 12:41:14.071   3   INF   Actual open order: 1
2020-02-29 12:41:14.071   3   INF   Checking open downtime
2020-02-29 12:41:14.088   3   INF   Open downtime checked, elapsed: 17.106852ms
2020-02-29 12:41:14.088   3   INF   Actual open downtime: 0
2020-02-29 12:41:14.088   3   INF   Production state
2020-02-29 12:41:14.088   3   INF   Updating order data
2020-02-29 12:41:14.116   3   INF   Order data updated, elapsed: 27.693625ms
2020-02-29 12:41:14.116   3   INF   Loop ended, elapsed: 129.572219ms
2020-02-29 12:41:14.116   3   INF   Sleeping for 9.870342519s
2020-02-29 12:41:23.987   3   INF   Device still active
2020-02-29 12:41:23.987   3   INF   Starting device loop
2020-02-29 12:41:23.987   3   INF   Downloading actual state
2020-02-29 12:41:24.029   3   INF   Actual state downloaded, elapsed: 41.36349ms
2020-02-29 12:41:24.029   3   INF   Actual workplace state: Production
2020-02-29 12:41:24.029   3   INF   Checking open order
2020-02-29 12:41:24.060   3   INF   Open order checked, elapsed: 30.84442ms
2020-02-29 12:41:24.060   3   INF   Actual open order: 1
2020-02-29 12:41:24.060   3   INF   Checking open downtime
2020-02-29 12:41:24.082   3   INF   Open downtime checked, elapsed: 21.670592ms
2020-02-29 12:41:24.082   3   INF   Actual open downtime: 0
2020-02-29 12:41:24.082   3   INF   Production state
2020-02-29 12:41:24.082   3   INF   Updating order data
2020-02-29 12:41:24.113   3   INF   Order data updated, elapsed: 30.996731ms
2020-02-29 12:41:24.114   3   INF   Loop ended, elapsed: 126.274704ms
2020-02-29 12:41:24.114   3   INF   Sleeping for 9.873630062s
2020-02-29 12:41:33.988   3   INF   Device still active
2020-02-29 12:41:33.988   3   INF   Starting device loop
2020-02-29 12:41:33.988   3   INF   Downloading actual state
2020-02-29 12:41:34.027   3   INF   Actual state downloaded, elapsed: 39.18575ms
2020-02-29 12:41:34.027   3   INF   Actual workplace state: Production
2020-02-29 12:41:34.027   3   INF   Checking open order
2020-02-29 12:41:34.059   3   INF   Open order checked, elapsed: 31.315818ms
2020-02-29 12:41:34.059   3   INF   Actual open order: 1
2020-02-29 12:41:34.059   3   INF   Checking open downtime
2020-02-29 12:41:34.083   3   INF   Open downtime checked, elapsed: 23.988813ms
2020-02-29 12:41:34.083   3   INF   Actual open downtime: 0
2020-02-29 12:41:34.083   3   INF   Production state
2020-02-29 12:41:34.083   3   INF   Updating order data
2020-02-29 12:41:34.121   3   INF   Order data updated, elapsed: 37.587103ms
2020-02-29 12:41:34.121   3   INF   Loop ended, elapsed: 133.287352ms
2020-02-29 12:41:34.121   3   INF   Sleeping for 9.866622102s
2020-02-29 12:41:43.988   3   INF   Device still active
2020-02-29 12:41:43.988   3   INF   Starting device loop
2020-02-29 12:41:43.988   3   INF   Downloading actual state
2020-02-29 12:41:44.044   3   INF   Actual state downloaded, elapsed: 55.725599ms
2020-02-29 12:41:44.044   3   INF   Actual workplace state: Production
2020-02-29 12:41:44.045   3   INF   Checking open order
2020-02-29 12:41:44.066   3   INF   Open order checked, elapsed: 21.425272ms
2020-02-29 12:41:44.066   3   INF   Actual open order: 1
2020-02-29 12:41:44.066   3   INF   Checking open downtime
2020-02-29 12:41:44.088   3   INF   Open downtime checked, elapsed: 21.768311ms
2020-02-29 12:41:44.088   3   INF   Actual open downtime: 0
2020-02-29 12:41:44.088   3   INF   Production state
2020-02-29 12:41:44.088   3   INF   Updating order data
2020-02-29 12:41:44.114   3   INF   Order data updated, elapsed: 25.588853ms
2020-02-29 12:41:44.114   3   INF   Loop ended, elapsed: 125.985173ms
2020-02-29 12:41:44.114   3   INF   Sleeping for 9.873951413s
2020-02-29 12:41:53.989   3   INF   Device still active
2020-02-29 12:41:53.989   3   INF   Starting device loop
2020-02-29 12:41:53.989   3   INF   Downloading actual state
2020-02-29 12:41:54.022   3   INF   Actual state downloaded, elapsed: 32.433431ms
2020-02-29 12:41:54.022   3   INF   Actual workplace state: Production
2020-02-29 12:41:54.022   3   INF   Checking open order
2020-02-29 12:41:54.051   3   INF   Open order checked, elapsed: 28.605565ms
2020-02-29 12:41:54.051   3   INF   Actual open order: 1
2020-02-29 12:41:54.051   3   INF   Checking open downtime
2020-02-29 12:41:54.077   3   INF   Open downtime checked, elapsed: 26.115462ms
2020-02-29 12:41:54.077   3   INF   Actual open downtime: 0
2020-02-29 12:41:54.077   3   INF   Production state
2020-02-29 12:41:54.077   3   INF   Updating order data
2020-02-29 12:41:54.106   3   INF   Order data updated, elapsed: 28.242764ms
2020-02-29 12:41:54.106   3   INF   Loop ended, elapsed: 116.693721ms
2020-02-29 12:41:54.106   3   INF   Sleeping for 9.883224208s
2020-02-29 12:42:03.991   3   INF   Device still active
2020-02-29 12:42:03.991   3   INF   Starting device loop
2020-02-29 12:42:03.992   3   INF   Downloading actual state
2020-02-29 12:42:04.031   3   INF   Actual state downloaded, elapsed: 39.276602ms
2020-02-29 12:42:04.031   3   INF   Actual workplace state: Production
2020-02-29 12:42:04.031   3   INF   Checking open order
2020-02-29 12:42:04.059   3   INF   Open order checked, elapsed: 27.715541ms
2020-02-29 12:42:04.059   3   INF   Actual open order: 1
2020-02-29 12:42:04.059   3   INF   Checking open downtime
2020-02-29 12:42:04.088   3   INF   Open downtime checked, elapsed: 28.343671ms
2020-02-29 12:42:04.088   3   INF   Actual open downtime: 0
2020-02-29 12:42:04.088   3   INF   Production state
2020-02-29 12:42:04.088   3   INF   Updating order data
2020-02-29 12:42:04.115   3   INF   Order data updated, elapsed: 26.459109ms
2020-02-29 12:42:04.115   3   INF   Loop ended, elapsed: 123.216747ms
2020-02-29 12:42:04.115   3   INF   Sleeping for 9.876685287s
2020-02-29 12:42:13.994   3   INF   Device still active
2020-02-29 12:42:13.995   3   INF   Starting device loop
2020-02-29 12:42:13.995   3   INF   Downloading actual state
2020-02-29 12:42:14.037   3   INF   Actual state downloaded, elapsed: 41.534958ms
2020-02-29 12:42:14.037   3   INF   Actual workplace state: Production
2020-02-29 12:42:14.037   3   INF   Checking open order
2020-02-29 12:42:14.067   3   INF   Open order checked, elapsed: 29.782711ms
2020-02-29 12:42:14.067   3   INF   Actual open order: 1
2020-02-29 12:42:14.067   3   INF   Checking open downtime
2020-02-29 12:42:14.094   3   INF   Open downtime checked, elapsed: 26.767752ms
2020-02-29 12:42:14.094   3   INF   Actual open downtime: 0
2020-02-29 12:42:14.094   3   INF   Production state
2020-02-29 12:42:14.094   3   INF   Updating order data
2020-02-29 12:42:14.118   3   INF   Order data updated, elapsed: 24.000428ms
2020-02-29 12:42:14.118   3   INF   Loop ended, elapsed: 123.459371ms
2020-02-29 12:42:14.118   3   INF   Sleeping for 9.876458237s
2020-02-29 12:42:23.999   3   INF   Device still active
2020-02-29 12:42:24.000   3   INF   Starting device loop
2020-02-29 12:42:24.000   3   INF   Downloading actual state
2020-02-29 12:42:24.038   3   INF   Actual state downloaded, elapsed: 37.401155ms
2020-02-29 12:42:24.038   3   INF   Actual workplace state: Production
2020-02-29 12:42:24.038   3   INF   Checking open order
2020-02-29 12:42:24.062   3   INF   Open order checked, elapsed: 24.276896ms
2020-02-29 12:42:24.063   3   INF   Actual open order: 1
2020-02-29 12:42:24.063   3   INF   Checking open downtime
2020-02-29 12:42:24.088   3   INF   Open downtime checked, elapsed: 25.385347ms
2020-02-29 12:42:24.088   3   INF   Actual open downtime: 0
2020-02-29 12:42:24.088   3   INF   Production state
2020-02-29 12:42:24.089   3   INF   Updating order data
2020-02-29 12:42:24.113   3   INF   Order data updated, elapsed: 24.4167ms
2020-02-29 12:42:24.113   3   INF   Loop ended, elapsed: 113.149988ms
2020-02-29 12:42:24.113   3   INF   Sleeping for 9.886765533s
2020-02-29 12:42:34.002   3   INF   Device still active
2020-02-29 12:42:34.003   3   INF   Starting device loop
2020-02-29 12:42:34.003   3   INF   Downloading actual state
2020-02-29 12:42:34.042   3   INF   Actual state downloaded, elapsed: 38.820232ms
2020-02-29 12:42:34.042   3   INF   Actual workplace state: Production
2020-02-29 12:42:34.043   3   INF   Checking open order
2020-02-29 12:42:34.084   3   INF   Open order checked, elapsed: 41.279912ms
2020-02-29 12:42:34.084   3   INF   Actual open order: 1
2020-02-29 12:42:34.084   3   INF   Checking open downtime
2020-02-29 12:42:34.106   3   INF   Open downtime checked, elapsed: 21.672136ms
2020-02-29 12:42:34.106   3   INF   Actual open downtime: 0
2020-02-29 12:42:34.106   3   INF   Production state
2020-02-29 12:42:34.106   3   INF   Updating order data
2020-02-29 12:42:34.132   3   INF   Order data updated, elapsed: 25.514434ms
2020-02-29 12:42:34.132   3   INF   Loop ended, elapsed: 128.70043ms
2020-02-29 12:42:34.132   3   INF   Sleeping for 9.871194817s
2020-02-29 12:42:44.004   3   INF   Device still active
2020-02-29 12:42:44.005   3   INF   Starting device loop
2020-02-29 12:42:44.005   3   INF   Downloading actual state
2020-02-29 12:42:44.037   3   INF   Actual state downloaded, elapsed: 31.721286ms
2020-02-29 12:42:44.037   3   INF   Actual workplace state: Production
2020-02-29 12:42:44.037   3   INF   Checking open order
2020-02-29 12:42:44.061   3   INF   Open order checked, elapsed: 23.645103ms
2020-02-29 12:42:44.062   3   INF   Actual open order: 1
2020-02-29 12:42:44.062   3   INF   Checking open downtime
2020-02-29 12:42:44.085   3   INF   Open downtime checked, elapsed: 23.489285ms
2020-02-29 12:42:44.085   3   INF   Actual open downtime: 0
2020-02-29 12:42:44.086   3   INF   Production state
2020-02-29 12:42:44.086   3   INF   Updating order data
2020-02-29 12:42:44.116   3   INF   Order data updated, elapsed: 29.755688ms
2020-02-29 12:42:44.116   3   INF   Loop ended, elapsed: 110.716114ms
2020-02-29 12:42:44.116   3   INF   Sleeping for 9.889214703s
2020-02-29 12:42:54.005   3   INF   Device still active
2020-02-29 12:42:54.005   3   INF   Starting device loop
2020-02-29 12:42:54.005   3   INF   Downloading actual state
2020-02-29 12:42:54.087   3   INF   Actual state downloaded, elapsed: 81.057773ms
2020-02-29 12:42:54.087   3   INF   Actual workplace state: Production
2020-02-29 12:42:54.087   3   INF   Checking open order
2020-02-29 12:42:54.130   3   INF   Open order checked, elapsed: 43.461189ms
2020-02-29 12:42:54.131   3   INF   Actual open order: 1
2020-02-29 12:42:54.131   3   INF   Checking open downtime
2020-02-29 12:42:54.164   3   INF   Open downtime checked, elapsed: 32.343903ms
2020-02-29 12:42:54.164   3   INF   Actual open downtime: 0
2020-02-29 12:42:54.164   3   INF   Production state
2020-02-29 12:42:54.164   3   INF   Updating order data
2020-02-29 12:42:54.195   3   INF   Order data updated, elapsed: 30.906321ms
2020-02-29 12:42:54.195   3   INF   Loop ended, elapsed: 189.757543ms
2020-02-29 12:42:54.195   3   INF   Sleeping for 9.810176724s
2020-02-29 12:43:04.009   3   INF   Device still active
2020-02-29 12:43:04.009   3   INF   Starting device loop
2020-02-29 12:43:04.009   3   INF   Downloading actual state
2020-02-29 12:43:04.081   3   INF   Actual state downloaded, elapsed: 71.509104ms
2020-02-29 12:43:04.082   3   INF   Actual workplace state: Production
2020-02-29 12:43:04.083   3   INF   Checking open order
2020-02-29 12:43:04.125   3   INF   Open order checked, elapsed: 41.980972ms
2020-02-29 12:43:04.125   3   INF   Actual open order: 1
2020-02-29 12:43:04.125   3   INF   Checking open downtime
2020-02-29 12:43:04.145   3   INF   Open downtime checked, elapsed: 19.612567ms
2020-02-29 12:43:04.145   3   INF   Actual open downtime: 0
2020-02-29 12:43:04.145   3   INF   Production state
2020-02-29 12:43:04.145   3   INF   Updating order data
2020-02-29 12:43:04.175   3   INF   Order data updated, elapsed: 29.616043ms
2020-02-29 12:43:04.175   3   INF   Loop ended, elapsed: 166.047824ms
2020-02-29 12:43:04.175   3   INF   Sleeping for 9.833889891s
2020-02-29 12:43:14.011   3   INF   Device still active
2020-02-29 12:43:14.011   3   INF   Starting device loop
2020-02-29 12:43:14.012   3   INF   Downloading actual state
2020-02-29 12:43:14.068   3   INF   Actual state downloaded, elapsed: 56.277657ms
2020-02-29 12:43:14.068   3   INF   Actual workplace state: Production
2020-02-29 12:43:14.068   3   INF   Checking open order
2020-02-29 12:43:14.110   3   INF   Open order checked, elapsed: 41.967325ms
2020-02-29 12:43:14.111   3   INF   Actual open order: 1
2020-02-29 12:43:14.111   3   INF   Checking open downtime
2020-02-29 12:43:14.137   3   INF   Open downtime checked, elapsed: 26.301542ms
2020-02-29 12:43:14.137   3   INF   Actual open downtime: 0
2020-02-29 12:43:14.137   3   INF   Production state
2020-02-29 12:43:14.137   3   INF   Updating order data
2020-02-29 12:43:14.167   3   INF   Order data updated, elapsed: 29.095731ms
2020-02-29 12:43:14.167   3   INF   Loop ended, elapsed: 155.233263ms
2020-02-29 12:43:14.167   3   INF   Sleeping for 9.844680889s
2020-02-29 12:43:24.013   3   INF   Device still active
2020-02-29 12:43:24.013   3   INF   Starting device loop
2020-02-29 12:43:24.014   3   INF   Downloading actual state
2020-02-29 12:43:24.063   3   INF   Actual state downloaded, elapsed: 49.275427ms
2020-02-29 12:43:24.063   3   INF   Actual workplace state: Production
2020-02-29 12:43:24.063   3   INF   Checking open order
2020-02-29 12:43:24.106   3   INF   Open order checked, elapsed: 43.012127ms
2020-02-29 12:43:24.107   3   INF   Actual open order: 1
2020-02-29 12:43:24.107   3   INF   Checking open downtime
2020-02-29 12:43:24.128   3   INF   Open downtime checked, elapsed: 21.050064ms
2020-02-29 12:43:24.128   3   INF   Actual open downtime: 0
2020-02-29 12:43:24.128   3   INF   Production state
2020-02-29 12:43:24.128   3   INF   Updating order data
2020-02-29 12:43:24.164   3   INF   Order data updated, elapsed: 36.06908ms
2020-02-29 12:43:24.164   3   INF   Loop ended, elapsed: 150.873708ms
2020-02-29 12:43:24.164   3   INF   Sleeping for 9.849057317s
2020-02-29 12:43:34.014   3   INF   Device still active
2020-02-29 12:43:34.014   3   INF   Starting device loop
2020-02-29 12:43:34.014   3   INF   Downloading actual state
2020-02-29 12:43:34.055   3   INF   Actual state downloaded, elapsed: 40.792931ms
2020-02-29 12:43:34.055   3   INF   Actual workplace state: Production
2020-02-29 12:43:34.055   3   INF   Checking open order
2020-02-29 12:43:34.089   3   INF   Open order checked, elapsed: 34.201232ms
2020-02-29 12:43:34.089   3   INF   Actual open order: 1
2020-02-29 12:43:34.090   3   INF   Checking open downtime
2020-02-29 12:43:34.132   3   INF   Open downtime checked, elapsed: 42.750085ms
2020-02-29 12:43:34.133   3   INF   Actual open downtime: 0
2020-02-29 12:43:34.133   3   INF   Production state
2020-02-29 12:43:34.133   3   INF   Updating order data
2020-02-29 12:43:34.174   3   INF   Order data updated, elapsed: 41.513973ms
2020-02-29 12:43:34.175   3   INF   Loop ended, elapsed: 160.779404ms
2020-02-29 12:43:34.175   3   INF   Sleeping for 9.839126952s
2020-02-29 12:43:44.017   3   INF   Device still active
2020-02-29 12:43:44.018   3   INF   Starting device loop
2020-02-29 12:43:44.018   3   INF   Downloading actual state
2020-02-29 12:43:44.071   3   INF   Actual state downloaded, elapsed: 53.121938ms
2020-02-29 12:43:44.071   3   INF   Actual workplace state: Production
2020-02-29 12:43:44.072   3   INF   Checking open order
2020-02-29 12:43:44.113   3   INF   Open order checked, elapsed: 41.603948ms
2020-02-29 12:43:44.114   3   INF   Actual open order: 1
2020-02-29 12:43:44.114   3   INF   Checking open downtime
2020-02-29 12:43:44.134   3   INF   Open downtime checked, elapsed: 19.975224ms
2020-02-29 12:43:44.134   3   INF   Actual open downtime: 0
2020-02-29 12:43:44.134   3   INF   Production state
2020-02-29 12:43:44.134   3   INF   Updating order data
2020-02-29 12:43:44.171   3   INF   Order data updated, elapsed: 36.798293ms
2020-02-29 12:43:44.171   3   INF   Loop ended, elapsed: 153.170072ms
2020-02-29 12:43:44.171   3   INF   Sleeping for 9.846752344s
2020-02-29 12:43:54.019   3   INF   Device still active
2020-02-29 12:43:54.020   3   INF   Starting device loop
2020-02-29 12:43:54.020   3   INF   Downloading actual state
2020-02-29 12:43:54.066   3   INF   Actual state downloaded, elapsed: 45.616073ms
2020-02-29 12:43:54.066   3   INF   Actual workplace state: Production
2020-02-29 12:43:54.066   3   INF   Checking open order
2020-02-29 12:43:54.094   3   INF   Open order checked, elapsed: 27.467155ms
2020-02-29 12:43:54.094   3   INF   Actual open order: 1
2020-02-29 12:43:54.094   3   INF   Checking open downtime
2020-02-29 12:43:54.131   3   INF   Open downtime checked, elapsed: 36.914944ms
2020-02-29 12:43:54.131   3   INF   Actual open downtime: 0
2020-02-29 12:43:54.131   3   INF   Production state
2020-02-29 12:43:54.131   3   INF   Updating order data
2020-02-29 12:43:54.205   3   INF   Order data updated, elapsed: 73.565297ms
2020-02-29 12:43:54.205   3   INF   Loop ended, elapsed: 185.33732ms
2020-02-29 12:43:54.205   3   INF   Sleeping for 9.814544982s
2020-02-29 12:44:04.020   3   INF   Device still active
2020-02-29 12:44:04.021   3   INF   Starting device loop
2020-02-29 12:44:04.021   3   INF   Downloading actual state
2020-02-29 12:44:04.064   3   INF   Actual state downloaded, elapsed: 43.227882ms
2020-02-29 12:44:04.064   3   INF   Actual workplace state: Production
2020-02-29 12:44:04.065   3   INF   Checking open order
2020-02-29 12:44:04.106   3   INF   Open order checked, elapsed: 40.824444ms
2020-02-29 12:44:04.106   3   INF   Actual open order: 1
2020-02-29 12:44:04.106   3   INF   Checking open downtime
2020-02-29 12:44:04.135   3   INF   Open downtime checked, elapsed: 28.975924ms
2020-02-29 12:44:04.135   3   INF   Actual open downtime: 0
2020-02-29 12:44:04.135   3   INF   Production state
2020-02-29 12:44:04.136   3   INF   Updating order data
2020-02-29 12:44:04.171   3   INF   Order data updated, elapsed: 34.884676ms
2020-02-29 12:44:04.171   3   INF   Loop ended, elapsed: 149.875227ms
2020-02-29 12:44:04.171   3   INF   Sleeping for 9.850036197s
2020-02-29 12:44:14.021   3   INF   Device still active
2020-02-29 12:44:14.021   3   INF   Starting device loop
2020-02-29 12:44:14.022   3   INF   Downloading actual state
2020-02-29 12:44:14.066   3   INF   Actual state downloaded, elapsed: 44.061551ms
2020-02-29 12:44:14.066   3   INF   Actual workplace state: Production
2020-02-29 12:44:14.066   3   INF   Checking open order
2020-02-29 12:44:14.089   3   INF   Open order checked, elapsed: 23.373663ms
2020-02-29 12:44:14.090   3   INF   Actual open order: 1
2020-02-29 12:44:14.090   3   INF   Checking open downtime
2020-02-29 12:44:14.128   3   INF   Open downtime checked, elapsed: 38.545393ms
2020-02-29 12:44:14.128   3   INF   Actual open downtime: 0
2020-02-29 12:44:14.128   3   INF   Production state
2020-02-29 12:44:14.128   3   INF   Updating order data
2020-02-29 12:44:14.162   3   INF   Order data updated, elapsed: 33.280923ms
2020-02-29 12:44:14.162   3   INF   Loop ended, elapsed: 140.437405ms
2020-02-29 12:44:14.162   3   INF   Sleeping for 9.859494253s
2020-02-29 12:44:24.023   3   INF   Device still active
2020-02-29 12:44:24.024   3   INF   Device not active, stopped running
2020-02-29 12:44:24.046   3   INF   Device started running
2020-02-29 12:44:24.047   3   INF   Device directory exists
2020-02-29 12:44:24.047   3   INF   Device not active, stopped running
2020-02-29 12:44:53.444   3   INF   Device started running
2020-02-29 12:44:53.444   3   INF   Device directory exists
2020-02-29 12:44:53.444   3   INF   Starting device loop
2020-02-29 12:44:53.445   3   INF   Downloading actual state
2020-02-29 12:44:53.491   3   INF   Actual state downloaded, elapsed: 46.631233ms
2020-02-29 12:44:53.492   3   INF   Actual workplace state: Production
2020-02-29 12:44:53.492   3   INF   Checking open order
2020-02-29 12:44:53.522   3   INF   Open order checked, elapsed: 29.339064ms
2020-02-29 12:44:53.522   3   INF   Actual open order: 1
2020-02-29 12:44:53.522   3   INF   Checking open downtime
2020-02-29 12:44:53.540   3   INF   Open downtime checked, elapsed: 17.939687ms
2020-02-29 12:44:53.540   3   INF   Actual open downtime: 0
2020-02-29 12:44:53.540   3   INF   Production state
2020-02-29 12:44:53.540   3   INF   Updating order data
2020-02-29 12:44:53.594   3   INF   Order data updated, elapsed: 53.696163ms
2020-02-29 12:44:53.594   3   INF   Loop ended, elapsed: 149.454411ms
2020-02-29 12:44:53.594   3   INF   Sleeping for 9.850462561s
2020-02-29 12:45:03.445   3   INF   Device still active
2020-02-29 12:45:03.445   3   INF   Starting device loop
2020-02-29 12:45:03.445   3   INF   Downloading actual state
2020-02-29 12:45:03.476   3   INF   Actual state downloaded, elapsed: 30.600345ms
2020-02-29 12:45:03.476   3   INF   Actual workplace state: Production
2020-02-29 12:45:03.476   3   INF   Checking open order
2020-02-29 12:45:03.501   3   INF   Open order checked, elapsed: 24.934282ms
2020-02-29 12:45:03.501   3   INF   Actual open order: 1
2020-02-29 12:45:03.501   3   INF   Checking open downtime
2020-02-29 12:45:03.530   3   INF   Open downtime checked, elapsed: 28.705028ms
2020-02-29 12:45:03.530   3   INF   Actual open downtime: 0
2020-02-29 12:45:03.530   3   INF   Production state
2020-02-29 12:45:03.530   3   INF   Updating order data
2020-02-29 12:45:03.555   3   INF   Order data updated, elapsed: 24.66878ms
2020-02-29 12:45:03.555   3   INF   Loop ended, elapsed: 110.257019ms
2020-02-29 12:45:03.555   3   INF   Sleeping for 9.889670849s
2020-02-29 12:45:13.447   3   INF   Device still active
2020-02-29 12:45:13.447   3   INF   Starting device loop
2020-02-29 12:45:13.447   3   INF   Downloading actual state
2020-02-29 12:45:13.474   3   INF   Actual state downloaded, elapsed: 26.460741ms
2020-02-29 12:45:13.474   3   INF   Actual workplace state: Production
2020-02-29 12:45:13.474   3   INF   Checking open order
2020-02-29 12:45:13.490   3   INF   Open order checked, elapsed: 16.548814ms
2020-02-29 12:45:13.491   3   INF   Actual open order: 1
2020-02-29 12:45:13.491   3   INF   Checking open downtime
2020-02-29 12:45:13.528   3   INF   Open downtime checked, elapsed: 36.717001ms
2020-02-29 12:45:13.528   3   INF   Actual open downtime: 0
2020-02-29 12:45:13.528   3   INF   Production state
2020-02-29 12:45:13.528   3   INF   Updating order data
2020-02-29 12:45:13.587   3   INF   Order data updated, elapsed: 58.618446ms
2020-02-29 12:45:13.587   3   INF   Loop ended, elapsed: 139.899258ms
2020-02-29 12:45:13.587   3   INF   Sleeping for 9.859985257s
2020-02-29 12:45:23.448   3   INF   Device still active
2020-02-29 12:45:23.448   3   INF   Starting device loop
2020-02-29 12:45:23.448   3   INF   Downloading actual state
2020-02-29 12:45:23.498   3   INF   Actual state downloaded, elapsed: 49.11007ms
2020-02-29 12:45:23.498   3   INF   Actual workplace state: Production
2020-02-29 12:45:23.498   3   INF   Checking open order
2020-02-29 12:45:23.525   3   INF   Open order checked, elapsed: 26.943131ms
2020-02-29 12:45:23.525   3   INF   Actual open order: 1
2020-02-29 12:45:23.525   3   INF   Checking open downtime
2020-02-29 12:45:23.562   3   INF   Open downtime checked, elapsed: 36.605858ms
2020-02-29 12:45:23.562   3   INF   Actual open downtime: 0
2020-02-29 12:45:23.562   3   INF   Production state
2020-02-29 12:45:23.562   3   INF   Updating order data
2020-02-29 12:45:23.618   3   INF   Order data updated, elapsed: 55.279934ms
2020-02-29 12:45:23.618   3   INF   Loop ended, elapsed: 169.398301ms
2020-02-29 12:45:23.618   3   INF   Sleeping for 9.83050703s
2020-02-29 12:45:33.449   3   INF   Device still active
2020-02-29 12:45:33.449   3   INF   Starting device loop
2020-02-29 12:45:33.449   3   INF   Downloading actual state
2020-02-29 12:45:33.501   3   INF   Actual state downloaded, elapsed: 51.667149ms
2020-02-29 12:45:33.501   3   INF   Actual workplace state: Production
2020-02-29 12:45:33.501   3   INF   Checking open order
2020-02-29 12:45:33.547   3   INF   Open order checked, elapsed: 45.471369ms
2020-02-29 12:45:33.547   3   INF   Actual open order: 1
2020-02-29 12:45:33.547   3   INF   Checking open downtime
2020-02-29 12:45:33.599   3   INF   Open downtime checked, elapsed: 51.263915ms
2020-02-29 12:45:33.599   3   INF   Actual open downtime: 0
2020-02-29 12:45:33.599   3   INF   Production state
2020-02-29 12:45:33.599   3   INF   Updating order data
2020-02-29 12:45:33.647   3   INF   Order data updated, elapsed: 47.485968ms
2020-02-29 12:45:33.648   3   INF   Loop ended, elapsed: 198.664483ms
2020-02-29 12:45:33.648   3   INF   Sleeping for 9.800820185s
2020-02-29 12:45:43.450   3   INF   Device still active
2020-02-29 12:45:43.450   3   INF   Starting device loop
2020-02-29 12:45:43.450   3   INF   Downloading actual state
2020-02-29 12:45:43.516   3   INF   Actual state downloaded, elapsed: 65.566477ms
2020-02-29 12:45:43.516   3   INF   Actual workplace state: Production
2020-02-29 12:45:43.516   3   INF   Checking open order
2020-02-29 12:45:43.548   3   INF   Open order checked, elapsed: 31.629044ms
2020-02-29 12:45:43.548   3   INF   Actual open order: 1
2020-02-29 12:45:43.548   3   INF   Checking open downtime
2020-02-29 12:45:43.590   3   INF   Open downtime checked, elapsed: 41.357959ms
2020-02-29 12:45:43.590   3   INF   Actual open downtime: 0
2020-02-29 12:45:43.590   3   INF   Production state
2020-02-29 12:45:43.591   3   INF   Updating order data
2020-02-29 12:45:43.665   3   INF   Order data updated, elapsed: 74.248949ms
2020-02-29 12:45:43.665   3   INF   Loop ended, elapsed: 215.000508ms
2020-02-29 12:45:43.665   3   INF   Sleeping for 9.784922775s
2020-02-29 12:45:53.450   3   INF   Device still active
2020-02-29 12:45:53.450   3   INF   Starting device loop
2020-02-29 12:45:53.450   3   INF   Downloading actual state
2020-02-29 12:45:53.491   3   INF   Actual state downloaded, elapsed: 40.851893ms
2020-02-29 12:45:53.492   3   INF   Actual workplace state: Production
2020-02-29 12:45:53.492   3   INF   Checking open order
2020-02-29 12:45:53.528   3   INF   Open order checked, elapsed: 35.807679ms
2020-02-29 12:45:53.528   3   INF   Actual open order: 1
2020-02-29 12:45:53.528   3   INF   Checking open downtime
2020-02-29 12:45:53.549   3   INF   Open downtime checked, elapsed: 21.626126ms
2020-02-29 12:45:53.550   3   INF   Actual open downtime: 0
2020-02-29 12:45:53.550   3   INF   Production state
2020-02-29 12:45:53.550   3   INF   Updating order data
2020-02-29 12:45:53.580   3   INF   Order data updated, elapsed: 29.72796ms
2020-02-29 12:45:53.580   3   INF   Loop ended, elapsed: 129.164477ms
2020-02-29 12:45:53.580   3   INF   Sleeping for 9.87076987s
2020-02-29 12:46:03.451   3   INF   Device still active
2020-02-29 12:46:03.451   3   INF   Starting device loop
2020-02-29 12:46:03.451   3   INF   Downloading actual state
2020-02-29 12:46:03.492   3   INF   Actual state downloaded, elapsed: 40.683789ms
2020-02-29 12:46:03.492   3   INF   Actual workplace state: Production
2020-02-29 12:46:03.492   3   INF   Checking open order
2020-02-29 12:46:03.533   3   INF   Open order checked, elapsed: 40.605423ms
2020-02-29 12:46:03.533   3   INF   Actual open order: 1
2020-02-29 12:46:03.533   3   INF   Checking open downtime
2020-02-29 12:46:03.551   3   INF   Open downtime checked, elapsed: 18.220648ms
2020-02-29 12:46:03.551   3   INF   Actual open downtime: 0
2020-02-29 12:46:03.551   3   INF   Production state
2020-02-29 12:46:03.551   3   INF   Updating order data
2020-02-29 12:46:03.576   3   INF   Order data updated, elapsed: 24.649608ms
2020-02-29 12:46:03.576   3   INF   Loop ended, elapsed: 125.428129ms
2020-02-29 12:46:03.577   3   INF   Sleeping for 9.874495442s
2020-02-29 12:46:13.452   3   INF   Device not active
2020-02-29 12:46:13.452   3   INF   Device not active, stopped running
2020-02-29 12:46:13.454   3   INF   Device started running
2020-02-29 12:46:13.454   3   INF   Device directory exists
2020-02-29 12:46:13.454   3   INF   Starting device loop
2020-02-29 12:46:13.454   3   INF   Downloading actual state
2020-02-29 12:46:13.511   3   INF   Actual state downloaded, elapsed: 56.829281ms
2020-02-29 12:46:13.511   3   INF   Actual workplace state: Production
2020-02-29 12:46:13.512   3   INF   Checking open order
2020-02-29 12:46:13.551   3   INF   Open order checked, elapsed: 39.27904ms
2020-02-29 12:46:13.551   3   INF   Actual open order: 1
2020-02-29 12:46:13.551   3   INF   Checking open downtime
2020-02-29 12:46:13.572   3   INF   Open downtime checked, elapsed: 20.622572ms
2020-02-29 12:46:13.572   3   INF   Actual open downtime: 0
2020-02-29 12:46:13.572   3   INF   Production state
2020-02-29 12:46:13.573   3   INF   Updating order data
2020-02-29 12:46:13.599   3   INF   Order data updated, elapsed: 26.394519ms
2020-02-29 12:46:13.600   3   INF   Loop ended, elapsed: 145.242084ms
2020-02-29 12:46:13.600   3   INF   Sleeping for 9.854642942s
2020-02-29 12:46:23.455   3   INF   Device still active
2020-02-29 12:46:23.455   3   INF   Starting device loop
2020-02-29 12:46:23.455   3   INF   Downloading actual state
2020-02-29 12:46:23.502   3   INF   Actual state downloaded, elapsed: 47.657284ms
2020-02-29 12:46:23.503   3   INF   Actual workplace state: Production
2020-02-29 12:46:23.503   3   INF   Checking open order
2020-02-29 12:46:23.539   3   INF   Open order checked, elapsed: 35.965557ms
2020-02-29 12:46:23.539   3   INF   Actual open order: 1
2020-02-29 12:46:23.539   3   INF   Checking open downtime
2020-02-29 12:46:23.560   3   INF   Open downtime checked, elapsed: 20.887927ms
2020-02-29 12:46:23.560   3   INF   Actual open downtime: 0
2020-02-29 12:46:23.560   3   INF   Production state
2020-02-29 12:46:23.560   3   INF   Updating order data
2020-02-29 12:46:23.589   3   INF   Order data updated, elapsed: 28.69413ms
2020-02-29 12:46:23.590   3   INF   Loop ended, elapsed: 134.948072ms
2020-02-29 12:46:23.590   3   INF   Sleeping for 9.864770143s
2020-02-29 12:46:33.455   3   INF   Device still active
2020-02-29 12:46:33.455   3   INF   Starting device loop
2020-02-29 12:46:33.455   3   INF   Downloading actual state
2020-02-29 12:46:33.497   3   INF   Actual state downloaded, elapsed: 41.967217ms
2020-02-29 12:46:33.498   3   INF   Actual workplace state: Production
2020-02-29 12:46:33.498   3   INF   Checking open order
2020-02-29 12:46:33.527   3   INF   Open order checked, elapsed: 28.757022ms
2020-02-29 12:46:33.527   3   INF   Actual open order: 1
2020-02-29 12:46:33.527   3   INF   Checking open downtime
2020-02-29 12:46:33.556   3   INF   Open downtime checked, elapsed: 28.893229ms
2020-02-29 12:46:33.556   3   INF   Actual open downtime: 0
2020-02-29 12:46:33.556   3   INF   Production state
2020-02-29 12:46:33.556   3   INF   Updating order data
2020-02-29 12:46:33.586   3   INF   Order data updated, elapsed: 30.225724ms
2020-02-29 12:46:33.587   3   INF   Loop ended, elapsed: 131.297807ms
2020-02-29 12:46:33.587   3   INF   Sleeping for 9.868616278s
2020-02-29 12:46:43.456   3   INF   Device still active
2020-02-29 12:46:43.456   3   INF   Starting device loop
2020-02-29 12:46:43.456   3   INF   Downloading actual state
2020-02-29 12:46:43.493   3   INF   Actual state downloaded, elapsed: 37.053121ms
2020-02-29 12:46:43.494   3   INF   Actual workplace state: Production
2020-02-29 12:46:43.494   3   INF   Checking open order
2020-02-29 12:46:43.515   3   INF   Open order checked, elapsed: 21.571291ms
2020-02-29 12:46:43.516   3   INF   Actual open order: 1
2020-02-29 12:46:43.516   3   INF   Checking open downtime
2020-02-29 12:46:43.539   3   INF   Open downtime checked, elapsed: 23.336187ms
2020-02-29 12:46:43.539   3   INF   Actual open downtime: 0
2020-02-29 12:46:43.539   3   INF   Production state
2020-02-29 12:46:43.539   3   INF   Updating order data
2020-02-29 12:46:43.586   3   INF   Order data updated, elapsed: 46.376355ms
2020-02-29 12:46:43.586   3   INF   Loop ended, elapsed: 129.809475ms
2020-02-29 12:46:43.586   3   INF   Sleeping for 9.870093916s
2020-02-29 12:46:53.457   3   INF   Device still active
2020-02-29 12:46:53.457   3   INF   Starting device loop
2020-02-29 12:46:53.457   3   INF   Downloading actual state
2020-02-29 12:46:53.519   3   INF   Actual state downloaded, elapsed: 61.372377ms
2020-02-29 12:46:53.519   3   INF   Actual workplace state: Production
2020-02-29 12:46:53.519   3   INF   Checking open order
2020-02-29 12:46:53.551   3   INF   Open order checked, elapsed: 31.948495ms
2020-02-29 12:46:53.551   3   INF   Actual open order: 1
2020-02-29 12:46:53.551   3   INF   Checking open downtime
2020-02-29 12:46:53.577   3   INF   Open downtime checked, elapsed: 25.903018ms
2020-02-29 12:46:53.578   3   INF   Actual open downtime: 0
2020-02-29 12:46:53.578   3   INF   Production state
2020-02-29 12:46:53.578   3   INF   Updating order data
2020-02-29 12:46:53.605   3   INF   Order data updated, elapsed: 26.807346ms
2020-02-29 12:46:53.605   3   INF   Loop ended, elapsed: 147.616127ms
2020-02-29 12:46:53.605   3   INF   Sleeping for 9.852296172s
2020-02-29 12:47:03.457   3   INF   Device still active
2020-02-29 12:47:03.457   3   INF   Starting device loop
2020-02-29 12:47:03.458   3   INF   Downloading actual state
2020-02-29 12:47:03.491   3   INF   Actual state downloaded, elapsed: 33.095311ms
2020-02-29 12:47:03.491   3   INF   Actual workplace state: Production
2020-02-29 12:47:03.491   3   INF   Checking open order
2020-02-29 12:47:03.520   3   INF   Open order checked, elapsed: 28.434594ms
2020-02-29 12:47:03.520   3   INF   Actual open order: 1
2020-02-29 12:47:03.520   3   INF   Checking open downtime
2020-02-29 12:47:03.545   3   INF   Open downtime checked, elapsed: 25.028974ms
2020-02-29 12:47:03.545   3   INF   Actual open downtime: 0
2020-02-29 12:47:03.545   3   INF   Production state
2020-02-29 12:47:03.545   3   INF   Updating order data
2020-02-29 12:47:03.590   3   INF   Order data updated, elapsed: 44.544274ms
2020-02-29 12:47:03.590   3   INF   Loop ended, elapsed: 132.477043ms
2020-02-29 12:47:03.590   3   INF   Sleeping for 9.867458089s
2020-02-29 12:47:13.458   3   INF   Device still active
2020-02-29 12:47:13.458   3   INF   Starting device loop
2020-02-29 12:47:13.458   3   INF   Downloading actual state
2020-02-29 12:47:13.500   3   INF   Actual state downloaded, elapsed: 41.25254ms
2020-02-29 12:47:13.500   3   INF   Actual workplace state: Production
2020-02-29 12:47:13.500   3   INF   Checking open order
2020-02-29 12:47:13.525   3   INF   Open order checked, elapsed: 24.860455ms
2020-02-29 12:47:13.525   3   INF   Actual open order: 1
2020-02-29 12:47:13.525   3   INF   Checking open downtime
2020-02-29 12:47:13.546   3   INF   Open downtime checked, elapsed: 21.120703ms
2020-02-29 12:47:13.546   3   INF   Actual open downtime: 0
2020-02-29 12:47:13.546   3   INF   Production state
2020-02-29 12:47:13.546   3   INF   Updating order data
2020-02-29 12:47:13.588   3   INF   Order data updated, elapsed: 41.881776ms
2020-02-29 12:47:13.589   3   INF   Loop ended, elapsed: 130.312004ms
2020-02-29 12:47:13.589   3   INF   Sleeping for 9.869602248s
2020-02-29 12:47:23.459   3   INF   Device still active
2020-02-29 12:47:23.459   3   INF   Starting device loop
2020-02-29 12:47:23.459   3   INF   Downloading actual state
2020-02-29 12:47:23.502   3   INF   Actual state downloaded, elapsed: 42.971207ms
2020-02-29 12:47:23.502   3   INF   Actual workplace state: Production
2020-02-29 12:47:23.502   3   INF   Checking open order
2020-02-29 12:47:23.533   3   INF   Open order checked, elapsed: 31.252807ms
2020-02-29 12:47:23.534   3   INF   Actual open order: 1
2020-02-29 12:47:23.534   3   INF   Checking open downtime
2020-02-29 12:47:23.554   3   INF   Open downtime checked, elapsed: 20.045401ms
2020-02-29 12:47:23.554   3   INF   Actual open downtime: 0
2020-02-29 12:47:23.554   3   INF   Production state
2020-02-29 12:47:23.554   3   INF   Updating order data
2020-02-29 12:47:23.590   3   INF   Order data updated, elapsed: 35.924593ms
2020-02-29 12:47:23.590   3   INF   Loop ended, elapsed: 131.448096ms
2020-02-29 12:47:23.590   3   INF   Sleeping for 9.868491374s
2020-02-29 12:47:33.459   3   INF   Device still active
2020-02-29 12:47:33.459   3   INF   Starting device loop
2020-02-29 12:47:33.460   3   INF   Downloading actual state
2020-02-29 12:47:33.489   3   INF   Actual state downloaded, elapsed: 29.316751ms
2020-02-29 12:47:33.489   3   INF   Actual workplace state: Production
2020-02-29 12:47:33.489   3   INF   Checking open order
2020-02-29 12:47:33.526   3   INF   Open order checked, elapsed: 36.636552ms
2020-02-29 12:47:33.526   3   INF   Actual open order: 1
2020-02-29 12:47:33.526   3   INF   Checking open downtime
2020-02-29 12:47:33.550   3   INF   Open downtime checked, elapsed: 23.811496ms
2020-02-29 12:47:33.550   3   INF   Actual open downtime: 0
2020-02-29 12:47:33.550   3   INF   Production state
2020-02-29 12:47:33.550   3   INF   Updating order data
2020-02-29 12:47:33.593   3   INF   Order data updated, elapsed: 42.32834ms
2020-02-29 12:47:33.593   3   INF   Loop ended, elapsed: 133.492468ms
2020-02-29 12:47:33.593   3   INF   Sleeping for 9.866423332s
2020-02-29 12:47:43.460   3   INF   Device still active
2020-02-29 12:47:43.460   3   INF   Starting device loop
2020-02-29 12:47:43.460   3   INF   Downloading actual state
2020-02-29 12:47:43.498   3   INF   Actual state downloaded, elapsed: 37.40849ms
2020-02-29 12:47:43.498   3   INF   Actual workplace state: Production
2020-02-29 12:47:43.498   3   INF   Checking open order
2020-02-29 12:47:43.530   3   INF   Open order checked, elapsed: 31.799015ms
2020-02-29 12:47:43.530   3   INF   Actual open order: 1
2020-02-29 12:47:43.530   3   INF   Checking open downtime
2020-02-29 12:47:43.563   3   INF   Open downtime checked, elapsed: 33.196924ms
2020-02-29 12:47:43.563   3   INF   Actual open downtime: 0
2020-02-29 12:47:43.564   3   INF   Production state
2020-02-29 12:47:43.564   3   INF   Updating order data
2020-02-29 12:47:43.601   3   INF   Order data updated, elapsed: 37.259628ms
2020-02-29 12:47:43.601   3   INF   Loop ended, elapsed: 140.890628ms
2020-02-29 12:47:43.601   3   INF   Sleeping for 9.859014045s
2020-02-29 12:47:53.461   3   INF   Device still active
2020-02-29 12:47:53.461   3   INF   Starting device loop
2020-02-29 12:47:53.461   3   INF   Downloading actual state
2020-02-29 12:47:53.501   3   INF   Actual state downloaded, elapsed: 39.957894ms
2020-02-29 12:47:53.501   3   INF   Actual workplace state: Production
2020-02-29 12:47:53.501   3   INF   Checking open order
2020-02-29 12:47:53.522   3   INF   Open order checked, elapsed: 20.117879ms
2020-02-29 12:47:53.522   3   INF   Actual open order: 1
2020-02-29 12:47:53.522   3   INF   Checking open downtime
2020-02-29 12:47:53.541   3   INF   Open downtime checked, elapsed: 18.515433ms
2020-02-29 12:47:53.541   3   INF   Actual open downtime: 0
2020-02-29 12:47:53.541   3   INF   Production state
2020-02-29 12:47:53.541   3   INF   Updating order data
2020-02-29 12:47:53.581   3   INF   Order data updated, elapsed: 40.322349ms
2020-02-29 12:47:53.581   3   INF   Loop ended, elapsed: 120.44356ms
2020-02-29 12:47:53.581   3   INF   Sleeping for 9.879475249s
2020-02-29 12:48:03.461   3   INF   Device still active
2020-02-29 12:48:03.461   3   INF   Starting device loop
2020-02-29 12:48:03.461   3   INF   Downloading actual state
2020-02-29 12:48:03.501   3   INF   Actual state downloaded, elapsed: 39.311222ms
2020-02-29 12:48:03.501   3   INF   Actual workplace state: Production
2020-02-29 12:48:03.501   3   INF   Checking open order
2020-02-29 12:48:03.529   3   INF   Open order checked, elapsed: 27.847897ms
2020-02-29 12:48:03.529   3   INF   Actual open order: 1
2020-02-29 12:48:03.530   3   INF   Checking open downtime
2020-02-29 12:48:03.554   3   INF   Open downtime checked, elapsed: 23.931432ms
2020-02-29 12:48:03.554   3   INF   Actual open downtime: 0
2020-02-29 12:48:03.554   3   INF   Production state
2020-02-29 12:48:03.554   3   INF   Updating order data
2020-02-29 12:48:03.594   3   INF   Order data updated, elapsed: 39.791691ms
2020-02-29 12:48:03.594   3   INF   Loop ended, elapsed: 132.576979ms
2020-02-29 12:48:03.594   3   INF   Sleeping for 9.867357037s
2020-02-29 12:48:13.462   3   INF   Device still active
2020-02-29 12:48:13.462   3   INF   Starting device loop
2020-02-29 12:48:13.462   3   INF   Downloading actual state
2020-02-29 12:48:13.508   3   INF   Actual state downloaded, elapsed: 45.806063ms
2020-02-29 12:48:13.508   3   INF   Actual workplace state: Poweroff
2020-02-29 12:48:13.508   3   INF   Checking open order
2020-02-29 12:48:13.538   3   INF   Open order checked, elapsed: 29.397406ms
2020-02-29 12:48:13.538   3   INF   Actual open order: 1
2020-02-29 12:48:13.538   3   INF   Checking open downtime
2020-02-29 12:48:13.561   3   INF   Open downtime checked, elapsed: 22.435336ms
2020-02-29 12:48:13.561   3   INF   Actual open downtime: 0
2020-02-29 12:48:13.561   3   INF   Poweroff state
2020-02-29 12:48:13.561   3   INF   Closing order
2020-02-29 12:48:13.598   3   INF   Order closed, elapsed: 36.824455ms
2020-02-29 12:48:13.598   3   INF   Updating order data
2020-02-29 12:48:13.629   3   INF   Order data updated, elapsed: 30.415268ms
2020-02-29 12:48:13.629   3   INF   Loop ended, elapsed: 167.050548ms
2020-02-29 12:48:13.629   3   INF   Sleeping for 9.832880865s
2020-02-29 12:48:23.463   3   INF   Device still active
2020-02-29 12:48:23.463   3   INF   Starting device loop
2020-02-29 12:48:23.463   3   INF   Downloading actual state
2020-02-29 12:48:23.509   3   INF   Actual state downloaded, elapsed: 46.245402ms
2020-02-29 12:48:23.509   3   INF   Actual workplace state: Poweroff
2020-02-29 12:48:23.510   3   INF   Checking open order
2020-02-29 12:48:23.531   3   INF   Open order checked, elapsed: 21.75264ms
2020-02-29 12:48:23.532   3   INF   Actual open order: 0
2020-02-29 12:48:23.532   3   INF   Checking open downtime
2020-02-29 12:48:23.577   3   INF   Open downtime checked, elapsed: 44.746559ms
2020-02-29 12:48:23.577   3   INF   Actual open downtime: 0
2020-02-29 12:48:23.577   3   INF   Poweroff state
2020-02-29 12:48:23.578   3   INF   Loop ended, elapsed: 114.596291ms
2020-02-29 12:48:23.578   3   INF   Sleeping for 9.88530109s
2020-02-29 12:48:33.463   3   INF   Device still active
2020-02-29 12:48:33.463   3   INF   Starting device loop
2020-02-29 12:48:33.464   3   INF   Downloading actual state
2020-02-29 12:48:33.511   3   INF   Actual state downloaded, elapsed: 47.042595ms
2020-02-29 12:48:33.511   3   INF   Actual workplace state: Poweroff
2020-02-29 12:48:33.511   3   INF   Checking open order
2020-02-29 12:48:33.560   3   INF   Open order checked, elapsed: 48.596555ms
2020-02-29 12:48:33.560   3   INF   Actual open order: 0
2020-02-29 12:48:33.560   3   INF   Checking open downtime
2020-02-29 12:48:33.595   3   INF   Open downtime checked, elapsed: 35.230581ms
2020-02-29 12:48:33.596   3   INF   Actual open downtime: 0
2020-02-29 12:48:33.596   3   INF   Poweroff state
2020-02-29 12:48:33.596   3   INF   Loop ended, elapsed: 132.108705ms
2020-02-29 12:48:33.596   3   INF   Sleeping for 9.867823416s
2020-02-29 12:48:43.464   3   INF   Device still active
2020-02-29 12:48:43.465   3   INF   Starting device loop
2020-02-29 12:48:43.465   3   INF   Downloading actual state
2020-02-29 12:48:43.526   3   INF   Actual state downloaded, elapsed: 60.309117ms
2020-02-29 12:48:43.526   3   INF   Actual workplace state: Poweroff
2020-02-29 12:48:43.526   3   INF   Checking open order
2020-02-29 12:48:43.591   3   INF   Open order checked, elapsed: 65.169948ms
2020-02-29 12:48:43.592   3   INF   Actual open order: 0
2020-02-29 12:48:43.592   3   INF   Checking open downtime
2020-02-29 12:48:43.615   3   INF   Open downtime checked, elapsed: 23.31434ms
2020-02-29 12:48:43.616   3   INF   Actual open downtime: 0
2020-02-29 12:48:43.616   3   INF   Poweroff state
2020-02-29 12:48:43.616   3   INF   Loop ended, elapsed: 150.780921ms
2020-02-29 12:48:43.616   3   INF   Sleeping for 9.849115523s
2020-02-29 12:48:53.465   3   INF   Device still active
2020-02-29 12:48:53.466   3   INF   Starting device loop
2020-02-29 12:48:53.466   3   INF   Downloading actual state
2020-02-29 12:48:53.519   3   INF   Actual state downloaded, elapsed: 52.750002ms
2020-02-29 12:48:53.519   3   INF   Actual workplace state: Poweroff
2020-02-29 12:48:53.519   3   INF   Checking open order
2020-02-29 12:48:53.568   3   INF   Open order checked, elapsed: 48.887036ms
2020-02-29 12:48:53.568   3   INF   Actual open order: 0
2020-02-29 12:48:53.568   3   INF   Checking open downtime
2020-02-29 12:48:53.606   3   INF   Open downtime checked, elapsed: 38.284431ms
2020-02-29 12:48:53.607   3   INF   Actual open downtime: 0
2020-02-29 12:48:53.607   3   INF   Poweroff state
2020-02-29 12:48:53.607   3   INF   Loop ended, elapsed: 141.012787ms
2020-02-29 12:48:53.607   3   INF   Sleeping for 9.858912889s
2020-02-29 12:49:03.470   3   INF   Device still active
2020-02-29 12:49:03.470   3   INF   Starting device loop
2020-02-29 12:49:03.471   3   INF   Downloading actual state
2020-02-29 12:49:03.513   3   INF   Actual state downloaded, elapsed: 41.330932ms
2020-02-29 12:49:03.513   3   INF   Actual workplace state: Poweroff
2020-02-29 12:49:03.513   3   INF   Checking open order
2020-02-29 12:49:03.545   3   INF   Open order checked, elapsed: 31.944985ms
2020-02-29 12:49:03.545   3   INF   Actual open order: 0
2020-02-29 12:49:03.545   3   INF   Checking open downtime
2020-02-29 12:49:03.569   3   INF   Open downtime checked, elapsed: 23.733436ms
2020-02-29 12:49:03.569   3   INF   Actual open downtime: 0
2020-02-29 12:49:03.569   3   INF   Poweroff state
2020-02-29 12:49:03.569   3   INF   Loop ended, elapsed: 98.226686ms
2020-02-29 12:49:03.569   3   INF   Sleeping for 9.901686834s
2020-02-29 12:49:13.473   3   INF   Device still active
2020-02-29 12:49:13.474   3   INF   Starting device loop
2020-02-29 12:49:13.474   3   INF   Downloading actual state
2020-02-29 12:49:13.538   3   INF   Actual state downloaded, elapsed: 63.832578ms
2020-02-29 12:49:13.538   3   INF   Actual workplace state: Poweroff
2020-02-29 12:49:13.538   3   INF   Checking open order
2020-02-29 12:49:13.599   3   INF   Open order checked, elapsed: 60.358362ms
2020-02-29 12:49:13.599   3   INF   Actual open order: 0
2020-02-29 12:49:13.599   3   INF   Checking open downtime
2020-02-29 12:49:13.636   3   INF   Open downtime checked, elapsed: 36.76166ms
2020-02-29 12:49:13.636   3   INF   Actual open downtime: 0
2020-02-29 12:49:13.637   3   INF   Poweroff state
2020-02-29 12:49:13.637   3   INF   Loop ended, elapsed: 162.914693ms
2020-02-29 12:49:13.637   3   INF   Sleeping for 9.836959703s
2020-02-29 12:49:23.474   3   INF   Device still active
2020-02-29 12:49:23.475   3   INF   Device not active, stopped running
2020-02-29 12:49:23.499   3   INF   Device started running
2020-02-29 12:49:23.499   3   INF   Device directory exists
2020-02-29 12:49:23.499   3   INF   Device not active, stopped running
