2020-03-05 13:19:55.304   CNC 9 Touch   INF   Device started running
2020-03-05 13:19:55.305   CNC 9 Touch   WRN   Device directory not exist, creating
2020-03-05 13:19:55.305   CNC 9 Touch   INF   Device directory created
2020-03-05 13:19:55.305   CNC 9 Touch   INF   Starting device loop
2020-03-05 13:19:55.305   CNC 9 Touch   INF   Downloading actual state
2020-03-05 13:19:55.461   CNC 9 Touch   INF   Actual state downloaded, elapsed: 155.166906ms
2020-03-05 13:19:55.461   CNC 9 Touch   INF   Actual workplace state: Poweroff
2020-03-05 13:19:55.461   CNC 9 Touch   INF   Checking open order
2020-03-05 13:19:55.580   CNC 9 Touch   INF   Open order checked, elapsed: 118.841434ms
2020-03-05 13:19:55.580   CNC 9 Touch   INF   Actual open order: 0
2020-03-05 13:19:55.580   CNC 9 Touch   INF   Checking open downtime
2020-03-05 13:19:55.693   CNC 9 Touch   INF   Open downtime checked, elapsed: 112.942977ms
2020-03-05 13:19:55.694   CNC 9 Touch   INF   Actual open downtime: 0
2020-03-05 13:19:55.694   CNC 9 Touch   INF   Poweroff state
2020-03-05 13:19:55.694   CNC 9 Touch   INF   Loop ended, elapsed: 388.389294ms
2020-03-05 13:19:55.694   CNC 9 Touch   INF   Sleeping for 9.611540409s
2020-03-05 13:20:05.306   CNC 9 Touch   INF   Device still active
2020-03-05 13:20:05.306   CNC 9 Touch   INF   Starting device loop
2020-03-05 13:20:05.306   CNC 9 Touch   INF   Downloading actual state
2020-03-05 13:20:05.351   CNC 9 Touch   INF   Actual state downloaded, elapsed: 45.112603ms
2020-03-05 13:20:05.351   CNC 9 Touch   INF   Actual workplace state: Poweroff
2020-03-05 13:20:05.351   CNC 9 Touch   INF   Checking open order
2020-03-05 13:20:05.557   CNC 9 Touch   INF   Open order checked, elapsed: 205.818906ms
2020-03-05 13:20:05.557   CNC 9 Touch   INF   Actual open order: 0
2020-03-05 13:20:05.558   CNC 9 Touch   INF   Checking open downtime
2020-03-05 13:20:05.621   CNC 9 Touch   INF   Open downtime checked, elapsed: 62.961898ms
2020-03-05 13:20:05.621   CNC 9 Touch   INF   Actual open downtime: 0
2020-03-05 13:20:05.621   CNC 9 Touch   INF   Poweroff state
2020-03-05 13:20:05.621   CNC 9 Touch   INF   Loop ended, elapsed: 315.129126ms
2020-03-05 13:20:05.621   CNC 9 Touch   INF   Sleeping for 9.684801804s
2020-03-05 13:20:15.306   CNC 9 Touch   INF   Device still active
2020-03-05 13:20:15.306   CNC 9 Touch   INF   Starting device loop
2020-03-05 13:20:15.306   CNC 9 Touch   INF   Downloading actual state
2020-03-05 13:20:15.347   CNC 9 Touch   INF   Actual state downloaded, elapsed: 40.332289ms
2020-03-05 13:20:15.347   CNC 9 Touch   INF   Actual workplace state: Poweroff
2020-03-05 13:20:15.347   CNC 9 Touch   INF   Checking open order
2020-03-05 13:20:15.413   CNC 9 Touch   INF   Open order checked, elapsed: 65.812376ms
2020-03-05 13:20:15.413   CNC 9 Touch   INF   Actual open order: 0
2020-03-05 13:20:15.413   CNC 9 Touch   INF   Checking open downtime
2020-03-05 13:20:15.486   CNC 9 Touch   INF   Open downtime checked, elapsed: 72.05309ms
2020-03-05 13:20:15.486   CNC 9 Touch   INF   Actual open downtime: 0
2020-03-05 13:20:15.486   CNC 9 Touch   INF   Poweroff state
2020-03-05 13:20:15.486   CNC 9 Touch   INF   Loop ended, elapsed: 180.220393ms
2020-03-05 13:20:15.487   CNC 9 Touch   INF   Sleeping for 9.819613844s
2020-03-05 13:20:25.306   CNC 9 Touch   INF   Device still active
2020-03-05 13:20:25.307   CNC 9 Touch   INF   Starting device loop
2020-03-05 13:20:25.307   CNC 9 Touch   INF   Downloading actual state
2020-03-05 13:20:25.406   CNC 9 Touch   INF   Actual state downloaded, elapsed: 99.402844ms
2020-03-05 13:20:25.407   CNC 9 Touch   INF   Actual workplace state: Poweroff
2020-03-05 13:20:25.408   CNC 9 Touch   INF   Checking open order
2020-03-05 13:20:25.503   CNC 9 Touch   INF   Open order checked, elapsed: 95.465195ms
2020-03-05 13:20:25.503   CNC 9 Touch   INF   Actual open order: 0
2020-03-05 13:20:25.503   CNC 9 Touch   INF   Checking open downtime
2020-03-05 13:20:25.586   CNC 9 Touch   INF   Open downtime checked, elapsed: 82.096315ms
2020-03-05 13:20:25.586   CNC 9 Touch   INF   Actual open downtime: 0
2020-03-05 13:20:25.586   CNC 9 Touch   INF   Poweroff state
2020-03-05 13:20:25.586   CNC 9 Touch   INF   Loop ended, elapsed: 279.493846ms
2020-03-05 13:20:25.586   CNC 9 Touch   INF   Sleeping for 9.720385452s
2020-03-05 13:20:35.307   CNC 9 Touch   INF   Device not active
2020-03-05 13:20:35.308   CNC 9 Touch   INF   Device not active, stopped running
2020-03-05 13:20:35.311   CNC 9 Touch   INF   Device started running
2020-03-05 13:20:35.311   CNC 9 Touch   INF   Device directory exists
2020-03-05 13:20:35.311   CNC 9 Touch   INF   Starting device loop
2020-03-05 13:20:35.312   CNC 9 Touch   INF   Downloading actual state
2020-03-05 13:20:35.388   CNC 9 Touch   INF   Actual state downloaded, elapsed: 76.387285ms
2020-03-05 13:20:35.389   CNC 9 Touch   INF   Actual workplace state: Poweroff
2020-03-05 13:20:35.389   CNC 9 Touch   INF   Checking open order
2020-03-05 13:20:35.501   CNC 9 Touch   INF   Open order checked, elapsed: 111.863169ms
2020-03-05 13:20:35.501   CNC 9 Touch   INF   Actual open order: 0
2020-03-05 13:20:35.501   CNC 9 Touch   INF   Checking open downtime
2020-03-05 13:20:35.615   CNC 9 Touch   INF   Open downtime checked, elapsed: 113.543526ms
2020-03-05 13:20:35.615   CNC 9 Touch   INF   Actual open downtime: 0
2020-03-05 13:20:35.615   CNC 9 Touch   INF   Poweroff state
2020-03-05 13:20:35.615   CNC 9 Touch   INF   Loop ended, elapsed: 303.880387ms
2020-03-05 13:20:35.616   CNC 9 Touch   INF   Sleeping for 9.696025067s
2020-03-05 13:20:45.312   CNC 9 Touch   INF   Device still active
2020-03-05 13:20:45.312   CNC 9 Touch   INF   Starting device loop
2020-03-05 13:20:45.312   CNC 9 Touch   INF   Downloading actual state
2020-03-05 13:20:45.339   CNC 9 Touch   INF   Actual state downloaded, elapsed: 26.553759ms
2020-03-05 13:20:45.339   CNC 9 Touch   INF   Actual workplace state: Poweroff
2020-03-05 13:20:45.339   CNC 9 Touch   INF   Checking open order
2020-03-05 13:20:45.392   CNC 9 Touch   INF   Open order checked, elapsed: 52.397099ms
2020-03-05 13:20:45.392   CNC 9 Touch   INF   Actual open order: 0
2020-03-05 13:20:45.392   CNC 9 Touch   INF   Checking open downtime
2020-03-05 13:20:45.445   CNC 9 Touch   INF   Open downtime checked, elapsed: 53.191601ms
2020-03-05 13:20:45.446   CNC 9 Touch   INF   Actual open downtime: 0
2020-03-05 13:20:45.446   CNC 9 Touch   INF   Poweroff state
2020-03-05 13:20:45.446   CNC 9 Touch   INF   Loop ended, elapsed: 133.631809ms
2020-03-05 13:20:45.446   CNC 9 Touch   INF   Sleeping for 9.8662902s
2020-03-05 13:20:55.312   CNC 9 Touch   INF   Device still active
2020-03-05 13:20:55.312   CNC 9 Touch   INF   Starting device loop
2020-03-05 13:20:55.313   CNC 9 Touch   INF   Downloading actual state
2020-03-05 13:20:55.406   CNC 9 Touch   INF   Actual state downloaded, elapsed: 93.432386ms
2020-03-05 13:20:55.407   CNC 9 Touch   INF   Actual workplace state: Poweroff
2020-03-05 13:20:55.407   CNC 9 Touch   INF   Checking open order
2020-03-05 13:20:55.449   CNC 9 Touch   INF   Open order checked, elapsed: 42.297505ms
2020-03-05 13:20:55.449   CNC 9 Touch   INF   Actual open order: 0
2020-03-05 13:20:55.449   CNC 9 Touch   INF   Checking open downtime
2020-03-05 13:20:55.498   CNC 9 Touch   INF   Open downtime checked, elapsed: 48.019331ms
2020-03-05 13:20:55.498   CNC 9 Touch   INF   Actual open downtime: 0
2020-03-05 13:20:55.499   CNC 9 Touch   INF   Poweroff state
2020-03-05 13:20:55.499   CNC 9 Touch   INF   Loop ended, elapsed: 186.407704ms
2020-03-05 13:20:55.499   CNC 9 Touch   INF   Sleeping for 9.813440558s
2020-03-05 13:21:05.313   CNC 9 Touch   INF   Device still active
2020-03-05 13:21:05.313   CNC 9 Touch   INF   Starting device loop
2020-03-05 13:21:05.313   CNC 9 Touch   INF   Downloading actual state
2020-03-05 13:21:05.359   CNC 9 Touch   INF   Actual state downloaded, elapsed: 45.525659ms
2020-03-05 13:21:05.359   CNC 9 Touch   INF   Actual workplace state: Poweroff
2020-03-05 13:21:05.359   CNC 9 Touch   INF   Checking open order
2020-03-05 13:21:05.434   CNC 9 Touch   INF   Open order checked, elapsed: 74.583446ms
2020-03-05 13:21:05.434   CNC 9 Touch   INF   Actual open order: 0
2020-03-05 13:21:05.434   CNC 9 Touch   INF   Checking open downtime
2020-03-05 13:21:05.508   CNC 9 Touch   INF   Open downtime checked, elapsed: 73.29004ms
2020-03-05 13:21:05.509   CNC 9 Touch   INF   Actual open downtime: 0
2020-03-05 13:21:05.509   CNC 9 Touch   INF   Poweroff state
2020-03-05 13:21:05.509   CNC 9 Touch   INF   Loop ended, elapsed: 196.189621ms
2020-03-05 13:21:05.509   CNC 9 Touch   INF   Sleeping for 9.803665961s
2020-03-05 13:21:15.313   CNC 9 Touch   INF   Device still active
2020-03-05 13:21:15.314   CNC 9 Touch   INF   Starting device loop
2020-03-05 13:21:15.314   CNC 9 Touch   INF   Downloading actual state
2020-03-05 13:21:15.406   CNC 9 Touch   INF   Actual state downloaded, elapsed: 91.916083ms
2020-03-05 13:21:15.406   CNC 9 Touch   INF   Actual workplace state: Poweroff
2020-03-05 13:21:15.406   CNC 9 Touch   INF   Checking open order
2020-03-05 13:21:15.480   CNC 9 Touch   INF   Open order checked, elapsed: 72.923416ms
2020-03-05 13:21:15.480   CNC 9 Touch   INF   Actual open order: 0
2020-03-05 13:21:15.480   CNC 9 Touch   INF   Checking open downtime
2020-03-05 13:21:15.548   CNC 9 Touch   INF   Open downtime checked, elapsed: 66.931659ms
2020-03-05 13:21:15.549   CNC 9 Touch   INF   Actual open downtime: 0
2020-03-05 13:21:15.549   CNC 9 Touch   INF   Poweroff state
2020-03-05 13:21:15.549   CNC 9 Touch   INF   Loop ended, elapsed: 235.637383ms
2020-03-05 13:21:15.550   CNC 9 Touch   INF   Sleeping for 9.764152594s
2020-03-05 13:21:25.314   CNC 9 Touch   INF   Device still active
2020-03-05 13:21:25.315   CNC 9 Touch   INF   Starting device loop
2020-03-05 13:21:25.315   CNC 9 Touch   INF   Downloading actual state
2020-03-05 13:21:25.421   CNC 9 Touch   INF   Actual state downloaded, elapsed: 105.727458ms
2020-03-05 13:21:25.421   CNC 9 Touch   INF   Actual workplace state: Poweroff
2020-03-05 13:21:25.421   CNC 9 Touch   INF   Checking open order
2020-03-05 13:21:25.486   CNC 9 Touch   INF   Open order checked, elapsed: 64.889984ms
2020-03-05 13:21:25.487   CNC 9 Touch   INF   Actual open order: 0
2020-03-05 13:21:25.487   CNC 9 Touch   INF   Checking open downtime
2020-03-05 13:21:25.538   CNC 9 Touch   INF   Open downtime checked, elapsed: 50.81488ms
2020-03-05 13:21:25.538   CNC 9 Touch   INF   Actual open downtime: 0
2020-03-05 13:21:25.538   CNC 9 Touch   INF   Poweroff state
2020-03-05 13:21:25.538   CNC 9 Touch   INF   Loop ended, elapsed: 223.406922ms
2020-03-05 13:21:25.538   CNC 9 Touch   INF   Sleeping for 9.776453594s
2020-03-05 13:21:35.315   CNC 9 Touch   INF   Device still active
2020-03-05 13:21:35.315   CNC 9 Touch   INF   Device not active, stopped running
2020-03-05 13:21:35.322   CNC 9 Touch   INF   Device started running
2020-03-05 13:21:35.322   CNC 9 Touch   INF   Device directory exists
2020-03-05 13:21:35.322   CNC 9 Touch   INF   Device not active, stopped running
2020-03-05 13:21:42.838   CNC 9 Touch   INF   Device started running
2020-03-05 13:21:42.839   CNC 9 Touch   INF   Device directory exists
2020-03-05 13:21:42.839   CNC 9 Touch   INF   Starting device loop
2020-03-05 13:21:42.839   CNC 9 Touch   INF   Downloading actual state
2020-03-05 13:21:42.887   CNC 9 Touch   INF   Actual state downloaded, elapsed: 47.884349ms
2020-03-05 13:21:42.887   CNC 9 Touch   INF   Actual workplace state: Poweroff
2020-03-05 13:21:42.887   CNC 9 Touch   INF   Checking open order
2020-03-05 13:21:42.921   CNC 9 Touch   INF   Open order checked, elapsed: 33.941709ms
2020-03-05 13:21:42.921   CNC 9 Touch   INF   Actual open order: 0
2020-03-05 13:21:42.921   CNC 9 Touch   INF   Checking open downtime
2020-03-05 13:21:42.968   CNC 9 Touch   INF   Open downtime checked, elapsed: 47.113268ms
2020-03-05 13:21:42.969   CNC 9 Touch   INF   Actual open downtime: 0
2020-03-05 13:21:42.969   CNC 9 Touch   INF   Poweroff state
2020-03-05 13:21:42.969   CNC 9 Touch   INF   Loop ended, elapsed: 129.941684ms
2020-03-05 13:21:42.969   CNC 9 Touch   INF   Sleeping for 9.869869653s
2020-03-05 13:21:52.839   CNC 9 Touch   INF   Device still active
2020-03-05 13:21:52.839   CNC 9 Touch   INF   Starting device loop
2020-03-05 13:21:52.839   CNC 9 Touch   INF   Downloading actual state
2020-03-05 13:21:52.869   CNC 9 Touch   INF   Actual state downloaded, elapsed: 30.088507ms
2020-03-05 13:21:52.870   CNC 9 Touch   INF   Actual workplace state: Poweroff
2020-03-05 13:21:52.870   CNC 9 Touch   INF   Checking open order
2020-03-05 13:21:52.946   CNC 9 Touch   INF   Open order checked, elapsed: 76.426448ms
2020-03-05 13:21:52.946   CNC 9 Touch   INF   Actual open order: 0
2020-03-05 13:21:52.946   CNC 9 Touch   INF   Checking open downtime
2020-03-05 13:21:53.028   CNC 9 Touch   INF   Open downtime checked, elapsed: 81.812566ms
2020-03-05 13:21:53.029   CNC 9 Touch   INF   Actual open downtime: 0
2020-03-05 13:21:53.029   CNC 9 Touch   INF   Poweroff state
2020-03-05 13:21:53.029   CNC 9 Touch   INF   Loop ended, elapsed: 189.637085ms
2020-03-05 13:21:53.029   CNC 9 Touch   INF   Sleeping for 9.81026344s
2020-03-05 13:22:02.840   CNC 9 Touch   INF   Device still active
2020-03-05 13:22:02.841   CNC 9 Touch   INF   Starting device loop
2020-03-05 13:22:02.841   CNC 9 Touch   INF   Downloading actual state
2020-03-05 13:22:02.966   CNC 9 Touch   INF   Actual state downloaded, elapsed: 125.527006ms
2020-03-05 13:22:02.967   CNC 9 Touch   INF   Actual workplace state: Poweroff
2020-03-05 13:22:02.967   CNC 9 Touch   INF   Checking open order
2020-03-05 13:22:03.092   CNC 9 Touch   INF   Open order checked, elapsed: 124.49714ms
2020-03-05 13:22:03.092   CNC 9 Touch   INF   Actual open order: 0
2020-03-05 13:22:03.092   CNC 9 Touch   INF   Checking open downtime
2020-03-05 13:22:03.205   CNC 9 Touch   INF   Open downtime checked, elapsed: 112.576654ms
2020-03-05 13:22:03.205   CNC 9 Touch   INF   Actual open downtime: 0
2020-03-05 13:22:03.206   CNC 9 Touch   INF   Poweroff state
2020-03-05 13:22:03.206   CNC 9 Touch   INF   Loop ended, elapsed: 365.081059ms
2020-03-05 13:22:03.206   CNC 9 Touch   INF   Sleeping for 9.634797852s
2020-03-05 13:22:12.841   CNC 9 Touch   INF   Device still active
2020-03-05 13:22:12.841   CNC 9 Touch   INF   Device not active, stopped running
2020-03-05 13:22:12.848   CNC 9 Touch   INF   Device started running
2020-03-05 13:22:12.848   CNC 9 Touch   INF   Device directory exists
2020-03-05 13:22:12.849   CNC 9 Touch   INF   Device not active, stopped running
