2020-03-05 13:19:55.304   CNC 5 Touch   INF   Device started running
2020-03-05 13:19:55.305   CNC 5 Touch   WRN   Device directory not exist, creating
2020-03-05 13:19:55.305   CNC 5 Touch   INF   Device directory created
2020-03-05 13:19:55.305   CNC 5 Touch   INF   Starting device loop
2020-03-05 13:19:55.305   CNC 5 Touch   INF   Downloading actual state
2020-03-05 13:19:55.499   CNC 5 Touch   INF   Actual state downloaded, elapsed: 193.225892ms
2020-03-05 13:19:55.499   CNC 5 Touch   INF   Actual workplace state: Production
2020-03-05 13:19:55.499   CNC 5 Touch   INF   Checking open order
2020-03-05 13:19:55.626   CNC 5 Touch   INF   Open order checked, elapsed: 127.076027ms
2020-03-05 13:19:55.627   CNC 5 Touch   INF   Actual open order: 128
2020-03-05 13:19:55.627   CNC 5 Touch   INF   Checking open downtime
2020-03-05 13:19:55.785   CNC 5 Touch   INF   Open downtime checked, elapsed: 158.307294ms
2020-03-05 13:19:55.785   CNC 5 Touch   INF   Actual open downtime: 0
2020-03-05 13:19:55.785   CNC 5 Touch   INF   Production state
2020-03-05 13:19:55.786   CNC 5 Touch   INF   Updating order data
2020-03-05 13:19:55.939   CNC 5 Touch   INF   Order data updated, elapsed: 153.445114ms
2020-03-05 13:19:55.939   CNC 5 Touch   INF   Loop ended, elapsed: 633.85191ms
2020-03-05 13:19:55.939   CNC 5 Touch   INF   Sleeping for 9.366046812s
2020-03-05 13:20:05.306   CNC 5 Touch   INF   Device still active
2020-03-05 13:20:05.306   CNC 5 Touch   INF   Starting device loop
2020-03-05 13:20:05.306   CNC 5 Touch   INF   Downloading actual state
2020-03-05 13:20:05.403   CNC 5 Touch   INF   Actual state downloaded, elapsed: 97.383436ms
2020-03-05 13:20:05.404   CNC 5 Touch   INF   Actual workplace state: Production
2020-03-05 13:20:05.404   CNC 5 Touch   INF   Checking open order
2020-03-05 13:20:05.533   CNC 5 Touch   INF   Open order checked, elapsed: 128.864734ms
2020-03-05 13:20:05.533   CNC 5 Touch   INF   Actual open order: 128
2020-03-05 13:20:05.533   CNC 5 Touch   INF   Checking open downtime
2020-03-05 13:20:05.605   CNC 5 Touch   INF   Open downtime checked, elapsed: 72.065968ms
2020-03-05 13:20:05.606   CNC 5 Touch   INF   Actual open downtime: 0
2020-03-05 13:20:05.607   CNC 5 Touch   INF   Production state
2020-03-05 13:20:05.607   CNC 5 Touch   INF   Updating order data
2020-03-05 13:20:05.717   CNC 5 Touch   INF   Order data updated, elapsed: 109.669538ms
2020-03-05 13:20:05.717   CNC 5 Touch   INF   Loop ended, elapsed: 410.802126ms
2020-03-05 13:20:05.717   CNC 5 Touch   INF   Sleeping for 9.589115386s
2020-03-05 13:20:15.306   CNC 5 Touch   INF   Device still active
2020-03-05 13:20:15.306   CNC 5 Touch   INF   Starting device loop
2020-03-05 13:20:15.306   CNC 5 Touch   INF   Downloading actual state
2020-03-05 13:20:15.483   CNC 5 Touch   INF   Actual state downloaded, elapsed: 175.872394ms
2020-03-05 13:20:15.483   CNC 5 Touch   INF   Actual workplace state: Production
2020-03-05 13:20:15.484   CNC 5 Touch   INF   Checking open order
2020-03-05 13:20:15.588   CNC 5 Touch   INF   Open order checked, elapsed: 104.533226ms
2020-03-05 13:20:15.589   CNC 5 Touch   INF   Actual open order: 128
2020-03-05 13:20:15.589   CNC 5 Touch   INF   Checking open downtime
2020-03-05 13:20:15.625   CNC 5 Touch   INF   Open downtime checked, elapsed: 36.444671ms
2020-03-05 13:20:15.625   CNC 5 Touch   INF   Actual open downtime: 0
2020-03-05 13:20:15.626   CNC 5 Touch   INF   Production state
2020-03-05 13:20:15.626   CNC 5 Touch   INF   Updating order data
2020-03-05 13:20:15.685   CNC 5 Touch   INF   Order data updated, elapsed: 59.121071ms
2020-03-05 13:20:15.685   CNC 5 Touch   INF   Loop ended, elapsed: 378.628596ms
2020-03-05 13:20:15.685   CNC 5 Touch   INF   Sleeping for 9.621287151s
2020-03-05 13:20:25.307   CNC 5 Touch   INF   Device still active
2020-03-05 13:20:25.307   CNC 5 Touch   INF   Starting device loop
2020-03-05 13:20:25.307   CNC 5 Touch   INF   Downloading actual state
2020-03-05 13:20:25.430   CNC 5 Touch   INF   Actual state downloaded, elapsed: 123.122939ms
2020-03-05 13:20:25.430   CNC 5 Touch   INF   Actual workplace state: Production
2020-03-05 13:20:25.430   CNC 5 Touch   INF   Checking open order
2020-03-05 13:20:25.525   CNC 5 Touch   INF   Open order checked, elapsed: 94.254985ms
2020-03-05 13:20:25.525   CNC 5 Touch   INF   Actual open order: 128
2020-03-05 13:20:25.525   CNC 5 Touch   INF   Checking open downtime
2020-03-05 13:20:25.608   CNC 5 Touch   INF   Open downtime checked, elapsed: 82.509341ms
2020-03-05 13:20:25.608   CNC 5 Touch   INF   Actual open downtime: 0
2020-03-05 13:20:25.608   CNC 5 Touch   INF   Production state
2020-03-05 13:20:25.608   CNC 5 Touch   INF   Updating order data
2020-03-05 13:20:25.676   CNC 5 Touch   INF   Order data updated, elapsed: 67.445108ms
2020-03-05 13:20:25.676   CNC 5 Touch   INF   Loop ended, elapsed: 368.947394ms
2020-03-05 13:20:25.676   CNC 5 Touch   INF   Sleeping for 9.630968206s
2020-03-05 13:20:35.307   CNC 5 Touch   INF   Device not active
2020-03-05 13:20:35.308   CNC 5 Touch   INF   Device not active, stopped running
2020-03-05 13:20:35.311   CNC 5 Touch   INF   Device started running
2020-03-05 13:20:35.311   CNC 5 Touch   INF   Device directory exists
2020-03-05 13:20:35.311   CNC 5 Touch   INF   Starting device loop
2020-03-05 13:20:35.312   CNC 5 Touch   INF   Downloading actual state
2020-03-05 13:20:35.408   CNC 5 Touch   INF   Actual state downloaded, elapsed: 96.608371ms
2020-03-05 13:20:35.409   CNC 5 Touch   INF   Actual workplace state: Production
2020-03-05 13:20:35.409   CNC 5 Touch   INF   Checking open order
2020-03-05 13:20:35.493   CNC 5 Touch   INF   Open order checked, elapsed: 84.535113ms
2020-03-05 13:20:35.494   CNC 5 Touch   INF   Actual open order: 128
2020-03-05 13:20:35.494   CNC 5 Touch   INF   Checking open downtime
2020-03-05 13:20:35.616   CNC 5 Touch   INF   Open downtime checked, elapsed: 121.964151ms
2020-03-05 13:20:35.616   CNC 5 Touch   INF   Actual open downtime: 0
2020-03-05 13:20:35.616   CNC 5 Touch   INF   Production state
2020-03-05 13:20:35.616   CNC 5 Touch   INF   Updating order data
2020-03-05 13:20:35.737   CNC 5 Touch   INF   Order data updated, elapsed: 120.867842ms
2020-03-05 13:20:35.737   CNC 5 Touch   INF   Loop ended, elapsed: 425.774973ms
2020-03-05 13:20:35.738   CNC 5 Touch   INF   Sleeping for 9.57411432s
2020-03-05 13:20:45.312   CNC 5 Touch   INF   Device still active
2020-03-05 13:20:45.312   CNC 5 Touch   INF   Starting device loop
2020-03-05 13:20:45.312   CNC 5 Touch   INF   Downloading actual state
2020-03-05 13:20:45.395   CNC 5 Touch   INF   Actual state downloaded, elapsed: 82.625166ms
2020-03-05 13:20:45.395   CNC 5 Touch   INF   Actual workplace state: Production
2020-03-05 13:20:45.395   CNC 5 Touch   INF   Checking open order
2020-03-05 13:20:45.453   CNC 5 Touch   INF   Open order checked, elapsed: 57.780505ms
2020-03-05 13:20:45.454   CNC 5 Touch   INF   Actual open order: 128
2020-03-05 13:20:45.454   CNC 5 Touch   INF   Checking open downtime
2020-03-05 13:20:45.489   CNC 5 Touch   INF   Open downtime checked, elapsed: 35.637634ms
2020-03-05 13:20:45.490   CNC 5 Touch   INF   Actual open downtime: 0
2020-03-05 13:20:45.490   CNC 5 Touch   INF   Production state
2020-03-05 13:20:45.490   CNC 5 Touch   INF   Updating order data
2020-03-05 13:20:45.572   CNC 5 Touch   INF   Order data updated, elapsed: 82.034121ms
2020-03-05 13:20:45.572   CNC 5 Touch   INF   Loop ended, elapsed: 259.825788ms
2020-03-05 13:20:45.572   CNC 5 Touch   INF   Sleeping for 9.740086221s
2020-03-05 13:20:55.313   CNC 5 Touch   INF   Device still active
2020-03-05 13:20:55.313   CNC 5 Touch   INF   Starting device loop
2020-03-05 13:20:55.313   CNC 5 Touch   INF   Downloading actual state
2020-03-05 13:20:55.391   CNC 5 Touch   INF   Actual state downloaded, elapsed: 77.700758ms
2020-03-05 13:20:55.391   CNC 5 Touch   INF   Actual workplace state: Production
2020-03-05 13:20:55.391   CNC 5 Touch   INF   Checking open order
2020-03-05 13:20:55.447   CNC 5 Touch   INF   Open order checked, elapsed: 56.396544ms
2020-03-05 13:20:55.448   CNC 5 Touch   INF   Actual open order: 128
2020-03-05 13:20:55.448   CNC 5 Touch   INF   Checking open downtime
2020-03-05 13:20:55.506   CNC 5 Touch   INF   Open downtime checked, elapsed: 57.711059ms
2020-03-05 13:20:55.506   CNC 5 Touch   INF   Actual open downtime: 0
2020-03-05 13:20:55.507   CNC 5 Touch   INF   Production state
2020-03-05 13:20:55.507   CNC 5 Touch   INF   Updating order data
2020-03-05 13:20:55.574   CNC 5 Touch   INF   Order data updated, elapsed: 66.888045ms
2020-03-05 13:20:55.574   CNC 5 Touch   INF   Loop ended, elapsed: 261.645809ms
2020-03-05 13:20:55.575   CNC 5 Touch   INF   Sleeping for 9.738248804s
2020-03-05 13:21:05.313   CNC 5 Touch   INF   Device still active
2020-03-05 13:21:05.313   CNC 5 Touch   INF   Starting device loop
2020-03-05 13:21:05.313   CNC 5 Touch   INF   Downloading actual state
2020-03-05 13:21:05.353   CNC 5 Touch   INF   Actual state downloaded, elapsed: 39.065388ms
2020-03-05 13:21:05.353   CNC 5 Touch   INF   Actual workplace state: Production
2020-03-05 13:21:05.353   CNC 5 Touch   INF   Checking open order
2020-03-05 13:21:05.382   CNC 5 Touch   INF   Open order checked, elapsed: 29.283073ms
2020-03-05 13:21:05.383   CNC 5 Touch   INF   Actual open order: 128
2020-03-05 13:21:05.383   CNC 5 Touch   INF   Checking open downtime
2020-03-05 13:21:05.495   CNC 5 Touch   INF   Open downtime checked, elapsed: 112.361644ms
2020-03-05 13:21:05.495   CNC 5 Touch   INF   Actual open downtime: 0
2020-03-05 13:21:05.496   CNC 5 Touch   INF   Production state
2020-03-05 13:21:05.496   CNC 5 Touch   INF   Updating order data
2020-03-05 13:21:05.653   CNC 5 Touch   INF   Order data updated, elapsed: 156.796587ms
2020-03-05 13:21:05.653   CNC 5 Touch   INF   Loop ended, elapsed: 339.532764ms
2020-03-05 13:21:05.653   CNC 5 Touch   INF   Sleeping for 9.660373084s
2020-03-05 13:21:15.314   CNC 5 Touch   INF   Device still active
2020-03-05 13:21:15.314   CNC 5 Touch   INF   Starting device loop
2020-03-05 13:21:15.314   CNC 5 Touch   INF   Downloading actual state
2020-03-05 13:21:15.399   CNC 5 Touch   INF   Actual state downloaded, elapsed: 84.381831ms
2020-03-05 13:21:15.399   CNC 5 Touch   INF   Actual workplace state: Production
2020-03-05 13:21:15.399   CNC 5 Touch   INF   Checking open order
2020-03-05 13:21:15.480   CNC 5 Touch   INF   Open order checked, elapsed: 80.820213ms
2020-03-05 13:21:15.481   CNC 5 Touch   INF   Actual open order: 128
2020-03-05 13:21:15.481   CNC 5 Touch   INF   Checking open downtime
2020-03-05 13:21:15.530   CNC 5 Touch   INF   Open downtime checked, elapsed: 49.470169ms
2020-03-05 13:21:15.531   CNC 5 Touch   INF   Actual open downtime: 0
2020-03-05 13:21:15.531   CNC 5 Touch   INF   Production state
2020-03-05 13:21:15.531   CNC 5 Touch   INF   Updating order data
2020-03-05 13:21:15.663   CNC 5 Touch   INF   Order data updated, elapsed: 131.817933ms
2020-03-05 13:21:15.663   CNC 5 Touch   INF   Loop ended, elapsed: 348.805867ms
2020-03-05 13:21:15.663   CNC 5 Touch   INF   Sleeping for 9.651100071s
2020-03-05 13:21:25.314   CNC 5 Touch   INF   Device still active
2020-03-05 13:21:25.315   CNC 5 Touch   INF   Starting device loop
2020-03-05 13:21:25.315   CNC 5 Touch   INF   Downloading actual state
2020-03-05 13:21:25.422   CNC 5 Touch   INF   Actual state downloaded, elapsed: 107.161279ms
2020-03-05 13:21:25.422   CNC 5 Touch   INF   Actual workplace state: Production
2020-03-05 13:21:25.422   CNC 5 Touch   INF   Checking open order
2020-03-05 13:21:25.489   CNC 5 Touch   INF   Open order checked, elapsed: 65.98413ms
2020-03-05 13:21:25.489   CNC 5 Touch   INF   Actual open order: 128
2020-03-05 13:21:25.489   CNC 5 Touch   INF   Checking open downtime
2020-03-05 13:21:25.543   CNC 5 Touch   INF   Open downtime checked, elapsed: 53.88626ms
2020-03-05 13:21:25.544   CNC 5 Touch   INF   Actual open downtime: 0
2020-03-05 13:21:25.545   CNC 5 Touch   INF   Production state
2020-03-05 13:21:25.545   CNC 5 Touch   INF   Updating order data
2020-03-05 13:21:25.648   CNC 5 Touch   INF   Order data updated, elapsed: 102.77097ms
2020-03-05 13:21:25.648   CNC 5 Touch   INF   Loop ended, elapsed: 333.609643ms
2020-03-05 13:21:25.648   CNC 5 Touch   INF   Sleeping for 9.66627368s
2020-03-05 13:21:35.315   CNC 5 Touch   INF   Device still active
2020-03-05 13:21:35.315   CNC 5 Touch   INF   Device not active, stopped running
2020-03-05 13:21:35.322   CNC 5 Touch   INF   Device started running
2020-03-05 13:21:35.322   CNC 5 Touch   INF   Device directory exists
2020-03-05 13:21:35.322   CNC 5 Touch   INF   Device not active, stopped running
2020-03-05 13:21:42.840   CNC 5 Touch   INF   Device started running
2020-03-05 13:21:42.840   CNC 5 Touch   INF   Device directory exists
2020-03-05 13:21:42.840   CNC 5 Touch   INF   Starting device loop
2020-03-05 13:21:42.840   CNC 5 Touch   INF   Downloading actual state
2020-03-05 13:21:42.882   CNC 5 Touch   INF   Actual state downloaded, elapsed: 42.208351ms
2020-03-05 13:21:42.883   CNC 5 Touch   INF   Actual workplace state: Production
2020-03-05 13:21:42.883   CNC 5 Touch   INF   Checking open order
2020-03-05 13:21:42.921   CNC 5 Touch   INF   Open order checked, elapsed: 37.71144ms
2020-03-05 13:21:42.921   CNC 5 Touch   INF   Actual open order: 128
2020-03-05 13:21:42.921   CNC 5 Touch   INF   Checking open downtime
2020-03-05 13:21:42.971   CNC 5 Touch   INF   Open downtime checked, elapsed: 50.038493ms
2020-03-05 13:21:42.971   CNC 5 Touch   INF   Actual open downtime: 0
2020-03-05 13:21:42.971   CNC 5 Touch   INF   Production state
2020-03-05 13:21:42.972   CNC 5 Touch   INF   Updating order data
2020-03-05 13:21:43.026   CNC 5 Touch   INF   Order data updated, elapsed: 54.029775ms
2020-03-05 13:21:43.026   CNC 5 Touch   INF   Loop ended, elapsed: 185.652769ms
2020-03-05 13:21:43.026   CNC 5 Touch   INF   Sleeping for 9.814258292s
2020-03-05 13:21:52.841   CNC 5 Touch   INF   Device still active
2020-03-05 13:21:52.841   CNC 5 Touch   INF   Starting device loop
2020-03-05 13:21:52.841   CNC 5 Touch   INF   Downloading actual state
2020-03-05 13:21:52.968   CNC 5 Touch   INF   Actual state downloaded, elapsed: 126.11345ms
2020-03-05 13:21:52.969   CNC 5 Touch   INF   Actual workplace state: Production
2020-03-05 13:21:52.969   CNC 5 Touch   INF   Checking open order
2020-03-05 13:21:53.038   CNC 5 Touch   INF   Open order checked, elapsed: 68.852717ms
2020-03-05 13:21:53.038   CNC 5 Touch   INF   Actual open order: 128
2020-03-05 13:21:53.038   CNC 5 Touch   INF   Checking open downtime
2020-03-05 13:21:53.090   CNC 5 Touch   INF   Open downtime checked, elapsed: 51.322134ms
2020-03-05 13:21:53.090   CNC 5 Touch   INF   Actual open downtime: 0
2020-03-05 13:21:53.090   CNC 5 Touch   INF   Production state
2020-03-05 13:21:53.090   CNC 5 Touch   INF   Updating order data
2020-03-05 13:21:53.209   CNC 5 Touch   INF   Order data updated, elapsed: 118.449066ms
2020-03-05 13:21:53.209   CNC 5 Touch   INF   Loop ended, elapsed: 368.269513ms
2020-03-05 13:21:53.209   CNC 5 Touch   INF   Sleeping for 9.631627905s
2020-03-05 13:22:02.841   CNC 5 Touch   INF   Device still active
2020-03-05 13:22:02.841   CNC 5 Touch   INF   Starting device loop
2020-03-05 13:22:02.841   CNC 5 Touch   INF   Downloading actual state
2020-03-05 13:22:02.987   CNC 5 Touch   INF   Actual state downloaded, elapsed: 145.521413ms
2020-03-05 13:22:02.987   CNC 5 Touch   INF   Actual workplace state: Production
2020-03-05 13:22:02.987   CNC 5 Touch   INF   Checking open order
2020-03-05 13:22:03.152   CNC 5 Touch   INF   Open order checked, elapsed: 164.263788ms
2020-03-05 13:22:03.152   CNC 5 Touch   INF   Actual open order: 128
2020-03-05 13:22:03.153   CNC 5 Touch   INF   Checking open downtime
2020-03-05 13:22:03.241   CNC 5 Touch   INF   Open downtime checked, elapsed: 88.697407ms
2020-03-05 13:22:03.242   CNC 5 Touch   INF   Actual open downtime: 0
2020-03-05 13:22:03.242   CNC 5 Touch   INF   Production state
2020-03-05 13:22:03.242   CNC 5 Touch   INF   Updating order data
2020-03-05 13:22:03.512   CNC 5 Touch   INF   Order data updated, elapsed: 270.233154ms
2020-03-05 13:22:03.512   CNC 5 Touch   INF   Loop ended, elapsed: 670.852852ms
2020-03-05 13:22:03.512   CNC 5 Touch   INF   Sleeping for 9.329071074s
2020-03-05 13:22:12.842   CNC 5 Touch   INF   Device still active
2020-03-05 13:22:12.842   CNC 5 Touch   INF   Device not active, stopped running
2020-03-05 13:22:12.849   CNC 5 Touch   INF   Device started running
2020-03-05 13:22:12.849   CNC 5 Touch   INF   Device directory exists
2020-03-05 13:22:12.849   CNC 5 Touch   INF   Device not active, stopped running
