2020-03-05 13:19:55.304   CNC 6 Touch   INF   Device started running
2020-03-05 13:19:55.305   CNC 6 Touch   WRN   Device directory not exist, creating
2020-03-05 13:19:55.305   CNC 6 Touch   INF   Device directory created
2020-03-05 13:19:55.305   CNC 6 Touch   INF   Starting device loop
2020-03-05 13:19:55.305   CNC 6 Touch   INF   Downloading actual state
2020-03-05 13:19:55.466   CNC 6 Touch   INF   Actual state downloaded, elapsed: 160.389295ms
2020-03-05 13:19:55.466   CNC 6 Touch   INF   Actual workplace state: Production
2020-03-05 13:19:55.466   CNC 6 Touch   INF   Checking open order
2020-03-05 13:19:55.539   CNC 6 Touch   INF   Open order checked, elapsed: 72.371226ms
2020-03-05 13:19:55.539   CNC 6 Touch   INF   Actual open order: 131
2020-03-05 13:19:55.539   CNC 6 Touch   INF   Checking open downtime
2020-03-05 13:19:55.691   CNC 6 Touch   INF   Open downtime checked, elapsed: 151.997815ms
2020-03-05 13:19:55.691   CNC 6 Touch   INF   Actual open downtime: 0
2020-03-05 13:19:55.691   CNC 6 Touch   INF   Production state
2020-03-05 13:19:55.691   CNC 6 Touch   INF   Updating order data
2020-03-05 13:19:55.877   CNC 6 Touch   INF   Order data updated, elapsed: 185.55949ms
2020-03-05 13:19:55.877   CNC 6 Touch   INF   Loop ended, elapsed: 572.054232ms
2020-03-05 13:19:55.877   CNC 6 Touch   INF   Sleeping for 9.427860382s
2020-03-05 13:20:05.305   CNC 6 Touch   INF   Device still active
2020-03-05 13:20:05.306   CNC 6 Touch   INF   Starting device loop
2020-03-05 13:20:05.306   CNC 6 Touch   INF   Downloading actual state
2020-03-05 13:20:05.395   CNC 6 Touch   INF   Actual state downloaded, elapsed: 89.153661ms
2020-03-05 13:20:05.395   CNC 6 Touch   INF   Actual workplace state: Production
2020-03-05 13:20:05.395   CNC 6 Touch   INF   Checking open order
2020-03-05 13:20:05.523   CNC 6 Touch   INF   Open order checked, elapsed: 127.417552ms
2020-03-05 13:20:05.524   CNC 6 Touch   INF   Actual open order: 131
2020-03-05 13:20:05.524   CNC 6 Touch   INF   Checking open downtime
2020-03-05 13:20:05.631   CNC 6 Touch   INF   Open downtime checked, elapsed: 106.859943ms
2020-03-05 13:20:05.632   CNC 6 Touch   INF   Actual open downtime: 0
2020-03-05 13:20:05.632   CNC 6 Touch   INF   Production state
2020-03-05 13:20:05.633   CNC 6 Touch   INF   Updating order data
2020-03-05 13:20:05.744   CNC 6 Touch   INF   Order data updated, elapsed: 111.176683ms
2020-03-05 13:20:05.744   CNC 6 Touch   INF   Loop ended, elapsed: 438.711376ms
2020-03-05 13:20:05.744   CNC 6 Touch   INF   Sleeping for 9.561184541s
2020-03-05 13:20:15.306   CNC 6 Touch   INF   Device still active
2020-03-05 13:20:15.306   CNC 6 Touch   INF   Starting device loop
2020-03-05 13:20:15.306   CNC 6 Touch   INF   Downloading actual state
2020-03-05 13:20:15.355   CNC 6 Touch   INF   Actual state downloaded, elapsed: 48.496586ms
2020-03-05 13:20:15.355   CNC 6 Touch   INF   Actual workplace state: Production
2020-03-05 13:20:15.355   CNC 6 Touch   INF   Checking open order
2020-03-05 13:20:15.410   CNC 6 Touch   INF   Open order checked, elapsed: 54.91971ms
2020-03-05 13:20:15.410   CNC 6 Touch   INF   Actual open order: 131
2020-03-05 13:20:15.410   CNC 6 Touch   INF   Checking open downtime
2020-03-05 13:20:15.477   CNC 6 Touch   INF   Open downtime checked, elapsed: 65.832884ms
2020-03-05 13:20:15.478   CNC 6 Touch   INF   Actual open downtime: 0
2020-03-05 13:20:15.478   CNC 6 Touch   INF   Production state
2020-03-05 13:20:15.478   CNC 6 Touch   INF   Updating order data
2020-03-05 13:20:15.661   CNC 6 Touch   INF   Order data updated, elapsed: 181.975536ms
2020-03-05 13:20:15.661   CNC 6 Touch   INF   Loop ended, elapsed: 354.730154ms
2020-03-05 13:20:15.661   CNC 6 Touch   INF   Sleeping for 9.645126254s
2020-03-05 13:20:25.306   CNC 6 Touch   INF   Device still active
2020-03-05 13:20:25.306   CNC 6 Touch   INF   Starting device loop
2020-03-05 13:20:25.306   CNC 6 Touch   INF   Downloading actual state
2020-03-05 13:20:25.375   CNC 6 Touch   INF   Actual state downloaded, elapsed: 68.721974ms
2020-03-05 13:20:25.376   CNC 6 Touch   INF   Actual workplace state: Production
2020-03-05 13:20:25.376   CNC 6 Touch   INF   Checking open order
2020-03-05 13:20:25.440   CNC 6 Touch   INF   Open order checked, elapsed: 64.034368ms
2020-03-05 13:20:25.440   CNC 6 Touch   INF   Actual open order: 131
2020-03-05 13:20:25.440   CNC 6 Touch   INF   Checking open downtime
2020-03-05 13:20:25.508   CNC 6 Touch   INF   Open downtime checked, elapsed: 67.719975ms
2020-03-05 13:20:25.508   CNC 6 Touch   INF   Actual open downtime: 0
2020-03-05 13:20:25.508   CNC 6 Touch   INF   Production state
2020-03-05 13:20:25.508   CNC 6 Touch   INF   Updating order data
2020-03-05 13:20:25.623   CNC 6 Touch   INF   Order data updated, elapsed: 114.077717ms
2020-03-05 13:20:25.623   CNC 6 Touch   INF   Loop ended, elapsed: 316.73494ms
2020-03-05 13:20:25.623   CNC 6 Touch   INF   Sleeping for 9.683091867s
2020-03-05 13:20:35.307   CNC 6 Touch   INF   Device not active
2020-03-05 13:20:35.307   CNC 6 Touch   INF   Device not active, stopped running
2020-03-05 13:20:35.311   CNC 6 Touch   INF   Device started running
2020-03-05 13:20:35.311   CNC 6 Touch   INF   Device directory exists
2020-03-05 13:20:35.311   CNC 6 Touch   INF   Starting device loop
2020-03-05 13:20:35.312   CNC 6 Touch   INF   Downloading actual state
2020-03-05 13:20:35.342   CNC 6 Touch   INF   Actual state downloaded, elapsed: 30.654279ms
2020-03-05 13:20:35.343   CNC 6 Touch   INF   Actual workplace state: Production
2020-03-05 13:20:35.343   CNC 6 Touch   INF   Checking open order
2020-03-05 13:20:35.434   CNC 6 Touch   INF   Open order checked, elapsed: 91.295709ms
2020-03-05 13:20:35.435   CNC 6 Touch   INF   Actual open order: 131
2020-03-05 13:20:35.435   CNC 6 Touch   INF   Checking open downtime
2020-03-05 13:20:35.530   CNC 6 Touch   INF   Open downtime checked, elapsed: 95.023866ms
2020-03-05 13:20:35.530   CNC 6 Touch   INF   Actual open downtime: 0
2020-03-05 13:20:35.530   CNC 6 Touch   INF   Production state
2020-03-05 13:20:35.530   CNC 6 Touch   INF   Updating order data
2020-03-05 13:20:35.702   CNC 6 Touch   INF   Order data updated, elapsed: 171.393047ms
2020-03-05 13:20:35.703   CNC 6 Touch   INF   Loop ended, elapsed: 391.556759ms
2020-03-05 13:20:35.704   CNC 6 Touch   INF   Sleeping for 9.607946075s
2020-03-05 13:20:45.312   CNC 6 Touch   INF   Device still active
2020-03-05 13:20:45.312   CNC 6 Touch   INF   Starting device loop
2020-03-05 13:20:45.312   CNC 6 Touch   INF   Downloading actual state
2020-03-05 13:20:45.365   CNC 6 Touch   INF   Actual state downloaded, elapsed: 52.877527ms
2020-03-05 13:20:45.366   CNC 6 Touch   INF   Actual workplace state: Production
2020-03-05 13:20:45.366   CNC 6 Touch   INF   Checking open order
2020-03-05 13:20:45.419   CNC 6 Touch   INF   Open order checked, elapsed: 52.865807ms
2020-03-05 13:20:45.419   CNC 6 Touch   INF   Actual open order: 131
2020-03-05 13:20:45.419   CNC 6 Touch   INF   Checking open downtime
2020-03-05 13:20:45.488   CNC 6 Touch   INF   Open downtime checked, elapsed: 68.81269ms
2020-03-05 13:20:45.488   CNC 6 Touch   INF   Actual open downtime: 0
2020-03-05 13:20:45.488   CNC 6 Touch   INF   Production state
2020-03-05 13:20:45.488   CNC 6 Touch   INF   Updating order data
2020-03-05 13:20:45.591   CNC 6 Touch   INF   Order data updated, elapsed: 102.905386ms
2020-03-05 13:20:45.592   CNC 6 Touch   INF   Loop ended, elapsed: 279.497689ms
2020-03-05 13:20:45.592   CNC 6 Touch   INF   Sleeping for 9.720314494s
2020-03-05 13:20:55.312   CNC 6 Touch   INF   Device still active
2020-03-05 13:20:55.313   CNC 6 Touch   INF   Starting device loop
2020-03-05 13:20:55.313   CNC 6 Touch   INF   Downloading actual state
2020-03-05 13:20:55.371   CNC 6 Touch   INF   Actual state downloaded, elapsed: 57.66286ms
2020-03-05 13:20:55.371   CNC 6 Touch   INF   Actual workplace state: Production
2020-03-05 13:20:55.371   CNC 6 Touch   INF   Checking open order
2020-03-05 13:20:55.425   CNC 6 Touch   INF   Open order checked, elapsed: 54.011599ms
2020-03-05 13:20:55.425   CNC 6 Touch   INF   Actual open order: 131
2020-03-05 13:20:55.425   CNC 6 Touch   INF   Checking open downtime
2020-03-05 13:20:55.473   CNC 6 Touch   INF   Open downtime checked, elapsed: 47.107344ms
2020-03-05 13:20:55.473   CNC 6 Touch   INF   Actual open downtime: 0
2020-03-05 13:20:55.473   CNC 6 Touch   INF   Production state
2020-03-05 13:20:55.473   CNC 6 Touch   INF   Updating order data
2020-03-05 13:20:55.563   CNC 6 Touch   INF   Order data updated, elapsed: 90.093667ms
2020-03-05 13:20:55.563   CNC 6 Touch   INF   Loop ended, elapsed: 250.432891ms
2020-03-05 13:20:55.563   CNC 6 Touch   INF   Sleeping for 9.749482084s
2020-03-05 13:21:05.313   CNC 6 Touch   INF   Device still active
2020-03-05 13:21:05.313   CNC 6 Touch   INF   Starting device loop
2020-03-05 13:21:05.313   CNC 6 Touch   INF   Downloading actual state
2020-03-05 13:21:05.476   CNC 6 Touch   INF   Actual state downloaded, elapsed: 161.880193ms
2020-03-05 13:21:05.476   CNC 6 Touch   INF   Actual workplace state: Production
2020-03-05 13:21:05.476   CNC 6 Touch   INF   Checking open order
2020-03-05 13:21:05.565   CNC 6 Touch   INF   Open order checked, elapsed: 88.978671ms
2020-03-05 13:21:05.565   CNC 6 Touch   INF   Actual open order: 131
2020-03-05 13:21:05.565   CNC 6 Touch   INF   Checking open downtime
2020-03-05 13:21:05.658   CNC 6 Touch   INF   Open downtime checked, elapsed: 93.016662ms
2020-03-05 13:21:05.658   CNC 6 Touch   INF   Actual open downtime: 0
2020-03-05 13:21:05.659   CNC 6 Touch   INF   Production state
2020-03-05 13:21:05.659   CNC 6 Touch   INF   Updating order data
2020-03-05 13:21:05.720   CNC 6 Touch   INF   Order data updated, elapsed: 61.511642ms
2020-03-05 13:21:05.721   CNC 6 Touch   INF   Loop ended, elapsed: 407.314102ms
2020-03-05 13:21:05.721   CNC 6 Touch   INF   Sleeping for 9.592542067s
2020-03-05 13:21:15.314   CNC 6 Touch   INF   Device not active
2020-03-05 13:21:15.314   CNC 6 Touch   INF   Device not active, stopped running
2020-03-05 13:21:15.323   CNC 6 Touch   INF   Device started running
2020-03-05 13:21:15.323   CNC 6 Touch   INF   Device directory exists
2020-03-05 13:21:15.323   CNC 6 Touch   INF   Starting device loop
2020-03-05 13:21:15.323   CNC 6 Touch   INF   Downloading actual state
2020-03-05 13:21:15.412   CNC 6 Touch   INF   Actual state downloaded, elapsed: 88.236006ms
2020-03-05 13:21:15.413   CNC 6 Touch   INF   Actual workplace state: Production
2020-03-05 13:21:15.413   CNC 6 Touch   INF   Checking open order
2020-03-05 13:21:15.485   CNC 6 Touch   INF   Open order checked, elapsed: 72.498904ms
2020-03-05 13:21:15.486   CNC 6 Touch   INF   Actual open order: 131
2020-03-05 13:21:15.486   CNC 6 Touch   INF   Checking open downtime
2020-03-05 13:21:15.551   CNC 6 Touch   INF   Open downtime checked, elapsed: 65.492374ms
2020-03-05 13:21:15.552   CNC 6 Touch   INF   Actual open downtime: 0
2020-03-05 13:21:15.552   CNC 6 Touch   INF   Production state
2020-03-05 13:21:15.552   CNC 6 Touch   INF   Updating order data
2020-03-05 13:21:15.663   CNC 6 Touch   INF   Order data updated, elapsed: 110.958124ms
2020-03-05 13:21:15.663   CNC 6 Touch   INF   Loop ended, elapsed: 340.12068ms
2020-03-05 13:21:15.663   CNC 6 Touch   INF   Sleeping for 9.65978331s
2020-03-05 13:21:25.324   CNC 6 Touch   INF   Device not active
2020-03-05 13:21:25.324   CNC 6 Touch   INF   Device not active, stopped running
2020-03-05 13:21:25.331   CNC 6 Touch   INF   Device started running
2020-03-05 13:21:25.332   CNC 6 Touch   INF   Device directory exists
2020-03-05 13:21:25.332   CNC 6 Touch   INF   Starting device loop
2020-03-05 13:21:25.332   CNC 6 Touch   INF   Downloading actual state
2020-03-05 13:21:25.396   CNC 6 Touch   INF   Actual state downloaded, elapsed: 64.580163ms
2020-03-05 13:21:25.397   CNC 6 Touch   INF   Actual workplace state: Production
2020-03-05 13:21:25.397   CNC 6 Touch   INF   Checking open order
2020-03-05 13:21:25.444   CNC 6 Touch   INF   Open order checked, elapsed: 47.519727ms
2020-03-05 13:21:25.445   CNC 6 Touch   INF   Actual open order: 131
2020-03-05 13:21:25.445   CNC 6 Touch   INF   Checking open downtime
2020-03-05 13:21:25.515   CNC 6 Touch   INF   Open downtime checked, elapsed: 70.194242ms
2020-03-05 13:21:25.515   CNC 6 Touch   INF   Actual open downtime: 0
2020-03-05 13:21:25.515   CNC 6 Touch   INF   Production state
2020-03-05 13:21:25.516   CNC 6 Touch   INF   Updating order data
2020-03-05 13:21:25.640   CNC 6 Touch   INF   Order data updated, elapsed: 124.520678ms
2020-03-05 13:21:25.641   CNC 6 Touch   INF   Loop ended, elapsed: 308.916791ms
2020-03-05 13:21:25.641   CNC 6 Touch   INF   Sleeping for 9.690900436s
2020-03-05 13:21:35.334   CNC 6 Touch   INF   Device still active
2020-03-05 13:21:35.334   CNC 6 Touch   INF   Device not active, stopped running
2020-03-05 13:21:42.839   CNC 6 Touch   INF   Device started running
2020-03-05 13:21:42.840   CNC 6 Touch   INF   Device directory exists
2020-03-05 13:21:42.840   CNC 6 Touch   INF   Starting device loop
2020-03-05 13:21:42.840   CNC 6 Touch   INF   Downloading actual state
2020-03-05 13:21:42.900   CNC 6 Touch   INF   Actual state downloaded, elapsed: 59.960587ms
2020-03-05 13:21:42.900   CNC 6 Touch   INF   Actual workplace state: Production
2020-03-05 13:21:42.900   CNC 6 Touch   INF   Checking open order
2020-03-05 13:21:42.964   CNC 6 Touch   INF   Open order checked, elapsed: 63.583439ms
2020-03-05 13:21:42.964   CNC 6 Touch   INF   Actual open order: 131
2020-03-05 13:21:42.964   CNC 6 Touch   INF   Checking open downtime
2020-03-05 13:21:42.997   CNC 6 Touch   INF   Open downtime checked, elapsed: 32.040338ms
2020-03-05 13:21:42.997   CNC 6 Touch   INF   Actual open downtime: 0
2020-03-05 13:21:42.997   CNC 6 Touch   INF   Production state
2020-03-05 13:21:42.997   CNC 6 Touch   INF   Updating order data
2020-03-05 13:21:43.065   CNC 6 Touch   INF   Order data updated, elapsed: 67.685997ms
2020-03-05 13:21:43.065   CNC 6 Touch   INF   Loop ended, elapsed: 224.860979ms
2020-03-05 13:21:43.065   CNC 6 Touch   INF   Sleeping for 9.775041138s
2020-03-05 13:21:52.841   CNC 6 Touch   INF   Device still active
2020-03-05 13:21:52.841   CNC 6 Touch   INF   Starting device loop
2020-03-05 13:21:52.841   CNC 6 Touch   INF   Downloading actual state
2020-03-05 13:21:52.984   CNC 6 Touch   INF   Actual state downloaded, elapsed: 142.121213ms
2020-03-05 13:21:52.984   CNC 6 Touch   INF   Actual workplace state: Production
2020-03-05 13:21:52.984   CNC 6 Touch   INF   Checking open order
2020-03-05 13:21:53.076   CNC 6 Touch   INF   Open order checked, elapsed: 92.087689ms
2020-03-05 13:21:53.076   CNC 6 Touch   INF   Actual open order: 131
2020-03-05 13:21:53.076   CNC 6 Touch   INF   Checking open downtime
2020-03-05 13:21:53.119   CNC 6 Touch   INF   Open downtime checked, elapsed: 42.322897ms
2020-03-05 13:21:53.119   CNC 6 Touch   INF   Actual open downtime: 0
2020-03-05 13:21:53.119   CNC 6 Touch   INF   Production state
2020-03-05 13:21:53.119   CNC 6 Touch   INF   Updating order data
2020-03-05 13:21:53.185   CNC 6 Touch   INF   Order data updated, elapsed: 65.294162ms
2020-03-05 13:21:53.185   CNC 6 Touch   INF   Loop ended, elapsed: 343.467338ms
2020-03-05 13:21:53.185   CNC 6 Touch   INF   Sleeping for 9.656448879s
2020-03-05 13:22:02.842   CNC 6 Touch   INF   Device still active
2020-03-05 13:22:02.842   CNC 6 Touch   INF   Starting device loop
2020-03-05 13:22:02.842   CNC 6 Touch   INF   Downloading actual state
2020-03-05 13:22:02.968   CNC 6 Touch   INF   Actual state downloaded, elapsed: 125.463844ms
2020-03-05 13:22:02.968   CNC 6 Touch   INF   Actual workplace state: Production
2020-03-05 13:22:02.968   CNC 6 Touch   INF   Checking open order
2020-03-05 13:22:03.053   CNC 6 Touch   INF   Open order checked, elapsed: 84.520769ms
2020-03-05 13:22:03.053   CNC 6 Touch   INF   Actual open order: 131
2020-03-05 13:22:03.053   CNC 6 Touch   INF   Checking open downtime
2020-03-05 13:22:03.168   CNC 6 Touch   INF   Open downtime checked, elapsed: 114.961346ms
2020-03-05 13:22:03.169   CNC 6 Touch   INF   Actual open downtime: 0
2020-03-05 13:22:03.169   CNC 6 Touch   INF   Production state
2020-03-05 13:22:03.169   CNC 6 Touch   INF   Updating order data
2020-03-05 13:22:03.417   CNC 6 Touch   INF   Order data updated, elapsed: 248.337674ms
2020-03-05 13:22:03.418   CNC 6 Touch   INF   Loop ended, elapsed: 575.857568ms
2020-03-05 13:22:03.418   CNC 6 Touch   INF   Sleeping for 9.424025064s
2020-03-05 13:22:12.842   CNC 6 Touch   INF   Device still active
2020-03-05 13:22:12.842   CNC 6 Touch   INF   Device not active, stopped running
2020-03-05 13:22:12.848   CNC 6 Touch   INF   Device started running
2020-03-05 13:22:12.848   CNC 6 Touch   INF   Device directory exists
2020-03-05 13:22:12.849   CNC 6 Touch   INF   Device not active, stopped running
2020-03-05 13:44:13.554   CNC 6 Touch   INF   Device started running
2020-03-05 13:44:13.555   CNC 6 Touch   INF   Device directory exists
2020-03-05 13:44:13.555   CNC 6 Touch   INF   Starting device loop
2020-03-05 13:44:13.556   CNC 6 Touch   INF   Downloading actual state
2020-03-05 13:44:13.578   CNC 6 Touch   INF   Actual state downloaded, elapsed: 22.183658ms
2020-03-05 13:44:13.578   CNC 6 Touch   INF   Actual workplace state: Production
2020-03-05 13:44:13.578   CNC 6 Touch   INF   Checking open order
2020-03-05 13:44:13.614   CNC 6 Touch   INF   Open order checked, elapsed: 35.745734ms
2020-03-05 13:44:13.614   CNC 6 Touch   INF   Actual open order: 131
2020-03-05 13:44:13.614   CNC 6 Touch   INF   Checking open downtime
2020-03-05 13:44:13.675   CNC 6 Touch   INF   Open downtime checked, elapsed: 60.817427ms
2020-03-05 13:44:13.675   CNC 6 Touch   INF   Actual open downtime: 0
2020-03-05 13:44:13.675   CNC 6 Touch   INF   Production state
2020-03-05 13:44:13.676   CNC 6 Touch   INF   Updating order data
2020-03-05 13:44:13.861   CNC 6 Touch   INF   Order data updated, elapsed: 185.256107ms
2020-03-05 13:44:13.861   CNC 6 Touch   INF   Loop ended, elapsed: 305.469821ms
2020-03-05 13:44:13.861   CNC 6 Touch   INF   Sleeping for 9.694415417s
2020-03-05 13:44:23.556   CNC 6 Touch   INF   Device still active
2020-03-05 13:44:23.556   CNC 6 Touch   INF   Device not active, stopped running
2020-03-05 13:45:25.075   CNC 6 Touch   INF   Device started running
2020-03-05 13:45:25.075   CNC 6 Touch   INF   Device directory exists
2020-03-05 13:45:25.075   CNC 6 Touch   INF   Starting device loop
2020-03-05 13:45:25.075   CNC 6 Touch   INF   Downloading actual state
2020-03-05 13:45:25.137   CNC 6 Touch   INF   Actual state downloaded, elapsed: 61.298461ms
2020-03-05 13:45:25.137   CNC 6 Touch   INF   Actual workplace state: Production
2020-03-05 13:45:25.137   CNC 6 Touch   INF   Checking open order
2020-03-05 13:45:25.198   CNC 6 Touch   INF   Open order checked, elapsed: 60.492916ms
2020-03-05 13:45:25.198   CNC 6 Touch   INF   Actual open order: 131
2020-03-05 13:45:25.198   CNC 6 Touch   INF   Checking open downtime
2020-03-05 13:45:25.280   CNC 6 Touch   INF   Open downtime checked, elapsed: 81.873863ms
2020-03-05 13:45:25.280   CNC 6 Touch   INF   Actual open downtime: 0
2020-03-05 13:45:25.280   CNC 6 Touch   INF   Production state
2020-03-05 13:45:25.280   CNC 6 Touch   INF   Updating order data
2020-03-05 13:45:25.481   CNC 6 Touch   INF   Order data updated, elapsed: 200.33429ms
2020-03-05 13:45:25.481   CNC 6 Touch   INF   Loop ended, elapsed: 405.503507ms
2020-03-05 13:45:25.481   CNC 6 Touch   INF   Sleeping for 9.594406464s
2020-03-05 13:45:35.076   CNC 6 Touch   INF   Device still active
2020-03-05 13:45:35.076   CNC 6 Touch   INF   Starting device loop
2020-03-05 13:45:35.076   CNC 6 Touch   INF   Downloading actual state
2020-03-05 13:45:35.143   CNC 6 Touch   INF   Actual state downloaded, elapsed: 66.575375ms
2020-03-05 13:45:35.143   CNC 6 Touch   INF   Actual workplace state: Production
2020-03-05 13:45:35.143   CNC 6 Touch   INF   Checking open order
2020-03-05 13:45:35.212   CNC 6 Touch   INF   Open order checked, elapsed: 68.701978ms
2020-03-05 13:45:35.212   CNC 6 Touch   INF   Actual open order: 131
2020-03-05 13:45:35.212   CNC 6 Touch   INF   Checking open downtime
2020-03-05 13:45:35.284   CNC 6 Touch   INF   Open downtime checked, elapsed: 71.532722ms
2020-03-05 13:45:35.284   CNC 6 Touch   INF   Actual open downtime: 0
2020-03-05 13:45:35.284   CNC 6 Touch   INF   Production state
2020-03-05 13:45:35.284   CNC 6 Touch   INF   Updating order data
2020-03-05 13:45:35.487   CNC 6 Touch   INF   Order data updated, elapsed: 202.446926ms
2020-03-05 13:45:35.488   CNC 6 Touch   INF   Loop ended, elapsed: 411.712576ms
2020-03-05 13:45:35.488   CNC 6 Touch   INF   Sleeping for 9.588162285s
2020-03-05 13:45:45.076   CNC 6 Touch   INF   Device still active
2020-03-05 13:45:45.076   CNC 6 Touch   INF   Starting device loop
2020-03-05 13:45:45.076   CNC 6 Touch   INF   Downloading actual state
2020-03-05 13:45:45.161   CNC 6 Touch   INF   Actual state downloaded, elapsed: 84.096645ms
2020-03-05 13:45:45.161   CNC 6 Touch   INF   Actual workplace state: Production
2020-03-05 13:45:45.161   CNC 6 Touch   INF   Checking open order
2020-03-05 13:45:45.256   CNC 6 Touch   INF   Open order checked, elapsed: 94.769229ms
2020-03-05 13:45:45.256   CNC 6 Touch   INF   Actual open order: 131
2020-03-05 13:45:45.256   CNC 6 Touch   INF   Checking open downtime
2020-03-05 13:45:45.346   CNC 6 Touch   INF   Open downtime checked, elapsed: 90.036124ms
2020-03-05 13:45:45.347   CNC 6 Touch   INF   Actual open downtime: 0
2020-03-05 13:45:45.347   CNC 6 Touch   INF   Production state
2020-03-05 13:45:45.347   CNC 6 Touch   INF   Updating order data
2020-03-05 13:45:45.478   CNC 6 Touch   INF   Order data updated, elapsed: 130.664373ms
2020-03-05 13:45:45.478   CNC 6 Touch   INF   Loop ended, elapsed: 401.503645ms
2020-03-05 13:45:45.478   CNC 6 Touch   INF   Sleeping for 9.598371234s
2020-03-05 13:45:55.077   CNC 6 Touch   INF   Device still active
2020-03-05 13:45:55.077   CNC 6 Touch   INF   Starting device loop
2020-03-05 13:45:55.077   CNC 6 Touch   INF   Downloading actual state
2020-03-05 13:45:55.137   CNC 6 Touch   INF   Actual state downloaded, elapsed: 59.785751ms
2020-03-05 13:45:55.137   CNC 6 Touch   INF   Actual workplace state: Production
2020-03-05 13:45:55.137   CNC 6 Touch   INF   Checking open order
2020-03-05 13:45:55.198   CNC 6 Touch   INF   Open order checked, elapsed: 60.978987ms
2020-03-05 13:45:55.199   CNC 6 Touch   INF   Actual open order: 131
2020-03-05 13:45:55.199   CNC 6 Touch   INF   Checking open downtime
2020-03-05 13:45:55.234   CNC 6 Touch   INF   Open downtime checked, elapsed: 35.483911ms
2020-03-05 13:45:55.234   CNC 6 Touch   INF   Actual open downtime: 0
2020-03-05 13:45:55.234   CNC 6 Touch   INF   Production state
2020-03-05 13:45:55.235   CNC 6 Touch   INF   Updating order data
2020-03-05 13:45:55.318   CNC 6 Touch   INF   Order data updated, elapsed: 82.906141ms
2020-03-05 13:45:55.318   CNC 6 Touch   INF   Loop ended, elapsed: 240.605149ms
2020-03-05 13:45:55.318   CNC 6 Touch   INF   Sleeping for 9.759322215s
2020-03-05 13:46:05.078   CNC 6 Touch   INF   Device still active
2020-03-05 13:46:05.078   CNC 6 Touch   INF   Device not active, stopped running
2020-03-05 13:46:05.096   CNC 6 Touch   INF   Device started running
2020-03-05 13:46:05.096   CNC 6 Touch   INF   Device directory exists
2020-03-05 13:46:05.097   CNC 6 Touch   INF   Device not active, stopped running
2020-03-05 14:28:59.250   CNC 6 Touch   INF   Device started running
2020-03-05 14:28:59.251   CNC 6 Touch   INF   Device directory exists
2020-03-05 14:28:59.251   CNC 6 Touch   INF   Starting device loop
2020-03-05 14:28:59.251   CNC 6 Touch   INF   Downloading actual state
2020-03-05 14:28:59.279   CNC 6 Touch   INF   Actual state downloaded, elapsed: 27.730103ms
2020-03-05 14:28:59.280   CNC 6 Touch   INF   Actual workplace state: Downtime
2020-03-05 14:28:59.280   CNC 6 Touch   INF   Checking open order
2020-03-05 14:28:59.342   CNC 6 Touch   INF   Open order checked, elapsed: 62.180099ms
2020-03-05 14:28:59.342   CNC 6 Touch   INF   Actual open order: 143
2020-03-05 14:28:59.342   CNC 6 Touch   INF   Checking open downtime
2020-03-05 14:28:59.411   CNC 6 Touch   INF   Open downtime checked, elapsed: 69.109135ms
2020-03-05 14:28:59.412   CNC 6 Touch   INF   Actual open downtime: 0
2020-03-05 14:28:59.412   CNC 6 Touch   INF   Downtime state
2020-03-05 14:28:59.412   CNC 6 Touch   INF   Opening downtime
2020-03-05 14:28:59.493   CNC 6 Touch   INF   Downtime opened, elapsed: 80.4915ms
2020-03-05 14:28:59.493   CNC 6 Touch   INF   Updating order data
2020-03-05 14:28:59.584   CNC 6 Touch   INF   Order data updated, elapsed: 90.054977ms
2020-03-05 14:28:59.584   CNC 6 Touch   INF   Loop ended, elapsed: 332.717153ms
2020-03-05 14:28:59.584   CNC 6 Touch   INF   Sleeping for 9.667198664s
2020-03-05 14:29:09.252   CNC 6 Touch   INF   Device still active
2020-03-05 14:29:09.252   CNC 6 Touch   INF   Device not active, stopped running
2020-03-05 14:29:09.256   CNC 6 Touch   INF   Device started running
2020-03-05 14:29:09.256   CNC 6 Touch   INF   Device directory exists
2020-03-05 14:29:09.256   CNC 6 Touch   INF   Device not active, stopped running
2020-03-05 14:32:29.707   CNC 6 Touch   INF   Device started running
2020-03-05 14:32:29.707   CNC 6 Touch   INF   Device directory exists
2020-03-05 14:32:29.707   CNC 6 Touch   INF   Starting device loop
2020-03-05 14:32:29.707   CNC 6 Touch   INF   Downloading actual state
2020-03-05 14:32:29.782   CNC 6 Touch   INF   Actual state downloaded, elapsed: 74.100393ms
2020-03-05 14:32:29.782   CNC 6 Touch   INF   Actual workplace state: Downtime
2020-03-05 14:32:29.782   CNC 6 Touch   INF   Checking open order
2020-03-05 14:32:29.852   CNC 6 Touch   INF   Open order checked, elapsed: 69.495334ms
2020-03-05 14:32:29.852   CNC 6 Touch   INF   Actual open order: 143
2020-03-05 14:32:29.852   CNC 6 Touch   INF   Checking open downtime
2020-03-05 14:32:29.916   CNC 6 Touch   INF   Open downtime checked, elapsed: 63.936962ms
2020-03-05 14:32:29.917   CNC 6 Touch   INF   Actual open downtime: 0
2020-03-05 14:32:29.917   CNC 6 Touch   INF   Downtime state
2020-03-05 14:32:29.917   CNC 6 Touch   INF   Opening downtime
2020-03-05 14:32:30.020   CNC 6 Touch   INF   Downtime opened, elapsed: 102.715125ms
2020-03-05 14:32:30.020   CNC 6 Touch   INF   Updating order data
2020-03-05 14:32:30.104   CNC 6 Touch   INF   Order data updated, elapsed: 84.308792ms
2020-03-05 14:32:30.104   CNC 6 Touch   INF   Loop ended, elapsed: 396.933847ms
2020-03-05 14:32:30.104   CNC 6 Touch   INF   Sleeping for 9.602963216s
2020-03-05 14:32:39.708   CNC 6 Touch   INF   Device not active
2020-03-05 14:32:39.708   CNC 6 Touch   INF   Device not active, stopped running
2020-03-05 14:32:39.715   CNC 6 Touch   INF   Device started running
2020-03-05 14:32:39.715   CNC 6 Touch   INF   Device directory exists
2020-03-05 14:32:39.715   CNC 6 Touch   INF   Starting device loop
2020-03-05 14:32:39.715   CNC 6 Touch   INF   Downloading actual state
2020-03-05 14:32:39.813   CNC 6 Touch   INF   Actual state downloaded, elapsed: 97.942197ms
2020-03-05 14:32:39.814   CNC 6 Touch   INF   Actual workplace state: Downtime
2020-03-05 14:32:39.814   CNC 6 Touch   INF   Checking open order
2020-03-05 14:32:39.880   CNC 6 Touch   INF   Open order checked, elapsed: 66.027198ms
2020-03-05 14:32:39.880   CNC 6 Touch   INF   Actual open order: 143
2020-03-05 14:32:39.881   CNC 6 Touch   INF   Checking open downtime
2020-03-05 14:32:40.008   CNC 6 Touch   INF   Open downtime checked, elapsed: 127.792325ms
2020-03-05 14:32:40.009   CNC 6 Touch   INF   Actual open downtime: 214
2020-03-05 14:32:40.009   CNC 6 Touch   INF   Downtime state
2020-03-05 14:32:40.009   CNC 6 Touch   INF   Updating downtime data
2020-03-05 14:32:40.088   CNC 6 Touch   INF   Downtime data updated, elapsed: 78.98545ms
2020-03-05 14:32:40.088   CNC 6 Touch   INF   Updating order data
2020-03-05 14:32:40.185   CNC 6 Touch   INF   Order data updated, elapsed: 95.848618ms
2020-03-05 14:32:40.185   CNC 6 Touch   INF   Loop ended, elapsed: 469.449035ms
2020-03-05 14:32:40.185   CNC 6 Touch   INF   Sleeping for 9.530449864s
2020-03-05 14:32:49.716   CNC 6 Touch   INF   Device still active
2020-03-05 14:32:49.716   CNC 6 Touch   INF   Device not active, stopped running
2020-03-05 14:32:56.763   CNC 6 Touch   INF   Device started running
2020-03-05 14:32:56.763   CNC 6 Touch   INF   Device directory exists
2020-03-05 14:32:56.764   CNC 6 Touch   INF   Starting device loop
2020-03-05 14:32:56.764   CNC 6 Touch   INF   Downloading actual state
2020-03-05 14:32:56.847   CNC 6 Touch   INF   Actual state downloaded, elapsed: 82.308887ms
2020-03-05 14:32:56.847   CNC 6 Touch   INF   Actual workplace state: Downtime
2020-03-05 14:32:56.847   CNC 6 Touch   INF   Checking open order
2020-03-05 14:32:56.895   CNC 6 Touch   INF   Open order checked, elapsed: 47.775915ms
2020-03-05 14:32:56.895   CNC 6 Touch   INF   Actual open order: 143
2020-03-05 14:32:56.895   CNC 6 Touch   INF   Checking open downtime
2020-03-05 14:32:56.981   CNC 6 Touch   INF   Open downtime checked, elapsed: 85.715385ms
2020-03-05 14:32:56.982   CNC 6 Touch   INF   Actual open downtime: 0
2020-03-05 14:32:56.982   CNC 6 Touch   INF   Downtime state
2020-03-05 14:32:56.982   CNC 6 Touch   INF   Opening downtime
2020-03-05 14:32:57.113   CNC 6 Touch   INF   Downtime opened, elapsed: 131.500386ms
2020-03-05 14:32:57.114   CNC 6 Touch   INF   Updating order data
2020-03-05 14:32:57.197   CNC 6 Touch   INF   Order data updated, elapsed: 83.213078ms
2020-03-05 14:32:57.197   CNC 6 Touch   INF   Loop ended, elapsed: 433.181966ms
2020-03-05 14:32:57.197   CNC 6 Touch   INF   Sleeping for 9.56672392s
2020-03-05 14:33:06.764   CNC 6 Touch   INF   Device not active
2020-03-05 14:33:06.764   CNC 6 Touch   INF   Device not active, stopped running
2020-03-05 14:33:06.766   CNC 6 Touch   INF   Device started running
2020-03-05 14:33:06.766   CNC 6 Touch   INF   Device directory exists
2020-03-05 14:33:06.767   CNC 6 Touch   INF   Starting device loop
2020-03-05 14:33:06.767   CNC 6 Touch   INF   Downloading actual state
2020-03-05 14:33:06.873   CNC 6 Touch   INF   Actual state downloaded, elapsed: 106.177541ms
2020-03-05 14:33:06.874   CNC 6 Touch   INF   Actual workplace state: Downtime
2020-03-05 14:33:06.874   CNC 6 Touch   INF   Checking open order
2020-03-05 14:33:06.951   CNC 6 Touch   INF   Open order checked, elapsed: 77.376991ms
2020-03-05 14:33:06.951   CNC 6 Touch   INF   Actual open order: 143
2020-03-05 14:33:06.951   CNC 6 Touch   INF   Checking open downtime
2020-03-05 14:33:06.988   CNC 6 Touch   INF   Open downtime checked, elapsed: 36.460947ms
2020-03-05 14:33:06.989   CNC 6 Touch   INF   Actual open downtime: 220
2020-03-05 14:33:06.990   CNC 6 Touch   INF   Downtime state
2020-03-05 14:33:06.990   CNC 6 Touch   INF   Updating downtime data
2020-03-05 14:33:07.046   CNC 6 Touch   INF   Downtime data updated, elapsed: 55.585414ms
2020-03-05 14:33:07.046   CNC 6 Touch   INF   Updating order data
2020-03-05 14:33:07.150   CNC 6 Touch   INF   Order data updated, elapsed: 103.390342ms
2020-03-05 14:33:07.150   CNC 6 Touch   INF   Loop ended, elapsed: 383.229615ms
2020-03-05 14:33:07.150   CNC 6 Touch   INF   Sleeping for 9.616657394s
2020-03-05 14:33:16.767   CNC 6 Touch   INF   Device still active
2020-03-05 14:33:16.768   CNC 6 Touch   INF   Device not active, stopped running
2020-03-05 14:33:24.484   CNC 6 Touch   INF   Device started running
2020-03-05 14:33:24.484   CNC 6 Touch   INF   Device directory exists
2020-03-05 14:33:24.484   CNC 6 Touch   INF   Starting device loop
2020-03-05 14:33:24.484   CNC 6 Touch   INF   Downloading actual state
2020-03-05 14:33:24.501   CNC 6 Touch   INF   Actual state downloaded, elapsed: 16.937666ms
2020-03-05 14:33:24.502   CNC 6 Touch   INF   Actual workplace state: Downtime
2020-03-05 14:33:24.502   CNC 6 Touch   INF   Checking open order
2020-03-05 14:33:24.571   CNC 6 Touch   INF   Open order checked, elapsed: 69.697839ms
2020-03-05 14:33:24.572   CNC 6 Touch   INF   Actual open order: 143
2020-03-05 14:33:24.572   CNC 6 Touch   INF   Checking open downtime
2020-03-05 14:33:24.633   CNC 6 Touch   INF   Open downtime checked, elapsed: 61.329025ms
2020-03-05 14:33:24.633   CNC 6 Touch   INF   Actual open downtime: 0
2020-03-05 14:33:24.634   CNC 6 Touch   INF   Downtime state
2020-03-05 14:33:24.634   CNC 6 Touch   INF   Opening downtime
2020-03-05 14:33:24.762   CNC 6 Touch   INF   Downtime opened, elapsed: 128.040831ms
2020-03-05 14:33:24.762   CNC 6 Touch   INF   Updating order data
2020-03-05 14:33:24.897   CNC 6 Touch   INF   Order data updated, elapsed: 134.772602ms
2020-03-05 14:33:24.897   CNC 6 Touch   INF   Loop ended, elapsed: 412.742839ms
2020-03-05 14:33:24.897   CNC 6 Touch   INF   Sleeping for 9.587144325s
2020-03-05 14:33:34.485   CNC 6 Touch   INF   Device still active
2020-03-05 14:33:34.485   CNC 6 Touch   INF   Device not active, stopped running
2020-03-05 14:33:34.493   CNC 6 Touch   INF   Device started running
2020-03-05 14:33:34.493   CNC 6 Touch   INF   Device directory exists
2020-03-05 14:33:34.493   CNC 6 Touch   INF   Device not active, stopped running
2020-03-05 14:34:06.796   CNC 6 Touch   INF   Device started running
2020-03-05 14:34:06.796   CNC 6 Touch   INF   Device directory exists
2020-03-05 14:34:06.797   CNC 6 Touch   INF   Starting device loop
2020-03-05 14:34:06.797   CNC 6 Touch   INF   Downloading actual state
2020-03-05 14:34:06.847   CNC 6 Touch   INF   Actual state downloaded, elapsed: 49.995117ms
2020-03-05 14:34:06.847   CNC 6 Touch   INF   Actual workplace state: Downtime
2020-03-05 14:34:06.847   CNC 6 Touch   INF   Checking open order
2020-03-05 14:34:06.910   CNC 6 Touch   INF   Open order checked, elapsed: 62.592508ms
2020-03-05 14:34:06.910   CNC 6 Touch   INF   Actual open order: 143
2020-03-05 14:34:06.910   CNC 6 Touch   INF   Checking open downtime
2020-03-05 14:34:06.972   CNC 6 Touch   INF   Open downtime checked, elapsed: 61.203477ms
2020-03-05 14:34:06.972   CNC 6 Touch   INF   Actual open downtime: 0
2020-03-05 14:34:06.972   CNC 6 Touch   INF   Downtime state
2020-03-05 14:34:06.972   CNC 6 Touch   INF   Opening downtime
2020-03-05 14:34:07.071   CNC 6 Touch   INF   Downtime opened, elapsed: 98.602722ms
2020-03-05 14:34:07.071   CNC 6 Touch   INF   Updating order data
2020-03-05 14:34:07.211   CNC 6 Touch   INF   Order data updated, elapsed: 139.809951ms
2020-03-05 14:34:07.211   CNC 6 Touch   INF   Loop ended, elapsed: 414.332701ms
2020-03-05 14:34:07.211   CNC 6 Touch   INF   Sleeping for 9.585583378s
2020-03-05 14:35:47.212   CNC 6 Touch   INF   Device started running
2020-03-05 14:35:47.214   CNC 6 Touch   INF   Device directory exists
2020-03-05 14:35:47.214   CNC 6 Touch   INF   Starting device loop
2020-03-05 14:35:47.214   CNC 6 Touch   INF   Downloading actual state
2020-03-05 14:35:47.288   CNC 6 Touch   INF   Actual state downloaded, elapsed: 73.950545ms
2020-03-05 14:35:47.288   CNC 6 Touch   INF   Actual workplace state: Downtime
2020-03-05 14:35:47.288   CNC 6 Touch   INF   Checking open order
2020-03-05 14:35:47.376   CNC 6 Touch   INF   Open order checked, elapsed: 87.491141ms
2020-03-05 14:35:47.376   CNC 6 Touch   INF   Actual open order: 143
2020-03-05 14:35:47.376   CNC 6 Touch   INF   Checking open downtime
2020-03-05 14:35:47.462   CNC 6 Touch   INF   Open downtime checked, elapsed: 85.249771ms
2020-03-05 14:35:47.462   CNC 6 Touch   INF   Actual open downtime: 0
2020-03-05 14:35:47.462   CNC 6 Touch   INF   Downtime state
2020-03-05 14:35:47.462   CNC 6 Touch   INF   Opening downtime
2020-03-05 14:35:47.589   CNC 6 Touch   INF   Downtime opened, elapsed: 126.37787ms
2020-03-05 14:35:47.589   CNC 6 Touch   INF   Updating order data
2020-03-05 14:35:47.719   CNC 6 Touch   INF   Order data updated, elapsed: 129.937585ms
2020-03-05 14:35:47.719   CNC 6 Touch   INF   Loop ended, elapsed: 504.822113ms
2020-03-05 14:35:47.719   CNC 6 Touch   INF   Sleeping for 9.495057352s
2020-03-05 14:35:57.215   CNC 6 Touch   INF   Device still active
2020-03-05 14:35:57.215   CNC 6 Touch   INF   Starting device loop
2020-03-05 14:35:57.216   CNC 6 Touch   INF   Downloading actual state
2020-03-05 14:35:57.266   CNC 6 Touch   INF   Actual state downloaded, elapsed: 49.796384ms
2020-03-05 14:35:57.266   CNC 6 Touch   INF   Actual workplace state: Downtime
2020-03-05 14:35:57.266   CNC 6 Touch   INF   Checking open order
2020-03-05 14:35:57.315   CNC 6 Touch   INF   Open order checked, elapsed: 48.857214ms
2020-03-05 14:35:57.316   CNC 6 Touch   INF   Actual open order: 143
2020-03-05 14:35:57.316   CNC 6 Touch   INF   Checking open downtime
2020-03-05 14:35:57.382   CNC 6 Touch   INF   Open downtime checked, elapsed: 65.903127ms
2020-03-05 14:35:57.382   CNC 6 Touch   INF   Actual open downtime: 234
2020-03-05 14:35:57.383   CNC 6 Touch   INF   Downtime state
2020-03-05 14:35:57.383   CNC 6 Touch   INF   Updating downtime data
2020-03-05 14:35:57.478   CNC 6 Touch   INF   Downtime data updated, elapsed: 94.914357ms
2020-03-05 14:35:57.478   CNC 6 Touch   INF   Updating order data
2020-03-05 14:35:57.689   CNC 6 Touch   INF   Order data updated, elapsed: 211.151668ms
2020-03-05 14:35:57.689   CNC 6 Touch   INF   Loop ended, elapsed: 473.613774ms
2020-03-05 14:35:57.690   CNC 6 Touch   INF   Sleeping for 9.526212773s
2020-03-05 14:36:07.216   CNC 6 Touch   INF   Device still active
2020-03-05 14:36:07.216   CNC 6 Touch   INF   Starting device loop
2020-03-05 14:36:07.217   CNC 6 Touch   INF   Downloading actual state
2020-03-05 14:36:07.330   CNC 6 Touch   INF   Actual state downloaded, elapsed: 112.935929ms
2020-03-05 14:36:07.330   CNC 6 Touch   INF   Actual workplace state: Downtime
2020-03-05 14:36:07.330   CNC 6 Touch   INF   Checking open order
2020-03-05 14:36:07.456   CNC 6 Touch   INF   Open order checked, elapsed: 125.511815ms
2020-03-05 14:36:07.456   CNC 6 Touch   INF   Actual open order: 143
2020-03-05 14:36:07.456   CNC 6 Touch   INF   Checking open downtime
2020-03-05 14:36:07.525   CNC 6 Touch   INF   Open downtime checked, elapsed: 68.888825ms
2020-03-05 14:36:07.525   CNC 6 Touch   INF   Actual open downtime: 234
2020-03-05 14:36:07.525   CNC 6 Touch   INF   Downtime state
2020-03-05 14:36:07.525   CNC 6 Touch   INF   Updating downtime data
2020-03-05 14:36:07.582   CNC 6 Touch   INF   Downtime data updated, elapsed: 56.749437ms
2020-03-05 14:36:07.582   CNC 6 Touch   INF   Updating order data
2020-03-05 14:36:07.709   CNC 6 Touch   INF   Order data updated, elapsed: 125.948985ms
2020-03-05 14:36:07.709   CNC 6 Touch   INF   Loop ended, elapsed: 492.202465ms
2020-03-05 14:36:07.709   CNC 6 Touch   INF   Sleeping for 9.50768637s
2020-03-05 14:36:17.217   CNC 6 Touch   INF   Device still active
2020-03-05 14:36:17.218   CNC 6 Touch   INF   Device not active, stopped running
2020-03-05 14:36:17.238   CNC 6 Touch   INF   Device started running
2020-03-05 14:36:17.239   CNC 6 Touch   INF   Device directory exists
2020-03-05 14:36:17.239   CNC 6 Touch   INF   Device not active, stopped running
