2020-02-29 11:44:18.849   CNC 1 Touch   INF   Device started running
2020-02-29 11:44:18.849   CNC 1 Touch   WRN   Device directory not exist, creating
2020-02-29 11:44:18.850   CNC 1 Touch   INF   Device directory created
2020-02-29 11:44:18.850   CNC 1 Touch   INF   Starting device loop
2020-02-29 11:44:18.850   CNC 1 Touch   INF   Downloading actual state
2020-02-29 11:44:18.870   CNC 1 Touch   INF   Actual state downloaded, elapsed: 19.944136ms
2020-02-29 11:44:18.870   CNC 1 Touch   INF   Actual workplace state: 
2020-02-29 11:44:18.870   CNC 1 Touch   INF   Checking open order
2020-02-29 11:44:18.885   CNC 1 Touch   INF   Open order checked, elapsed: 15.10204ms
2020-02-29 11:44:18.885   CNC 1 Touch   INF   Actual open order: 0
2020-02-29 11:44:18.885   CNC 1 Touch   INF   Checking open downtime
2020-02-29 11:44:18.894   CNC 1 Touch   INF   Open downtime checked, elapsed: 8.599017ms
2020-02-29 11:44:18.894   CNC 1 Touch   INF   Actual open downtime: 0
2020-02-29 11:44:18.894   CNC 1 Touch   INF   Loop ended, elapsed: 44.569607ms
2020-02-29 11:44:18.894   CNC 1 Touch   INF   Sleeping for 9.955375897s
2020-02-29 11:44:28.851   CNC 1 Touch   INF   Device still active
2020-02-29 11:44:28.851   CNC 1 Touch   INF   Starting device loop
2020-02-29 11:44:28.851   CNC 1 Touch   INF   Downloading actual state
2020-02-29 11:44:28.881   CNC 1 Touch   INF   Actual state downloaded, elapsed: 30.003302ms
2020-02-29 11:44:28.881   CNC 1 Touch   INF   Actual workplace state: 
2020-02-29 11:44:28.881   CNC 1 Touch   INF   Checking open order
2020-02-29 11:44:28.891   CNC 1 Touch   INF   Open order checked, elapsed: 9.625243ms
2020-02-29 11:44:28.891   CNC 1 Touch   INF   Actual open order: 0
2020-02-29 11:44:28.891   CNC 1 Touch   INF   Checking open downtime
2020-02-29 11:44:28.899   CNC 1 Touch   INF   Open downtime checked, elapsed: 7.621386ms
2020-02-29 11:44:28.899   CNC 1 Touch   INF   Actual open downtime: 0
2020-02-29 11:44:28.899   CNC 1 Touch   INF   Loop ended, elapsed: 48.343693ms
2020-02-29 11:44:28.899   CNC 1 Touch   INF   Sleeping for 9.951566629s
2020-02-29 11:44:38.851   CNC 1 Touch   INF   Device still active
2020-02-29 11:44:38.851   CNC 1 Touch   INF   Starting device loop
2020-02-29 11:44:38.851   CNC 1 Touch   INF   Downloading actual state
2020-02-29 11:44:38.876   CNC 1 Touch   INF   Actual state downloaded, elapsed: 23.664702ms
2020-02-29 11:44:38.876   CNC 1 Touch   INF   Actual workplace state: Poweroff
2020-02-29 11:44:38.877   CNC 1 Touch   INF   Checking open order
2020-02-29 11:44:38.888   CNC 1 Touch   INF   Open order checked, elapsed: 11.526877ms
2020-02-29 11:44:38.888   CNC 1 Touch   INF   Actual open order: 0
2020-02-29 11:44:38.889   CNC 1 Touch   INF   Checking open downtime
2020-02-29 11:44:38.898   CNC 1 Touch   INF   Open downtime checked, elapsed: 9.455726ms
2020-02-29 11:44:38.898   CNC 1 Touch   INF   Actual open downtime: 0
2020-02-29 11:44:38.898   CNC 1 Touch   INF   Poweroff state
2020-02-29 11:44:38.898   CNC 1 Touch   INF   Loop ended, elapsed: 47.007698ms
2020-02-29 11:44:38.899   CNC 1 Touch   INF   Sleeping for 9.952877895s
2020-02-29 11:44:48.852   CNC 1 Touch   INF   Device still active
2020-02-29 11:44:48.852   CNC 1 Touch   INF   Starting device loop
2020-02-29 11:44:48.852   CNC 1 Touch   INF   Downloading actual state
2020-02-29 11:44:48.868   CNC 1 Touch   INF   Actual state downloaded, elapsed: 15.836968ms
2020-02-29 11:44:48.868   CNC 1 Touch   INF   Actual workplace state: Poweroff
2020-02-29 11:44:48.868   CNC 1 Touch   INF   Checking open order
2020-02-29 11:44:48.881   CNC 1 Touch   INF   Open order checked, elapsed: 12.099774ms
2020-02-29 11:44:48.881   CNC 1 Touch   INF   Actual open order: 0
2020-02-29 11:44:48.881   CNC 1 Touch   INF   Checking open downtime
2020-02-29 11:44:48.891   CNC 1 Touch   INF   Open downtime checked, elapsed: 10.258063ms
2020-02-29 11:44:48.891   CNC 1 Touch   INF   Actual open downtime: 0
2020-02-29 11:44:48.891   CNC 1 Touch   INF   Poweroff state
2020-02-29 11:44:48.892   CNC 1 Touch   INF   Loop ended, elapsed: 39.429309ms
2020-02-29 11:44:48.892   CNC 1 Touch   INF   Sleeping for 9.960425946s
2020-02-29 11:44:58.853   CNC 1 Touch   INF   Device still active
2020-02-29 11:44:58.853   CNC 1 Touch   INF   Starting device loop
2020-02-29 11:44:58.853   CNC 1 Touch   INF   Downloading actual state
2020-02-29 11:44:58.892   CNC 1 Touch   INF   Actual state downloaded, elapsed: 39.153121ms
2020-02-29 11:44:58.893   CNC 1 Touch   INF   Actual workplace state: Poweroff
2020-02-29 11:44:58.893   CNC 1 Touch   INF   Checking open order
2020-02-29 11:44:58.906   CNC 1 Touch   INF   Open order checked, elapsed: 13.31857ms
2020-02-29 11:44:58.906   CNC 1 Touch   INF   Actual open order: 0
2020-02-29 11:44:58.906   CNC 1 Touch   INF   Checking open downtime
2020-02-29 11:44:58.913   CNC 1 Touch   INF   Open downtime checked, elapsed: 6.788342ms
2020-02-29 11:44:58.913   CNC 1 Touch   INF   Actual open downtime: 0
2020-02-29 11:44:58.914   CNC 1 Touch   INF   Poweroff state
2020-02-29 11:44:58.914   CNC 1 Touch   INF   Loop ended, elapsed: 60.765102ms
2020-02-29 11:44:58.914   CNC 1 Touch   INF   Sleeping for 9.939151154s
2020-02-29 11:45:08.853   CNC 1 Touch   INF   Device still active
2020-02-29 11:45:08.854   CNC 1 Touch   INF   Starting device loop
2020-02-29 11:45:08.854   CNC 1 Touch   INF   Downloading actual state
2020-02-29 11:45:08.878   CNC 1 Touch   INF   Actual state downloaded, elapsed: 24.393043ms
2020-02-29 11:45:08.878   CNC 1 Touch   INF   Actual workplace state: Poweroff
2020-02-29 11:45:08.878   CNC 1 Touch   INF   Checking open order
2020-02-29 11:45:08.886   CNC 1 Touch   INF   Open order checked, elapsed: 7.525769ms
2020-02-29 11:45:08.886   CNC 1 Touch   INF   Actual open order: 0
2020-02-29 11:45:08.886   CNC 1 Touch   INF   Checking open downtime
2020-02-29 11:45:08.900   CNC 1 Touch   INF   Open downtime checked, elapsed: 13.527535ms
2020-02-29 11:45:08.900   CNC 1 Touch   INF   Actual open downtime: 0
2020-02-29 11:45:08.900   CNC 1 Touch   INF   Poweroff state
2020-02-29 11:45:08.900   CNC 1 Touch   INF   Loop ended, elapsed: 46.531215ms
2020-02-29 11:45:08.900   CNC 1 Touch   INF   Sleeping for 9.953405889s
2020-02-29 11:45:18.854   CNC 1 Touch   INF   Device still active
2020-02-29 11:45:18.854   CNC 1 Touch   INF   Starting device loop
2020-02-29 11:45:18.854   CNC 1 Touch   INF   Downloading actual state
2020-02-29 11:45:18.870   CNC 1 Touch   INF   Actual state downloaded, elapsed: 15.130283ms
2020-02-29 11:45:18.870   CNC 1 Touch   INF   Actual workplace state: Poweroff
2020-02-29 11:45:18.870   CNC 1 Touch   INF   Checking open order
2020-02-29 11:45:18.878   CNC 1 Touch   INF   Open order checked, elapsed: 7.810682ms
2020-02-29 11:45:18.878   CNC 1 Touch   INF   Actual open order: 0
2020-02-29 11:45:18.878   CNC 1 Touch   INF   Checking open downtime
2020-02-29 11:45:18.884   CNC 1 Touch   INF   Open downtime checked, elapsed: 6.346448ms
2020-02-29 11:45:18.885   CNC 1 Touch   INF   Actual open downtime: 0
2020-02-29 11:45:18.885   CNC 1 Touch   INF   Poweroff state
2020-02-29 11:45:18.885   CNC 1 Touch   INF   Loop ended, elapsed: 30.42657ms
2020-02-29 11:45:18.885   CNC 1 Touch   INF   Sleeping for 9.969427634s
2020-02-29 11:45:28.855   CNC 1 Touch   INF   Device still active
2020-02-29 11:45:28.855   CNC 1 Touch   INF   Starting device loop
2020-02-29 11:45:28.855   CNC 1 Touch   INF   Downloading actual state
2020-02-29 11:45:28.879   CNC 1 Touch   INF   Actual state downloaded, elapsed: 24.412691ms
2020-02-29 11:45:28.880   CNC 1 Touch   INF   Actual workplace state: Poweroff
2020-02-29 11:45:28.880   CNC 1 Touch   INF   Checking open order
2020-02-29 11:45:28.889   CNC 1 Touch   INF   Open order checked, elapsed: 9.522478ms
2020-02-29 11:45:28.889   CNC 1 Touch   INF   Actual open order: 0
2020-02-29 11:45:28.889   CNC 1 Touch   INF   Checking open downtime
2020-02-29 11:45:28.899   CNC 1 Touch   INF   Open downtime checked, elapsed: 9.366297ms
2020-02-29 11:45:28.899   CNC 1 Touch   INF   Actual open downtime: 0
2020-02-29 11:45:28.899   CNC 1 Touch   INF   Poweroff state
2020-02-29 11:45:28.899   CNC 1 Touch   INF   Loop ended, elapsed: 44.497454ms
2020-02-29 11:45:28.899   CNC 1 Touch   INF   Sleeping for 9.955448402s
2020-02-29 11:45:38.855   CNC 1 Touch   INF   Device not active
2020-02-29 11:45:38.855   CNC 1 Touch   INF   Device not active, stopped running
2020-02-29 11:45:38.857   CNC 1 Touch   INF   Device started running
2020-02-29 11:45:38.857   CNC 1 Touch   INF   Device directory exists
2020-02-29 11:45:38.857   CNC 1 Touch   INF   Starting device loop
2020-02-29 11:45:38.857   CNC 1 Touch   INF   Downloading actual state
2020-02-29 11:45:38.873   CNC 1 Touch   INF   Actual state downloaded, elapsed: 16.198045ms
2020-02-29 11:45:38.874   CNC 1 Touch   INF   Actual workplace state: Poweroff
2020-02-29 11:45:38.874   CNC 1 Touch   INF   Checking open order
2020-02-29 11:45:38.884   CNC 1 Touch   INF   Open order checked, elapsed: 10.337859ms
2020-02-29 11:45:38.884   CNC 1 Touch   INF   Actual open order: 0
2020-02-29 11:45:38.884   CNC 1 Touch   INF   Checking open downtime
2020-02-29 11:45:38.892   CNC 1 Touch   INF   Open downtime checked, elapsed: 7.18235ms
2020-02-29 11:45:38.892   CNC 1 Touch   INF   Actual open downtime: 0
2020-02-29 11:45:38.892   CNC 1 Touch   INF   Poweroff state
2020-02-29 11:45:38.892   CNC 1 Touch   INF   Loop ended, elapsed: 34.741832ms
2020-02-29 11:45:38.892   CNC 1 Touch   INF   Sleeping for 9.96515797s
2020-02-29 11:45:48.857   CNC 1 Touch   INF   Device not active
2020-02-29 11:45:48.858   CNC 1 Touch   INF   Device not active, stopped running
2020-02-29 11:45:48.861   CNC 1 Touch   INF   Device started running
2020-02-29 11:45:48.862   CNC 1 Touch   INF   Device directory exists
2020-02-29 11:45:48.862   CNC 1 Touch   INF   Starting device loop
2020-02-29 11:45:48.862   CNC 1 Touch   INF   Downloading actual state
2020-02-29 11:45:48.879   CNC 1 Touch   INF   Actual state downloaded, elapsed: 17.09497ms
2020-02-29 11:45:48.879   CNC 1 Touch   INF   Actual workplace state: Poweroff
2020-02-29 11:45:48.879   CNC 1 Touch   INF   Checking open order
2020-02-29 11:45:48.898   CNC 1 Touch   INF   Open order checked, elapsed: 19.015721ms
2020-02-29 11:45:48.898   CNC 1 Touch   INF   Actual open order: 0
2020-02-29 11:45:48.898   CNC 1 Touch   INF   Checking open downtime
2020-02-29 11:45:48.906   CNC 1 Touch   INF   Open downtime checked, elapsed: 7.744733ms
2020-02-29 11:45:48.906   CNC 1 Touch   INF   Actual open downtime: 0
2020-02-29 11:45:48.906   CNC 1 Touch   INF   Poweroff state
2020-02-29 11:45:48.907   CNC 1 Touch   INF   Loop ended, elapsed: 44.817239ms
2020-02-29 11:45:48.907   CNC 1 Touch   INF   Sleeping for 9.955124785s
2020-02-29 11:45:58.862   CNC 1 Touch   INF   Device not active
2020-02-29 11:45:58.862   CNC 1 Touch   INF   Device not active, stopped running
2020-02-29 11:45:58.868   CNC 1 Touch   INF   Device started running
2020-02-29 11:45:58.868   CNC 1 Touch   INF   Device directory exists
2020-02-29 11:45:58.868   CNC 1 Touch   INF   Starting device loop
2020-02-29 11:45:58.868   CNC 1 Touch   INF   Downloading actual state
2020-02-29 11:45:58.893   CNC 1 Touch   INF   Actual state downloaded, elapsed: 24.555914ms
2020-02-29 11:45:58.893   CNC 1 Touch   INF   Actual workplace state: Poweroff
2020-02-29 11:45:58.893   CNC 1 Touch   INF   Checking open order
2020-02-29 11:45:58.903   CNC 1 Touch   INF   Open order checked, elapsed: 10.34217ms
2020-02-29 11:45:58.903   CNC 1 Touch   INF   Actual open order: 0
2020-02-29 11:45:58.903   CNC 1 Touch   INF   Checking open downtime
2020-02-29 11:45:58.915   CNC 1 Touch   INF   Open downtime checked, elapsed: 10.764424ms
2020-02-29 11:45:58.915   CNC 1 Touch   INF   Actual open downtime: 0
2020-02-29 11:45:58.915   CNC 1 Touch   INF   Poweroff state
2020-02-29 11:45:58.915   CNC 1 Touch   INF   Loop ended, elapsed: 47.24893ms
2020-02-29 11:45:58.915   CNC 1 Touch   INF   Sleeping for 9.952665844s
2020-02-29 11:46:08.868   CNC 1 Touch   INF   Device still active
2020-02-29 11:46:08.868   CNC 1 Touch   INF   Starting device loop
2020-02-29 11:46:08.869   CNC 1 Touch   INF   Downloading actual state
2020-02-29 11:46:08.891   CNC 1 Touch   INF   Actual state downloaded, elapsed: 21.936191ms
2020-02-29 11:46:08.891   CNC 1 Touch   INF   Actual workplace state: Poweroff
2020-02-29 11:46:08.891   CNC 1 Touch   INF   Checking open order
2020-02-29 11:46:08.900   CNC 1 Touch   INF   Open order checked, elapsed: 8.985062ms
2020-02-29 11:46:08.901   CNC 1 Touch   INF   Actual open order: 0
2020-02-29 11:46:08.901   CNC 1 Touch   INF   Checking open downtime
2020-02-29 11:46:08.907   CNC 1 Touch   INF   Open downtime checked, elapsed: 6.275146ms
2020-02-29 11:46:08.907   CNC 1 Touch   INF   Actual open downtime: 0
2020-02-29 11:46:08.907   CNC 1 Touch   INF   Poweroff state
2020-02-29 11:46:08.907   CNC 1 Touch   INF   Loop ended, elapsed: 38.811822ms
2020-02-29 11:46:08.907   CNC 1 Touch   INF   Sleeping for 9.961086651s
2020-02-29 11:46:18.869   CNC 1 Touch   INF   Device still active
2020-02-29 11:46:18.869   CNC 1 Touch   INF   Starting device loop
2020-02-29 11:46:18.869   CNC 1 Touch   INF   Downloading actual state
2020-02-29 11:46:18.887   CNC 1 Touch   INF   Actual state downloaded, elapsed: 17.996887ms
2020-02-29 11:46:18.887   CNC 1 Touch   INF   Actual workplace state: Poweroff
2020-02-29 11:46:18.887   CNC 1 Touch   INF   Checking open order
2020-02-29 11:46:18.895   CNC 1 Touch   INF   Open order checked, elapsed: 7.482299ms
2020-02-29 11:46:18.895   CNC 1 Touch   INF   Actual open order: 0
2020-02-29 11:46:18.895   CNC 1 Touch   INF   Checking open downtime
2020-02-29 11:46:18.902   CNC 1 Touch   INF   Open downtime checked, elapsed: 7.09983ms
2020-02-29 11:46:18.902   CNC 1 Touch   INF   Actual open downtime: 0
2020-02-29 11:46:18.903   CNC 1 Touch   INF   Poweroff state
2020-02-29 11:46:18.903   CNC 1 Touch   INF   Loop ended, elapsed: 33.611146ms
2020-02-29 11:46:18.903   CNC 1 Touch   INF   Sleeping for 9.966279343s
2020-02-29 11:46:28.869   CNC 1 Touch   INF   Device still active
2020-02-29 11:46:28.869   CNC 1 Touch   INF   Starting device loop
2020-02-29 11:46:28.869   CNC 1 Touch   INF   Downloading actual state
2020-02-29 11:46:28.903   CNC 1 Touch   INF   Actual state downloaded, elapsed: 33.683028ms
2020-02-29 11:46:28.903   CNC 1 Touch   INF   Actual workplace state: Poweroff
2020-02-29 11:46:28.903   CNC 1 Touch   INF   Checking open order
2020-02-29 11:46:28.912   CNC 1 Touch   INF   Open order checked, elapsed: 8.577987ms
2020-02-29 11:46:28.912   CNC 1 Touch   INF   Actual open order: 0
2020-02-29 11:46:28.912   CNC 1 Touch   INF   Checking open downtime
2020-02-29 11:46:28.923   CNC 1 Touch   INF   Open downtime checked, elapsed: 10.479164ms
2020-02-29 11:46:28.923   CNC 1 Touch   INF   Actual open downtime: 0
2020-02-29 11:46:28.923   CNC 1 Touch   INF   Poweroff state
2020-02-29 11:46:28.923   CNC 1 Touch   INF   Loop ended, elapsed: 53.840937ms
2020-02-29 11:46:28.923   CNC 1 Touch   INF   Sleeping for 9.94609917s
2020-02-29 11:46:38.870   CNC 1 Touch   INF   Device still active
2020-02-29 11:46:38.870   CNC 1 Touch   INF   Starting device loop
2020-02-29 11:46:38.870   CNC 1 Touch   INF   Downloading actual state
2020-02-29 11:46:38.895   CNC 1 Touch   INF   Actual state downloaded, elapsed: 25.378486ms
2020-02-29 11:46:38.896   CNC 1 Touch   INF   Actual workplace state: Poweroff
2020-02-29 11:46:38.896   CNC 1 Touch   INF   Checking open order
2020-02-29 11:46:38.913   CNC 1 Touch   INF   Open order checked, elapsed: 17.163778ms
2020-02-29 11:46:38.913   CNC 1 Touch   INF   Actual open order: 0
2020-02-29 11:46:38.913   CNC 1 Touch   INF   Checking open downtime
2020-02-29 11:46:38.921   CNC 1 Touch   INF   Open downtime checked, elapsed: 7.352573ms
2020-02-29 11:46:38.921   CNC 1 Touch   INF   Actual open downtime: 0
2020-02-29 11:46:38.921   CNC 1 Touch   INF   Poweroff state
2020-02-29 11:46:38.921   CNC 1 Touch   INF   Loop ended, elapsed: 50.95357ms
2020-02-29 11:46:38.921   CNC 1 Touch   INF   Sleeping for 9.948999668s
2020-02-29 11:46:48.870   CNC 1 Touch   INF   Device still active
2020-02-29 11:46:48.871   CNC 1 Touch   INF   Starting device loop
2020-02-29 11:46:48.871   CNC 1 Touch   INF   Downloading actual state
2020-02-29 11:46:48.901   CNC 1 Touch   INF   Actual state downloaded, elapsed: 30.453689ms
2020-02-29 11:46:48.901   CNC 1 Touch   INF   Actual workplace state: Poweroff
2020-02-29 11:46:48.901   CNC 1 Touch   INF   Checking open order
2020-02-29 11:46:48.910   CNC 1 Touch   INF   Open order checked, elapsed: 8.815364ms
2020-02-29 11:46:48.910   CNC 1 Touch   INF   Actual open order: 0
2020-02-29 11:46:48.910   CNC 1 Touch   INF   Checking open downtime
2020-02-29 11:46:48.921   CNC 1 Touch   INF   Open downtime checked, elapsed: 9.897235ms
2020-02-29 11:46:48.921   CNC 1 Touch   INF   Actual open downtime: 0
2020-02-29 11:46:48.921   CNC 1 Touch   INF   Poweroff state
2020-02-29 11:46:48.921   CNC 1 Touch   INF   Loop ended, elapsed: 50.199794ms
2020-02-29 11:46:48.921   CNC 1 Touch   INF   Sleeping for 9.949725796s
2020-02-29 11:46:58.871   CNC 1 Touch   INF   Device still active
2020-02-29 11:46:58.871   CNC 1 Touch   INF   Starting device loop
2020-02-29 11:46:58.871   CNC 1 Touch   INF   Downloading actual state
2020-02-29 11:46:58.898   CNC 1 Touch   INF   Actual state downloaded, elapsed: 26.08188ms
2020-02-29 11:46:58.898   CNC 1 Touch   INF   Actual workplace state: Poweroff
2020-02-29 11:46:58.898   CNC 1 Touch   INF   Checking open order
2020-02-29 11:46:58.915   CNC 1 Touch   INF   Open order checked, elapsed: 16.69711ms
2020-02-29 11:46:58.916   CNC 1 Touch   INF   Actual open order: 0
2020-02-29 11:46:58.917   CNC 1 Touch   INF   Checking open downtime
2020-02-29 11:46:58.935   CNC 1 Touch   INF   Open downtime checked, elapsed: 18.290504ms
2020-02-29 11:46:58.935   CNC 1 Touch   INF   Actual open downtime: 0
2020-02-29 11:46:58.936   CNC 1 Touch   INF   Poweroff state
2020-02-29 11:46:58.936   CNC 1 Touch   INF   Loop ended, elapsed: 64.389247ms
2020-02-29 11:46:58.936   CNC 1 Touch   INF   Sleeping for 9.935523584s
2020-02-29 11:47:08.872   CNC 1 Touch   INF   Device still active
2020-02-29 11:47:08.872   CNC 1 Touch   INF   Starting device loop
2020-02-29 11:47:08.872   CNC 1 Touch   INF   Downloading actual state
2020-02-29 11:47:08.892   CNC 1 Touch   INF   Actual state downloaded, elapsed: 20.002009ms
2020-02-29 11:47:08.892   CNC 1 Touch   INF   Actual workplace state: Poweroff
2020-02-29 11:47:08.892   CNC 1 Touch   INF   Checking open order
2020-02-29 11:47:08.916   CNC 1 Touch   INF   Open order checked, elapsed: 23.449442ms
2020-02-29 11:47:08.916   CNC 1 Touch   INF   Actual open order: 0
2020-02-29 11:47:08.916   CNC 1 Touch   INF   Checking open downtime
2020-02-29 11:47:08.927   CNC 1 Touch   INF   Open downtime checked, elapsed: 10.360085ms
2020-02-29 11:47:08.927   CNC 1 Touch   INF   Actual open downtime: 0
2020-02-29 11:47:08.927   CNC 1 Touch   INF   Poweroff state
2020-02-29 11:47:08.927   CNC 1 Touch   INF   Loop ended, elapsed: 55.019121ms
2020-02-29 11:47:08.927   CNC 1 Touch   INF   Sleeping for 9.944881307s
2020-02-29 11:47:18.872   CNC 1 Touch   INF   Device still active
2020-02-29 11:47:18.872   CNC 1 Touch   INF   Starting device loop
2020-02-29 11:47:18.873   CNC 1 Touch   INF   Downloading actual state
2020-02-29 11:47:18.893   CNC 1 Touch   INF   Actual state downloaded, elapsed: 20.135814ms
2020-02-29 11:47:18.893   CNC 1 Touch   INF   Actual workplace state: Poweroff
2020-02-29 11:47:18.893   CNC 1 Touch   INF   Checking open order
2020-02-29 11:47:18.907   CNC 1 Touch   INF   Open order checked, elapsed: 13.827677ms
2020-02-29 11:47:18.907   CNC 1 Touch   INF   Actual open order: 0
2020-02-29 11:47:18.907   CNC 1 Touch   INF   Checking open downtime
2020-02-29 11:47:18.922   CNC 1 Touch   INF   Open downtime checked, elapsed: 14.600046ms
2020-02-29 11:47:18.922   CNC 1 Touch   INF   Actual open downtime: 0
2020-02-29 11:47:18.922   CNC 1 Touch   INF   Poweroff state
2020-02-29 11:47:18.922   CNC 1 Touch   INF   Loop ended, elapsed: 49.735962ms
2020-02-29 11:47:18.922   CNC 1 Touch   INF   Sleeping for 9.950150986s
2020-02-29 11:47:28.873   CNC 1 Touch   INF   Device still active
2020-02-29 11:47:28.873   CNC 1 Touch   INF   Starting device loop
2020-02-29 11:47:28.874   CNC 1 Touch   INF   Downloading actual state
2020-02-29 11:47:28.903   CNC 1 Touch   INF   Actual state downloaded, elapsed: 28.983059ms
2020-02-29 11:47:28.903   CNC 1 Touch   INF   Actual workplace state: Poweroff
2020-02-29 11:47:28.903   CNC 1 Touch   INF   Checking open order
2020-02-29 11:47:28.916   CNC 1 Touch   INF   Open order checked, elapsed: 12.70997ms
2020-02-29 11:47:28.917   CNC 1 Touch   INF   Actual open order: 0
2020-02-29 11:47:28.918   CNC 1 Touch   INF   Checking open downtime
2020-02-29 11:47:28.933   CNC 1 Touch   INF   Open downtime checked, elapsed: 14.660578ms
2020-02-29 11:47:28.933   CNC 1 Touch   INF   Actual open downtime: 0
2020-02-29 11:47:28.933   CNC 1 Touch   INF   Poweroff state
2020-02-29 11:47:28.933   CNC 1 Touch   INF   Loop ended, elapsed: 59.367757ms
2020-02-29 11:47:28.933   CNC 1 Touch   INF   Sleeping for 9.940561369s
2020-02-29 11:47:38.874   CNC 1 Touch   INF   Device still active
2020-02-29 11:47:38.874   CNC 1 Touch   INF   Starting device loop
2020-02-29 11:47:38.874   CNC 1 Touch   INF   Downloading actual state
2020-02-29 11:47:38.897   CNC 1 Touch   INF   Actual state downloaded, elapsed: 22.107605ms
2020-02-29 11:47:38.897   CNC 1 Touch   INF   Actual workplace state: Poweroff
2020-02-29 11:47:38.897   CNC 1 Touch   INF   Checking open order
2020-02-29 11:47:38.916   CNC 1 Touch   INF   Open order checked, elapsed: 18.877918ms
2020-02-29 11:47:38.916   CNC 1 Touch   INF   Actual open order: 0
2020-02-29 11:47:38.916   CNC 1 Touch   INF   Checking open downtime
2020-02-29 11:47:38.933   CNC 1 Touch   INF   Open downtime checked, elapsed: 16.864414ms
2020-02-29 11:47:38.934   CNC 1 Touch   INF   Actual open downtime: 0
2020-02-29 11:47:38.934   CNC 1 Touch   INF   Poweroff state
2020-02-29 11:47:38.934   CNC 1 Touch   INF   Loop ended, elapsed: 59.616839ms
2020-02-29 11:47:38.934   CNC 1 Touch   INF   Sleeping for 9.940318477s
2020-02-29 11:47:48.875   CNC 1 Touch   INF   Device still active
2020-02-29 11:47:48.875   CNC 1 Touch   INF   Starting device loop
2020-02-29 11:47:48.875   CNC 1 Touch   INF   Downloading actual state
2020-02-29 11:47:48.922   CNC 1 Touch   INF   Actual state downloaded, elapsed: 46.083902ms
2020-02-29 11:47:48.923   CNC 1 Touch   INF   Actual workplace state: Poweroff
2020-02-29 11:47:48.923   CNC 1 Touch   INF   Checking open order
2020-02-29 11:47:48.943   CNC 1 Touch   INF   Open order checked, elapsed: 20.161488ms
2020-02-29 11:47:48.943   CNC 1 Touch   INF   Actual open order: 0
2020-02-29 11:47:48.943   CNC 1 Touch   INF   Checking open downtime
2020-02-29 11:47:48.956   CNC 1 Touch   INF   Open downtime checked, elapsed: 12.218559ms
2020-02-29 11:47:48.957   CNC 1 Touch   INF   Actual open downtime: 0
2020-02-29 11:47:48.957   CNC 1 Touch   INF   Poweroff state
2020-02-29 11:47:48.957   CNC 1 Touch   INF   Loop ended, elapsed: 82.260232ms
2020-02-29 11:47:48.957   CNC 1 Touch   INF   Sleeping for 9.917570312s
2020-02-29 11:47:58.877   CNC 1 Touch   INF   Device still active
2020-02-29 11:47:58.878   CNC 1 Touch   INF   Starting device loop
2020-02-29 11:47:58.878   CNC 1 Touch   INF   Downloading actual state
2020-02-29 11:47:58.909   CNC 1 Touch   INF   Actual state downloaded, elapsed: 31.021462ms
2020-02-29 11:47:58.909   CNC 1 Touch   INF   Actual workplace state: Poweroff
2020-02-29 11:47:58.909   CNC 1 Touch   INF   Checking open order
2020-02-29 11:47:58.919   CNC 1 Touch   INF   Open order checked, elapsed: 9.429299ms
2020-02-29 11:47:58.919   CNC 1 Touch   INF   Actual open order: 0
2020-02-29 11:47:58.919   CNC 1 Touch   INF   Checking open downtime
2020-02-29 11:47:58.931   CNC 1 Touch   INF   Open downtime checked, elapsed: 11.958015ms
2020-02-29 11:47:58.931   CNC 1 Touch   INF   Actual open downtime: 0
2020-02-29 11:47:58.932   CNC 1 Touch   INF   Poweroff state
2020-02-29 11:47:58.932   CNC 1 Touch   INF   Loop ended, elapsed: 53.64424ms
2020-02-29 11:47:58.932   CNC 1 Touch   INF   Sleeping for 9.946297851s
2020-02-29 11:48:08.882   CNC 1 Touch   INF   Device still active
2020-02-29 11:48:08.882   CNC 1 Touch   INF   Starting device loop
2020-02-29 11:48:08.883   CNC 1 Touch   INF   Downloading actual state
2020-02-29 11:48:08.904   CNC 1 Touch   INF   Actual state downloaded, elapsed: 20.524423ms
2020-02-29 11:48:08.904   CNC 1 Touch   INF   Actual workplace state: Poweroff
2020-02-29 11:48:08.904   CNC 1 Touch   INF   Checking open order
2020-02-29 11:48:08.914   CNC 1 Touch   INF   Open order checked, elapsed: 9.581431ms
2020-02-29 11:48:08.914   CNC 1 Touch   INF   Actual open order: 0
2020-02-29 11:48:08.914   CNC 1 Touch   INF   Checking open downtime
2020-02-29 11:48:08.929   CNC 1 Touch   INF   Open downtime checked, elapsed: 14.875678ms
2020-02-29 11:48:08.929   CNC 1 Touch   INF   Actual open downtime: 0
2020-02-29 11:48:08.929   CNC 1 Touch   INF   Poweroff state
2020-02-29 11:48:08.929   CNC 1 Touch   INF   Loop ended, elapsed: 46.35016ms
2020-02-29 11:48:08.929   CNC 1 Touch   INF   Sleeping for 9.953591349s
2020-02-29 11:48:18.883   CNC 1 Touch   INF   Device still active
2020-02-29 11:48:18.884   CNC 1 Touch   INF   Starting device loop
2020-02-29 11:48:18.884   CNC 1 Touch   INF   Downloading actual state
2020-02-29 11:48:18.902   CNC 1 Touch   INF   Actual state downloaded, elapsed: 17.687664ms
2020-02-29 11:48:18.902   CNC 1 Touch   INF   Actual workplace state: Poweroff
2020-02-29 11:48:18.902   CNC 1 Touch   INF   Checking open order
2020-02-29 11:48:18.914   CNC 1 Touch   INF   Open order checked, elapsed: 11.564774ms
2020-02-29 11:48:18.914   CNC 1 Touch   INF   Actual open order: 0
2020-02-29 11:48:18.914   CNC 1 Touch   INF   Checking open downtime
2020-02-29 11:48:18.925   CNC 1 Touch   INF   Open downtime checked, elapsed: 11.183188ms
2020-02-29 11:48:18.926   CNC 1 Touch   INF   Actual open downtime: 0
2020-02-29 11:48:18.926   CNC 1 Touch   INF   Poweroff state
2020-02-29 11:48:18.926   CNC 1 Touch   INF   Loop ended, elapsed: 41.917525ms
2020-02-29 11:48:18.926   CNC 1 Touch   INF   Sleeping for 9.957994161s
2020-02-29 11:48:28.887   CNC 1 Touch   INF   Device still active
2020-02-29 11:48:28.887   CNC 1 Touch   INF   Starting device loop
2020-02-29 11:48:28.888   CNC 1 Touch   INF   Downloading actual state
2020-02-29 11:48:28.907   CNC 1 Touch   INF   Actual state downloaded, elapsed: 18.795222ms
2020-02-29 11:48:28.907   CNC 1 Touch   INF   Actual workplace state: Poweroff
2020-02-29 11:48:28.907   CNC 1 Touch   INF   Checking open order
2020-02-29 11:48:28.916   CNC 1 Touch   INF   Open order checked, elapsed: 9.182373ms
2020-02-29 11:48:28.916   CNC 1 Touch   INF   Actual open order: 0
2020-02-29 11:48:28.916   CNC 1 Touch   INF   Checking open downtime
2020-02-29 11:48:28.924   CNC 1 Touch   INF   Open downtime checked, elapsed: 7.627662ms
2020-02-29 11:48:28.924   CNC 1 Touch   INF   Actual open downtime: 0
2020-02-29 11:48:28.924   CNC 1 Touch   INF   Poweroff state
2020-02-29 11:48:28.924   CNC 1 Touch   INF   Loop ended, elapsed: 37.034628ms
2020-02-29 11:48:28.924   CNC 1 Touch   INF   Sleeping for 9.962906801s
2020-02-29 11:48:38.892   CNC 1 Touch   INF   Device still active
2020-02-29 11:48:38.892   CNC 1 Touch   INF   Starting device loop
2020-02-29 11:48:38.893   CNC 1 Touch   INF   Downloading actual state
2020-02-29 11:48:38.915   CNC 1 Touch   INF   Actual state downloaded, elapsed: 21.763956ms
2020-02-29 11:48:38.915   CNC 1 Touch   INF   Actual workplace state: Poweroff
2020-02-29 11:48:38.915   CNC 1 Touch   INF   Checking open order
2020-02-29 11:48:38.930   CNC 1 Touch   INF   Open order checked, elapsed: 14.695869ms
2020-02-29 11:48:38.930   CNC 1 Touch   INF   Actual open order: 0
2020-02-29 11:48:38.930   CNC 1 Touch   INF   Checking open downtime
2020-02-29 11:48:38.939   CNC 1 Touch   INF   Open downtime checked, elapsed: 8.451792ms
2020-02-29 11:48:38.939   CNC 1 Touch   INF   Actual open downtime: 0
2020-02-29 11:48:38.939   CNC 1 Touch   INF   Poweroff state
2020-02-29 11:48:38.939   CNC 1 Touch   INF   Loop ended, elapsed: 46.254283ms
2020-02-29 11:48:38.939   CNC 1 Touch   INF   Sleeping for 9.953676872s
2020-02-29 11:48:48.893   CNC 1 Touch   INF   Device still active
2020-02-29 11:48:48.893   CNC 1 Touch   INF   Starting device loop
2020-02-29 11:48:48.893   CNC 1 Touch   INF   Downloading actual state
2020-02-29 11:48:48.937   CNC 1 Touch   INF   Actual state downloaded, elapsed: 44.149208ms
2020-02-29 11:48:48.938   CNC 1 Touch   INF   Actual workplace state: Poweroff
2020-02-29 11:48:48.938   CNC 1 Touch   INF   Checking open order
2020-02-29 11:48:48.948   CNC 1 Touch   INF   Open order checked, elapsed: 9.717497ms
2020-02-29 11:48:48.948   CNC 1 Touch   INF   Actual open order: 0
2020-02-29 11:48:48.948   CNC 1 Touch   INF   Checking open downtime
2020-02-29 11:48:48.955   CNC 1 Touch   INF   Open downtime checked, elapsed: 7.480677ms
2020-02-29 11:48:48.955   CNC 1 Touch   INF   Actual open downtime: 0
2020-02-29 11:48:48.955   CNC 1 Touch   INF   Poweroff state
2020-02-29 11:48:48.956   CNC 1 Touch   INF   Loop ended, elapsed: 62.39493ms
2020-02-29 11:48:48.956   CNC 1 Touch   INF   Sleeping for 9.937502097s
2020-02-29 11:48:58.897   CNC 1 Touch   INF   Device still active
2020-02-29 11:48:58.898   CNC 1 Touch   INF   Starting device loop
2020-02-29 11:48:58.898   CNC 1 Touch   INF   Downloading actual state
2020-02-29 11:48:58.930   CNC 1 Touch   INF   Actual state downloaded, elapsed: 31.205109ms
2020-02-29 11:48:58.930   CNC 1 Touch   INF   Actual workplace state: Poweroff
2020-02-29 11:48:58.930   CNC 1 Touch   INF   Checking open order
2020-02-29 11:48:58.940   CNC 1 Touch   INF   Open order checked, elapsed: 9.21151ms
2020-02-29 11:48:58.940   CNC 1 Touch   INF   Actual open order: 0
2020-02-29 11:48:58.940   CNC 1 Touch   INF   Checking open downtime
2020-02-29 11:48:58.954   CNC 1 Touch   INF   Open downtime checked, elapsed: 13.89493ms
2020-02-29 11:48:58.954   CNC 1 Touch   INF   Actual open downtime: 0
2020-02-29 11:48:58.955   CNC 1 Touch   INF   Poweroff state
2020-02-29 11:48:58.955   CNC 1 Touch   INF   Loop ended, elapsed: 56.76298ms
2020-02-29 11:48:58.955   CNC 1 Touch   INF   Sleeping for 9.943160492s
2020-02-29 11:49:08.898   CNC 1 Touch   INF   Device still active
2020-02-29 11:49:08.899   CNC 1 Touch   INF   Starting device loop
2020-02-29 11:49:08.899   CNC 1 Touch   INF   Downloading actual state
2020-02-29 11:49:08.924   CNC 1 Touch   INF   Actual state downloaded, elapsed: 24.752594ms
2020-02-29 11:49:08.924   CNC 1 Touch   INF   Actual workplace state: Poweroff
2020-02-29 11:49:08.924   CNC 1 Touch   INF   Checking open order
2020-02-29 11:49:08.937   CNC 1 Touch   INF   Open order checked, elapsed: 12.723556ms
2020-02-29 11:49:08.937   CNC 1 Touch   INF   Actual open order: 0
2020-02-29 11:49:08.937   CNC 1 Touch   INF   Checking open downtime
2020-02-29 11:49:08.947   CNC 1 Touch   INF   Open downtime checked, elapsed: 9.629537ms
2020-02-29 11:49:08.947   CNC 1 Touch   INF   Actual open downtime: 0
2020-02-29 11:49:08.947   CNC 1 Touch   INF   Poweroff state
2020-02-29 11:49:08.948   CNC 1 Touch   INF   Loop ended, elapsed: 48.847062ms
2020-02-29 11:49:08.948   CNC 1 Touch   INF   Sleeping for 9.951061044s
2020-02-29 11:49:18.899   CNC 1 Touch   INF   Device still active
2020-02-29 11:49:18.899   CNC 1 Touch   INF   Starting device loop
2020-02-29 11:49:18.899   CNC 1 Touch   INF   Downloading actual state
2020-02-29 11:49:18.923   CNC 1 Touch   INF   Actual state downloaded, elapsed: 23.588875ms
2020-02-29 11:49:18.923   CNC 1 Touch   INF   Actual workplace state: Poweroff
2020-02-29 11:49:18.924   CNC 1 Touch   INF   Checking open order
2020-02-29 11:49:18.933   CNC 1 Touch   INF   Open order checked, elapsed: 9.343989ms
2020-02-29 11:49:18.933   CNC 1 Touch   INF   Actual open order: 0
2020-02-29 11:49:18.933   CNC 1 Touch   INF   Checking open downtime
2020-02-29 11:49:18.945   CNC 1 Touch   INF   Open downtime checked, elapsed: 11.992997ms
2020-02-29 11:49:18.945   CNC 1 Touch   INF   Actual open downtime: 0
2020-02-29 11:49:18.946   CNC 1 Touch   INF   Poweroff state
2020-02-29 11:49:18.946   CNC 1 Touch   INF   Loop ended, elapsed: 46.238055ms
2020-02-29 11:49:18.946   CNC 1 Touch   INF   Sleeping for 9.953688176s
2020-02-29 11:49:28.900   CNC 1 Touch   INF   Device still active
2020-02-29 11:49:28.900   CNC 1 Touch   INF   Starting device loop
2020-02-29 11:49:28.900   CNC 1 Touch   INF   Downloading actual state
2020-02-29 11:49:28.918   CNC 1 Touch   INF   Actual state downloaded, elapsed: 17.379436ms
2020-02-29 11:49:28.918   CNC 1 Touch   INF   Actual workplace state: Poweroff
2020-02-29 11:49:28.918   CNC 1 Touch   INF   Checking open order
2020-02-29 11:49:28.933   CNC 1 Touch   INF   Open order checked, elapsed: 14.927796ms
2020-02-29 11:49:28.933   CNC 1 Touch   INF   Actual open order: 0
2020-02-29 11:49:28.933   CNC 1 Touch   INF   Checking open downtime
2020-02-29 11:49:28.942   CNC 1 Touch   INF   Open downtime checked, elapsed: 8.914381ms
2020-02-29 11:49:28.942   CNC 1 Touch   INF   Actual open downtime: 0
2020-02-29 11:49:28.942   CNC 1 Touch   INF   Poweroff state
2020-02-29 11:49:28.942   CNC 1 Touch   INF   Loop ended, elapsed: 42.286325ms
2020-02-29 11:49:28.942   CNC 1 Touch   INF   Sleeping for 9.957641743s
2020-02-29 11:49:38.900   CNC 1 Touch   INF   Device still active
2020-02-29 11:49:38.901   CNC 1 Touch   INF   Starting device loop
2020-02-29 11:49:38.901   CNC 1 Touch   INF   Downloading actual state
2020-02-29 11:49:38.931   CNC 1 Touch   INF   Actual state downloaded, elapsed: 29.704908ms
2020-02-29 11:49:38.931   CNC 1 Touch   INF   Actual workplace state: Poweroff
2020-02-29 11:49:38.931   CNC 1 Touch   INF   Checking open order
2020-02-29 11:49:38.940   CNC 1 Touch   INF   Open order checked, elapsed: 8.976391ms
2020-02-29 11:49:38.940   CNC 1 Touch   INF   Actual open order: 0
2020-02-29 11:49:38.940   CNC 1 Touch   INF   Checking open downtime
2020-02-29 11:49:38.948   CNC 1 Touch   INF   Open downtime checked, elapsed: 7.884922ms
2020-02-29 11:49:38.948   CNC 1 Touch   INF   Actual open downtime: 0
2020-02-29 11:49:38.948   CNC 1 Touch   INF   Poweroff state
2020-02-29 11:49:38.948   CNC 1 Touch   INF   Loop ended, elapsed: 47.505738ms
2020-02-29 11:49:38.948   CNC 1 Touch   INF   Sleeping for 9.952440888s
2020-02-29 11:49:48.902   CNC 1 Touch   INF   Device still active
2020-02-29 11:49:48.902   CNC 1 Touch   INF   Starting device loop
2020-02-29 11:49:48.903   CNC 1 Touch   INF   Downloading actual state
2020-02-29 11:49:48.929   CNC 1 Touch   INF   Actual state downloaded, elapsed: 26.249214ms
2020-02-29 11:49:48.929   CNC 1 Touch   INF   Actual workplace state: Poweroff
2020-02-29 11:49:48.929   CNC 1 Touch   INF   Checking open order
2020-02-29 11:49:48.943   CNC 1 Touch   INF   Open order checked, elapsed: 13.608116ms
2020-02-29 11:49:48.943   CNC 1 Touch   INF   Actual open order: 0
2020-02-29 11:49:48.943   CNC 1 Touch   INF   Checking open downtime
2020-02-29 11:49:48.958   CNC 1 Touch   INF   Open downtime checked, elapsed: 14.935698ms
2020-02-29 11:49:48.958   CNC 1 Touch   INF   Actual open downtime: 0
2020-02-29 11:49:48.958   CNC 1 Touch   INF   Poweroff state
2020-02-29 11:49:48.959   CNC 1 Touch   INF   Loop ended, elapsed: 56.097897ms
2020-02-29 11:49:48.959   CNC 1 Touch   INF   Sleeping for 9.943817199s
2020-02-29 11:49:58.903   CNC 1 Touch   INF   Device still active
2020-02-29 11:49:58.903   CNC 1 Touch   INF   Starting device loop
2020-02-29 11:49:58.903   CNC 1 Touch   INF   Downloading actual state
2020-02-29 11:49:58.934   CNC 1 Touch   INF   Actual state downloaded, elapsed: 30.320815ms
2020-02-29 11:49:58.934   CNC 1 Touch   INF   Actual workplace state: Poweroff
2020-02-29 11:49:58.934   CNC 1 Touch   INF   Checking open order
2020-02-29 11:49:58.945   CNC 1 Touch   INF   Open order checked, elapsed: 11.439992ms
2020-02-29 11:49:58.946   CNC 1 Touch   INF   Actual open order: 0
2020-02-29 11:49:58.946   CNC 1 Touch   INF   Checking open downtime
2020-02-29 11:49:58.955   CNC 1 Touch   INF   Open downtime checked, elapsed: 8.690727ms
2020-02-29 11:49:58.955   CNC 1 Touch   INF   Actual open downtime: 0
2020-02-29 11:49:58.955   CNC 1 Touch   INF   Poweroff state
2020-02-29 11:49:58.955   CNC 1 Touch   INF   Loop ended, elapsed: 51.639905ms
2020-02-29 11:49:58.955   CNC 1 Touch   INF   Sleeping for 9.948253842s
2020-02-29 11:50:08.906   CNC 1 Touch   INF   Device still active
2020-02-29 11:50:08.906   CNC 1 Touch   INF   Starting device loop
2020-02-29 11:50:08.907   CNC 1 Touch   INF   Downloading actual state
2020-02-29 11:50:08.931   CNC 1 Touch   INF   Actual state downloaded, elapsed: 24.391955ms
2020-02-29 11:50:08.932   CNC 1 Touch   INF   Actual workplace state: Poweroff
2020-02-29 11:50:08.932   CNC 1 Touch   INF   Checking open order
2020-02-29 11:50:08.942   CNC 1 Touch   INF   Open order checked, elapsed: 10.395995ms
2020-02-29 11:50:08.942   CNC 1 Touch   INF   Actual open order: 0
2020-02-29 11:50:08.943   CNC 1 Touch   INF   Checking open downtime
2020-02-29 11:50:08.967   CNC 1 Touch   INF   Open downtime checked, elapsed: 23.750211ms
2020-02-29 11:50:08.967   CNC 1 Touch   INF   Actual open downtime: 0
2020-02-29 11:50:08.967   CNC 1 Touch   INF   Poweroff state
2020-02-29 11:50:08.967   CNC 1 Touch   INF   Loop ended, elapsed: 60.193675ms
2020-02-29 11:50:08.967   CNC 1 Touch   INF   Sleeping for 9.939708265s
2020-02-29 11:50:18.908   CNC 1 Touch   INF   Device still active
2020-02-29 11:50:18.908   CNC 1 Touch   INF   Starting device loop
2020-02-29 11:50:18.909   CNC 1 Touch   INF   Downloading actual state
2020-02-29 11:50:18.928   CNC 1 Touch   INF   Actual state downloaded, elapsed: 19.566267ms
2020-02-29 11:50:18.928   CNC 1 Touch   INF   Actual workplace state: Poweroff
2020-02-29 11:50:18.929   CNC 1 Touch   INF   Checking open order
2020-02-29 11:50:18.937   CNC 1 Touch   INF   Open order checked, elapsed: 8.666019ms
2020-02-29 11:50:18.937   CNC 1 Touch   INF   Actual open order: 0
2020-02-29 11:50:18.938   CNC 1 Touch   INF   Checking open downtime
2020-02-29 11:50:18.946   CNC 1 Touch   INF   Open downtime checked, elapsed: 7.860404ms
2020-02-29 11:50:18.946   CNC 1 Touch   INF   Actual open downtime: 0
2020-02-29 11:50:18.946   CNC 1 Touch   INF   Poweroff state
2020-02-29 11:50:18.946   CNC 1 Touch   INF   Loop ended, elapsed: 37.153054ms
2020-02-29 11:50:18.946   CNC 1 Touch   INF   Sleeping for 9.962773401s
2020-02-29 11:50:28.910   CNC 1 Touch   INF   Device still active
2020-02-29 11:50:28.911   CNC 1 Touch   INF   Starting device loop
2020-02-29 11:50:28.911   CNC 1 Touch   INF   Downloading actual state
2020-02-29 11:50:28.955   CNC 1 Touch   INF   Actual state downloaded, elapsed: 43.072183ms
2020-02-29 11:50:28.955   CNC 1 Touch   INF   Actual workplace state: Poweroff
2020-02-29 11:50:28.955   CNC 1 Touch   INF   Checking open order
2020-02-29 11:50:28.984   CNC 1 Touch   INF   Open order checked, elapsed: 29.128649ms
2020-02-29 11:50:28.985   CNC 1 Touch   INF   Actual open order: 0
2020-02-29 11:50:28.985   CNC 1 Touch   INF   Checking open downtime
2020-02-29 11:50:29.002   CNC 1 Touch   INF   Open downtime checked, elapsed: 17.258447ms
2020-02-29 11:50:29.003   CNC 1 Touch   INF   Actual open downtime: 0
2020-02-29 11:50:29.003   CNC 1 Touch   INF   Poweroff state
2020-02-29 11:50:29.003   CNC 1 Touch   INF   Loop ended, elapsed: 91.482584ms
2020-02-29 11:50:29.003   CNC 1 Touch   INF   Sleeping for 9.908414666s
2020-02-29 11:50:38.913   CNC 1 Touch   INF   Device still active
2020-02-29 11:50:38.915   CNC 1 Touch   INF   Starting device loop
2020-02-29 11:50:38.915   CNC 1 Touch   INF   Downloading actual state
2020-02-29 11:50:38.942   CNC 1 Touch   INF   Actual state downloaded, elapsed: 26.085282ms
2020-02-29 11:50:38.942   CNC 1 Touch   INF   Actual workplace state: Poweroff
2020-02-29 11:50:38.942   CNC 1 Touch   INF   Checking open order
2020-02-29 11:50:38.974   CNC 1 Touch   INF   Open order checked, elapsed: 32.213628ms
2020-02-29 11:50:38.974   CNC 1 Touch   INF   Actual open order: 0
2020-02-29 11:50:38.974   CNC 1 Touch   INF   Checking open downtime
2020-02-29 11:50:38.988   CNC 1 Touch   INF   Open downtime checked, elapsed: 13.428274ms
2020-02-29 11:50:38.988   CNC 1 Touch   INF   Actual open downtime: 0
2020-02-29 11:50:38.989   CNC 1 Touch   INF   Poweroff state
2020-02-29 11:50:38.989   CNC 1 Touch   INF   Loop ended, elapsed: 73.440103ms
2020-02-29 11:50:38.989   CNC 1 Touch   INF   Sleeping for 9.926421169s
2020-02-29 11:50:48.916   CNC 1 Touch   INF   Device still active
2020-02-29 11:50:48.917   CNC 1 Touch   INF   Starting device loop
2020-02-29 11:50:48.917   CNC 1 Touch   INF   Downloading actual state
2020-02-29 11:50:48.948   CNC 1 Touch   INF   Actual state downloaded, elapsed: 31.073552ms
2020-02-29 11:50:48.949   CNC 1 Touch   INF   Actual workplace state: Poweroff
2020-02-29 11:50:48.949   CNC 1 Touch   INF   Checking open order
2020-02-29 11:50:48.963   CNC 1 Touch   INF   Open order checked, elapsed: 13.976614ms
2020-02-29 11:50:48.963   CNC 1 Touch   INF   Actual open order: 0
2020-02-29 11:50:48.963   CNC 1 Touch   INF   Checking open downtime
2020-02-29 11:50:48.990   CNC 1 Touch   INF   Open downtime checked, elapsed: 26.265529ms
2020-02-29 11:50:48.990   CNC 1 Touch   INF   Actual open downtime: 0
2020-02-29 11:50:48.990   CNC 1 Touch   INF   Poweroff state
2020-02-29 11:50:48.990   CNC 1 Touch   INF   Loop ended, elapsed: 73.040429ms
2020-02-29 11:50:48.990   CNC 1 Touch   INF   Sleeping for 9.926866474s
2020-02-29 11:50:58.918   CNC 1 Touch   INF   Device still active
2020-02-29 11:50:58.918   CNC 1 Touch   INF   Starting device loop
2020-02-29 11:50:58.919   CNC 1 Touch   INF   Downloading actual state
2020-02-29 11:50:58.940   CNC 1 Touch   INF   Actual state downloaded, elapsed: 20.517616ms
2020-02-29 11:50:58.940   CNC 1 Touch   INF   Actual workplace state: Poweroff
2020-02-29 11:50:58.940   CNC 1 Touch   INF   Checking open order
2020-02-29 11:50:58.951   CNC 1 Touch   INF   Open order checked, elapsed: 10.842518ms
2020-02-29 11:50:58.951   CNC 1 Touch   INF   Actual open order: 0
2020-02-29 11:50:58.951   CNC 1 Touch   INF   Checking open downtime
2020-02-29 11:50:58.961   CNC 1 Touch   INF   Open downtime checked, elapsed: 9.770376ms
2020-02-29 11:50:58.961   CNC 1 Touch   INF   Actual open downtime: 0
2020-02-29 11:50:58.962   CNC 1 Touch   INF   Poweroff state
2020-02-29 11:50:58.962   CNC 1 Touch   INF   Loop ended, elapsed: 43.019457ms
2020-02-29 11:50:58.962   CNC 1 Touch   INF   Sleeping for 9.956854898s
2020-02-29 11:51:08.919   CNC 1 Touch   INF   Device still active
2020-02-29 11:51:08.919   CNC 1 Touch   INF   Starting device loop
2020-02-29 11:51:08.919   CNC 1 Touch   INF   Downloading actual state
2020-02-29 11:51:08.938   CNC 1 Touch   INF   Actual state downloaded, elapsed: 18.704586ms
2020-02-29 11:51:08.938   CNC 1 Touch   INF   Actual workplace state: Poweroff
2020-02-29 11:51:08.938   CNC 1 Touch   INF   Checking open order
2020-02-29 11:51:08.952   CNC 1 Touch   INF   Open order checked, elapsed: 13.221101ms
2020-02-29 11:51:08.952   CNC 1 Touch   INF   Actual open order: 0
2020-02-29 11:51:08.952   CNC 1 Touch   INF   Checking open downtime
2020-02-29 11:51:08.962   CNC 1 Touch   INF   Open downtime checked, elapsed: 9.979202ms
2020-02-29 11:51:08.962   CNC 1 Touch   INF   Actual open downtime: 0
2020-02-29 11:51:08.962   CNC 1 Touch   INF   Poweroff state
2020-02-29 11:51:08.962   CNC 1 Touch   INF   Loop ended, elapsed: 43.164234ms
2020-02-29 11:51:08.963   CNC 1 Touch   INF   Sleeping for 9.956725778s
2020-02-29 11:51:18.920   CNC 1 Touch   INF   Device still active
2020-02-29 11:51:18.920   CNC 1 Touch   INF   Starting device loop
2020-02-29 11:51:18.920   CNC 1 Touch   INF   Downloading actual state
2020-02-29 11:51:18.952   CNC 1 Touch   INF   Actual state downloaded, elapsed: 31.093828ms
2020-02-29 11:51:18.952   CNC 1 Touch   INF   Actual workplace state: Poweroff
2020-02-29 11:51:18.952   CNC 1 Touch   INF   Checking open order
2020-02-29 11:51:18.971   CNC 1 Touch   INF   Open order checked, elapsed: 19.152833ms
2020-02-29 11:51:18.972   CNC 1 Touch   INF   Actual open order: 0
2020-02-29 11:51:18.972   CNC 1 Touch   INF   Checking open downtime
2020-02-29 11:51:18.983   CNC 1 Touch   INF   Open downtime checked, elapsed: 11.085425ms
2020-02-29 11:51:18.983   CNC 1 Touch   INF   Actual open downtime: 0
2020-02-29 11:51:18.983   CNC 1 Touch   INF   Poweroff state
2020-02-29 11:51:18.983   CNC 1 Touch   INF   Loop ended, elapsed: 63.078494ms
2020-02-29 11:51:18.983   CNC 1 Touch   INF   Sleeping for 9.936829842s
2020-02-29 11:51:28.921   CNC 1 Touch   INF   Device still active
2020-02-29 11:51:28.921   CNC 1 Touch   INF   Starting device loop
2020-02-29 11:51:28.921   CNC 1 Touch   INF   Downloading actual state
2020-02-29 11:51:28.954   CNC 1 Touch   INF   Actual state downloaded, elapsed: 32.947193ms
2020-02-29 11:51:28.955   CNC 1 Touch   INF   Actual workplace state: Poweroff
2020-02-29 11:51:28.955   CNC 1 Touch   INF   Checking open order
2020-02-29 11:51:28.964   CNC 1 Touch   INF   Open order checked, elapsed: 9.639998ms
2020-02-29 11:51:28.965   CNC 1 Touch   INF   Actual open order: 0
2020-02-29 11:51:28.965   CNC 1 Touch   INF   Checking open downtime
2020-02-29 11:51:28.975   CNC 1 Touch   INF   Open downtime checked, elapsed: 10.381613ms
2020-02-29 11:51:28.975   CNC 1 Touch   INF   Actual open downtime: 0
2020-02-29 11:51:28.975   CNC 1 Touch   INF   Poweroff state
2020-02-29 11:51:28.976   CNC 1 Touch   INF   Loop ended, elapsed: 54.505431ms
2020-02-29 11:51:28.976   CNC 1 Touch   INF   Sleeping for 9.945407797s
2020-02-29 11:51:38.921   CNC 1 Touch   INF   Device still active
2020-02-29 11:51:38.921   CNC 1 Touch   INF   Starting device loop
2020-02-29 11:51:38.921   CNC 1 Touch   INF   Downloading actual state
2020-02-29 11:51:38.950   CNC 1 Touch   INF   Actual state downloaded, elapsed: 28.725249ms
2020-02-29 11:51:38.950   CNC 1 Touch   INF   Actual workplace state: Poweroff
2020-02-29 11:51:38.951   CNC 1 Touch   INF   Checking open order
2020-02-29 11:51:38.958   CNC 1 Touch   INF   Open order checked, elapsed: 7.563318ms
2020-02-29 11:51:38.958   CNC 1 Touch   INF   Actual open order: 0
2020-02-29 11:51:38.958   CNC 1 Touch   INF   Checking open downtime
2020-02-29 11:51:38.967   CNC 1 Touch   INF   Open downtime checked, elapsed: 8.963223ms
2020-02-29 11:51:38.968   CNC 1 Touch   INF   Actual open downtime: 0
2020-02-29 11:51:38.968   CNC 1 Touch   INF   Poweroff state
2020-02-29 11:51:38.968   CNC 1 Touch   INF   Loop ended, elapsed: 46.285063ms
2020-02-29 11:51:38.968   CNC 1 Touch   INF   Sleeping for 9.953644103s
2020-02-29 11:51:48.922   CNC 1 Touch   INF   Device still active
2020-02-29 11:51:48.922   CNC 1 Touch   INF   Starting device loop
2020-02-29 11:51:48.923   CNC 1 Touch   INF   Downloading actual state
2020-02-29 11:51:48.957   CNC 1 Touch   INF   Actual state downloaded, elapsed: 33.95732ms
2020-02-29 11:51:48.958   CNC 1 Touch   INF   Actual workplace state: Poweroff
2020-02-29 11:51:48.958   CNC 1 Touch   INF   Checking open order
2020-02-29 11:51:48.978   CNC 1 Touch   INF   Open order checked, elapsed: 19.869102ms
2020-02-29 11:51:48.978   CNC 1 Touch   INF   Actual open order: 0
2020-02-29 11:51:48.978   CNC 1 Touch   INF   Checking open downtime
2020-02-29 11:51:48.991   CNC 1 Touch   INF   Open downtime checked, elapsed: 12.301741ms
2020-02-29 11:51:48.991   CNC 1 Touch   INF   Actual open downtime: 0
2020-02-29 11:51:48.991   CNC 1 Touch   INF   Poweroff state
2020-02-29 11:51:48.991   CNC 1 Touch   INF   Loop ended, elapsed: 68.417091ms
2020-02-29 11:51:48.991   CNC 1 Touch   INF   Sleeping for 9.931440503s
2020-02-29 11:51:58.923   CNC 1 Touch   INF   Device still active
2020-02-29 11:51:58.923   CNC 1 Touch   INF   Starting device loop
2020-02-29 11:51:58.924   CNC 1 Touch   INF   Downloading actual state
2020-02-29 11:51:58.946   CNC 1 Touch   INF   Actual state downloaded, elapsed: 21.902667ms
2020-02-29 11:51:58.947   CNC 1 Touch   INF   Actual workplace state: Poweroff
2020-02-29 11:51:58.947   CNC 1 Touch   INF   Checking open order
2020-02-29 11:51:58.963   CNC 1 Touch   INF   Open order checked, elapsed: 16.158238ms
2020-02-29 11:51:58.963   CNC 1 Touch   INF   Actual open order: 0
2020-02-29 11:51:58.963   CNC 1 Touch   INF   Checking open downtime
2020-02-29 11:51:58.970   CNC 1 Touch   INF   Open downtime checked, elapsed: 6.21347ms
2020-02-29 11:51:58.970   CNC 1 Touch   INF   Actual open downtime: 0
2020-02-29 11:51:58.970   CNC 1 Touch   INF   Poweroff state
2020-02-29 11:51:58.970   CNC 1 Touch   INF   Loop ended, elapsed: 46.1524ms
2020-02-29 11:51:58.970   CNC 1 Touch   INF   Sleeping for 9.953780423s
2020-02-29 11:52:08.924   CNC 1 Touch   INF   Device still active
2020-02-29 11:52:08.924   CNC 1 Touch   INF   Starting device loop
2020-02-29 11:52:08.925   CNC 1 Touch   INF   Downloading actual state
2020-02-29 11:52:08.952   CNC 1 Touch   INF   Actual state downloaded, elapsed: 27.062863ms
2020-02-29 11:52:08.952   CNC 1 Touch   INF   Actual workplace state: Poweroff
2020-02-29 11:52:08.952   CNC 1 Touch   INF   Checking open order
2020-02-29 11:52:08.963   CNC 1 Touch   INF   Open order checked, elapsed: 10.984003ms
2020-02-29 11:52:08.964   CNC 1 Touch   INF   Actual open order: 0
2020-02-29 11:52:08.964   CNC 1 Touch   INF   Checking open downtime
2020-02-29 11:52:08.974   CNC 1 Touch   INF   Open downtime checked, elapsed: 10.246997ms
2020-02-29 11:52:08.974   CNC 1 Touch   INF   Actual open downtime: 0
2020-02-29 11:52:08.974   CNC 1 Touch   INF   Poweroff state
2020-02-29 11:52:08.974   CNC 1 Touch   INF   Loop ended, elapsed: 49.578624ms
2020-02-29 11:52:08.974   CNC 1 Touch   INF   Sleeping for 9.9503649s
2020-02-29 11:52:18.928   CNC 1 Touch   INF   Device still active
2020-02-29 11:52:18.928   CNC 1 Touch   INF   Starting device loop
2020-02-29 11:52:18.929   CNC 1 Touch   INF   Downloading actual state
2020-02-29 11:52:18.952   CNC 1 Touch   INF   Actual state downloaded, elapsed: 22.91226ms
2020-02-29 11:52:18.952   CNC 1 Touch   INF   Actual workplace state: Poweroff
2020-02-29 11:52:18.952   CNC 1 Touch   INF   Checking open order
2020-02-29 11:52:18.966   CNC 1 Touch   INF   Open order checked, elapsed: 13.604127ms
2020-02-29 11:52:18.966   CNC 1 Touch   INF   Actual open order: 0
2020-02-29 11:52:18.966   CNC 1 Touch   INF   Checking open downtime
2020-02-29 11:52:18.983   CNC 1 Touch   INF   Open downtime checked, elapsed: 16.953853ms
2020-02-29 11:52:18.984   CNC 1 Touch   INF   Actual open downtime: 0
2020-02-29 11:52:18.984   CNC 1 Touch   INF   Poweroff state
2020-02-29 11:52:18.984   CNC 1 Touch   INF   Loop ended, elapsed: 55.073095ms
2020-02-29 11:52:18.984   CNC 1 Touch   INF   Sleeping for 9.944855053s
2020-02-29 11:52:28.929   CNC 1 Touch   INF   Device still active
2020-02-29 11:52:28.930   CNC 1 Touch   INF   Starting device loop
2020-02-29 11:52:28.930   CNC 1 Touch   INF   Downloading actual state
2020-02-29 11:52:28.947   CNC 1 Touch   INF   Actual state downloaded, elapsed: 17.221458ms
2020-02-29 11:52:28.947   CNC 1 Touch   INF   Actual workplace state: Poweroff
2020-02-29 11:52:28.948   CNC 1 Touch   INF   Checking open order
2020-02-29 11:52:28.961   CNC 1 Touch   INF   Open order checked, elapsed: 13.024967ms
2020-02-29 11:52:28.961   CNC 1 Touch   INF   Actual open order: 0
2020-02-29 11:52:28.961   CNC 1 Touch   INF   Checking open downtime
2020-02-29 11:52:28.971   CNC 1 Touch   INF   Open downtime checked, elapsed: 10.247018ms
2020-02-29 11:52:28.971   CNC 1 Touch   INF   Actual open downtime: 0
2020-02-29 11:52:28.971   CNC 1 Touch   INF   Poweroff state
2020-02-29 11:52:28.972   CNC 1 Touch   INF   Loop ended, elapsed: 41.651398ms
2020-02-29 11:52:28.972   CNC 1 Touch   INF   Sleeping for 9.958254985s
2020-02-29 11:52:38.930   CNC 1 Touch   INF   Device still active
2020-02-29 11:52:38.931   CNC 1 Touch   INF   Starting device loop
2020-02-29 11:52:38.931   CNC 1 Touch   INF   Downloading actual state
2020-02-29 11:52:38.952   CNC 1 Touch   INF   Actual state downloaded, elapsed: 21.085666ms
2020-02-29 11:52:38.952   CNC 1 Touch   INF   Actual workplace state: Poweroff
2020-02-29 11:52:38.952   CNC 1 Touch   INF   Checking open order
2020-02-29 11:52:38.964   CNC 1 Touch   INF   Open order checked, elapsed: 11.209982ms
2020-02-29 11:52:38.964   CNC 1 Touch   INF   Actual open order: 0
2020-02-29 11:52:38.964   CNC 1 Touch   INF   Checking open downtime
2020-02-29 11:52:38.974   CNC 1 Touch   INF   Open downtime checked, elapsed: 9.731902ms
2020-02-29 11:52:38.974   CNC 1 Touch   INF   Actual open downtime: 0
2020-02-29 11:52:38.974   CNC 1 Touch   INF   Poweroff state
2020-02-29 11:52:38.974   CNC 1 Touch   INF   Loop ended, elapsed: 43.416942ms
2020-02-29 11:52:38.974   CNC 1 Touch   INF   Sleeping for 9.956481757s
2020-02-29 11:52:48.932   CNC 1 Touch   INF   Device still active
2020-02-29 11:52:48.933   CNC 1 Touch   INF   Starting device loop
2020-02-29 11:52:48.933   CNC 1 Touch   INF   Downloading actual state
2020-02-29 11:52:48.995   CNC 1 Touch   INF   Actual state downloaded, elapsed: 61.887681ms
2020-02-29 11:52:48.995   CNC 1 Touch   INF   Actual workplace state: Poweroff
2020-02-29 11:52:48.996   CNC 1 Touch   INF   Checking open order
2020-02-29 11:52:49.018   CNC 1 Touch   INF   Open order checked, elapsed: 22.289816ms
2020-02-29 11:52:49.019   CNC 1 Touch   INF   Actual open order: 0
2020-02-29 11:52:49.019   CNC 1 Touch   INF   Checking open downtime
2020-02-29 11:52:49.032   CNC 1 Touch   INF   Open downtime checked, elapsed: 12.59649ms
2020-02-29 11:52:49.032   CNC 1 Touch   INF   Actual open downtime: 0
2020-02-29 11:52:49.032   CNC 1 Touch   INF   Poweroff state
2020-02-29 11:52:49.032   CNC 1 Touch   INF   Loop ended, elapsed: 98.936581ms
2020-02-29 11:52:49.032   CNC 1 Touch   INF   Sleeping for 9.900992839s
2020-02-29 11:52:58.935   CNC 1 Touch   INF   Device still active
2020-02-29 11:52:58.935   CNC 1 Touch   INF   Starting device loop
2020-02-29 11:52:58.936   CNC 1 Touch   INF   Downloading actual state
2020-02-29 11:52:58.960   CNC 1 Touch   INF   Actual state downloaded, elapsed: 24.583837ms
2020-02-29 11:52:58.961   CNC 1 Touch   INF   Actual workplace state: Poweroff
2020-02-29 11:52:58.961   CNC 1 Touch   INF   Checking open order
2020-02-29 11:52:58.970   CNC 1 Touch   INF   Open order checked, elapsed: 9.774768ms
2020-02-29 11:52:58.971   CNC 1 Touch   INF   Actual open order: 0
2020-02-29 11:52:58.971   CNC 1 Touch   INF   Checking open downtime
2020-02-29 11:52:58.982   CNC 1 Touch   INF   Open downtime checked, elapsed: 11.288847ms
2020-02-29 11:52:58.982   CNC 1 Touch   INF   Actual open downtime: 0
2020-02-29 11:52:58.982   CNC 1 Touch   INF   Poweroff state
2020-02-29 11:52:58.982   CNC 1 Touch   INF   Loop ended, elapsed: 46.794078ms
2020-02-29 11:52:58.982   CNC 1 Touch   INF   Sleeping for 9.953125693s
2020-02-29 11:53:08.939   CNC 1 Touch   INF   Device still active
2020-02-29 11:53:08.940   CNC 1 Touch   INF   Starting device loop
2020-02-29 11:53:08.940   CNC 1 Touch   INF   Downloading actual state
2020-02-29 11:53:08.975   CNC 1 Touch   INF   Actual state downloaded, elapsed: 34.481244ms
2020-02-29 11:53:08.975   CNC 1 Touch   INF   Actual workplace state: Poweroff
2020-02-29 11:53:08.975   CNC 1 Touch   INF   Checking open order
2020-02-29 11:53:08.985   CNC 1 Touch   INF   Open order checked, elapsed: 9.846526ms
2020-02-29 11:53:08.985   CNC 1 Touch   INF   Actual open order: 0
2020-02-29 11:53:08.985   CNC 1 Touch   INF   Checking open downtime
2020-02-29 11:53:08.991   CNC 1 Touch   INF   Open downtime checked, elapsed: 6.075398ms
2020-02-29 11:53:08.991   CNC 1 Touch   INF   Actual open downtime: 0
2020-02-29 11:53:08.992   CNC 1 Touch   INF   Poweroff state
2020-02-29 11:53:08.992   CNC 1 Touch   INF   Loop ended, elapsed: 51.777561ms
2020-02-29 11:53:08.992   CNC 1 Touch   INF   Sleeping for 9.948133984s
2020-02-29 11:53:18.940   CNC 1 Touch   INF   Device still active
2020-02-29 11:53:18.941   CNC 1 Touch   INF   Starting device loop
2020-02-29 11:53:18.941   CNC 1 Touch   INF   Downloading actual state
2020-02-29 11:53:18.971   CNC 1 Touch   INF   Actual state downloaded, elapsed: 29.919302ms
2020-02-29 11:53:18.971   CNC 1 Touch   INF   Actual workplace state: Poweroff
2020-02-29 11:53:18.971   CNC 1 Touch   INF   Checking open order
2020-02-29 11:53:18.993   CNC 1 Touch   INF   Open order checked, elapsed: 21.505556ms
2020-02-29 11:53:18.993   CNC 1 Touch   INF   Actual open order: 0
2020-02-29 11:53:18.994   CNC 1 Touch   INF   Checking open downtime
2020-02-29 11:53:19.009   CNC 1 Touch   INF   Open downtime checked, elapsed: 15.052106ms
2020-02-29 11:53:19.009   CNC 1 Touch   INF   Actual open downtime: 0
2020-02-29 11:53:19.009   CNC 1 Touch   INF   Poweroff state
2020-02-29 11:53:19.009   CNC 1 Touch   INF   Loop ended, elapsed: 68.168793ms
2020-02-29 11:53:19.009   CNC 1 Touch   INF   Sleeping for 9.931770412s
2020-02-29 11:53:28.941   CNC 1 Touch   INF   Device still active
2020-02-29 11:53:28.941   CNC 1 Touch   INF   Starting device loop
2020-02-29 11:53:28.942   CNC 1 Touch   INF   Downloading actual state
2020-02-29 11:53:28.961   CNC 1 Touch   INF   Actual state downloaded, elapsed: 19.729022ms
2020-02-29 11:53:28.962   CNC 1 Touch   INF   Actual workplace state: Poweroff
2020-02-29 11:53:28.962   CNC 1 Touch   INF   Checking open order
2020-02-29 11:53:28.975   CNC 1 Touch   INF   Open order checked, elapsed: 12.838277ms
2020-02-29 11:53:28.975   CNC 1 Touch   INF   Actual open order: 0
2020-02-29 11:53:28.975   CNC 1 Touch   INF   Checking open downtime
2020-02-29 11:53:28.986   CNC 1 Touch   INF   Open downtime checked, elapsed: 10.803526ms
2020-02-29 11:53:28.986   CNC 1 Touch   INF   Actual open downtime: 0
2020-02-29 11:53:28.986   CNC 1 Touch   INF   Poweroff state
2020-02-29 11:53:28.986   CNC 1 Touch   INF   Loop ended, elapsed: 44.665454ms
2020-02-29 11:53:28.986   CNC 1 Touch   INF   Sleeping for 9.955274625s
2020-02-29 11:53:38.944   CNC 1 Touch   INF   Device still active
2020-02-29 11:53:38.944   CNC 1 Touch   INF   Starting device loop
2020-02-29 11:53:38.945   CNC 1 Touch   INF   Downloading actual state
2020-02-29 11:53:38.969   CNC 1 Touch   INF   Actual state downloaded, elapsed: 24.055761ms
2020-02-29 11:53:38.969   CNC 1 Touch   INF   Actual workplace state: Poweroff
2020-02-29 11:53:38.969   CNC 1 Touch   INF   Checking open order
2020-02-29 11:53:38.981   CNC 1 Touch   INF   Open order checked, elapsed: 11.189611ms
2020-02-29 11:53:38.981   CNC 1 Touch   INF   Actual open order: 0
2020-02-29 11:53:38.981   CNC 1 Touch   INF   Checking open downtime
2020-02-29 11:53:38.992   CNC 1 Touch   INF   Open downtime checked, elapsed: 10.230994ms
2020-02-29 11:53:38.992   CNC 1 Touch   INF   Actual open downtime: 0
2020-02-29 11:53:38.992   CNC 1 Touch   INF   Poweroff state
2020-02-29 11:53:38.992   CNC 1 Touch   INF   Loop ended, elapsed: 47.583088ms
2020-02-29 11:53:38.992   CNC 1 Touch   INF   Sleeping for 9.952331615s
2020-02-29 11:53:48.946   CNC 1 Touch   INF   Device still active
2020-02-29 11:53:48.946   CNC 1 Touch   INF   Starting device loop
2020-02-29 11:53:48.947   CNC 1 Touch   INF   Downloading actual state
2020-02-29 11:53:48.977   CNC 1 Touch   INF   Actual state downloaded, elapsed: 30.009842ms
2020-02-29 11:53:48.977   CNC 1 Touch   INF   Actual workplace state: Poweroff
2020-02-29 11:53:48.977   CNC 1 Touch   INF   Checking open order
2020-02-29 11:53:48.997   CNC 1 Touch   INF   Open order checked, elapsed: 19.795063ms
2020-02-29 11:53:48.997   CNC 1 Touch   INF   Actual open order: 0
2020-02-29 11:53:48.997   CNC 1 Touch   INF   Checking open downtime
2020-02-29 11:53:49.008   CNC 1 Touch   INF   Open downtime checked, elapsed: 10.061013ms
2020-02-29 11:53:49.008   CNC 1 Touch   INF   Actual open downtime: 0
2020-02-29 11:53:49.008   CNC 1 Touch   INF   Poweroff state
2020-02-29 11:53:49.008   CNC 1 Touch   INF   Loop ended, elapsed: 61.340216ms
2020-02-29 11:53:49.008   CNC 1 Touch   INF   Sleeping for 9.938566956s
2020-02-29 11:53:58.948   CNC 1 Touch   INF   Device still active
2020-02-29 11:53:58.948   CNC 1 Touch   INF   Starting device loop
2020-02-29 11:53:58.949   CNC 1 Touch   INF   Downloading actual state
2020-02-29 11:53:58.968   CNC 1 Touch   INF   Actual state downloaded, elapsed: 19.576133ms
2020-02-29 11:53:58.968   CNC 1 Touch   INF   Actual workplace state: Poweroff
2020-02-29 11:53:58.968   CNC 1 Touch   INF   Checking open order
2020-02-29 11:53:58.980   CNC 1 Touch   INF   Open order checked, elapsed: 11.45139ms
2020-02-29 11:53:58.980   CNC 1 Touch   INF   Actual open order: 0
2020-02-29 11:53:58.980   CNC 1 Touch   INF   Checking open downtime
2020-02-29 11:53:58.989   CNC 1 Touch   INF   Open downtime checked, elapsed: 9.158554ms
2020-02-29 11:53:58.990   CNC 1 Touch   INF   Actual open downtime: 0
2020-02-29 11:53:58.990   CNC 1 Touch   INF   Poweroff state
2020-02-29 11:53:58.990   CNC 1 Touch   INF   Loop ended, elapsed: 41.283196ms
2020-02-29 11:53:58.990   CNC 1 Touch   INF   Sleeping for 9.958656408s
2020-02-29 11:54:08.949   CNC 1 Touch   INF   Device still active
2020-02-29 11:54:08.949   CNC 1 Touch   INF   Starting device loop
2020-02-29 11:54:08.950   CNC 1 Touch   INF   Downloading actual state
2020-02-29 11:54:08.968   CNC 1 Touch   INF   Actual state downloaded, elapsed: 18.537467ms
2020-02-29 11:54:08.968   CNC 1 Touch   INF   Actual workplace state: Poweroff
2020-02-29 11:54:08.968   CNC 1 Touch   INF   Checking open order
2020-02-29 11:54:08.979   CNC 1 Touch   INF   Open order checked, elapsed: 10.295496ms
2020-02-29 11:54:08.979   CNC 1 Touch   INF   Actual open order: 0
2020-02-29 11:54:08.979   CNC 1 Touch   INF   Checking open downtime
2020-02-29 11:54:08.987   CNC 1 Touch   INF   Open downtime checked, elapsed: 8.236663ms
2020-02-29 11:54:08.988   CNC 1 Touch   INF   Actual open downtime: 0
2020-02-29 11:54:08.988   CNC 1 Touch   INF   Poweroff state
2020-02-29 11:54:08.988   CNC 1 Touch   INF   Loop ended, elapsed: 38.139557ms
2020-02-29 11:54:08.988   CNC 1 Touch   INF   Sleeping for 9.961785957s
2020-02-29 11:54:18.950   CNC 1 Touch   INF   Device still active
2020-02-29 11:54:18.951   CNC 1 Touch   INF   Starting device loop
2020-02-29 11:54:18.951   CNC 1 Touch   INF   Downloading actual state
2020-02-29 11:54:18.977   CNC 1 Touch   INF   Actual state downloaded, elapsed: 25.772552ms
2020-02-29 11:54:18.977   CNC 1 Touch   INF   Actual workplace state: Poweroff
2020-02-29 11:54:18.977   CNC 1 Touch   INF   Checking open order
2020-02-29 11:54:18.991   CNC 1 Touch   INF   Open order checked, elapsed: 13.613071ms
2020-02-29 11:54:18.991   CNC 1 Touch   INF   Actual open order: 0
2020-02-29 11:54:18.991   CNC 1 Touch   INF   Checking open downtime
2020-02-29 11:54:19.000   CNC 1 Touch   INF   Open downtime checked, elapsed: 8.747452ms
2020-02-29 11:54:19.000   CNC 1 Touch   INF   Actual open downtime: 0
2020-02-29 11:54:19.000   CNC 1 Touch   INF   Poweroff state
2020-02-29 11:54:19.000   CNC 1 Touch   INF   Loop ended, elapsed: 49.502017ms
2020-02-29 11:54:19.000   CNC 1 Touch   INF   Sleeping for 9.950421501s
2020-02-29 11:54:28.952   CNC 1 Touch   INF   Device still active
2020-02-29 11:54:28.952   CNC 1 Touch   INF   Starting device loop
2020-02-29 11:54:28.952   CNC 1 Touch   INF   Downloading actual state
2020-02-29 11:54:28.982   CNC 1 Touch   INF   Actual state downloaded, elapsed: 29.640809ms
2020-02-29 11:54:28.982   CNC 1 Touch   INF   Actual workplace state: Poweroff
2020-02-29 11:54:28.982   CNC 1 Touch   INF   Checking open order
2020-02-29 11:54:28.992   CNC 1 Touch   INF   Open order checked, elapsed: 9.229612ms
2020-02-29 11:54:28.992   CNC 1 Touch   INF   Actual open order: 0
2020-02-29 11:54:28.992   CNC 1 Touch   INF   Checking open downtime
2020-02-29 11:54:28.999   CNC 1 Touch   INF   Open downtime checked, elapsed: 6.791682ms
2020-02-29 11:54:28.999   CNC 1 Touch   INF   Actual open downtime: 0
2020-02-29 11:54:28.999   CNC 1 Touch   INF   Poweroff state
2020-02-29 11:54:28.999   CNC 1 Touch   INF   Loop ended, elapsed: 47.027364ms
2020-02-29 11:54:28.999   CNC 1 Touch   INF   Sleeping for 9.952896869s
2020-02-29 11:54:38.955   CNC 1 Touch   INF   Device still active
2020-02-29 11:54:38.955   CNC 1 Touch   INF   Starting device loop
2020-02-29 11:54:38.956   CNC 1 Touch   INF   Downloading actual state
2020-02-29 11:54:38.984   CNC 1 Touch   INF   Actual state downloaded, elapsed: 27.938845ms
2020-02-29 11:54:38.984   CNC 1 Touch   INF   Actual workplace state: Poweroff
2020-02-29 11:54:38.984   CNC 1 Touch   INF   Checking open order
2020-02-29 11:54:38.997   CNC 1 Touch   INF   Open order checked, elapsed: 12.440531ms
2020-02-29 11:54:38.997   CNC 1 Touch   INF   Actual open order: 0
2020-02-29 11:54:38.997   CNC 1 Touch   INF   Checking open downtime
2020-02-29 11:54:39.012   CNC 1 Touch   INF   Open downtime checked, elapsed: 14.945585ms
2020-02-29 11:54:39.013   CNC 1 Touch   INF   Actual open downtime: 0
2020-02-29 11:54:39.014   CNC 1 Touch   INF   Poweroff state
2020-02-29 11:54:39.014   CNC 1 Touch   INF   Loop ended, elapsed: 57.988239ms
2020-02-29 11:54:39.014   CNC 1 Touch   INF   Sleeping for 9.941905667s
2020-02-29 11:54:48.957   CNC 1 Touch   INF   Device still active
2020-02-29 11:54:48.957   CNC 1 Touch   INF   Starting device loop
2020-02-29 11:54:48.957   CNC 1 Touch   INF   Downloading actual state
2020-02-29 11:54:49.001   CNC 1 Touch   INF   Actual state downloaded, elapsed: 43.448452ms
2020-02-29 11:54:49.001   CNC 1 Touch   INF   Actual workplace state: Poweroff
2020-02-29 11:54:49.001   CNC 1 Touch   INF   Checking open order
2020-02-29 11:54:49.024   CNC 1 Touch   INF   Open order checked, elapsed: 22.242461ms
2020-02-29 11:54:49.024   CNC 1 Touch   INF   Actual open order: 0
2020-02-29 11:54:49.024   CNC 1 Touch   INF   Checking open downtime
2020-02-29 11:54:49.042   CNC 1 Touch   INF   Open downtime checked, elapsed: 18.452166ms
2020-02-29 11:54:49.043   CNC 1 Touch   INF   Actual open downtime: 0
2020-02-29 11:54:49.043   CNC 1 Touch   INF   Poweroff state
2020-02-29 11:54:49.043   CNC 1 Touch   INF   Loop ended, elapsed: 85.552865ms
2020-02-29 11:54:49.043   CNC 1 Touch   INF   Sleeping for 9.91435863s
2020-02-29 11:54:58.960   CNC 1 Touch   INF   Device still active
2020-02-29 11:54:58.960   CNC 1 Touch   INF   Starting device loop
2020-02-29 11:54:58.960   CNC 1 Touch   INF   Downloading actual state
2020-02-29 11:54:58.980   CNC 1 Touch   INF   Actual state downloaded, elapsed: 19.211918ms
2020-02-29 11:54:58.980   CNC 1 Touch   INF   Actual workplace state: Poweroff
2020-02-29 11:54:58.980   CNC 1 Touch   INF   Checking open order
2020-02-29 11:54:58.989   CNC 1 Touch   INF   Open order checked, elapsed: 8.968251ms
2020-02-29 11:54:58.989   CNC 1 Touch   INF   Actual open order: 0
2020-02-29 11:54:58.989   CNC 1 Touch   INF   Checking open downtime
2020-02-29 11:54:59.002   CNC 1 Touch   INF   Open downtime checked, elapsed: 12.024712ms
2020-02-29 11:54:59.002   CNC 1 Touch   INF   Actual open downtime: 0
2020-02-29 11:54:59.002   CNC 1 Touch   INF   Poweroff state
2020-02-29 11:54:59.002   CNC 1 Touch   INF   Loop ended, elapsed: 41.672997ms
2020-02-29 11:54:59.002   CNC 1 Touch   INF   Sleeping for 9.958260251s
2020-02-29 11:55:08.965   CNC 1 Touch   INF   Device still active
2020-02-29 11:55:08.965   CNC 1 Touch   INF   Starting device loop
2020-02-29 11:55:08.965   CNC 1 Touch   INF   Downloading actual state
2020-02-29 11:55:08.997   CNC 1 Touch   INF   Actual state downloaded, elapsed: 31.262085ms
2020-02-29 11:55:08.997   CNC 1 Touch   INF   Actual workplace state: Poweroff
2020-02-29 11:55:08.997   CNC 1 Touch   INF   Checking open order
2020-02-29 11:55:09.008   CNC 1 Touch   INF   Open order checked, elapsed: 10.640845ms
2020-02-29 11:55:09.008   CNC 1 Touch   INF   Actual open order: 0
2020-02-29 11:55:09.008   CNC 1 Touch   INF   Checking open downtime
2020-02-29 11:55:09.020   CNC 1 Touch   INF   Open downtime checked, elapsed: 11.850124ms
2020-02-29 11:55:09.020   CNC 1 Touch   INF   Actual open downtime: 0
2020-02-29 11:55:09.020   CNC 1 Touch   INF   Poweroff state
2020-02-29 11:55:09.020   CNC 1 Touch   INF   Loop ended, elapsed: 54.970782ms
2020-02-29 11:55:09.020   CNC 1 Touch   INF   Sleeping for 9.944940518s
2020-02-29 11:55:18.969   CNC 1 Touch   INF   Device still active
2020-02-29 11:55:18.970   CNC 1 Touch   INF   Starting device loop
2020-02-29 11:55:18.970   CNC 1 Touch   INF   Downloading actual state
2020-02-29 11:55:18.994   CNC 1 Touch   INF   Actual state downloaded, elapsed: 23.976327ms
2020-02-29 11:55:18.994   CNC 1 Touch   INF   Actual workplace state: Poweroff
2020-02-29 11:55:18.994   CNC 1 Touch   INF   Checking open order
2020-02-29 11:55:19.003   CNC 1 Touch   INF   Open order checked, elapsed: 8.079206ms
2020-02-29 11:55:19.003   CNC 1 Touch   INF   Actual open order: 0
2020-02-29 11:55:19.003   CNC 1 Touch   INF   Checking open downtime
2020-02-29 11:55:19.012   CNC 1 Touch   INF   Open downtime checked, elapsed: 8.710659ms
2020-02-29 11:55:19.012   CNC 1 Touch   INF   Actual open downtime: 0
2020-02-29 11:55:19.012   CNC 1 Touch   INF   Poweroff state
2020-02-29 11:55:19.012   CNC 1 Touch   INF   Loop ended, elapsed: 41.832069ms
2020-02-29 11:55:19.012   CNC 1 Touch   INF   Sleeping for 9.958095773s
2020-02-29 11:55:28.970   CNC 1 Touch   INF   Device still active
2020-02-29 11:55:28.970   CNC 1 Touch   INF   Starting device loop
2020-02-29 11:55:28.971   CNC 1 Touch   INF   Downloading actual state
2020-02-29 11:55:29.008   CNC 1 Touch   INF   Actual state downloaded, elapsed: 37.420167ms
2020-02-29 11:55:29.008   CNC 1 Touch   INF   Actual workplace state: Poweroff
2020-02-29 11:55:29.008   CNC 1 Touch   INF   Checking open order
2020-02-29 11:55:29.019   CNC 1 Touch   INF   Open order checked, elapsed: 10.867796ms
2020-02-29 11:55:29.019   CNC 1 Touch   INF   Actual open order: 0
2020-02-29 11:55:29.020   CNC 1 Touch   INF   Checking open downtime
2020-02-29 11:55:29.028   CNC 1 Touch   INF   Open downtime checked, elapsed: 8.48753ms
2020-02-29 11:55:29.028   CNC 1 Touch   INF   Actual open downtime: 0
2020-02-29 11:55:29.028   CNC 1 Touch   INF   Poweroff state
2020-02-29 11:55:29.029   CNC 1 Touch   INF   Loop ended, elapsed: 58.038465ms
2020-02-29 11:55:29.029   CNC 1 Touch   INF   Sleeping for 9.941894843s
2020-02-29 11:55:38.971   CNC 1 Touch   INF   Device still active
2020-02-29 11:55:38.971   CNC 1 Touch   INF   Starting device loop
2020-02-29 11:55:38.971   CNC 1 Touch   INF   Downloading actual state
2020-02-29 11:55:38.993   CNC 1 Touch   INF   Actual state downloaded, elapsed: 21.244039ms
2020-02-29 11:55:38.993   CNC 1 Touch   INF   Actual workplace state: Poweroff
2020-02-29 11:55:38.993   CNC 1 Touch   INF   Checking open order
2020-02-29 11:55:39.002   CNC 1 Touch   INF   Open order checked, elapsed: 8.820891ms
2020-02-29 11:55:39.002   CNC 1 Touch   INF   Actual open order: 0
2020-02-29 11:55:39.002   CNC 1 Touch   INF   Checking open downtime
2020-02-29 11:55:39.012   CNC 1 Touch   INF   Open downtime checked, elapsed: 9.673469ms
2020-02-29 11:55:39.012   CNC 1 Touch   INF   Actual open downtime: 0
2020-02-29 11:55:39.012   CNC 1 Touch   INF   Poweroff state
2020-02-29 11:55:39.012   CNC 1 Touch   INF   Loop ended, elapsed: 40.943626ms
2020-02-29 11:55:39.012   CNC 1 Touch   INF   Sleeping for 9.958971092s
2020-02-29 11:55:48.972   CNC 1 Touch   INF   Device still active
2020-02-29 11:55:48.972   CNC 1 Touch   INF   Starting device loop
2020-02-29 11:55:48.972   CNC 1 Touch   INF   Downloading actual state
2020-02-29 11:55:48.993   CNC 1 Touch   INF   Actual state downloaded, elapsed: 21.214502ms
2020-02-29 11:55:48.994   CNC 1 Touch   INF   Actual workplace state: Poweroff
2020-02-29 11:55:48.994   CNC 1 Touch   INF   Checking open order
2020-02-29 11:55:49.003   CNC 1 Touch   INF   Open order checked, elapsed: 9.629373ms
2020-02-29 11:55:49.004   CNC 1 Touch   INF   Actual open order: 0
2020-02-29 11:55:49.004   CNC 1 Touch   INF   Checking open downtime
2020-02-29 11:55:49.015   CNC 1 Touch   INF   Open downtime checked, elapsed: 10.916961ms
2020-02-29 11:55:49.015   CNC 1 Touch   INF   Actual open downtime: 0
2020-02-29 11:55:49.015   CNC 1 Touch   INF   Poweroff state
2020-02-29 11:55:49.015   CNC 1 Touch   INF   Loop ended, elapsed: 42.936864ms
2020-02-29 11:55:49.015   CNC 1 Touch   INF   Sleeping for 9.956951623s
2020-02-29 11:55:58.972   CNC 1 Touch   INF   Device still active
2020-02-29 11:55:58.972   CNC 1 Touch   INF   Starting device loop
2020-02-29 11:55:58.973   CNC 1 Touch   INF   Downloading actual state
2020-02-29 11:55:58.992   CNC 1 Touch   INF   Actual state downloaded, elapsed: 19.28959ms
2020-02-29 11:55:58.992   CNC 1 Touch   INF   Actual workplace state: Poweroff
2020-02-29 11:55:58.992   CNC 1 Touch   INF   Checking open order
2020-02-29 11:55:59.003   CNC 1 Touch   INF   Open order checked, elapsed: 10.82948ms
2020-02-29 11:55:59.003   CNC 1 Touch   INF   Actual open order: 0
2020-02-29 11:55:59.004   CNC 1 Touch   INF   Checking open downtime
2020-02-29 11:55:59.013   CNC 1 Touch   INF   Open downtime checked, elapsed: 9.699942ms
2020-02-29 11:55:59.014   CNC 1 Touch   INF   Actual open downtime: 0
2020-02-29 11:55:59.014   CNC 1 Touch   INF   Poweroff state
2020-02-29 11:55:59.014   CNC 1 Touch   INF   Loop ended, elapsed: 41.056165ms
2020-02-29 11:55:59.014   CNC 1 Touch   INF   Sleeping for 9.958859014s
2020-02-29 11:56:08.973   CNC 1 Touch   INF   Device still active
2020-02-29 11:56:08.973   CNC 1 Touch   INF   Starting device loop
2020-02-29 11:56:08.973   CNC 1 Touch   INF   Downloading actual state
2020-02-29 11:56:08.995   CNC 1 Touch   INF   Actual state downloaded, elapsed: 21.618946ms
2020-02-29 11:56:08.995   CNC 1 Touch   INF   Actual workplace state: Poweroff
2020-02-29 11:56:08.995   CNC 1 Touch   INF   Checking open order
2020-02-29 11:56:09.012   CNC 1 Touch   INF   Open order checked, elapsed: 16.350346ms
2020-02-29 11:56:09.012   CNC 1 Touch   INF   Actual open order: 0
2020-02-29 11:56:09.012   CNC 1 Touch   INF   Checking open downtime
2020-02-29 11:56:09.022   CNC 1 Touch   INF   Open downtime checked, elapsed: 9.476578ms
2020-02-29 11:56:09.022   CNC 1 Touch   INF   Actual open downtime: 0
2020-02-29 11:56:09.022   CNC 1 Touch   INF   Poweroff state
2020-02-29 11:56:09.022   CNC 1 Touch   INF   Loop ended, elapsed: 48.753781ms
2020-02-29 11:56:09.022   CNC 1 Touch   INF   Sleeping for 9.951155969s
2020-02-29 11:56:18.973   CNC 1 Touch   INF   Device still active
2020-02-29 11:56:18.974   CNC 1 Touch   INF   Starting device loop
2020-02-29 11:56:18.974   CNC 1 Touch   INF   Downloading actual state
2020-02-29 11:56:19.021   CNC 1 Touch   INF   Actual state downloaded, elapsed: 47.409655ms
2020-02-29 11:56:19.022   CNC 1 Touch   INF   Actual workplace state: Poweroff
2020-02-29 11:56:19.022   CNC 1 Touch   INF   Checking open order
2020-02-29 11:56:19.038   CNC 1 Touch   INF   Open order checked, elapsed: 15.482604ms
2020-02-29 11:56:19.039   CNC 1 Touch   INF   Actual open order: 0
2020-02-29 11:56:19.039   CNC 1 Touch   INF   Checking open downtime
2020-02-29 11:56:19.053   CNC 1 Touch   INF   Open downtime checked, elapsed: 13.743766ms
2020-02-29 11:56:19.054   CNC 1 Touch   INF   Actual open downtime: 0
2020-02-29 11:56:19.054   CNC 1 Touch   INF   Poweroff state
2020-02-29 11:56:19.054   CNC 1 Touch   INF   Loop ended, elapsed: 79.952948ms
2020-02-29 11:56:19.054   CNC 1 Touch   INF   Sleeping for 9.919915854s
2020-02-29 11:56:28.976   CNC 1 Touch   INF   Device still active
2020-02-29 11:56:28.976   CNC 1 Touch   INF   Starting device loop
2020-02-29 11:56:28.977   CNC 1 Touch   INF   Downloading actual state
2020-02-29 11:56:29.016   CNC 1 Touch   INF   Actual state downloaded, elapsed: 38.899588ms
2020-02-29 11:56:29.016   CNC 1 Touch   INF   Actual workplace state: Poweroff
2020-02-29 11:56:29.016   CNC 1 Touch   INF   Checking open order
2020-02-29 11:56:29.039   CNC 1 Touch   INF   Open order checked, elapsed: 23.222083ms
2020-02-29 11:56:29.039   CNC 1 Touch   INF   Actual open order: 0
2020-02-29 11:56:29.039   CNC 1 Touch   INF   Checking open downtime
2020-02-29 11:56:29.051   CNC 1 Touch   INF   Open downtime checked, elapsed: 10.970245ms
2020-02-29 11:56:29.051   CNC 1 Touch   INF   Actual open downtime: 0
2020-02-29 11:56:29.051   CNC 1 Touch   INF   Poweroff state
2020-02-29 11:56:29.051   CNC 1 Touch   INF   Loop ended, elapsed: 74.541024ms
2020-02-29 11:56:29.051   CNC 1 Touch   INF   Sleeping for 9.925377541s
2020-02-29 11:56:38.979   CNC 1 Touch   INF   Device still active
2020-02-29 11:56:38.979   CNC 1 Touch   INF   Device not active, stopped running
2020-02-29 11:56:38.991   CNC 1 Touch   INF   Device started running
2020-02-29 11:56:38.991   CNC 1 Touch   INF   Device directory exists
2020-02-29 11:56:38.991   CNC 1 Touch   INF   Device not active, stopped running
