2020-03-05 13:19:55.305   CNC 8 Touch   INF   Device started running
2020-03-05 13:19:55.305   CNC 8 Touch   WRN   Device directory not exist, creating
2020-03-05 13:19:55.306   CNC 8 Touch   INF   Device directory created
2020-03-05 13:19:55.306   CNC 8 Touch   INF   Starting device loop
2020-03-05 13:19:55.306   CNC 8 Touch   INF   Downloading actual state
2020-03-05 13:19:55.407   CNC 8 Touch   INF   Actual state downloaded, elapsed: 101.094099ms
2020-03-05 13:19:55.407   CNC 8 Touch   INF   Actual workplace state: Poweroff
2020-03-05 13:19:55.407   CNC 8 Touch   INF   Checking open order
2020-03-05 13:19:55.547   CNC 8 Touch   INF   Open order checked, elapsed: 140.074915ms
2020-03-05 13:19:55.547   CNC 8 Touch   INF   Actual open order: 0
2020-03-05 13:19:55.548   CNC 8 Touch   INF   Checking open downtime
2020-03-05 13:19:55.691   CNC 8 Touch   INF   Open downtime checked, elapsed: 143.578514ms
2020-03-05 13:19:55.691   CNC 8 Touch   INF   Actual open downtime: 0
2020-03-05 13:19:55.692   CNC 8 Touch   INF   Poweroff state
2020-03-05 13:19:55.692   CNC 8 Touch   INF   Loop ended, elapsed: 385.977735ms
2020-03-05 13:19:55.692   CNC 8 Touch   INF   Sleeping for 9.613915498s
2020-03-05 13:20:05.306   CNC 8 Touch   INF   Device still active
2020-03-05 13:20:05.306   CNC 8 Touch   INF   Starting device loop
2020-03-05 13:20:05.306   CNC 8 Touch   INF   Downloading actual state
2020-03-05 13:20:05.438   CNC 8 Touch   INF   Actual state downloaded, elapsed: 131.696895ms
2020-03-05 13:20:05.438   CNC 8 Touch   INF   Actual workplace state: Poweroff
2020-03-05 13:20:05.438   CNC 8 Touch   INF   Checking open order
2020-03-05 13:20:05.539   CNC 8 Touch   INF   Open order checked, elapsed: 100.662545ms
2020-03-05 13:20:05.539   CNC 8 Touch   INF   Actual open order: 0
2020-03-05 13:20:05.539   CNC 8 Touch   INF   Checking open downtime
2020-03-05 13:20:05.638   CNC 8 Touch   INF   Open downtime checked, elapsed: 97.670835ms
2020-03-05 13:20:05.639   CNC 8 Touch   INF   Actual open downtime: 0
2020-03-05 13:20:05.639   CNC 8 Touch   INF   Poweroff state
2020-03-05 13:20:05.639   CNC 8 Touch   INF   Loop ended, elapsed: 333.136418ms
2020-03-05 13:20:05.639   CNC 8 Touch   INF   Sleeping for 9.666677932s
2020-03-05 13:20:15.306   CNC 8 Touch   INF   Device still active
2020-03-05 13:20:15.307   CNC 8 Touch   INF   Starting device loop
2020-03-05 13:20:15.307   CNC 8 Touch   INF   Downloading actual state
2020-03-05 13:20:15.374   CNC 8 Touch   INF   Actual state downloaded, elapsed: 67.039718ms
2020-03-05 13:20:15.374   CNC 8 Touch   INF   Actual workplace state: Poweroff
2020-03-05 13:20:15.374   CNC 8 Touch   INF   Checking open order
2020-03-05 13:20:15.445   CNC 8 Touch   INF   Open order checked, elapsed: 70.593967ms
2020-03-05 13:20:15.446   CNC 8 Touch   INF   Actual open order: 0
2020-03-05 13:20:15.446   CNC 8 Touch   INF   Checking open downtime
2020-03-05 13:20:15.522   CNC 8 Touch   INF   Open downtime checked, elapsed: 76.324911ms
2020-03-05 13:20:15.523   CNC 8 Touch   INF   Actual open downtime: 0
2020-03-05 13:20:15.523   CNC 8 Touch   INF   Poweroff state
2020-03-05 13:20:15.523   CNC 8 Touch   INF   Loop ended, elapsed: 215.946313ms
2020-03-05 13:20:15.523   CNC 8 Touch   INF   Sleeping for 9.783904754s
2020-03-05 13:20:25.307   CNC 8 Touch   INF   Device still active
2020-03-05 13:20:25.307   CNC 8 Touch   INF   Starting device loop
2020-03-05 13:20:25.307   CNC 8 Touch   INF   Downloading actual state
2020-03-05 13:20:25.422   CNC 8 Touch   INF   Actual state downloaded, elapsed: 114.59748ms
2020-03-05 13:20:25.423   CNC 8 Touch   INF   Actual workplace state: Poweroff
2020-03-05 13:20:25.423   CNC 8 Touch   INF   Checking open order
2020-03-05 13:20:25.497   CNC 8 Touch   INF   Open order checked, elapsed: 73.877843ms
2020-03-05 13:20:25.497   CNC 8 Touch   INF   Actual open order: 0
2020-03-05 13:20:25.497   CNC 8 Touch   INF   Checking open downtime
2020-03-05 13:20:25.569   CNC 8 Touch   INF   Open downtime checked, elapsed: 71.564636ms
2020-03-05 13:20:25.569   CNC 8 Touch   INF   Actual open downtime: 0
2020-03-05 13:20:25.570   CNC 8 Touch   INF   Poweroff state
2020-03-05 13:20:25.570   CNC 8 Touch   INF   Loop ended, elapsed: 262.382698ms
2020-03-05 13:20:25.570   CNC 8 Touch   INF   Sleeping for 9.737453073s
2020-03-05 13:20:35.308   CNC 8 Touch   INF   Device not active
2020-03-05 13:20:35.308   CNC 8 Touch   INF   Device not active, stopped running
2020-03-05 13:20:35.311   CNC 8 Touch   INF   Device started running
2020-03-05 13:20:35.311   CNC 8 Touch   INF   Device directory exists
2020-03-05 13:20:35.311   CNC 8 Touch   INF   Starting device loop
2020-03-05 13:20:35.312   CNC 8 Touch   INF   Downloading actual state
2020-03-05 13:20:35.440   CNC 8 Touch   INF   Actual state downloaded, elapsed: 128.03819ms
2020-03-05 13:20:35.440   CNC 8 Touch   INF   Actual workplace state: Poweroff
2020-03-05 13:20:35.440   CNC 8 Touch   INF   Checking open order
2020-03-05 13:20:35.550   CNC 8 Touch   INF   Open order checked, elapsed: 109.86845ms
2020-03-05 13:20:35.551   CNC 8 Touch   INF   Actual open order: 0
2020-03-05 13:20:35.552   CNC 8 Touch   INF   Checking open downtime
2020-03-05 13:20:35.658   CNC 8 Touch   INF   Open downtime checked, elapsed: 105.678154ms
2020-03-05 13:20:35.658   CNC 8 Touch   INF   Actual open downtime: 0
2020-03-05 13:20:35.658   CNC 8 Touch   INF   Poweroff state
2020-03-05 13:20:35.658   CNC 8 Touch   INF   Loop ended, elapsed: 346.432849ms
2020-03-05 13:20:35.658   CNC 8 Touch   INF   Sleeping for 9.653489485s
2020-03-05 13:20:45.312   CNC 8 Touch   INF   Device still active
2020-03-05 13:20:45.312   CNC 8 Touch   INF   Starting device loop
2020-03-05 13:20:45.312   CNC 8 Touch   INF   Downloading actual state
2020-03-05 13:20:45.401   CNC 8 Touch   INF   Actual state downloaded, elapsed: 89.071211ms
2020-03-05 13:20:45.402   CNC 8 Touch   INF   Actual workplace state: Poweroff
2020-03-05 13:20:45.402   CNC 8 Touch   INF   Checking open order
2020-03-05 13:20:45.460   CNC 8 Touch   INF   Open order checked, elapsed: 58.447572ms
2020-03-05 13:20:45.461   CNC 8 Touch   INF   Actual open order: 0
2020-03-05 13:20:45.461   CNC 8 Touch   INF   Checking open downtime
2020-03-05 13:20:45.510   CNC 8 Touch   INF   Open downtime checked, elapsed: 49.38175ms
2020-03-05 13:20:45.511   CNC 8 Touch   INF   Actual open downtime: 0
2020-03-05 13:20:45.511   CNC 8 Touch   INF   Poweroff state
2020-03-05 13:20:45.511   CNC 8 Touch   INF   Loop ended, elapsed: 198.554556ms
2020-03-05 13:20:45.511   CNC 8 Touch   INF   Sleeping for 9.801380934s
2020-03-05 13:20:55.312   CNC 8 Touch   INF   Device still active
2020-03-05 13:20:55.313   CNC 8 Touch   INF   Starting device loop
2020-03-05 13:20:55.313   CNC 8 Touch   INF   Downloading actual state
2020-03-05 13:20:55.334   CNC 8 Touch   INF   Actual state downloaded, elapsed: 20.939226ms
2020-03-05 13:20:55.334   CNC 8 Touch   INF   Actual workplace state: Poweroff
2020-03-05 13:20:55.334   CNC 8 Touch   INF   Checking open order
2020-03-05 13:20:55.381   CNC 8 Touch   INF   Open order checked, elapsed: 46.577801ms
2020-03-05 13:20:55.381   CNC 8 Touch   INF   Actual open order: 0
2020-03-05 13:20:55.381   CNC 8 Touch   INF   Checking open downtime
2020-03-05 13:20:55.438   CNC 8 Touch   INF   Open downtime checked, elapsed: 56.946025ms
2020-03-05 13:20:55.438   CNC 8 Touch   INF   Actual open downtime: 0
2020-03-05 13:20:55.438   CNC 8 Touch   INF   Poweroff state
2020-03-05 13:20:55.438   CNC 8 Touch   INF   Loop ended, elapsed: 125.603495ms
2020-03-05 13:20:55.439   CNC 8 Touch   INF   Sleeping for 9.874296905s
2020-03-05 13:21:05.313   CNC 8 Touch   INF   Device still active
2020-03-05 13:21:05.313   CNC 8 Touch   INF   Starting device loop
2020-03-05 13:21:05.313   CNC 8 Touch   INF   Downloading actual state
2020-03-05 13:21:05.461   CNC 8 Touch   INF   Actual state downloaded, elapsed: 146.969483ms
2020-03-05 13:21:05.462   CNC 8 Touch   INF   Actual workplace state: Poweroff
2020-03-05 13:21:05.462   CNC 8 Touch   INF   Checking open order
2020-03-05 13:21:05.533   CNC 8 Touch   INF   Open order checked, elapsed: 70.781657ms
2020-03-05 13:21:05.534   CNC 8 Touch   INF   Actual open order: 0
2020-03-05 13:21:05.534   CNC 8 Touch   INF   Checking open downtime
2020-03-05 13:21:05.617   CNC 8 Touch   INF   Open downtime checked, elapsed: 83.192355ms
2020-03-05 13:21:05.617   CNC 8 Touch   INF   Actual open downtime: 0
2020-03-05 13:21:05.617   CNC 8 Touch   INF   Poweroff state
2020-03-05 13:21:05.617   CNC 8 Touch   INF   Loop ended, elapsed: 304.079649ms
2020-03-05 13:21:05.617   CNC 8 Touch   INF   Sleeping for 9.695801022s
2020-03-05 13:21:15.314   CNC 8 Touch   INF   Device still active
2020-03-05 13:21:15.314   CNC 8 Touch   INF   Starting device loop
2020-03-05 13:21:15.314   CNC 8 Touch   INF   Downloading actual state
2020-03-05 13:21:15.426   CNC 8 Touch   INF   Actual state downloaded, elapsed: 112.308529ms
2020-03-05 13:21:15.427   CNC 8 Touch   INF   Actual workplace state: Poweroff
2020-03-05 13:21:15.427   CNC 8 Touch   INF   Checking open order
2020-03-05 13:21:15.495   CNC 8 Touch   INF   Open order checked, elapsed: 67.989086ms
2020-03-05 13:21:15.495   CNC 8 Touch   INF   Actual open order: 0
2020-03-05 13:21:15.495   CNC 8 Touch   INF   Checking open downtime
2020-03-05 13:21:15.566   CNC 8 Touch   INF   Open downtime checked, elapsed: 70.716699ms
2020-03-05 13:21:15.566   CNC 8 Touch   INF   Actual open downtime: 0
2020-03-05 13:21:15.566   CNC 8 Touch   INF   Poweroff state
2020-03-05 13:21:15.566   CNC 8 Touch   INF   Loop ended, elapsed: 252.406877ms
2020-03-05 13:21:15.566   CNC 8 Touch   INF   Sleeping for 9.747515495s
2020-03-05 13:21:25.314   CNC 8 Touch   INF   Device still active
2020-03-05 13:21:25.315   CNC 8 Touch   INF   Starting device loop
2020-03-05 13:21:25.315   CNC 8 Touch   INF   Downloading actual state
2020-03-05 13:21:25.370   CNC 8 Touch   INF   Actual state downloaded, elapsed: 54.913121ms
2020-03-05 13:21:25.370   CNC 8 Touch   INF   Actual workplace state: Poweroff
2020-03-05 13:21:25.370   CNC 8 Touch   INF   Checking open order
2020-03-05 13:21:25.409   CNC 8 Touch   INF   Open order checked, elapsed: 38.118339ms
2020-03-05 13:21:25.409   CNC 8 Touch   INF   Actual open order: 0
2020-03-05 13:21:25.409   CNC 8 Touch   INF   Checking open downtime
2020-03-05 13:21:25.472   CNC 8 Touch   INF   Open downtime checked, elapsed: 62.814241ms
2020-03-05 13:21:25.473   CNC 8 Touch   INF   Actual open downtime: 0
2020-03-05 13:21:25.473   CNC 8 Touch   INF   Poweroff state
2020-03-05 13:21:25.473   CNC 8 Touch   INF   Loop ended, elapsed: 158.492395ms
2020-03-05 13:21:25.474   CNC 8 Touch   INF   Sleeping for 9.841312148s
2020-03-05 13:21:35.315   CNC 8 Touch   INF   Device still active
2020-03-05 13:21:35.315   CNC 8 Touch   INF   Device not active, stopped running
2020-03-05 13:21:35.322   CNC 8 Touch   INF   Device started running
2020-03-05 13:21:35.322   CNC 8 Touch   INF   Device directory exists
2020-03-05 13:21:35.322   CNC 8 Touch   INF   Device not active, stopped running
2020-03-05 13:21:42.839   CNC 8 Touch   INF   Device started running
2020-03-05 13:21:42.839   CNC 8 Touch   INF   Device directory exists
2020-03-05 13:21:42.839   CNC 8 Touch   INF   Starting device loop
2020-03-05 13:21:42.839   CNC 8 Touch   INF   Downloading actual state
2020-03-05 13:21:42.856   CNC 8 Touch   INF   Actual state downloaded, elapsed: 17.467008ms
2020-03-05 13:21:42.857   CNC 8 Touch   INF   Actual workplace state: Poweroff
2020-03-05 13:21:42.857   CNC 8 Touch   INF   Checking open order
2020-03-05 13:21:42.903   CNC 8 Touch   INF   Open order checked, elapsed: 45.929402ms
2020-03-05 13:21:42.903   CNC 8 Touch   INF   Actual open order: 0
2020-03-05 13:21:42.903   CNC 8 Touch   INF   Checking open downtime
2020-03-05 13:21:42.951   CNC 8 Touch   INF   Open downtime checked, elapsed: 47.570719ms
2020-03-05 13:21:42.951   CNC 8 Touch   INF   Actual open downtime: 0
2020-03-05 13:21:42.951   CNC 8 Touch   INF   Poweroff state
2020-03-05 13:21:42.951   CNC 8 Touch   INF   Loop ended, elapsed: 112.511293ms
2020-03-05 13:21:42.952   CNC 8 Touch   INF   Sleeping for 9.887290864s
2020-03-05 13:21:52.839   CNC 8 Touch   INF   Device still active
2020-03-05 13:21:52.839   CNC 8 Touch   INF   Starting device loop
2020-03-05 13:21:52.839   CNC 8 Touch   INF   Downloading actual state
2020-03-05 13:21:52.948   CNC 8 Touch   INF   Actual state downloaded, elapsed: 108.095974ms
2020-03-05 13:21:52.948   CNC 8 Touch   INF   Actual workplace state: Poweroff
2020-03-05 13:21:52.948   CNC 8 Touch   INF   Checking open order
2020-03-05 13:21:53.070   CNC 8 Touch   INF   Open order checked, elapsed: 122.185421ms
2020-03-05 13:21:53.070   CNC 8 Touch   INF   Actual open order: 0
2020-03-05 13:21:53.071   CNC 8 Touch   INF   Checking open downtime
2020-03-05 13:21:53.114   CNC 8 Touch   INF   Open downtime checked, elapsed: 43.789035ms
2020-03-05 13:21:53.115   CNC 8 Touch   INF   Actual open downtime: 0
2020-03-05 13:21:53.115   CNC 8 Touch   INF   Poweroff state
2020-03-05 13:21:53.115   CNC 8 Touch   INF   Loop ended, elapsed: 275.464994ms
2020-03-05 13:21:53.115   CNC 8 Touch   INF   Sleeping for 9.724459471s
2020-03-05 13:22:02.840   CNC 8 Touch   INF   Device still active
2020-03-05 13:22:02.840   CNC 8 Touch   INF   Starting device loop
2020-03-05 13:22:02.841   CNC 8 Touch   INF   Downloading actual state
2020-03-05 13:22:02.947   CNC 8 Touch   INF   Actual state downloaded, elapsed: 106.019318ms
2020-03-05 13:22:02.947   CNC 8 Touch   INF   Actual workplace state: Poweroff
2020-03-05 13:22:02.947   CNC 8 Touch   INF   Checking open order
2020-03-05 13:22:03.092   CNC 8 Touch   INF   Open order checked, elapsed: 144.185322ms
2020-03-05 13:22:03.092   CNC 8 Touch   INF   Actual open order: 0
2020-03-05 13:22:03.092   CNC 8 Touch   INF   Checking open downtime
2020-03-05 13:22:03.190   CNC 8 Touch   INF   Open downtime checked, elapsed: 97.446374ms
2020-03-05 13:22:03.190   CNC 8 Touch   INF   Actual open downtime: 0
2020-03-05 13:22:03.190   CNC 8 Touch   INF   Poweroff state
2020-03-05 13:22:03.190   CNC 8 Touch   INF   Loop ended, elapsed: 349.31167ms
2020-03-05 13:22:03.190   CNC 8 Touch   INF   Sleeping for 9.650569223s
2020-03-05 13:22:12.841   CNC 8 Touch   INF   Device still active
2020-03-05 13:22:12.841   CNC 8 Touch   INF   Device not active, stopped running
2020-03-05 13:22:12.848   CNC 8 Touch   INF   Device started running
2020-03-05 13:22:12.848   CNC 8 Touch   INF   Device directory exists
2020-03-05 13:22:12.849   CNC 8 Touch   INF   Device not active, stopped running
2020-03-05 13:44:13.555   CNC 8 Touch   INF   Device started running
2020-03-05 13:44:13.555   CNC 8 Touch   INF   Device directory exists
2020-03-05 13:44:13.556   CNC 8 Touch   INF   Starting device loop
2020-03-05 13:44:13.556   CNC 8 Touch   INF   Downloading actual state
2020-03-05 13:44:13.623   CNC 8 Touch   INF   Actual state downloaded, elapsed: 66.709364ms
2020-03-05 13:44:13.623   CNC 8 Touch   INF   Actual workplace state: Downtime
2020-03-05 13:44:13.623   CNC 8 Touch   INF   Checking open order
2020-03-05 13:44:13.719   CNC 8 Touch   INF   Open order checked, elapsed: 95.690645ms
2020-03-05 13:44:13.719   CNC 8 Touch   INF   Actual open order: 0
2020-03-05 13:44:13.719   CNC 8 Touch   INF   Checking open downtime
2020-03-05 13:44:13.815   CNC 8 Touch   INF   Open downtime checked, elapsed: 96.002339ms
2020-03-05 13:44:13.817   CNC 8 Touch   INF   Actual open downtime: 0
2020-03-05 13:44:13.817   CNC 8 Touch   INF   Downtime state
2020-03-05 13:44:13.817   CNC 8 Touch   INF   Opening downtime
2020-03-05 13:44:13.930   CNC 8 Touch   INF   Downtime opened, elapsed: 112.237416ms
2020-03-05 13:44:13.930   CNC 8 Touch   INF   Loop ended, elapsed: 373.838514ms
2020-03-05 13:44:13.930   CNC 8 Touch   INF   Sleeping for 9.626043186s
2020-03-05 13:44:23.556   CNC 8 Touch   INF   Device still active
2020-03-05 13:44:23.556   CNC 8 Touch   INF   Device not active, stopped running
2020-03-05 13:45:25.076   CNC 8 Touch   INF   Device started running
2020-03-05 13:45:25.076   CNC 8 Touch   INF   Device directory exists
2020-03-05 13:45:25.077   CNC 8 Touch   INF   Starting device loop
2020-03-05 13:45:25.077   CNC 8 Touch   INF   Downloading actual state
2020-03-05 13:45:25.155   CNC 8 Touch   INF   Actual state downloaded, elapsed: 78.208907ms
2020-03-05 13:45:25.156   CNC 8 Touch   INF   Actual workplace state: Downtime
2020-03-05 13:45:25.156   CNC 8 Touch   INF   Checking open order
2020-03-05 13:45:25.229   CNC 8 Touch   INF   Open order checked, elapsed: 73.315957ms
2020-03-05 13:45:25.229   CNC 8 Touch   INF   Actual open order: 0
2020-03-05 13:45:25.229   CNC 8 Touch   INF   Checking open downtime
2020-03-05 13:45:25.328   CNC 8 Touch   INF   Open downtime checked, elapsed: 98.405517ms
2020-03-05 13:45:25.328   CNC 8 Touch   INF   Actual open downtime: 193
2020-03-05 13:45:25.328   CNC 8 Touch   INF   Downtime state
2020-03-05 13:45:25.328   CNC 8 Touch   INF   Updating downtime data
2020-03-05 13:45:25.395   CNC 8 Touch   INF   Downtime data updated, elapsed: 66.159878ms
2020-03-05 13:45:25.395   CNC 8 Touch   INF   Loop ended, elapsed: 317.927596ms
2020-03-05 13:45:25.395   CNC 8 Touch   INF   Sleeping for 9.68197234s
2020-03-05 13:45:35.077   CNC 8 Touch   INF   Device still active
2020-03-05 13:45:35.077   CNC 8 Touch   INF   Starting device loop
2020-03-05 13:45:35.077   CNC 8 Touch   INF   Downloading actual state
2020-03-05 13:45:35.154   CNC 8 Touch   INF   Actual state downloaded, elapsed: 76.672528ms
2020-03-05 13:45:35.154   CNC 8 Touch   INF   Actual workplace state: Downtime
2020-03-05 13:45:35.154   CNC 8 Touch   INF   Checking open order
2020-03-05 13:45:35.198   CNC 8 Touch   INF   Open order checked, elapsed: 43.076692ms
2020-03-05 13:45:35.198   CNC 8 Touch   INF   Actual open order: 0
2020-03-05 13:45:35.198   CNC 8 Touch   INF   Checking open downtime
2020-03-05 13:45:35.276   CNC 8 Touch   INF   Open downtime checked, elapsed: 77.684391ms
2020-03-05 13:45:35.276   CNC 8 Touch   INF   Actual open downtime: 193
2020-03-05 13:45:35.276   CNC 8 Touch   INF   Downtime state
2020-03-05 13:45:35.276   CNC 8 Touch   INF   Updating downtime data
2020-03-05 13:45:35.404   CNC 8 Touch   INF   Downtime data updated, elapsed: 127.572334ms
2020-03-05 13:45:35.405   CNC 8 Touch   INF   Loop ended, elapsed: 327.610333ms
2020-03-05 13:45:35.406   CNC 8 Touch   INF   Sleeping for 9.671827565s
2020-03-05 13:45:45.078   CNC 8 Touch   INF   Device still active
2020-03-05 13:45:45.078   CNC 8 Touch   INF   Starting device loop
2020-03-05 13:45:45.078   CNC 8 Touch   INF   Downloading actual state
2020-03-05 13:45:45.161   CNC 8 Touch   INF   Actual state downloaded, elapsed: 82.522818ms
2020-03-05 13:45:45.161   CNC 8 Touch   INF   Actual workplace state: Downtime
2020-03-05 13:45:45.161   CNC 8 Touch   INF   Checking open order
2020-03-05 13:45:45.224   CNC 8 Touch   INF   Open order checked, elapsed: 62.610493ms
2020-03-05 13:45:45.225   CNC 8 Touch   INF   Actual open order: 0
2020-03-05 13:45:45.225   CNC 8 Touch   INF   Checking open downtime
2020-03-05 13:45:45.302   CNC 8 Touch   INF   Open downtime checked, elapsed: 76.372622ms
2020-03-05 13:45:45.302   CNC 8 Touch   INF   Actual open downtime: 193
2020-03-05 13:45:45.302   CNC 8 Touch   INF   Downtime state
2020-03-05 13:45:45.302   CNC 8 Touch   INF   Updating downtime data
2020-03-05 13:45:45.408   CNC 8 Touch   INF   Downtime data updated, elapsed: 105.338901ms
2020-03-05 13:45:45.409   CNC 8 Touch   INF   Loop ended, elapsed: 329.996261ms
2020-03-05 13:45:45.409   CNC 8 Touch   INF   Sleeping for 9.669771487s
2020-03-05 13:45:55.079   CNC 8 Touch   INF   Device still active
2020-03-05 13:45:55.079   CNC 8 Touch   INF   Starting device loop
2020-03-05 13:45:55.079   CNC 8 Touch   INF   Downloading actual state
2020-03-05 13:45:55.134   CNC 8 Touch   INF   Actual state downloaded, elapsed: 54.865738ms
2020-03-05 13:45:55.134   CNC 8 Touch   INF   Actual workplace state: Downtime
2020-03-05 13:45:55.134   CNC 8 Touch   INF   Checking open order
2020-03-05 13:45:55.185   CNC 8 Touch   INF   Open order checked, elapsed: 50.840829ms
2020-03-05 13:45:55.185   CNC 8 Touch   INF   Actual open order: 0
2020-03-05 13:45:55.185   CNC 8 Touch   INF   Checking open downtime
2020-03-05 13:45:55.221   CNC 8 Touch   INF   Open downtime checked, elapsed: 35.174153ms
2020-03-05 13:45:55.221   CNC 8 Touch   INF   Actual open downtime: 193
2020-03-05 13:45:55.221   CNC 8 Touch   INF   Downtime state
2020-03-05 13:45:55.221   CNC 8 Touch   INF   Updating downtime data
2020-03-05 13:45:55.290   CNC 8 Touch   INF   Downtime data updated, elapsed: 68.546746ms
2020-03-05 13:45:55.290   CNC 8 Touch   INF   Loop ended, elapsed: 210.848015ms
2020-03-05 13:45:55.290   CNC 8 Touch   INF   Sleeping for 9.789086272s
2020-03-05 13:46:05.079   CNC 8 Touch   INF   Device still active
2020-03-05 13:46:05.079   CNC 8 Touch   INF   Device not active, stopped running
2020-03-05 13:46:05.096   CNC 8 Touch   INF   Device started running
2020-03-05 13:46:05.096   CNC 8 Touch   INF   Device directory exists
2020-03-05 13:46:05.096   CNC 8 Touch   INF   Device not active, stopped running
2020-03-05 14:28:59.251   CNC 8 Touch   INF   Device started running
2020-03-05 14:28:59.251   CNC 8 Touch   INF   Device directory exists
2020-03-05 14:28:59.252   CNC 8 Touch   INF   Starting device loop
2020-03-05 14:28:59.252   CNC 8 Touch   INF   Downloading actual state
2020-03-05 14:28:59.291   CNC 8 Touch   INF   Actual state downloaded, elapsed: 38.671678ms
2020-03-05 14:28:59.291   CNC 8 Touch   INF   Actual workplace state: Production
2020-03-05 14:28:59.291   CNC 8 Touch   INF   Checking open order
2020-03-05 14:28:59.345   CNC 8 Touch   INF   Open order checked, elapsed: 54.362081ms
2020-03-05 14:28:59.345   CNC 8 Touch   INF   Actual open order: 140
2020-03-05 14:28:59.346   CNC 8 Touch   INF   Checking open downtime
2020-03-05 14:28:59.425   CNC 8 Touch   INF   Open downtime checked, elapsed: 79.022096ms
2020-03-05 14:28:59.426   CNC 8 Touch   INF   Actual open downtime: 0
2020-03-05 14:28:59.427   CNC 8 Touch   INF   Production state
2020-03-05 14:28:59.427   CNC 8 Touch   INF   Updating order data
2020-03-05 14:28:59.544   CNC 8 Touch   INF   Order data updated, elapsed: 117.011694ms
2020-03-05 14:28:59.544   CNC 8 Touch   INF   Loop ended, elapsed: 292.69209ms
2020-03-05 14:28:59.545   CNC 8 Touch   INF   Sleeping for 9.707212293s
2020-03-05 14:29:09.252   CNC 8 Touch   INF   Device still active
2020-03-05 14:29:09.252   CNC 8 Touch   INF   Device not active, stopped running
2020-03-05 14:29:09.256   CNC 8 Touch   INF   Device started running
2020-03-05 14:29:09.256   CNC 8 Touch   INF   Device directory exists
2020-03-05 14:29:09.256   CNC 8 Touch   INF   Device not active, stopped running
