2020-03-05 13:19:55.305   CNC 7 Touch   INF   Device started running
2020-03-05 13:19:55.305   CNC 7 Touch   WRN   Device directory not exist, creating
2020-03-05 13:19:55.305   CNC 7 Touch   INF   Device directory created
2020-03-05 13:19:55.305   CNC 7 Touch   INF   Starting device loop
2020-03-05 13:19:55.306   CNC 7 Touch   INF   Downloading actual state
2020-03-05 13:19:55.503   CNC 7 Touch   INF   Actual state downloaded, elapsed: 197.174878ms
2020-03-05 13:19:55.503   CNC 7 Touch   INF   Actual workplace state: Poweroff
2020-03-05 13:19:55.503   CNC 7 Touch   INF   Checking open order
2020-03-05 13:19:55.653   CNC 7 Touch   INF   Open order checked, elapsed: 149.71311ms
2020-03-05 13:19:55.653   CNC 7 Touch   INF   Actual open order: 0
2020-03-05 13:19:55.653   CNC 7 Touch   INF   Checking open downtime
2020-03-05 13:19:55.847   CNC 7 Touch   INF   Open downtime checked, elapsed: 194.131076ms
2020-03-05 13:19:55.848   CNC 7 Touch   INF   Actual open downtime: 0
2020-03-05 13:19:55.848   CNC 7 Touch   INF   Poweroff state
2020-03-05 13:19:55.848   CNC 7 Touch   INF   Loop ended, elapsed: 542.30067ms
2020-03-05 13:19:55.848   CNC 7 Touch   INF   Sleeping for 9.457605912s
2020-03-05 13:20:05.306   CNC 7 Touch   INF   Device still active
2020-03-05 13:20:05.306   CNC 7 Touch   INF   Starting device loop
2020-03-05 13:20:05.306   CNC 7 Touch   INF   Downloading actual state
2020-03-05 13:20:05.427   CNC 7 Touch   INF   Actual state downloaded, elapsed: 120.86547ms
2020-03-05 13:20:05.427   CNC 7 Touch   INF   Actual workplace state: Poweroff
2020-03-05 13:20:05.427   CNC 7 Touch   INF   Checking open order
2020-03-05 13:20:05.590   CNC 7 Touch   INF   Open order checked, elapsed: 162.478297ms
2020-03-05 13:20:05.590   CNC 7 Touch   INF   Actual open order: 0
2020-03-05 13:20:05.590   CNC 7 Touch   INF   Checking open downtime
2020-03-05 13:20:05.666   CNC 7 Touch   INF   Open downtime checked, elapsed: 75.410458ms
2020-03-05 13:20:05.666   CNC 7 Touch   INF   Actual open downtime: 0
2020-03-05 13:20:05.666   CNC 7 Touch   INF   Poweroff state
2020-03-05 13:20:05.666   CNC 7 Touch   INF   Loop ended, elapsed: 360.135236ms
2020-03-05 13:20:05.666   CNC 7 Touch   INF   Sleeping for 9.639792018s
2020-03-05 13:20:15.306   CNC 7 Touch   INF   Device still active
2020-03-05 13:20:15.306   CNC 7 Touch   INF   Starting device loop
2020-03-05 13:20:15.306   CNC 7 Touch   INF   Downloading actual state
2020-03-05 13:20:15.462   CNC 7 Touch   INF   Actual state downloaded, elapsed: 154.918945ms
2020-03-05 13:20:15.462   CNC 7 Touch   INF   Actual workplace state: Poweroff
2020-03-05 13:20:15.462   CNC 7 Touch   INF   Checking open order
2020-03-05 13:20:15.532   CNC 7 Touch   INF   Open order checked, elapsed: 69.609089ms
2020-03-05 13:20:15.532   CNC 7 Touch   INF   Actual open order: 0
2020-03-05 13:20:15.532   CNC 7 Touch   INF   Checking open downtime
2020-03-05 13:20:15.571   CNC 7 Touch   INF   Open downtime checked, elapsed: 39.344775ms
2020-03-05 13:20:15.571   CNC 7 Touch   INF   Actual open downtime: 0
2020-03-05 13:20:15.572   CNC 7 Touch   INF   Poweroff state
2020-03-05 13:20:15.572   CNC 7 Touch   INF   Loop ended, elapsed: 265.241798ms
2020-03-05 13:20:15.572   CNC 7 Touch   INF   Sleeping for 9.734625147s
2020-03-05 13:20:25.307   CNC 7 Touch   INF   Device still active
2020-03-05 13:20:25.307   CNC 7 Touch   INF   Starting device loop
2020-03-05 13:20:25.307   CNC 7 Touch   INF   Downloading actual state
2020-03-05 13:20:25.430   CNC 7 Touch   INF   Actual state downloaded, elapsed: 122.75393ms
2020-03-05 13:20:25.430   CNC 7 Touch   INF   Actual workplace state: Poweroff
2020-03-05 13:20:25.430   CNC 7 Touch   INF   Checking open order
2020-03-05 13:20:25.524   CNC 7 Touch   INF   Open order checked, elapsed: 93.829652ms
2020-03-05 13:20:25.525   CNC 7 Touch   INF   Actual open order: 0
2020-03-05 13:20:25.525   CNC 7 Touch   INF   Checking open downtime
2020-03-05 13:20:25.607   CNC 7 Touch   INF   Open downtime checked, elapsed: 82.421425ms
2020-03-05 13:20:25.607   CNC 7 Touch   INF   Actual open downtime: 0
2020-03-05 13:20:25.608   CNC 7 Touch   INF   Poweroff state
2020-03-05 13:20:25.608   CNC 7 Touch   INF   Loop ended, elapsed: 300.80827ms
2020-03-05 13:20:25.608   CNC 7 Touch   INF   Sleeping for 9.699038671s
2020-03-05 13:20:35.307   CNC 7 Touch   INF   Device not active
2020-03-05 13:20:35.308   CNC 7 Touch   INF   Device not active, stopped running
2020-03-05 13:20:35.311   CNC 7 Touch   INF   Device started running
2020-03-05 13:20:35.311   CNC 7 Touch   INF   Device directory exists
2020-03-05 13:20:35.312   CNC 7 Touch   INF   Starting device loop
2020-03-05 13:20:35.312   CNC 7 Touch   INF   Downloading actual state
2020-03-05 13:20:35.402   CNC 7 Touch   INF   Actual state downloaded, elapsed: 89.713597ms
2020-03-05 13:20:35.402   CNC 7 Touch   INF   Actual workplace state: Poweroff
2020-03-05 13:20:35.402   CNC 7 Touch   INF   Checking open order
2020-03-05 13:20:35.508   CNC 7 Touch   INF   Open order checked, elapsed: 104.962196ms
2020-03-05 13:20:35.509   CNC 7 Touch   INF   Actual open order: 0
2020-03-05 13:20:35.509   CNC 7 Touch   INF   Checking open downtime
2020-03-05 13:20:35.655   CNC 7 Touch   INF   Open downtime checked, elapsed: 145.264702ms
2020-03-05 13:20:35.655   CNC 7 Touch   INF   Actual open downtime: 0
2020-03-05 13:20:35.655   CNC 7 Touch   INF   Poweroff state
2020-03-05 13:20:35.655   CNC 7 Touch   INF   Loop ended, elapsed: 343.268355ms
2020-03-05 13:20:35.655   CNC 7 Touch   INF   Sleeping for 9.656634685s
2020-03-05 13:20:45.312   CNC 7 Touch   INF   Device still active
2020-03-05 13:20:45.312   CNC 7 Touch   INF   Starting device loop
2020-03-05 13:20:45.312   CNC 7 Touch   INF   Downloading actual state
2020-03-05 13:20:45.352   CNC 7 Touch   INF   Actual state downloaded, elapsed: 39.662462ms
2020-03-05 13:20:45.352   CNC 7 Touch   INF   Actual workplace state: Poweroff
2020-03-05 13:20:45.352   CNC 7 Touch   INF   Checking open order
2020-03-05 13:20:45.408   CNC 7 Touch   INF   Open order checked, elapsed: 55.435553ms
2020-03-05 13:20:45.408   CNC 7 Touch   INF   Actual open order: 0
2020-03-05 13:20:45.408   CNC 7 Touch   INF   Checking open downtime
2020-03-05 13:20:45.472   CNC 7 Touch   INF   Open downtime checked, elapsed: 63.575646ms
2020-03-05 13:20:45.472   CNC 7 Touch   INF   Actual open downtime: 0
2020-03-05 13:20:45.472   CNC 7 Touch   INF   Poweroff state
2020-03-05 13:20:45.472   CNC 7 Touch   INF   Loop ended, elapsed: 159.953034ms
2020-03-05 13:20:45.472   CNC 7 Touch   INF   Sleeping for 9.839951254s
2020-03-05 13:20:55.312   CNC 7 Touch   INF   Device still active
2020-03-05 13:20:55.313   CNC 7 Touch   INF   Starting device loop
2020-03-05 13:20:55.313   CNC 7 Touch   INF   Downloading actual state
2020-03-05 13:20:55.357   CNC 7 Touch   INF   Actual state downloaded, elapsed: 43.935494ms
2020-03-05 13:20:55.357   CNC 7 Touch   INF   Actual workplace state: Poweroff
2020-03-05 13:20:55.357   CNC 7 Touch   INF   Checking open order
2020-03-05 13:20:55.409   CNC 7 Touch   INF   Open order checked, elapsed: 51.605147ms
2020-03-05 13:20:55.409   CNC 7 Touch   INF   Actual open order: 0
2020-03-05 13:20:55.409   CNC 7 Touch   INF   Checking open downtime
2020-03-05 13:20:55.460   CNC 7 Touch   INF   Open downtime checked, elapsed: 49.833289ms
2020-03-05 13:20:55.461   CNC 7 Touch   INF   Actual open downtime: 0
2020-03-05 13:20:55.461   CNC 7 Touch   INF   Poweroff state
2020-03-05 13:20:55.461   CNC 7 Touch   INF   Loop ended, elapsed: 148.579154ms
2020-03-05 13:20:55.461   CNC 7 Touch   INF   Sleeping for 9.85124338s
2020-03-05 13:21:05.313   CNC 7 Touch   INF   Device still active
2020-03-05 13:21:05.313   CNC 7 Touch   INF   Starting device loop
2020-03-05 13:21:05.313   CNC 7 Touch   INF   Downloading actual state
2020-03-05 13:21:05.432   CNC 7 Touch   INF   Actual state downloaded, elapsed: 117.868719ms
2020-03-05 13:21:05.432   CNC 7 Touch   INF   Actual workplace state: Poweroff
2020-03-05 13:21:05.432   CNC 7 Touch   INF   Checking open order
2020-03-05 13:21:05.499   CNC 7 Touch   INF   Open order checked, elapsed: 66.250409ms
2020-03-05 13:21:05.499   CNC 7 Touch   INF   Actual open order: 0
2020-03-05 13:21:05.499   CNC 7 Touch   INF   Checking open downtime
2020-03-05 13:21:05.566   CNC 7 Touch   INF   Open downtime checked, elapsed: 67.01003ms
2020-03-05 13:21:05.566   CNC 7 Touch   INF   Actual open downtime: 0
2020-03-05 13:21:05.566   CNC 7 Touch   INF   Poweroff state
2020-03-05 13:21:05.566   CNC 7 Touch   INF   Loop ended, elapsed: 252.990989ms
2020-03-05 13:21:05.566   CNC 7 Touch   INF   Sleeping for 9.746892679s
2020-03-05 13:21:15.314   CNC 7 Touch   INF   Device still active
2020-03-05 13:21:15.314   CNC 7 Touch   INF   Starting device loop
2020-03-05 13:21:15.314   CNC 7 Touch   INF   Downloading actual state
2020-03-05 13:21:15.359   CNC 7 Touch   INF   Actual state downloaded, elapsed: 44.640355ms
2020-03-05 13:21:15.360   CNC 7 Touch   INF   Actual workplace state: Poweroff
2020-03-05 13:21:15.361   CNC 7 Touch   INF   Checking open order
2020-03-05 13:21:15.471   CNC 7 Touch   INF   Open order checked, elapsed: 110.009428ms
2020-03-05 13:21:15.471   CNC 7 Touch   INF   Actual open order: 0
2020-03-05 13:21:15.471   CNC 7 Touch   INF   Checking open downtime
2020-03-05 13:21:15.577   CNC 7 Touch   INF   Open downtime checked, elapsed: 105.100063ms
2020-03-05 13:21:15.578   CNC 7 Touch   INF   Actual open downtime: 0
2020-03-05 13:21:15.578   CNC 7 Touch   INF   Poweroff state
2020-03-05 13:21:15.578   CNC 7 Touch   INF   Loop ended, elapsed: 264.309795ms
2020-03-05 13:21:15.578   CNC 7 Touch   INF   Sleeping for 9.735560101s
2020-03-05 13:21:25.314   CNC 7 Touch   INF   Device still active
2020-03-05 13:21:25.315   CNC 7 Touch   INF   Starting device loop
2020-03-05 13:21:25.315   CNC 7 Touch   INF   Downloading actual state
2020-03-05 13:21:25.443   CNC 7 Touch   INF   Actual state downloaded, elapsed: 128.315239ms
2020-03-05 13:21:25.443   CNC 7 Touch   INF   Actual workplace state: Poweroff
2020-03-05 13:21:25.444   CNC 7 Touch   INF   Checking open order
2020-03-05 13:21:25.513   CNC 7 Touch   INF   Open order checked, elapsed: 69.419671ms
2020-03-05 13:21:25.513   CNC 7 Touch   INF   Actual open order: 0
2020-03-05 13:21:25.513   CNC 7 Touch   INF   Checking open downtime
2020-03-05 13:21:25.585   CNC 7 Touch   INF   Open downtime checked, elapsed: 71.417209ms
2020-03-05 13:21:25.585   CNC 7 Touch   INF   Actual open downtime: 0
2020-03-05 13:21:25.585   CNC 7 Touch   INF   Poweroff state
2020-03-05 13:21:25.586   CNC 7 Touch   INF   Loop ended, elapsed: 270.798929ms
2020-03-05 13:21:25.586   CNC 7 Touch   INF   Sleeping for 9.729061898s
2020-03-05 13:21:35.315   CNC 7 Touch   INF   Device still active
2020-03-05 13:21:35.315   CNC 7 Touch   INF   Device not active, stopped running
2020-03-05 13:21:35.322   CNC 7 Touch   INF   Device started running
2020-03-05 13:21:35.322   CNC 7 Touch   INF   Device directory exists
2020-03-05 13:21:35.322   CNC 7 Touch   INF   Device not active, stopped running
2020-03-05 13:21:42.839   CNC 7 Touch   INF   Device started running
2020-03-05 13:21:42.839   CNC 7 Touch   INF   Device directory exists
2020-03-05 13:21:42.839   CNC 7 Touch   INF   Starting device loop
2020-03-05 13:21:42.839   CNC 7 Touch   INF   Downloading actual state
2020-03-05 13:21:42.900   CNC 7 Touch   INF   Actual state downloaded, elapsed: 60.776833ms
2020-03-05 13:21:42.900   CNC 7 Touch   INF   Actual workplace state: Poweroff
2020-03-05 13:21:42.900   CNC 7 Touch   INF   Checking open order
2020-03-05 13:21:42.959   CNC 7 Touch   INF   Open order checked, elapsed: 58.509894ms
2020-03-05 13:21:42.959   CNC 7 Touch   INF   Actual open order: 0
2020-03-05 13:21:42.959   CNC 7 Touch   INF   Checking open downtime
2020-03-05 13:21:43.007   CNC 7 Touch   INF   Open downtime checked, elapsed: 47.855431ms
2020-03-05 13:21:43.007   CNC 7 Touch   INF   Actual open downtime: 0
2020-03-05 13:21:43.008   CNC 7 Touch   INF   Poweroff state
2020-03-05 13:21:43.008   CNC 7 Touch   INF   Loop ended, elapsed: 169.00164ms
2020-03-05 13:21:43.008   CNC 7 Touch   INF   Sleeping for 9.830676049s
2020-03-05 13:21:52.839   CNC 7 Touch   INF   Device still active
2020-03-05 13:21:52.839   CNC 7 Touch   INF   Starting device loop
2020-03-05 13:21:52.839   CNC 7 Touch   INF   Downloading actual state
2020-03-05 13:21:52.901   CNC 7 Touch   INF   Actual state downloaded, elapsed: 61.232286ms
2020-03-05 13:21:52.901   CNC 7 Touch   INF   Actual workplace state: Poweroff
2020-03-05 13:21:52.901   CNC 7 Touch   INF   Checking open order
2020-03-05 13:21:52.979   CNC 7 Touch   INF   Open order checked, elapsed: 77.851382ms
2020-03-05 13:21:52.979   CNC 7 Touch   INF   Actual open order: 0
2020-03-05 13:21:52.979   CNC 7 Touch   INF   Checking open downtime
2020-03-05 13:21:53.043   CNC 7 Touch   INF   Open downtime checked, elapsed: 63.01289ms
2020-03-05 13:21:53.043   CNC 7 Touch   INF   Actual open downtime: 0
2020-03-05 13:21:53.043   CNC 7 Touch   INF   Poweroff state
2020-03-05 13:21:53.043   CNC 7 Touch   INF   Loop ended, elapsed: 203.364731ms
2020-03-05 13:21:53.043   CNC 7 Touch   INF   Sleeping for 9.79656409s
2020-03-05 13:22:02.840   CNC 7 Touch   INF   Device still active
2020-03-05 13:22:02.841   CNC 7 Touch   INF   Starting device loop
2020-03-05 13:22:02.841   CNC 7 Touch   INF   Downloading actual state
2020-03-05 13:22:03.015   CNC 7 Touch   INF   Actual state downloaded, elapsed: 173.490444ms
2020-03-05 13:22:03.016   CNC 7 Touch   INF   Actual workplace state: Poweroff
2020-03-05 13:22:03.016   CNC 7 Touch   INF   Checking open order
2020-03-05 13:22:03.131   CNC 7 Touch   INF   Open order checked, elapsed: 113.851876ms
2020-03-05 13:22:03.132   CNC 7 Touch   INF   Actual open order: 0
2020-03-05 13:22:03.132   CNC 7 Touch   INF   Checking open downtime
2020-03-05 13:22:03.292   CNC 7 Touch   INF   Open downtime checked, elapsed: 159.702817ms
2020-03-05 13:22:03.293   CNC 7 Touch   INF   Actual open downtime: 0
2020-03-05 13:22:03.293   CNC 7 Touch   INF   Poweroff state
2020-03-05 13:22:03.293   CNC 7 Touch   INF   Loop ended, elapsed: 452.267866ms
2020-03-05 13:22:03.293   CNC 7 Touch   INF   Sleeping for 9.54760567s
2020-03-05 13:22:12.841   CNC 7 Touch   INF   Device still active
2020-03-05 13:22:12.841   CNC 7 Touch   INF   Device not active, stopped running
2020-03-05 13:22:12.848   CNC 7 Touch   INF   Device started running
2020-03-05 13:22:12.848   CNC 7 Touch   INF   Device directory exists
2020-03-05 13:22:12.849   CNC 7 Touch   INF   Device not active, stopped running
