2020-03-05 13:19:55.303   CNC 4 Touch   INF   Device started running
2020-03-05 13:19:55.304   CNC 4 Touch   WRN   Device directory not exist, creating
2020-03-05 13:19:55.304   CNC 4 Touch   INF   Device directory created
2020-03-05 13:19:55.304   CNC 4 Touch   INF   Starting device loop
2020-03-05 13:19:55.304   CNC 4 Touch   INF   Downloading actual state
2020-03-05 13:19:55.405   CNC 4 Touch   INF   Actual state downloaded, elapsed: 101.174077ms
2020-03-05 13:19:55.406   CNC 4 Touch   INF   Actual workplace state: Poweroff
2020-03-05 13:19:55.406   CNC 4 Touch   INF   Checking open order
2020-03-05 13:19:55.548   CNC 4 Touch   INF   Open order checked, elapsed: 141.609193ms
2020-03-05 13:19:55.548   CNC 4 Touch   INF   Actual open order: 0
2020-03-05 13:19:55.548   CNC 4 Touch   INF   Checking open downtime
2020-03-05 13:19:55.693   CNC 4 Touch   INF   Open downtime checked, elapsed: 145.141641ms
2020-03-05 13:19:55.693   CNC 4 Touch   INF   Actual open downtime: 0
2020-03-05 13:19:55.693   CNC 4 Touch   INF   Poweroff state
2020-03-05 13:19:55.693   CNC 4 Touch   INF   Loop ended, elapsed: 389.431244ms
2020-03-05 13:19:55.694   CNC 4 Touch   INF   Sleeping for 9.610449586s
2020-03-05 13:20:05.304   CNC 4 Touch   INF   Device still active
2020-03-05 13:20:05.304   CNC 4 Touch   INF   Starting device loop
2020-03-05 13:20:05.305   CNC 4 Touch   INF   Downloading actual state
2020-03-05 13:20:05.353   CNC 4 Touch   INF   Actual state downloaded, elapsed: 48.292955ms
2020-03-05 13:20:05.353   CNC 4 Touch   INF   Actual workplace state: Poweroff
2020-03-05 13:20:05.353   CNC 4 Touch   INF   Checking open order
2020-03-05 13:20:05.517   CNC 4 Touch   INF   Open order checked, elapsed: 163.538162ms
2020-03-05 13:20:05.519   CNC 4 Touch   INF   Actual open order: 0
2020-03-05 13:20:05.519   CNC 4 Touch   INF   Checking open downtime
2020-03-05 13:20:05.619   CNC 4 Touch   INF   Open downtime checked, elapsed: 99.385647ms
2020-03-05 13:20:05.619   CNC 4 Touch   INF   Actual open downtime: 0
2020-03-05 13:20:05.619   CNC 4 Touch   INF   Poweroff state
2020-03-05 13:20:05.619   CNC 4 Touch   INF   Loop ended, elapsed: 314.340397ms
2020-03-05 13:20:05.619   CNC 4 Touch   INF   Sleeping for 9.685592894s
2020-03-05 13:20:15.305   CNC 4 Touch   INF   Device still active
2020-03-05 13:20:15.305   CNC 4 Touch   INF   Starting device loop
2020-03-05 13:20:15.305   CNC 4 Touch   INF   Downloading actual state
2020-03-05 13:20:15.381   CNC 4 Touch   INF   Actual state downloaded, elapsed: 76.248858ms
2020-03-05 13:20:15.382   CNC 4 Touch   INF   Actual workplace state: Poweroff
2020-03-05 13:20:15.382   CNC 4 Touch   INF   Checking open order
2020-03-05 13:20:15.448   CNC 4 Touch   INF   Open order checked, elapsed: 66.289223ms
2020-03-05 13:20:15.448   CNC 4 Touch   INF   Actual open order: 0
2020-03-05 13:20:15.448   CNC 4 Touch   INF   Checking open downtime
2020-03-05 13:20:15.521   CNC 4 Touch   INF   Open downtime checked, elapsed: 72.434639ms
2020-03-05 13:20:15.521   CNC 4 Touch   INF   Actual open downtime: 0
2020-03-05 13:20:15.521   CNC 4 Touch   INF   Poweroff state
2020-03-05 13:20:15.521   CNC 4 Touch   INF   Loop ended, elapsed: 216.378901ms
2020-03-05 13:20:15.522   CNC 4 Touch   INF   Sleeping for 9.783490901s
2020-03-05 13:20:25.305   CNC 4 Touch   INF   Device still active
2020-03-05 13:20:25.305   CNC 4 Touch   INF   Starting device loop
2020-03-05 13:20:25.305   CNC 4 Touch   INF   Downloading actual state
2020-03-05 13:20:25.348   CNC 4 Touch   INF   Actual state downloaded, elapsed: 42.058578ms
2020-03-05 13:20:25.348   CNC 4 Touch   INF   Actual workplace state: Poweroff
2020-03-05 13:20:25.348   CNC 4 Touch   INF   Checking open order
2020-03-05 13:20:25.397   CNC 4 Touch   INF   Open order checked, elapsed: 48.925827ms
2020-03-05 13:20:25.397   CNC 4 Touch   INF   Actual open order: 0
2020-03-05 13:20:25.397   CNC 4 Touch   INF   Checking open downtime
2020-03-05 13:20:25.459   CNC 4 Touch   INF   Open downtime checked, elapsed: 61.263969ms
2020-03-05 13:20:25.459   CNC 4 Touch   INF   Actual open downtime: 0
2020-03-05 13:20:25.459   CNC 4 Touch   INF   Poweroff state
2020-03-05 13:20:25.459   CNC 4 Touch   INF   Loop ended, elapsed: 153.918407ms
2020-03-05 13:20:25.459   CNC 4 Touch   INF   Sleeping for 9.845983237s
2020-03-05 13:20:35.306   CNC 4 Touch   INF   Device not active
2020-03-05 13:20:35.307   CNC 4 Touch   INF   Device not active, stopped running
2020-03-05 13:20:35.311   CNC 4 Touch   INF   Device started running
2020-03-05 13:20:35.311   CNC 4 Touch   INF   Device directory exists
2020-03-05 13:20:35.311   CNC 4 Touch   INF   Starting device loop
2020-03-05 13:20:35.311   CNC 4 Touch   INF   Downloading actual state
2020-03-05 13:20:35.381   CNC 4 Touch   INF   Actual state downloaded, elapsed: 68.991294ms
2020-03-05 13:20:35.381   CNC 4 Touch   INF   Actual workplace state: Poweroff
2020-03-05 13:20:35.381   CNC 4 Touch   INF   Checking open order
2020-03-05 13:20:35.478   CNC 4 Touch   INF   Open order checked, elapsed: 96.942235ms
2020-03-05 13:20:35.478   CNC 4 Touch   INF   Actual open order: 0
2020-03-05 13:20:35.479   CNC 4 Touch   INF   Checking open downtime
2020-03-05 13:20:35.605   CNC 4 Touch   INF   Open downtime checked, elapsed: 125.099402ms
2020-03-05 13:20:35.606   CNC 4 Touch   INF   Actual open downtime: 0
2020-03-05 13:20:35.607   CNC 4 Touch   INF   Poweroff state
2020-03-05 13:20:35.607   CNC 4 Touch   INF   Loop ended, elapsed: 295.64621ms
2020-03-05 13:20:35.607   CNC 4 Touch   INF   Sleeping for 9.7040662s
2020-03-05 13:20:45.312   CNC 4 Touch   INF   Device still active
2020-03-05 13:20:45.312   CNC 4 Touch   INF   Starting device loop
2020-03-05 13:20:45.312   CNC 4 Touch   INF   Downloading actual state
2020-03-05 13:20:45.370   CNC 4 Touch   INF   Actual state downloaded, elapsed: 57.841426ms
2020-03-05 13:20:45.370   CNC 4 Touch   INF   Actual workplace state: Poweroff
2020-03-05 13:20:45.371   CNC 4 Touch   INF   Checking open order
2020-03-05 13:20:45.448   CNC 4 Touch   INF   Open order checked, elapsed: 77.403194ms
2020-03-05 13:20:45.448   CNC 4 Touch   INF   Actual open order: 0
2020-03-05 13:20:45.448   CNC 4 Touch   INF   Checking open downtime
2020-03-05 13:20:45.495   CNC 4 Touch   INF   Open downtime checked, elapsed: 46.880342ms
2020-03-05 13:20:45.495   CNC 4 Touch   INF   Actual open downtime: 0
2020-03-05 13:20:45.495   CNC 4 Touch   INF   Poweroff state
2020-03-05 13:20:45.496   CNC 4 Touch   INF   Loop ended, elapsed: 183.550925ms
2020-03-05 13:20:45.496   CNC 4 Touch   INF   Sleeping for 9.816364414s
2020-03-05 13:20:55.312   CNC 4 Touch   INF   Device still active
2020-03-05 13:20:55.313   CNC 4 Touch   INF   Starting device loop
2020-03-05 13:20:55.313   CNC 4 Touch   INF   Downloading actual state
2020-03-05 13:20:55.378   CNC 4 Touch   INF   Actual state downloaded, elapsed: 65.178449ms
2020-03-05 13:20:55.378   CNC 4 Touch   INF   Actual workplace state: Poweroff
2020-03-05 13:20:55.378   CNC 4 Touch   INF   Checking open order
2020-03-05 13:20:55.432   CNC 4 Touch   INF   Open order checked, elapsed: 53.795438ms
2020-03-05 13:20:55.432   CNC 4 Touch   INF   Actual open order: 0
2020-03-05 13:20:55.432   CNC 4 Touch   INF   Checking open downtime
2020-03-05 13:20:55.484   CNC 4 Touch   INF   Open downtime checked, elapsed: 51.786913ms
2020-03-05 13:20:55.484   CNC 4 Touch   INF   Actual open downtime: 0
2020-03-05 13:20:55.484   CNC 4 Touch   INF   Poweroff state
2020-03-05 13:20:55.484   CNC 4 Touch   INF   Loop ended, elapsed: 171.862639ms
2020-03-05 13:20:55.485   CNC 4 Touch   INF   Sleeping for 9.828075936s
2020-03-05 13:21:05.313   CNC 4 Touch   INF   Device still active
2020-03-05 13:21:05.313   CNC 4 Touch   INF   Starting device loop
2020-03-05 13:21:05.313   CNC 4 Touch   INF   Downloading actual state
2020-03-05 13:21:05.435   CNC 4 Touch   INF   Actual state downloaded, elapsed: 121.568119ms
2020-03-05 13:21:05.435   CNC 4 Touch   INF   Actual workplace state: Poweroff
2020-03-05 13:21:05.435   CNC 4 Touch   INF   Checking open order
2020-03-05 13:21:05.530   CNC 4 Touch   INF   Open order checked, elapsed: 94.885311ms
2020-03-05 13:21:05.531   CNC 4 Touch   INF   Actual open order: 0
2020-03-05 13:21:05.531   CNC 4 Touch   INF   Checking open downtime
2020-03-05 13:21:05.624   CNC 4 Touch   INF   Open downtime checked, elapsed: 93.386302ms
2020-03-05 13:21:05.625   CNC 4 Touch   INF   Actual open downtime: 0
2020-03-05 13:21:05.625   CNC 4 Touch   INF   Poweroff state
2020-03-05 13:21:05.625   CNC 4 Touch   INF   Loop ended, elapsed: 311.92753ms
2020-03-05 13:21:05.625   CNC 4 Touch   INF   Sleeping for 9.687931069s
2020-03-05 13:21:15.313   CNC 4 Touch   INF   Device still active
2020-03-05 13:21:15.314   CNC 4 Touch   INF   Starting device loop
2020-03-05 13:21:15.314   CNC 4 Touch   INF   Downloading actual state
2020-03-05 13:21:15.394   CNC 4 Touch   INF   Actual state downloaded, elapsed: 79.743529ms
2020-03-05 13:21:15.394   CNC 4 Touch   INF   Actual workplace state: Poweroff
2020-03-05 13:21:15.394   CNC 4 Touch   INF   Checking open order
2020-03-05 13:21:15.468   CNC 4 Touch   INF   Open order checked, elapsed: 74.08652ms
2020-03-05 13:21:15.468   CNC 4 Touch   INF   Actual open order: 0
2020-03-05 13:21:15.468   CNC 4 Touch   INF   Checking open downtime
2020-03-05 13:21:15.562   CNC 4 Touch   INF   Open downtime checked, elapsed: 93.822167ms
2020-03-05 13:21:15.563   CNC 4 Touch   INF   Actual open downtime: 0
2020-03-05 13:21:15.563   CNC 4 Touch   INF   Poweroff state
2020-03-05 13:21:15.563   CNC 4 Touch   INF   Loop ended, elapsed: 249.157356ms
2020-03-05 13:21:15.563   CNC 4 Touch   INF   Sleeping for 9.750755405s
2020-03-05 13:21:25.314   CNC 4 Touch   INF   Device still active
2020-03-05 13:21:25.315   CNC 4 Touch   INF   Starting device loop
2020-03-05 13:21:25.315   CNC 4 Touch   INF   Downloading actual state
2020-03-05 13:21:25.363   CNC 4 Touch   INF   Actual state downloaded, elapsed: 48.103415ms
2020-03-05 13:21:25.363   CNC 4 Touch   INF   Actual workplace state: Poweroff
2020-03-05 13:21:25.363   CNC 4 Touch   INF   Checking open order
2020-03-05 13:21:25.407   CNC 4 Touch   INF   Open order checked, elapsed: 43.788932ms
2020-03-05 13:21:25.407   CNC 4 Touch   INF   Actual open order: 0
2020-03-05 13:21:25.407   CNC 4 Touch   INF   Checking open downtime
2020-03-05 13:21:25.467   CNC 4 Touch   INF   Open downtime checked, elapsed: 59.569546ms
2020-03-05 13:21:25.467   CNC 4 Touch   INF   Actual open downtime: 0
2020-03-05 13:21:25.467   CNC 4 Touch   INF   Poweroff state
2020-03-05 13:21:25.467   CNC 4 Touch   INF   Loop ended, elapsed: 152.66793ms
2020-03-05 13:21:25.467   CNC 4 Touch   INF   Sleeping for 9.847239568s
2020-03-05 13:21:35.315   CNC 4 Touch   INF   Device still active
2020-03-05 13:21:35.315   CNC 4 Touch   INF   Device not active, stopped running
2020-03-05 13:21:35.322   CNC 4 Touch   INF   Device started running
2020-03-05 13:21:35.322   CNC 4 Touch   INF   Device directory exists
2020-03-05 13:21:35.322   CNC 4 Touch   INF   Device not active, stopped running
2020-03-05 13:21:42.839   CNC 4 Touch   INF   Device started running
2020-03-05 13:21:42.840   CNC 4 Touch   INF   Device directory exists
2020-03-05 13:21:42.840   CNC 4 Touch   INF   Starting device loop
2020-03-05 13:21:42.840   CNC 4 Touch   INF   Downloading actual state
2020-03-05 13:21:42.893   CNC 4 Touch   INF   Actual state downloaded, elapsed: 53.011408ms
2020-03-05 13:21:42.893   CNC 4 Touch   INF   Actual workplace state: Poweroff
2020-03-05 13:21:42.893   CNC 4 Touch   INF   Checking open order
2020-03-05 13:21:42.941   CNC 4 Touch   INF   Open order checked, elapsed: 47.273589ms
2020-03-05 13:21:42.942   CNC 4 Touch   INF   Actual open order: 0
2020-03-05 13:21:42.942   CNC 4 Touch   INF   Checking open downtime
2020-03-05 13:21:42.978   CNC 4 Touch   INF   Open downtime checked, elapsed: 35.769906ms
2020-03-05 13:21:42.978   CNC 4 Touch   INF   Actual open downtime: 0
2020-03-05 13:21:42.978   CNC 4 Touch   INF   Poweroff state
2020-03-05 13:21:42.978   CNC 4 Touch   INF   Loop ended, elapsed: 138.167684ms
2020-03-05 13:21:42.978   CNC 4 Touch   INF   Sleeping for 9.861684783s
2020-03-05 13:21:52.841   CNC 4 Touch   INF   Device still active
2020-03-05 13:21:52.841   CNC 4 Touch   INF   Starting device loop
2020-03-05 13:21:52.841   CNC 4 Touch   INF   Downloading actual state
2020-03-05 13:21:52.905   CNC 4 Touch   INF   Actual state downloaded, elapsed: 64.181542ms
2020-03-05 13:21:52.905   CNC 4 Touch   INF   Actual workplace state: Poweroff
2020-03-05 13:21:52.905   CNC 4 Touch   INF   Checking open order
2020-03-05 13:21:52.977   CNC 4 Touch   INF   Open order checked, elapsed: 71.848016ms
2020-03-05 13:21:52.978   CNC 4 Touch   INF   Actual open order: 0
2020-03-05 13:21:52.978   CNC 4 Touch   INF   Checking open downtime
2020-03-05 13:21:53.086   CNC 4 Touch   INF   Open downtime checked, elapsed: 108.438597ms
2020-03-05 13:21:53.086   CNC 4 Touch   INF   Actual open downtime: 0
2020-03-05 13:21:53.086   CNC 4 Touch   INF   Poweroff state
2020-03-05 13:21:53.086   CNC 4 Touch   INF   Loop ended, elapsed: 245.566529ms
2020-03-05 13:21:53.087   CNC 4 Touch   INF   Sleeping for 9.754321234s
2020-03-05 13:22:02.841   CNC 4 Touch   INF   Device still active
2020-03-05 13:22:02.841   CNC 4 Touch   INF   Starting device loop
2020-03-05 13:22:02.841   CNC 4 Touch   INF   Downloading actual state
2020-03-05 13:22:02.906   CNC 4 Touch   INF   Actual state downloaded, elapsed: 64.334516ms
2020-03-05 13:22:02.906   CNC 4 Touch   INF   Actual workplace state: Poweroff
2020-03-05 13:22:02.906   CNC 4 Touch   INF   Checking open order
2020-03-05 13:22:03.004   CNC 4 Touch   INF   Open order checked, elapsed: 97.52616ms
2020-03-05 13:22:03.004   CNC 4 Touch   INF   Actual open order: 0
2020-03-05 13:22:03.004   CNC 4 Touch   INF   Checking open downtime
2020-03-05 13:22:03.106   CNC 4 Touch   INF   Open downtime checked, elapsed: 101.578037ms
2020-03-05 13:22:03.107   CNC 4 Touch   INF   Actual open downtime: 0
2020-03-05 13:22:03.107   CNC 4 Touch   INF   Poweroff state
2020-03-05 13:22:03.107   CNC 4 Touch   INF   Loop ended, elapsed: 265.264529ms
2020-03-05 13:22:03.107   CNC 4 Touch   INF   Sleeping for 9.734655347s
2020-03-05 13:22:12.842   CNC 4 Touch   INF   Device still active
2020-03-05 13:22:12.842   CNC 4 Touch   INF   Device not active, stopped running
2020-03-05 13:22:12.848   CNC 4 Touch   INF   Device started running
2020-03-05 13:22:12.849   CNC 4 Touch   INF   Device directory exists
2020-03-05 13:22:12.849   CNC 4 Touch   INF   Device not active, stopped running
