2020-03-05 13:19:55.304   CNC 1 Touch   INF   Device started running
2020-03-05 13:19:55.304   CNC 1 Touch   WRN   Device directory not exist, creating
2020-03-05 13:19:55.304   CNC 1 Touch   INF   Device directory created
2020-03-05 13:19:55.305   CNC 1 Touch   INF   Starting device loop
2020-03-05 13:19:55.305   CNC 1 Touch   INF   Downloading actual state
2020-03-05 13:19:55.465   CNC 1 Touch   INF   Actual state downloaded, elapsed: 160.298507ms
2020-03-05 13:19:55.466   CNC 1 Touch   INF   Actual workplace state: Downtime
2020-03-05 13:19:55.466   CNC 1 Touch   INF   Checking open order
2020-03-05 13:19:55.613   CNC 1 Touch   INF   Open order checked, elapsed: 147.237301ms
2020-03-05 13:19:55.614   CNC 1 Touch   INF   Actual open order: 0
2020-03-05 13:19:55.614   CNC 1 Touch   INF   Checking open downtime
2020-03-05 13:19:55.757   CNC 1 Touch   INF   Open downtime checked, elapsed: 142.330245ms
2020-03-05 13:19:55.757   CNC 1 Touch   INF   Actual open downtime: 190
2020-03-05 13:19:55.757   CNC 1 Touch   INF   Downtime state
2020-03-05 13:19:55.757   CNC 1 Touch   INF   Updating downtime data
2020-03-05 13:19:55.866   CNC 1 Touch   INF   Downtime data updated, elapsed: 108.359421ms
2020-03-05 13:19:55.867   CNC 1 Touch   INF   Loop ended, elapsed: 561.433985ms
2020-03-05 13:19:55.867   CNC 1 Touch   INF   Sleeping for 9.43823339s
2020-03-05 13:20:05.305   CNC 1 Touch   INF   Device still active
2020-03-05 13:20:05.305   CNC 1 Touch   INF   Starting device loop
2020-03-05 13:20:05.305   CNC 1 Touch   INF   Downloading actual state
2020-03-05 13:20:05.386   CNC 1 Touch   INF   Actual state downloaded, elapsed: 80.729715ms
2020-03-05 13:20:05.387   CNC 1 Touch   INF   Actual workplace state: Downtime
2020-03-05 13:20:05.387   CNC 1 Touch   INF   Checking open order
2020-03-05 13:20:05.463   CNC 1 Touch   INF   Open order checked, elapsed: 75.870805ms
2020-03-05 13:20:05.463   CNC 1 Touch   INF   Actual open order: 0
2020-03-05 13:20:05.463   CNC 1 Touch   INF   Checking open downtime
2020-03-05 13:20:05.531   CNC 1 Touch   INF   Open downtime checked, elapsed: 67.803053ms
2020-03-05 13:20:05.531   CNC 1 Touch   INF   Actual open downtime: 190
2020-03-05 13:20:05.531   CNC 1 Touch   INF   Downtime state
2020-03-05 13:20:05.531   CNC 1 Touch   INF   Updating downtime data
2020-03-05 13:20:05.648   CNC 1 Touch   INF   Downtime data updated, elapsed: 116.517228ms
2020-03-05 13:20:05.648   CNC 1 Touch   INF   Loop ended, elapsed: 342.701473ms
2020-03-05 13:20:05.648   CNC 1 Touch   INF   Sleeping for 9.657169495s
2020-03-05 13:20:15.306   CNC 1 Touch   INF   Device still active
2020-03-05 13:20:15.306   CNC 1 Touch   INF   Starting device loop
2020-03-05 13:20:15.306   CNC 1 Touch   INF   Downloading actual state
2020-03-05 13:20:15.368   CNC 1 Touch   INF   Actual state downloaded, elapsed: 61.994426ms
2020-03-05 13:20:15.368   CNC 1 Touch   INF   Actual workplace state: Downtime
2020-03-05 13:20:15.369   CNC 1 Touch   INF   Checking open order
2020-03-05 13:20:15.429   CNC 1 Touch   INF   Open order checked, elapsed: 59.692463ms
2020-03-05 13:20:15.429   CNC 1 Touch   INF   Actual open order: 0
2020-03-05 13:20:15.429   CNC 1 Touch   INF   Checking open downtime
2020-03-05 13:20:15.499   CNC 1 Touch   INF   Open downtime checked, elapsed: 70.283645ms
2020-03-05 13:20:15.499   CNC 1 Touch   INF   Actual open downtime: 190
2020-03-05 13:20:15.499   CNC 1 Touch   INF   Downtime state
2020-03-05 13:20:15.500   CNC 1 Touch   INF   Updating downtime data
2020-03-05 13:20:15.562   CNC 1 Touch   INF   Downtime data updated, elapsed: 62.053987ms
2020-03-05 13:20:15.562   CNC 1 Touch   INF   Loop ended, elapsed: 256.129306ms
2020-03-05 13:20:15.562   CNC 1 Touch   INF   Sleeping for 9.743745771s
2020-03-05 13:20:25.306   CNC 1 Touch   INF   Device still active
2020-03-05 13:20:25.306   CNC 1 Touch   INF   Starting device loop
2020-03-05 13:20:25.306   CNC 1 Touch   INF   Downloading actual state
2020-03-05 13:20:25.394   CNC 1 Touch   INF   Actual state downloaded, elapsed: 87.455868ms
2020-03-05 13:20:25.394   CNC 1 Touch   INF   Actual workplace state: Downtime
2020-03-05 13:20:25.394   CNC 1 Touch   INF   Checking open order
2020-03-05 13:20:25.465   CNC 1 Touch   INF   Open order checked, elapsed: 70.860339ms
2020-03-05 13:20:25.465   CNC 1 Touch   INF   Actual open order: 0
2020-03-05 13:20:25.466   CNC 1 Touch   INF   Checking open downtime
2020-03-05 13:20:25.541   CNC 1 Touch   INF   Open downtime checked, elapsed: 75.35607ms
2020-03-05 13:20:25.541   CNC 1 Touch   INF   Actual open downtime: 190
2020-03-05 13:20:25.541   CNC 1 Touch   INF   Downtime state
2020-03-05 13:20:25.541   CNC 1 Touch   INF   Updating downtime data
2020-03-05 13:20:25.643   CNC 1 Touch   INF   Downtime data updated, elapsed: 101.206655ms
2020-03-05 13:20:25.643   CNC 1 Touch   INF   Loop ended, elapsed: 336.653545ms
2020-03-05 13:20:25.643   CNC 1 Touch   INF   Sleeping for 9.663254192s
2020-03-05 13:20:35.307   CNC 1 Touch   INF   Device not active
2020-03-05 13:20:35.307   CNC 1 Touch   INF   Device not active, stopped running
2020-03-05 13:20:35.311   CNC 1 Touch   INF   Device started running
2020-03-05 13:20:35.311   CNC 1 Touch   INF   Device directory exists
2020-03-05 13:20:35.311   CNC 1 Touch   INF   Starting device loop
2020-03-05 13:20:35.312   CNC 1 Touch   INF   Downloading actual state
2020-03-05 13:20:35.418   CNC 1 Touch   INF   Actual state downloaded, elapsed: 106.181178ms
2020-03-05 13:20:35.418   CNC 1 Touch   INF   Actual workplace state: Downtime
2020-03-05 13:20:35.418   CNC 1 Touch   INF   Checking open order
2020-03-05 13:20:35.530   CNC 1 Touch   INF   Open order checked, elapsed: 111.017317ms
2020-03-05 13:20:35.530   CNC 1 Touch   INF   Actual open order: 0
2020-03-05 13:20:35.530   CNC 1 Touch   INF   Checking open downtime
2020-03-05 13:20:35.593   CNC 1 Touch   INF   Open downtime checked, elapsed: 63.140592ms
2020-03-05 13:20:35.593   CNC 1 Touch   INF   Actual open downtime: 190
2020-03-05 13:20:35.593   CNC 1 Touch   INF   Downtime state
2020-03-05 13:20:35.594   CNC 1 Touch   INF   Updating downtime data
2020-03-05 13:20:35.686   CNC 1 Touch   INF   Downtime data updated, elapsed: 92.33957ms
2020-03-05 13:20:35.686   CNC 1 Touch   INF   Loop ended, elapsed: 374.592697ms
2020-03-05 13:20:35.686   CNC 1 Touch   INF   Sleeping for 9.625299934s
2020-03-05 13:20:45.312   CNC 1 Touch   INF   Device still active
2020-03-05 13:20:45.312   CNC 1 Touch   INF   Starting device loop
2020-03-05 13:20:45.312   CNC 1 Touch   INF   Downloading actual state
2020-03-05 13:20:45.355   CNC 1 Touch   INF   Actual state downloaded, elapsed: 43.051042ms
2020-03-05 13:20:45.356   CNC 1 Touch   INF   Actual workplace state: Downtime
2020-03-05 13:20:45.356   CNC 1 Touch   INF   Checking open order
2020-03-05 13:20:45.431   CNC 1 Touch   INF   Open order checked, elapsed: 74.549399ms
2020-03-05 13:20:45.431   CNC 1 Touch   INF   Actual open order: 0
2020-03-05 13:20:45.431   CNC 1 Touch   INF   Checking open downtime
2020-03-05 13:20:45.496   CNC 1 Touch   INF   Open downtime checked, elapsed: 64.214071ms
2020-03-05 13:20:45.496   CNC 1 Touch   INF   Actual open downtime: 190
2020-03-05 13:20:45.496   CNC 1 Touch   INF   Downtime state
2020-03-05 13:20:45.496   CNC 1 Touch   INF   Updating downtime data
2020-03-05 13:20:45.549   CNC 1 Touch   INF   Downtime data updated, elapsed: 52.397264ms
2020-03-05 13:20:45.549   CNC 1 Touch   INF   Loop ended, elapsed: 236.572472ms
2020-03-05 13:20:45.549   CNC 1 Touch   INF   Sleeping for 9.763299037s
2020-03-05 13:20:55.312   CNC 1 Touch   INF   Device still active
2020-03-05 13:20:55.313   CNC 1 Touch   INF   Starting device loop
2020-03-05 13:20:55.313   CNC 1 Touch   INF   Downloading actual state
2020-03-05 13:20:55.375   CNC 1 Touch   INF   Actual state downloaded, elapsed: 61.760334ms
2020-03-05 13:20:55.375   CNC 1 Touch   INF   Actual workplace state: Downtime
2020-03-05 13:20:55.375   CNC 1 Touch   INF   Checking open order
2020-03-05 13:20:55.431   CNC 1 Touch   INF   Open order checked, elapsed: 56.057379ms
2020-03-05 13:20:55.431   CNC 1 Touch   INF   Actual open order: 0
2020-03-05 13:20:55.431   CNC 1 Touch   INF   Checking open downtime
2020-03-05 13:20:55.480   CNC 1 Touch   INF   Open downtime checked, elapsed: 48.487525ms
2020-03-05 13:20:55.480   CNC 1 Touch   INF   Actual open downtime: 190
2020-03-05 13:20:55.480   CNC 1 Touch   INF   Downtime state
2020-03-05 13:20:55.480   CNC 1 Touch   INF   Updating downtime data
2020-03-05 13:20:55.538   CNC 1 Touch   INF   Downtime data updated, elapsed: 57.560582ms
2020-03-05 13:20:55.538   CNC 1 Touch   INF   Loop ended, elapsed: 225.194282ms
2020-03-05 13:20:55.538   CNC 1 Touch   INF   Sleeping for 9.774701445s
2020-03-05 13:21:05.313   CNC 1 Touch   INF   Device still active
2020-03-05 13:21:05.313   CNC 1 Touch   INF   Starting device loop
2020-03-05 13:21:05.313   CNC 1 Touch   INF   Downloading actual state
2020-03-05 13:21:05.432   CNC 1 Touch   INF   Actual state downloaded, elapsed: 117.808124ms
2020-03-05 13:21:05.432   CNC 1 Touch   INF   Actual workplace state: Downtime
2020-03-05 13:21:05.432   CNC 1 Touch   INF   Checking open order
2020-03-05 13:21:05.524   CNC 1 Touch   INF   Open order checked, elapsed: 91.547374ms
2020-03-05 13:21:05.524   CNC 1 Touch   INF   Actual open order: 0
2020-03-05 13:21:05.524   CNC 1 Touch   INF   Checking open downtime
2020-03-05 13:21:05.596   CNC 1 Touch   INF   Open downtime checked, elapsed: 71.309001ms
2020-03-05 13:21:05.596   CNC 1 Touch   INF   Actual open downtime: 190
2020-03-05 13:21:05.596   CNC 1 Touch   INF   Downtime state
2020-03-05 13:21:05.596   CNC 1 Touch   INF   Updating downtime data
2020-03-05 13:21:05.658   CNC 1 Touch   INF   Downtime data updated, elapsed: 62.161794ms
2020-03-05 13:21:05.658   CNC 1 Touch   INF   Loop ended, elapsed: 345.006035ms
2020-03-05 13:21:05.659   CNC 1 Touch   INF   Sleeping for 9.654880471s
2020-03-05 13:21:15.314   CNC 1 Touch   INF   Device still active
2020-03-05 13:21:15.314   CNC 1 Touch   INF   Starting device loop
2020-03-05 13:21:15.314   CNC 1 Touch   INF   Downloading actual state
2020-03-05 13:21:15.397   CNC 1 Touch   INF   Actual state downloaded, elapsed: 83.114817ms
2020-03-05 13:21:15.398   CNC 1 Touch   INF   Actual workplace state: Downtime
2020-03-05 13:21:15.398   CNC 1 Touch   INF   Checking open order
2020-03-05 13:21:15.464   CNC 1 Touch   INF   Open order checked, elapsed: 65.835346ms
2020-03-05 13:21:15.464   CNC 1 Touch   INF   Actual open order: 0
2020-03-05 13:21:15.464   CNC 1 Touch   INF   Checking open downtime
2020-03-05 13:21:15.584   CNC 1 Touch   INF   Open downtime checked, elapsed: 120.241451ms
2020-03-05 13:21:15.585   CNC 1 Touch   INF   Actual open downtime: 190
2020-03-05 13:21:15.585   CNC 1 Touch   INF   Downtime state
2020-03-05 13:21:15.585   CNC 1 Touch   INF   Updating downtime data
2020-03-05 13:21:15.658   CNC 1 Touch   INF   Downtime data updated, elapsed: 72.280021ms
2020-03-05 13:21:15.658   CNC 1 Touch   INF   Loop ended, elapsed: 343.994167ms
2020-03-05 13:21:15.658   CNC 1 Touch   INF   Sleeping for 9.655870189s
2020-03-05 13:21:25.314   CNC 1 Touch   INF   Device still active
2020-03-05 13:21:25.315   CNC 1 Touch   INF   Starting device loop
2020-03-05 13:21:25.315   CNC 1 Touch   INF   Downloading actual state
2020-03-05 13:21:25.359   CNC 1 Touch   INF   Actual state downloaded, elapsed: 44.269329ms
2020-03-05 13:21:25.360   CNC 1 Touch   INF   Actual workplace state: Downtime
2020-03-05 13:21:25.360   CNC 1 Touch   INF   Checking open order
2020-03-05 13:21:25.407   CNC 1 Touch   INF   Open order checked, elapsed: 46.692618ms
2020-03-05 13:21:25.407   CNC 1 Touch   INF   Actual open order: 0
2020-03-05 13:21:25.407   CNC 1 Touch   INF   Checking open downtime
2020-03-05 13:21:25.465   CNC 1 Touch   INF   Open downtime checked, elapsed: 57.921177ms
2020-03-05 13:21:25.466   CNC 1 Touch   INF   Actual open downtime: 190
2020-03-05 13:21:25.466   CNC 1 Touch   INF   Downtime state
2020-03-05 13:21:25.466   CNC 1 Touch   INF   Updating downtime data
2020-03-05 13:21:25.522   CNC 1 Touch   INF   Downtime data updated, elapsed: 56.460021ms
2020-03-05 13:21:25.523   CNC 1 Touch   INF   Loop ended, elapsed: 207.811145ms
2020-03-05 13:21:25.523   CNC 1 Touch   INF   Sleeping for 9.792074686s
2020-03-05 13:21:35.315   CNC 1 Touch   INF   Device still active
2020-03-05 13:21:35.315   CNC 1 Touch   INF   Device not active, stopped running
2020-03-05 13:21:35.322   CNC 1 Touch   INF   Device started running
2020-03-05 13:21:35.322   CNC 1 Touch   INF   Device directory exists
2020-03-05 13:21:35.322   CNC 1 Touch   INF   Device not active, stopped running
2020-03-05 13:21:42.838   CNC 1 Touch   INF   Device started running
2020-03-05 13:21:42.838   CNC 1 Touch   INF   Device directory exists
2020-03-05 13:21:42.839   CNC 1 Touch   INF   Starting device loop
2020-03-05 13:21:42.840   CNC 1 Touch   INF   Downloading actual state
2020-03-05 13:21:42.895   CNC 1 Touch   INF   Actual state downloaded, elapsed: 55.425696ms
2020-03-05 13:21:42.895   CNC 1 Touch   INF   Actual workplace state: Downtime
2020-03-05 13:21:42.895   CNC 1 Touch   INF   Checking open order
2020-03-05 13:21:42.937   CNC 1 Touch   INF   Open order checked, elapsed: 41.029801ms
2020-03-05 13:21:42.937   CNC 1 Touch   INF   Actual open order: 0
2020-03-05 13:21:42.937   CNC 1 Touch   INF   Checking open downtime
2020-03-05 13:21:42.979   CNC 1 Touch   INF   Open downtime checked, elapsed: 41.554548ms
2020-03-05 13:21:42.979   CNC 1 Touch   INF   Actual open downtime: 190
2020-03-05 13:21:42.979   CNC 1 Touch   INF   Downtime state
2020-03-05 13:21:42.979   CNC 1 Touch   INF   Updating downtime data
2020-03-05 13:21:43.018   CNC 1 Touch   INF   Downtime data updated, elapsed: 38.8732ms
2020-03-05 13:21:43.018   CNC 1 Touch   INF   Loop ended, elapsed: 178.597445ms
2020-03-05 13:21:43.018   CNC 1 Touch   INF   Sleeping for 9.821304284s
2020-03-05 13:21:52.840   CNC 1 Touch   INF   Device still active
2020-03-05 13:21:52.840   CNC 1 Touch   INF   Starting device loop
2020-03-05 13:21:52.840   CNC 1 Touch   INF   Downloading actual state
2020-03-05 13:21:52.939   CNC 1 Touch   INF   Actual state downloaded, elapsed: 99.155066ms
2020-03-05 13:21:52.940   CNC 1 Touch   INF   Actual workplace state: Downtime
2020-03-05 13:21:52.940   CNC 1 Touch   INF   Checking open order
2020-03-05 13:21:53.052   CNC 1 Touch   INF   Open order checked, elapsed: 111.354704ms
2020-03-05 13:21:53.053   CNC 1 Touch   INF   Actual open order: 0
2020-03-05 13:21:53.053   CNC 1 Touch   INF   Checking open downtime
2020-03-05 13:21:53.122   CNC 1 Touch   INF   Open downtime checked, elapsed: 69.084033ms
2020-03-05 13:21:53.123   CNC 1 Touch   INF   Actual open downtime: 190
2020-03-05 13:21:53.123   CNC 1 Touch   INF   Downtime state
2020-03-05 13:21:53.123   CNC 1 Touch   INF   Updating downtime data
2020-03-05 13:21:53.174   CNC 1 Touch   INF   Downtime data updated, elapsed: 50.785475ms
2020-03-05 13:21:53.174   CNC 1 Touch   INF   Loop ended, elapsed: 333.855363ms
2020-03-05 13:21:53.174   CNC 1 Touch   INF   Sleeping for 9.666040061s
2020-03-05 13:22:02.840   CNC 1 Touch   INF   Device still active
2020-03-05 13:22:02.841   CNC 1 Touch   INF   Starting device loop
2020-03-05 13:22:02.841   CNC 1 Touch   INF   Downloading actual state
2020-03-05 13:22:02.937   CNC 1 Touch   INF   Actual state downloaded, elapsed: 95.889411ms
2020-03-05 13:22:02.937   CNC 1 Touch   INF   Actual workplace state: Downtime
2020-03-05 13:22:02.937   CNC 1 Touch   INF   Checking open order
2020-03-05 13:22:03.051   CNC 1 Touch   INF   Open order checked, elapsed: 112.9996ms
2020-03-05 13:22:03.051   CNC 1 Touch   INF   Actual open order: 0
2020-03-05 13:22:03.052   CNC 1 Touch   INF   Checking open downtime
2020-03-05 13:22:03.148   CNC 1 Touch   INF   Open downtime checked, elapsed: 95.478628ms
2020-03-05 13:22:03.149   CNC 1 Touch   INF   Actual open downtime: 190
2020-03-05 13:22:03.149   CNC 1 Touch   INF   Downtime state
2020-03-05 13:22:03.150   CNC 1 Touch   INF   Updating downtime data
2020-03-05 13:22:03.250   CNC 1 Touch   INF   Downtime data updated, elapsed: 100.254001ms
2020-03-05 13:22:03.251   CNC 1 Touch   INF   Loop ended, elapsed: 410.07716ms
2020-03-05 13:22:03.251   CNC 1 Touch   INF   Sleeping for 9.589727802s
2020-03-05 13:22:12.841   CNC 1 Touch   INF   Device still active
2020-03-05 13:22:12.841   CNC 1 Touch   INF   Device not active, stopped running
2020-03-05 13:22:12.848   CNC 1 Touch   INF   Device started running
2020-03-05 13:22:12.848   CNC 1 Touch   INF   Device directory exists
2020-03-05 13:22:12.849   CNC 1 Touch   INF   Device not active, stopped running
2020-03-05 13:44:13.554   CNC 1 Touch   INF   Device started running
2020-03-05 13:44:13.555   CNC 1 Touch   INF   Device directory exists
2020-03-05 13:44:13.555   CNC 1 Touch   INF   Starting device loop
2020-03-05 13:44:13.556   CNC 1 Touch   INF   Downloading actual state
2020-03-05 13:44:13.651   CNC 1 Touch   INF   Actual state downloaded, elapsed: 95.579553ms
2020-03-05 13:44:13.652   CNC 1 Touch   INF   Actual workplace state: Production
2020-03-05 13:44:13.652   CNC 1 Touch   INF   Checking open order
2020-03-05 13:44:13.713   CNC 1 Touch   INF   Open order checked, elapsed: 61.089195ms
2020-03-05 13:44:13.713   CNC 1 Touch   INF   Actual open order: 133
2020-03-05 13:44:13.713   CNC 1 Touch   INF   Checking open downtime
2020-03-05 13:44:13.766   CNC 1 Touch   INF   Open downtime checked, elapsed: 52.34173ms
2020-03-05 13:44:13.766   CNC 1 Touch   INF   Actual open downtime: 0
2020-03-05 13:44:13.766   CNC 1 Touch   INF   Production state
2020-03-05 13:44:13.766   CNC 1 Touch   INF   Updating order data
2020-03-05 13:44:13.896   CNC 1 Touch   INF   Order data updated, elapsed: 129.357896ms
2020-03-05 13:44:13.896   CNC 1 Touch   INF   Loop ended, elapsed: 340.426233ms
2020-03-05 13:44:13.896   CNC 1 Touch   INF   Sleeping for 9.659486029s
2020-03-05 13:44:23.556   CNC 1 Touch   INF   Device still active
2020-03-05 13:44:23.556   CNC 1 Touch   INF   Device not active, stopped running
2020-03-05 13:45:25.075   CNC 1 Touch   INF   Device started running
2020-03-05 13:45:25.076   CNC 1 Touch   INF   Device directory exists
2020-03-05 13:45:25.076   CNC 1 Touch   INF   Starting device loop
2020-03-05 13:45:25.077   CNC 1 Touch   INF   Downloading actual state
2020-03-05 13:45:25.127   CNC 1 Touch   INF   Actual state downloaded, elapsed: 50.585954ms
2020-03-05 13:45:25.127   CNC 1 Touch   INF   Actual workplace state: Production
2020-03-05 13:45:25.128   CNC 1 Touch   INF   Checking open order
2020-03-05 13:45:25.213   CNC 1 Touch   INF   Open order checked, elapsed: 85.508695ms
2020-03-05 13:45:25.213   CNC 1 Touch   INF   Actual open order: 133
2020-03-05 13:45:25.214   CNC 1 Touch   INF   Checking open downtime
2020-03-05 13:45:25.313   CNC 1 Touch   INF   Open downtime checked, elapsed: 99.473313ms
2020-03-05 13:45:25.314   CNC 1 Touch   INF   Actual open downtime: 0
2020-03-05 13:45:25.314   CNC 1 Touch   INF   Production state
2020-03-05 13:45:25.314   CNC 1 Touch   INF   Updating order data
2020-03-05 13:45:25.444   CNC 1 Touch   INF   Order data updated, elapsed: 129.361107ms
2020-03-05 13:45:25.444   CNC 1 Touch   INF   Loop ended, elapsed: 367.18331ms
2020-03-05 13:45:25.444   CNC 1 Touch   INF   Sleeping for 9.632709211s
2020-03-05 13:45:35.077   CNC 1 Touch   INF   Device still active
2020-03-05 13:45:35.077   CNC 1 Touch   INF   Starting device loop
2020-03-05 13:45:35.077   CNC 1 Touch   INF   Downloading actual state
2020-03-05 13:45:35.150   CNC 1 Touch   INF   Actual state downloaded, elapsed: 73.180416ms
2020-03-05 13:45:35.151   CNC 1 Touch   INF   Actual workplace state: Production
2020-03-05 13:45:35.151   CNC 1 Touch   INF   Checking open order
2020-03-05 13:45:35.207   CNC 1 Touch   INF   Open order checked, elapsed: 56.515522ms
2020-03-05 13:45:35.208   CNC 1 Touch   INF   Actual open order: 133
2020-03-05 13:45:35.208   CNC 1 Touch   INF   Checking open downtime
2020-03-05 13:45:35.273   CNC 1 Touch   INF   Open downtime checked, elapsed: 65.189311ms
2020-03-05 13:45:35.274   CNC 1 Touch   INF   Actual open downtime: 0
2020-03-05 13:45:35.274   CNC 1 Touch   INF   Production state
2020-03-05 13:45:35.274   CNC 1 Touch   INF   Updating order data
2020-03-05 13:45:35.364   CNC 1 Touch   INF   Order data updated, elapsed: 89.594199ms
2020-03-05 13:45:35.364   CNC 1 Touch   INF   Loop ended, elapsed: 286.650819ms
2020-03-05 13:45:35.364   CNC 1 Touch   INF   Sleeping for 9.713234508s
2020-03-05 13:45:45.077   CNC 1 Touch   INF   Device still active
2020-03-05 13:45:45.078   CNC 1 Touch   INF   Starting device loop
2020-03-05 13:45:45.078   CNC 1 Touch   INF   Downloading actual state
2020-03-05 13:45:45.190   CNC 1 Touch   INF   Actual state downloaded, elapsed: 111.42566ms
2020-03-05 13:45:45.190   CNC 1 Touch   INF   Actual workplace state: Production
2020-03-05 13:45:45.190   CNC 1 Touch   INF   Checking open order
2020-03-05 13:45:45.261   CNC 1 Touch   INF   Open order checked, elapsed: 71.187486ms
2020-03-05 13:45:45.261   CNC 1 Touch   INF   Actual open order: 133
2020-03-05 13:45:45.262   CNC 1 Touch   INF   Checking open downtime
2020-03-05 13:45:45.340   CNC 1 Touch   INF   Open downtime checked, elapsed: 78.330875ms
2020-03-05 13:45:45.341   CNC 1 Touch   INF   Actual open downtime: 0
2020-03-05 13:45:45.341   CNC 1 Touch   INF   Production state
2020-03-05 13:45:45.341   CNC 1 Touch   INF   Updating order data
2020-03-05 13:45:45.463   CNC 1 Touch   INF   Order data updated, elapsed: 121.579601ms
2020-03-05 13:45:45.463   CNC 1 Touch   INF   Loop ended, elapsed: 384.691196ms
2020-03-05 13:45:45.463   CNC 1 Touch   INF   Sleeping for 9.615200581s
2020-03-05 13:45:55.078   CNC 1 Touch   INF   Device still active
2020-03-05 13:45:55.078   CNC 1 Touch   INF   Starting device loop
2020-03-05 13:45:55.079   CNC 1 Touch   INF   Downloading actual state
2020-03-05 13:45:55.119   CNC 1 Touch   INF   Actual state downloaded, elapsed: 40.408197ms
2020-03-05 13:45:55.119   CNC 1 Touch   INF   Actual workplace state: Production
2020-03-05 13:45:55.119   CNC 1 Touch   INF   Checking open order
2020-03-05 13:45:55.190   CNC 1 Touch   INF   Open order checked, elapsed: 70.869121ms
2020-03-05 13:45:55.190   CNC 1 Touch   INF   Actual open order: 133
2020-03-05 13:45:55.190   CNC 1 Touch   INF   Checking open downtime
2020-03-05 13:45:55.252   CNC 1 Touch   INF   Open downtime checked, elapsed: 61.081515ms
2020-03-05 13:45:55.252   CNC 1 Touch   INF   Actual open downtime: 0
2020-03-05 13:45:55.252   CNC 1 Touch   INF   Production state
2020-03-05 13:45:55.252   CNC 1 Touch   INF   Updating order data
2020-03-05 13:45:55.332   CNC 1 Touch   INF   Order data updated, elapsed: 80.159177ms
2020-03-05 13:45:55.332   CNC 1 Touch   INF   Loop ended, elapsed: 253.757041ms
2020-03-05 13:45:55.332   CNC 1 Touch   INF   Sleeping for 9.746167947s
2020-03-05 13:46:05.079   CNC 1 Touch   INF   Device still active
2020-03-05 13:46:05.079   CNC 1 Touch   INF   Device not active, stopped running
2020-03-05 13:46:05.095   CNC 1 Touch   INF   Device started running
2020-03-05 13:46:05.096   CNC 1 Touch   INF   Device directory exists
2020-03-05 13:46:05.096   CNC 1 Touch   INF   Device not active, stopped running
2020-03-05 14:28:59.250   CNC 1 Touch   INF   Device started running
2020-03-05 14:28:59.251   CNC 1 Touch   INF   Device directory exists
2020-03-05 14:28:59.251   CNC 1 Touch   INF   Starting device loop
2020-03-05 14:28:59.251   CNC 1 Touch   INF   Downloading actual state
2020-03-05 14:28:59.297   CNC 1 Touch   INF   Actual state downloaded, elapsed: 45.200102ms
2020-03-05 14:28:59.297   CNC 1 Touch   INF   Actual workplace state: Downtime
2020-03-05 14:28:59.297   CNC 1 Touch   INF   Checking open order
2020-03-05 14:28:59.353   CNC 1 Touch   INF   Open order checked, elapsed: 55.86668ms
2020-03-05 14:28:59.353   CNC 1 Touch   INF   Actual open order: 0
2020-03-05 14:28:59.353   CNC 1 Touch   INF   Checking open downtime
2020-03-05 14:28:59.414   CNC 1 Touch   INF   Open downtime checked, elapsed: 60.658094ms
2020-03-05 14:28:59.414   CNC 1 Touch   INF   Actual open downtime: 0
2020-03-05 14:28:59.414   CNC 1 Touch   INF   Downtime state
2020-03-05 14:28:59.414   CNC 1 Touch   INF   Opening downtime
2020-03-05 14:28:59.520   CNC 1 Touch   INF   Downtime opened, elapsed: 104.976656ms
2020-03-05 14:28:59.520   CNC 1 Touch   INF   Loop ended, elapsed: 268.22052ms
2020-03-05 14:28:59.520   CNC 1 Touch   INF   Sleeping for 9.731687046s
2020-03-05 14:29:09.252   CNC 1 Touch   INF   Device still active
2020-03-05 14:29:09.252   CNC 1 Touch   INF   Device not active, stopped running
2020-03-05 14:29:09.256   CNC 1 Touch   INF   Device started running
2020-03-05 14:29:09.256   CNC 1 Touch   INF   Device directory exists
2020-03-05 14:29:09.256   CNC 1 Touch   INF   Device not active, stopped running
2020-03-05 14:32:29.706   CNC 1 Touch   INF   Device started running
2020-03-05 14:32:29.707   CNC 1 Touch   INF   Device directory exists
2020-03-05 14:32:29.707   CNC 1 Touch   INF   Starting device loop
2020-03-05 14:32:29.707   CNC 1 Touch   INF   Downloading actual state
2020-03-05 14:32:29.771   CNC 1 Touch   INF   Actual state downloaded, elapsed: 63.416736ms
2020-03-05 14:32:29.771   CNC 1 Touch   INF   Actual workplace state: Downtime
2020-03-05 14:32:29.771   CNC 1 Touch   INF   Checking open order
2020-03-05 14:32:29.843   CNC 1 Touch   INF   Open order checked, elapsed: 71.555759ms
2020-03-05 14:32:29.843   CNC 1 Touch   INF   Actual open order: 0
2020-03-05 14:32:29.843   CNC 1 Touch   INF   Checking open downtime
2020-03-05 14:32:29.922   CNC 1 Touch   INF   Open downtime checked, elapsed: 78.826587ms
2020-03-05 14:32:29.922   CNC 1 Touch   INF   Actual open downtime: 0
2020-03-05 14:32:29.922   CNC 1 Touch   INF   Downtime state
2020-03-05 14:32:29.923   CNC 1 Touch   INF   Opening downtime
2020-03-05 14:32:30.019   CNC 1 Touch   INF   Downtime opened, elapsed: 96.568505ms
2020-03-05 14:32:30.019   CNC 1 Touch   INF   Loop ended, elapsed: 312.378947ms
2020-03-05 14:32:30.020   CNC 1 Touch   INF   Sleeping for 9.687502181s
2020-03-05 14:32:39.707   CNC 1 Touch   INF   Device still active
2020-03-05 14:32:39.707   CNC 1 Touch   INF   Starting device loop
2020-03-05 14:32:39.708   CNC 1 Touch   INF   Downloading actual state
2020-03-05 14:32:39.798   CNC 1 Touch   INF   Actual state downloaded, elapsed: 90.377775ms
2020-03-05 14:32:39.798   CNC 1 Touch   INF   Actual workplace state: Downtime
2020-03-05 14:32:39.798   CNC 1 Touch   INF   Checking open order
2020-03-05 14:32:39.859   CNC 1 Touch   INF   Open order checked, elapsed: 60.222497ms
2020-03-05 14:32:39.859   CNC 1 Touch   INF   Actual open order: 0
2020-03-05 14:32:39.859   CNC 1 Touch   INF   Checking open downtime
2020-03-05 14:32:39.929   CNC 1 Touch   INF   Open downtime checked, elapsed: 69.719848ms
2020-03-05 14:32:39.929   CNC 1 Touch   INF   Actual open downtime: 212
2020-03-05 14:32:39.929   CNC 1 Touch   INF   Downtime state
2020-03-05 14:32:39.929   CNC 1 Touch   INF   Updating downtime data
2020-03-05 14:32:39.981   CNC 1 Touch   INF   Downtime data updated, elapsed: 51.258314ms
2020-03-05 14:32:39.981   CNC 1 Touch   INF   Loop ended, elapsed: 273.267723ms
2020-03-05 14:32:39.981   CNC 1 Touch   INF   Sleeping for 9.726628675s
2020-03-05 14:32:49.708   CNC 1 Touch   INF   Device still active
2020-03-05 14:32:49.708   CNC 1 Touch   INF   Device not active, stopped running
2020-03-05 14:32:49.714   CNC 1 Touch   INF   Device started running
2020-03-05 14:32:49.714   CNC 1 Touch   INF   Device directory exists
2020-03-05 14:32:49.714   CNC 1 Touch   INF   Device not active, stopped running
2020-03-05 14:32:56.762   CNC 1 Touch   INF   Device started running
2020-03-05 14:32:56.762   CNC 1 Touch   INF   Device directory exists
2020-03-05 14:32:56.763   CNC 1 Touch   INF   Starting device loop
2020-03-05 14:32:56.763   CNC 1 Touch   INF   Downloading actual state
2020-03-05 14:32:56.806   CNC 1 Touch   INF   Actual state downloaded, elapsed: 42.730789ms
2020-03-05 14:32:56.806   CNC 1 Touch   INF   Actual workplace state: Downtime
2020-03-05 14:32:56.807   CNC 1 Touch   INF   Checking open order
2020-03-05 14:32:56.880   CNC 1 Touch   INF   Open order checked, elapsed: 73.297426ms
2020-03-05 14:32:56.880   CNC 1 Touch   INF   Actual open order: 0
2020-03-05 14:32:56.880   CNC 1 Touch   INF   Checking open downtime
2020-03-05 14:32:56.955   CNC 1 Touch   INF   Open downtime checked, elapsed: 74.218109ms
2020-03-05 14:32:56.956   CNC 1 Touch   INF   Actual open downtime: 0
2020-03-05 14:32:56.956   CNC 1 Touch   INF   Downtime state
2020-03-05 14:32:56.956   CNC 1 Touch   INF   Opening downtime
2020-03-05 14:32:57.079   CNC 1 Touch   INF   Downtime opened, elapsed: 122.869074ms
2020-03-05 14:32:57.079   CNC 1 Touch   INF   Loop ended, elapsed: 316.514669ms
2020-03-05 14:32:57.079   CNC 1 Touch   INF   Sleeping for 9.683379314s
2020-03-05 14:33:06.763   CNC 1 Touch   INF   Device not active
2020-03-05 14:33:06.763   CNC 1 Touch   INF   Device not active, stopped running
2020-03-05 14:33:06.766   CNC 1 Touch   INF   Device started running
2020-03-05 14:33:06.767   CNC 1 Touch   INF   Device directory exists
2020-03-05 14:33:06.767   CNC 1 Touch   INF   Starting device loop
2020-03-05 14:33:06.767   CNC 1 Touch   INF   Downloading actual state
2020-03-05 14:33:06.802   CNC 1 Touch   INF   Actual state downloaded, elapsed: 34.649935ms
2020-03-05 14:33:06.802   CNC 1 Touch   INF   Actual workplace state: Downtime
2020-03-05 14:33:06.802   CNC 1 Touch   INF   Checking open order
2020-03-05 14:33:06.834   CNC 1 Touch   INF   Open order checked, elapsed: 31.498601ms
2020-03-05 14:33:06.834   CNC 1 Touch   INF   Actual open order: 0
2020-03-05 14:33:06.834   CNC 1 Touch   INF   Checking open downtime
2020-03-05 14:33:06.868   CNC 1 Touch   INF   Open downtime checked, elapsed: 33.717264ms
2020-03-05 14:33:06.868   CNC 1 Touch   INF   Actual open downtime: 219
2020-03-05 14:33:06.868   CNC 1 Touch   INF   Downtime state
2020-03-05 14:33:06.868   CNC 1 Touch   INF   Updating downtime data
2020-03-05 14:33:06.963   CNC 1 Touch   INF   Downtime data updated, elapsed: 94.63377ms
2020-03-05 14:33:06.963   CNC 1 Touch   INF   Loop ended, elapsed: 196.287521ms
2020-03-05 14:33:06.963   CNC 1 Touch   INF   Sleeping for 9.803621382s
2020-03-05 14:33:16.767   CNC 1 Touch   INF   Device still active
2020-03-05 14:33:16.768   CNC 1 Touch   INF   Device not active, stopped running
2020-03-05 14:33:24.484   CNC 1 Touch   INF   Device started running
2020-03-05 14:33:24.484   CNC 1 Touch   INF   Device directory exists
2020-03-05 14:33:24.484   CNC 1 Touch   INF   Starting device loop
2020-03-05 14:33:24.484   CNC 1 Touch   INF   Downloading actual state
2020-03-05 14:33:24.547   CNC 1 Touch   INF   Actual state downloaded, elapsed: 62.966289ms
2020-03-05 14:33:24.547   CNC 1 Touch   INF   Actual workplace state: Downtime
2020-03-05 14:33:24.547   CNC 1 Touch   INF   Checking open order
2020-03-05 14:33:24.620   CNC 1 Touch   INF   Open order checked, elapsed: 72.602293ms
2020-03-05 14:33:24.620   CNC 1 Touch   INF   Actual open order: 0
2020-03-05 14:33:24.620   CNC 1 Touch   INF   Checking open downtime
2020-03-05 14:33:24.701   CNC 1 Touch   INF   Open downtime checked, elapsed: 80.352581ms
2020-03-05 14:33:24.701   CNC 1 Touch   INF   Actual open downtime: 0
2020-03-05 14:33:24.701   CNC 1 Touch   INF   Downtime state
2020-03-05 14:33:24.701   CNC 1 Touch   INF   Opening downtime
2020-03-05 14:33:24.843   CNC 1 Touch   INF   Downtime opened, elapsed: 141.447426ms
2020-03-05 14:33:24.843   CNC 1 Touch   INF   Loop ended, elapsed: 359.352495ms
2020-03-05 14:33:24.844   CNC 1 Touch   INF   Sleeping for 9.640508165s
2020-03-05 14:33:34.485   CNC 1 Touch   INF   Device still active
2020-03-05 14:33:34.485   CNC 1 Touch   INF   Device not active, stopped running
2020-03-05 14:33:34.493   CNC 1 Touch   INF   Device started running
2020-03-05 14:33:34.493   CNC 1 Touch   INF   Device directory exists
2020-03-05 14:33:34.493   CNC 1 Touch   INF   Device not active, stopped running
2020-03-05 14:34:06.795   CNC 1 Touch   INF   Device started running
2020-03-05 14:34:06.796   CNC 1 Touch   INF   Device directory exists
2020-03-05 14:34:06.797   CNC 1 Touch   INF   Starting device loop
2020-03-05 14:34:06.797   CNC 1 Touch   INF   Downloading actual state
2020-03-05 14:34:06.877   CNC 1 Touch   INF   Actual state downloaded, elapsed: 79.75089ms
2020-03-05 14:34:06.877   CNC 1 Touch   INF   Actual workplace state: Downtime
2020-03-05 14:34:06.877   CNC 1 Touch   INF   Checking open order
2020-03-05 14:34:06.951   CNC 1 Touch   INF   Open order checked, elapsed: 74.011409ms
2020-03-05 14:34:06.952   CNC 1 Touch   INF   Actual open order: 0
2020-03-05 14:34:06.952   CNC 1 Touch   INF   Checking open downtime
2020-03-05 14:34:07.045   CNC 1 Touch   INF   Open downtime checked, elapsed: 93.192204ms
2020-03-05 14:34:07.045   CNC 1 Touch   INF   Actual open downtime: 223
2020-03-05 14:34:07.045   CNC 1 Touch   INF   Downtime state
2020-03-05 14:34:07.046   CNC 1 Touch   INF   Updating downtime data
2020-03-05 14:34:07.133   CNC 1 Touch   INF   Downtime data updated, elapsed: 86.750078ms
2020-03-05 14:34:07.133   CNC 1 Touch   INF   Loop ended, elapsed: 335.807631ms
2020-03-05 14:34:07.133   CNC 1 Touch   INF   Sleeping for 9.664085235s
2020-03-05 14:35:47.212   CNC 1 Touch   INF   Device started running
2020-03-05 14:35:47.212   CNC 1 Touch   INF   Device directory exists
2020-03-05 14:35:47.213   CNC 1 Touch   INF   Starting device loop
2020-03-05 14:35:47.213   CNC 1 Touch   INF   Downloading actual state
2020-03-05 14:35:47.299   CNC 1 Touch   INF   Actual state downloaded, elapsed: 85.793325ms
2020-03-05 14:35:47.299   CNC 1 Touch   INF   Actual workplace state: Downtime
2020-03-05 14:35:47.299   CNC 1 Touch   INF   Checking open order
2020-03-05 14:35:47.368   CNC 1 Touch   INF   Open order checked, elapsed: 69.597562ms
2020-03-05 14:35:47.369   CNC 1 Touch   INF   Actual open order: 0
2020-03-05 14:35:47.369   CNC 1 Touch   INF   Checking open downtime
2020-03-05 14:35:47.485   CNC 1 Touch   INF   Open downtime checked, elapsed: 116.502424ms
2020-03-05 14:35:47.486   CNC 1 Touch   INF   Actual open downtime: 223
2020-03-05 14:35:47.486   CNC 1 Touch   INF   Downtime state
2020-03-05 14:35:47.486   CNC 1 Touch   INF   Updating downtime data
2020-03-05 14:35:47.588   CNC 1 Touch   INF   Downtime data updated, elapsed: 101.744795ms
2020-03-05 14:35:47.588   CNC 1 Touch   INF   Loop ended, elapsed: 375.148514ms
2020-03-05 14:35:47.588   CNC 1 Touch   INF   Sleeping for 9.624742461s
2020-03-05 14:35:57.214   CNC 1 Touch   INF   Device still active
2020-03-05 14:35:57.214   CNC 1 Touch   INF   Starting device loop
2020-03-05 14:35:57.214   CNC 1 Touch   INF   Downloading actual state
2020-03-05 14:35:57.346   CNC 1 Touch   INF   Actual state downloaded, elapsed: 131.153566ms
2020-03-05 14:35:57.347   CNC 1 Touch   INF   Actual workplace state: Downtime
2020-03-05 14:35:57.347   CNC 1 Touch   INF   Checking open order
2020-03-05 14:35:57.440   CNC 1 Touch   INF   Open order checked, elapsed: 92.446139ms
2020-03-05 14:35:57.440   CNC 1 Touch   INF   Actual open order: 0
2020-03-05 14:35:57.440   CNC 1 Touch   INF   Checking open downtime
2020-03-05 14:35:57.553   CNC 1 Touch   INF   Open downtime checked, elapsed: 112.724838ms
2020-03-05 14:35:57.553   CNC 1 Touch   INF   Actual open downtime: 223
2020-03-05 14:35:57.554   CNC 1 Touch   INF   Downtime state
2020-03-05 14:35:57.554   CNC 1 Touch   INF   Updating downtime data
2020-03-05 14:35:57.689   CNC 1 Touch   INF   Downtime data updated, elapsed: 134.530149ms
2020-03-05 14:35:57.689   CNC 1 Touch   INF   Loop ended, elapsed: 474.900313ms
2020-03-05 14:35:57.689   CNC 1 Touch   INF   Sleeping for 9.524941305s
2020-03-05 14:36:07.214   CNC 1 Touch   INF   Device still active
2020-03-05 14:36:07.214   CNC 1 Touch   INF   Starting device loop
2020-03-05 14:36:07.215   CNC 1 Touch   INF   Downloading actual state
2020-03-05 14:36:07.282   CNC 1 Touch   INF   Actual state downloaded, elapsed: 66.760142ms
2020-03-05 14:36:07.282   CNC 1 Touch   INF   Actual workplace state: Downtime
2020-03-05 14:36:07.282   CNC 1 Touch   INF   Checking open order
2020-03-05 14:36:07.352   CNC 1 Touch   INF   Open order checked, elapsed: 69.620874ms
2020-03-05 14:36:07.352   CNC 1 Touch   INF   Actual open order: 0
2020-03-05 14:36:07.352   CNC 1 Touch   INF   Checking open downtime
2020-03-05 14:36:07.521   CNC 1 Touch   INF   Open downtime checked, elapsed: 168.80397ms
2020-03-05 14:36:07.521   CNC 1 Touch   INF   Actual open downtime: 223
2020-03-05 14:36:07.521   CNC 1 Touch   INF   Downtime state
2020-03-05 14:36:07.521   CNC 1 Touch   INF   Updating downtime data
2020-03-05 14:36:07.586   CNC 1 Touch   INF   Downtime data updated, elapsed: 64.755998ms
2020-03-05 14:36:07.586   CNC 1 Touch   INF   Loop ended, elapsed: 371.847898ms
2020-03-05 14:36:07.587   CNC 1 Touch   INF   Sleeping for 9.628034104s
2020-03-05 14:36:17.215   CNC 1 Touch   INF   Device still active
2020-03-05 14:36:17.215   CNC 1 Touch   INF   Device not active, stopped running
2020-03-05 14:36:17.238   CNC 1 Touch   INF   Device started running
2020-03-05 14:36:17.238   CNC 1 Touch   INF   Device directory exists
2020-03-05 14:36:17.239   CNC 1 Touch   INF   Device not active, stopped running
