2020-02-29 11:44:18.849   CNC 2 Touch   INF   Device started running
2020-02-29 11:44:18.849   CNC 2 Touch   WRN   Device directory not exist, creating
2020-02-29 11:44:18.850   CNC 2 Touch   INF   Device directory created
2020-02-29 11:44:18.850   CNC 2 Touch   INF   Starting device loop
2020-02-29 11:44:18.850   CNC 2 Touch   INF   Downloading actual state
2020-02-29 11:44:18.868   CNC 2 Touch   INF   Actual state downloaded, elapsed: 18.121329ms
2020-02-29 11:44:18.868   CNC 2 Touch   INF   Actual workplace state: 
2020-02-29 11:44:18.868   CNC 2 Touch   INF   Checking open order
2020-02-29 11:44:18.881   CNC 2 Touch   INF   Open order checked, elapsed: 13.212893ms
2020-02-29 11:44:18.882   CNC 2 Touch   INF   Actual open order: 0
2020-02-29 11:44:18.882   CNC 2 Touch   INF   Checking open downtime
2020-02-29 11:44:18.889   CNC 2 Touch   INF   Open downtime checked, elapsed: 7.427275ms
2020-02-29 11:44:18.889   CNC 2 Touch   INF   Actual open downtime: 0
2020-02-29 11:44:18.889   CNC 2 Touch   INF   Loop ended, elapsed: 39.770267ms
2020-02-29 11:44:18.890   CNC 2 Touch   INF   Sleeping for 9.960170957s
2020-02-29 11:44:28.851   CNC 2 Touch   INF   Device still active
2020-02-29 11:44:28.851   CNC 2 Touch   INF   Starting device loop
2020-02-29 11:44:28.851   CNC 2 Touch   INF   Downloading actual state
2020-02-29 11:44:28.886   CNC 2 Touch   INF   Actual state downloaded, elapsed: 34.90414ms
2020-02-29 11:44:28.886   CNC 2 Touch   INF   Actual workplace state: 
2020-02-29 11:44:28.886   CNC 2 Touch   INF   Checking open order
2020-02-29 11:44:28.894   CNC 2 Touch   INF   Open order checked, elapsed: 8.157493ms
2020-02-29 11:44:28.895   CNC 2 Touch   INF   Actual open order: 0
2020-02-29 11:44:28.895   CNC 2 Touch   INF   Checking open downtime
2020-02-29 11:44:28.902   CNC 2 Touch   INF   Open downtime checked, elapsed: 7.538766ms
2020-02-29 11:44:28.902   CNC 2 Touch   INF   Actual open downtime: 0
2020-02-29 11:44:28.903   CNC 2 Touch   INF   Loop ended, elapsed: 51.700696ms
2020-02-29 11:44:28.903   CNC 2 Touch   INF   Sleeping for 9.9482018s
2020-02-29 11:44:38.851   CNC 2 Touch   INF   Device still active
2020-02-29 11:44:38.851   CNC 2 Touch   INF   Starting device loop
2020-02-29 11:44:38.851   CNC 2 Touch   INF   Downloading actual state
2020-02-29 11:44:38.874   CNC 2 Touch   INF   Actual state downloaded, elapsed: 22.055018ms
2020-02-29 11:44:38.874   CNC 2 Touch   INF   Actual workplace state: Poweroff
2020-02-29 11:44:38.874   CNC 2 Touch   INF   Checking open order
2020-02-29 11:44:38.889   CNC 2 Touch   INF   Open order checked, elapsed: 14.851424ms
2020-02-29 11:44:38.889   CNC 2 Touch   INF   Actual open order: 0
2020-02-29 11:44:38.889   CNC 2 Touch   INF   Checking open downtime
2020-02-29 11:44:38.898   CNC 2 Touch   INF   Open downtime checked, elapsed: 9.31137ms
2020-02-29 11:44:38.899   CNC 2 Touch   INF   Actual open downtime: 0
2020-02-29 11:44:38.899   CNC 2 Touch   INF   Poweroff state
2020-02-29 11:44:38.899   CNC 2 Touch   INF   Loop ended, elapsed: 47.227545ms
2020-02-29 11:44:38.899   CNC 2 Touch   INF   Sleeping for 9.952712064s
2020-02-29 11:44:48.852   CNC 2 Touch   INF   Device still active
2020-02-29 11:44:48.852   CNC 2 Touch   INF   Starting device loop
2020-02-29 11:44:48.852   CNC 2 Touch   INF   Downloading actual state
2020-02-29 11:44:48.869   CNC 2 Touch   INF   Actual state downloaded, elapsed: 16.785044ms
2020-02-29 11:44:48.869   CNC 2 Touch   INF   Actual workplace state: Poweroff
2020-02-29 11:44:48.869   CNC 2 Touch   INF   Checking open order
2020-02-29 11:44:48.880   CNC 2 Touch   INF   Open order checked, elapsed: 11.096718ms
2020-02-29 11:44:48.881   CNC 2 Touch   INF   Actual open order: 0
2020-02-29 11:44:48.881   CNC 2 Touch   INF   Checking open downtime
2020-02-29 11:44:48.891   CNC 2 Touch   INF   Open downtime checked, elapsed: 10.461824ms
2020-02-29 11:44:48.891   CNC 2 Touch   INF   Actual open downtime: 0
2020-02-29 11:44:48.891   CNC 2 Touch   INF   Poweroff state
2020-02-29 11:44:48.892   CNC 2 Touch   INF   Loop ended, elapsed: 39.458775ms
2020-02-29 11:44:48.892   CNC 2 Touch   INF   Sleeping for 9.96041374s
2020-02-29 11:44:58.853   CNC 2 Touch   INF   Device still active
2020-02-29 11:44:58.853   CNC 2 Touch   INF   Starting device loop
2020-02-29 11:44:58.853   CNC 2 Touch   INF   Downloading actual state
2020-02-29 11:44:58.875   CNC 2 Touch   INF   Actual state downloaded, elapsed: 21.570551ms
2020-02-29 11:44:58.875   CNC 2 Touch   INF   Actual workplace state: Poweroff
2020-02-29 11:44:58.875   CNC 2 Touch   INF   Checking open order
2020-02-29 11:44:58.896   CNC 2 Touch   INF   Open order checked, elapsed: 21.26696ms
2020-02-29 11:44:58.897   CNC 2 Touch   INF   Actual open order: 0
2020-02-29 11:44:58.897   CNC 2 Touch   INF   Checking open downtime
2020-02-29 11:44:58.907   CNC 2 Touch   INF   Open downtime checked, elapsed: 9.990623ms
2020-02-29 11:44:58.907   CNC 2 Touch   INF   Actual open downtime: 0
2020-02-29 11:44:58.907   CNC 2 Touch   INF   Poweroff state
2020-02-29 11:44:58.907   CNC 2 Touch   INF   Loop ended, elapsed: 54.240606ms
2020-02-29 11:44:58.907   CNC 2 Touch   INF   Sleeping for 9.945638578s
2020-02-29 11:45:08.853   CNC 2 Touch   INF   Device still active
2020-02-29 11:45:08.854   CNC 2 Touch   INF   Starting device loop
2020-02-29 11:45:08.854   CNC 2 Touch   INF   Downloading actual state
2020-02-29 11:45:08.879   CNC 2 Touch   INF   Actual state downloaded, elapsed: 25.800897ms
2020-02-29 11:45:08.880   CNC 2 Touch   INF   Actual workplace state: Poweroff
2020-02-29 11:45:08.880   CNC 2 Touch   INF   Checking open order
2020-02-29 11:45:08.887   CNC 2 Touch   INF   Open order checked, elapsed: 7.062299ms
2020-02-29 11:45:08.887   CNC 2 Touch   INF   Actual open order: 0
2020-02-29 11:45:08.887   CNC 2 Touch   INF   Checking open downtime
2020-02-29 11:45:08.900   CNC 2 Touch   INF   Open downtime checked, elapsed: 12.672027ms
2020-02-29 11:45:08.900   CNC 2 Touch   INF   Actual open downtime: 0
2020-02-29 11:45:08.900   CNC 2 Touch   INF   Poweroff state
2020-02-29 11:45:08.900   CNC 2 Touch   INF   Loop ended, elapsed: 46.512855ms
2020-02-29 11:45:08.900   CNC 2 Touch   INF   Sleeping for 9.953399008s
2020-02-29 11:45:18.854   CNC 2 Touch   INF   Device still active
2020-02-29 11:45:18.854   CNC 2 Touch   INF   Starting device loop
2020-02-29 11:45:18.854   CNC 2 Touch   INF   Downloading actual state
2020-02-29 11:45:18.870   CNC 2 Touch   INF   Actual state downloaded, elapsed: 15.201184ms
2020-02-29 11:45:18.870   CNC 2 Touch   INF   Actual workplace state: Poweroff
2020-02-29 11:45:18.870   CNC 2 Touch   INF   Checking open order
2020-02-29 11:45:18.878   CNC 2 Touch   INF   Open order checked, elapsed: 8.448868ms
2020-02-29 11:45:18.879   CNC 2 Touch   INF   Actual open order: 0
2020-02-29 11:45:18.879   CNC 2 Touch   INF   Checking open downtime
2020-02-29 11:45:18.886   CNC 2 Touch   INF   Open downtime checked, elapsed: 7.198286ms
2020-02-29 11:45:18.886   CNC 2 Touch   INF   Actual open downtime: 0
2020-02-29 11:45:18.886   CNC 2 Touch   INF   Poweroff state
2020-02-29 11:45:18.886   CNC 2 Touch   INF   Loop ended, elapsed: 31.742387ms
2020-02-29 11:45:18.886   CNC 2 Touch   INF   Sleeping for 9.968187303s
2020-02-29 11:45:28.855   CNC 2 Touch   INF   Device still active
2020-02-29 11:45:28.855   CNC 2 Touch   INF   Starting device loop
2020-02-29 11:45:28.855   CNC 2 Touch   INF   Downloading actual state
2020-02-29 11:45:28.871   CNC 2 Touch   INF   Actual state downloaded, elapsed: 15.619725ms
2020-02-29 11:45:28.871   CNC 2 Touch   INF   Actual workplace state: Poweroff
2020-02-29 11:45:28.871   CNC 2 Touch   INF   Checking open order
2020-02-29 11:45:28.884   CNC 2 Touch   INF   Open order checked, elapsed: 12.680444ms
2020-02-29 11:45:28.884   CNC 2 Touch   INF   Actual open order: 0
2020-02-29 11:45:28.884   CNC 2 Touch   INF   Checking open downtime
2020-02-29 11:45:28.892   CNC 2 Touch   INF   Open downtime checked, elapsed: 7.693075ms
2020-02-29 11:45:28.892   CNC 2 Touch   INF   Actual open downtime: 0
2020-02-29 11:45:28.892   CNC 2 Touch   INF   Poweroff state
2020-02-29 11:45:28.892   CNC 2 Touch   INF   Loop ended, elapsed: 36.92798ms
2020-02-29 11:45:28.892   CNC 2 Touch   INF   Sleeping for 9.963017838s
2020-02-29 11:45:38.855   CNC 2 Touch   INF   Device not active
2020-02-29 11:45:38.855   CNC 2 Touch   INF   Device not active, stopped running
2020-02-29 11:45:38.857   CNC 2 Touch   INF   Device started running
2020-02-29 11:45:38.857   CNC 2 Touch   INF   Device directory exists
2020-02-29 11:45:38.857   CNC 2 Touch   INF   Starting device loop
2020-02-29 11:45:38.857   CNC 2 Touch   INF   Downloading actual state
2020-02-29 11:45:38.872   CNC 2 Touch   INF   Actual state downloaded, elapsed: 14.870553ms
2020-02-29 11:45:38.872   CNC 2 Touch   INF   Actual workplace state: Poweroff
2020-02-29 11:45:38.872   CNC 2 Touch   INF   Checking open order
2020-02-29 11:45:38.880   CNC 2 Touch   INF   Open order checked, elapsed: 7.85548ms
2020-02-29 11:45:38.880   CNC 2 Touch   INF   Actual open order: 0
2020-02-29 11:45:38.880   CNC 2 Touch   INF   Checking open downtime
2020-02-29 11:45:38.890   CNC 2 Touch   INF   Open downtime checked, elapsed: 9.964673ms
2020-02-29 11:45:38.891   CNC 2 Touch   INF   Actual open downtime: 0
2020-02-29 11:45:38.891   CNC 2 Touch   INF   Poweroff state
2020-02-29 11:45:38.891   CNC 2 Touch   INF   Loop ended, elapsed: 33.642802ms
2020-02-29 11:45:38.891   CNC 2 Touch   INF   Sleeping for 9.966283829s
2020-02-29 11:45:48.857   CNC 2 Touch   INF   Device not active
2020-02-29 11:45:48.858   CNC 2 Touch   INF   Device not active, stopped running
2020-02-29 11:45:48.861   CNC 2 Touch   INF   Device started running
2020-02-29 11:45:48.862   CNC 2 Touch   INF   Device directory exists
2020-02-29 11:45:48.862   CNC 2 Touch   INF   Starting device loop
2020-02-29 11:45:48.862   CNC 2 Touch   INF   Downloading actual state
2020-02-29 11:45:48.880   CNC 2 Touch   INF   Actual state downloaded, elapsed: 18.458332ms
2020-02-29 11:45:48.881   CNC 2 Touch   INF   Actual workplace state: Poweroff
2020-02-29 11:45:48.881   CNC 2 Touch   INF   Checking open order
2020-02-29 11:45:48.896   CNC 2 Touch   INF   Open order checked, elapsed: 14.959336ms
2020-02-29 11:45:48.896   CNC 2 Touch   INF   Actual open order: 0
2020-02-29 11:45:48.896   CNC 2 Touch   INF   Checking open downtime
2020-02-29 11:45:48.906   CNC 2 Touch   INF   Open downtime checked, elapsed: 9.761803ms
2020-02-29 11:45:48.906   CNC 2 Touch   INF   Actual open downtime: 0
2020-02-29 11:45:48.906   CNC 2 Touch   INF   Poweroff state
2020-02-29 11:45:48.907   CNC 2 Touch   INF   Loop ended, elapsed: 44.819891ms
2020-02-29 11:45:48.907   CNC 2 Touch   INF   Sleeping for 9.955120623s
2020-02-29 11:45:58.862   CNC 2 Touch   INF   Device not active
2020-02-29 11:45:58.862   CNC 2 Touch   INF   Device not active, stopped running
2020-02-29 11:45:58.868   CNC 2 Touch   INF   Device started running
2020-02-29 11:45:58.868   CNC 2 Touch   INF   Device directory exists
2020-02-29 11:45:58.868   CNC 2 Touch   INF   Starting device loop
2020-02-29 11:45:58.868   CNC 2 Touch   INF   Downloading actual state
2020-02-29 11:45:58.897   CNC 2 Touch   INF   Actual state downloaded, elapsed: 29.182582ms
2020-02-29 11:45:58.897   CNC 2 Touch   INF   Actual workplace state: Poweroff
2020-02-29 11:45:58.897   CNC 2 Touch   INF   Checking open order
2020-02-29 11:45:58.907   CNC 2 Touch   INF   Open order checked, elapsed: 9.615812ms
2020-02-29 11:45:58.907   CNC 2 Touch   INF   Actual open order: 0
2020-02-29 11:45:58.907   CNC 2 Touch   INF   Checking open downtime
2020-02-29 11:45:58.915   CNC 2 Touch   INF   Open downtime checked, elapsed: 7.438983ms
2020-02-29 11:45:58.915   CNC 2 Touch   INF   Actual open downtime: 0
2020-02-29 11:45:58.915   CNC 2 Touch   INF   Poweroff state
2020-02-29 11:45:58.915   CNC 2 Touch   INF   Loop ended, elapsed: 47.301093ms
2020-02-29 11:45:58.915   CNC 2 Touch   INF   Sleeping for 9.952638283s
2020-02-29 11:46:08.868   CNC 2 Touch   INF   Device still active
2020-02-29 11:46:08.868   CNC 2 Touch   INF   Starting device loop
2020-02-29 11:46:08.869   CNC 2 Touch   INF   Downloading actual state
2020-02-29 11:46:08.894   CNC 2 Touch   INF   Actual state downloaded, elapsed: 25.01087ms
2020-02-29 11:46:08.894   CNC 2 Touch   INF   Actual workplace state: Poweroff
2020-02-29 11:46:08.894   CNC 2 Touch   INF   Checking open order
2020-02-29 11:46:08.904   CNC 2 Touch   INF   Open order checked, elapsed: 9.872184ms
2020-02-29 11:46:08.904   CNC 2 Touch   INF   Actual open order: 0
2020-02-29 11:46:08.904   CNC 2 Touch   INF   Checking open downtime
2020-02-29 11:46:08.912   CNC 2 Touch   INF   Open downtime checked, elapsed: 7.93312ms
2020-02-29 11:46:08.912   CNC 2 Touch   INF   Actual open downtime: 0
2020-02-29 11:46:08.912   CNC 2 Touch   INF   Poweroff state
2020-02-29 11:46:08.912   CNC 2 Touch   INF   Loop ended, elapsed: 43.675934ms
2020-02-29 11:46:08.912   CNC 2 Touch   INF   Sleeping for 9.956220197s
2020-02-29 11:46:18.869   CNC 2 Touch   INF   Device still active
2020-02-29 11:46:18.869   CNC 2 Touch   INF   Starting device loop
2020-02-29 11:46:18.869   CNC 2 Touch   INF   Downloading actual state
2020-02-29 11:46:18.887   CNC 2 Touch   INF   Actual state downloaded, elapsed: 17.84084ms
2020-02-29 11:46:18.887   CNC 2 Touch   INF   Actual workplace state: Poweroff
2020-02-29 11:46:18.887   CNC 2 Touch   INF   Checking open order
2020-02-29 11:46:18.895   CNC 2 Touch   INF   Open order checked, elapsed: 7.687504ms
2020-02-29 11:46:18.895   CNC 2 Touch   INF   Actual open order: 0
2020-02-29 11:46:18.895   CNC 2 Touch   INF   Checking open downtime
2020-02-29 11:46:18.903   CNC 2 Touch   INF   Open downtime checked, elapsed: 7.304969ms
2020-02-29 11:46:18.903   CNC 2 Touch   INF   Actual open downtime: 0
2020-02-29 11:46:18.903   CNC 2 Touch   INF   Poweroff state
2020-02-29 11:46:18.903   CNC 2 Touch   INF   Loop ended, elapsed: 33.788143ms
2020-02-29 11:46:18.903   CNC 2 Touch   INF   Sleeping for 9.96616087s
2020-02-29 11:46:28.869   CNC 2 Touch   INF   Device still active
2020-02-29 11:46:28.869   CNC 2 Touch   INF   Starting device loop
2020-02-29 11:46:28.869   CNC 2 Touch   INF   Downloading actual state
2020-02-29 11:46:28.904   CNC 2 Touch   INF   Actual state downloaded, elapsed: 34.338378ms
2020-02-29 11:46:28.904   CNC 2 Touch   INF   Actual workplace state: Poweroff
2020-02-29 11:46:28.904   CNC 2 Touch   INF   Checking open order
2020-02-29 11:46:28.912   CNC 2 Touch   INF   Open order checked, elapsed: 7.86314ms
2020-02-29 11:46:28.912   CNC 2 Touch   INF   Actual open order: 0
2020-02-29 11:46:28.912   CNC 2 Touch   INF   Checking open downtime
2020-02-29 11:46:28.923   CNC 2 Touch   INF   Open downtime checked, elapsed: 10.47262ms
2020-02-29 11:46:28.923   CNC 2 Touch   INF   Actual open downtime: 0
2020-02-29 11:46:28.923   CNC 2 Touch   INF   Poweroff state
2020-02-29 11:46:28.923   CNC 2 Touch   INF   Loop ended, elapsed: 53.802975ms
2020-02-29 11:46:28.923   CNC 2 Touch   INF   Sleeping for 9.946140568s
2020-02-29 11:46:38.870   CNC 2 Touch   INF   Device still active
2020-02-29 11:46:38.870   CNC 2 Touch   INF   Starting device loop
2020-02-29 11:46:38.870   CNC 2 Touch   INF   Downloading actual state
2020-02-29 11:46:38.897   CNC 2 Touch   INF   Actual state downloaded, elapsed: 26.991867ms
2020-02-29 11:46:38.897   CNC 2 Touch   INF   Actual workplace state: Poweroff
2020-02-29 11:46:38.897   CNC 2 Touch   INF   Checking open order
2020-02-29 11:46:38.909   CNC 2 Touch   INF   Open order checked, elapsed: 11.348895ms
2020-02-29 11:46:38.909   CNC 2 Touch   INF   Actual open order: 0
2020-02-29 11:46:38.909   CNC 2 Touch   INF   Checking open downtime
2020-02-29 11:46:38.919   CNC 2 Touch   INF   Open downtime checked, elapsed: 9.606429ms
2020-02-29 11:46:38.919   CNC 2 Touch   INF   Actual open downtime: 0
2020-02-29 11:46:38.919   CNC 2 Touch   INF   Poweroff state
2020-02-29 11:46:38.919   CNC 2 Touch   INF   Loop ended, elapsed: 49.202754ms
2020-02-29 11:46:38.919   CNC 2 Touch   INF   Sleeping for 9.950714397s
2020-02-29 11:46:48.870   CNC 2 Touch   INF   Device still active
2020-02-29 11:46:48.871   CNC 2 Touch   INF   Starting device loop
2020-02-29 11:46:48.871   CNC 2 Touch   INF   Downloading actual state
2020-02-29 11:46:48.887   CNC 2 Touch   INF   Actual state downloaded, elapsed: 16.024075ms
2020-02-29 11:46:48.887   CNC 2 Touch   INF   Actual workplace state: Poweroff
2020-02-29 11:46:48.887   CNC 2 Touch   INF   Checking open order
2020-02-29 11:46:48.899   CNC 2 Touch   INF   Open order checked, elapsed: 11.61355ms
2020-02-29 11:46:48.899   CNC 2 Touch   INF   Actual open order: 0
2020-02-29 11:46:48.899   CNC 2 Touch   INF   Checking open downtime
2020-02-29 11:46:48.911   CNC 2 Touch   INF   Open downtime checked, elapsed: 12.231046ms
2020-02-29 11:46:48.911   CNC 2 Touch   INF   Actual open downtime: 0
2020-02-29 11:46:48.912   CNC 2 Touch   INF   Poweroff state
2020-02-29 11:46:48.912   CNC 2 Touch   INF   Loop ended, elapsed: 40.93731ms
2020-02-29 11:46:48.912   CNC 2 Touch   INF   Sleeping for 9.958975394s
2020-02-29 11:46:58.871   CNC 2 Touch   INF   Device still active
2020-02-29 11:46:58.871   CNC 2 Touch   INF   Starting device loop
2020-02-29 11:46:58.871   CNC 2 Touch   INF   Downloading actual state
2020-02-29 11:46:58.910   CNC 2 Touch   INF   Actual state downloaded, elapsed: 38.75994ms
2020-02-29 11:46:58.911   CNC 2 Touch   INF   Actual workplace state: Poweroff
2020-02-29 11:46:58.912   CNC 2 Touch   INF   Checking open order
2020-02-29 11:46:58.933   CNC 2 Touch   INF   Open order checked, elapsed: 20.642705ms
2020-02-29 11:46:58.933   CNC 2 Touch   INF   Actual open order: 0
2020-02-29 11:46:58.933   CNC 2 Touch   INF   Checking open downtime
2020-02-29 11:46:58.950   CNC 2 Touch   INF   Open downtime checked, elapsed: 16.446692ms
2020-02-29 11:46:58.950   CNC 2 Touch   INF   Actual open downtime: 0
2020-02-29 11:46:58.950   CNC 2 Touch   INF   Poweroff state
2020-02-29 11:46:58.950   CNC 2 Touch   INF   Loop ended, elapsed: 78.771576ms
2020-02-29 11:46:58.950   CNC 2 Touch   INF   Sleeping for 9.921154822s
2020-02-29 11:47:08.872   CNC 2 Touch   INF   Device still active
2020-02-29 11:47:08.872   CNC 2 Touch   INF   Starting device loop
2020-02-29 11:47:08.872   CNC 2 Touch   INF   Downloading actual state
2020-02-29 11:47:08.892   CNC 2 Touch   INF   Actual state downloaded, elapsed: 19.653578ms
2020-02-29 11:47:08.892   CNC 2 Touch   INF   Actual workplace state: Poweroff
2020-02-29 11:47:08.892   CNC 2 Touch   INF   Checking open order
2020-02-29 11:47:08.907   CNC 2 Touch   INF   Open order checked, elapsed: 14.665872ms
2020-02-29 11:47:08.907   CNC 2 Touch   INF   Actual open order: 0
2020-02-29 11:47:08.907   CNC 2 Touch   INF   Checking open downtime
2020-02-29 11:47:08.917   CNC 2 Touch   INF   Open downtime checked, elapsed: 9.200437ms
2020-02-29 11:47:08.917   CNC 2 Touch   INF   Actual open downtime: 0
2020-02-29 11:47:08.917   CNC 2 Touch   INF   Poweroff state
2020-02-29 11:47:08.917   CNC 2 Touch   INF   Loop ended, elapsed: 45.100858ms
2020-02-29 11:47:08.917   CNC 2 Touch   INF   Sleeping for 9.954824078s
2020-02-29 11:47:18.872   CNC 2 Touch   INF   Device still active
2020-02-29 11:47:18.872   CNC 2 Touch   INF   Starting device loop
2020-02-29 11:47:18.873   CNC 2 Touch   INF   Downloading actual state
2020-02-29 11:47:18.894   CNC 2 Touch   INF   Actual state downloaded, elapsed: 21.291747ms
2020-02-29 11:47:18.894   CNC 2 Touch   INF   Actual workplace state: Poweroff
2020-02-29 11:47:18.894   CNC 2 Touch   INF   Checking open order
2020-02-29 11:47:18.908   CNC 2 Touch   INF   Open order checked, elapsed: 13.937265ms
2020-02-29 11:47:18.908   CNC 2 Touch   INF   Actual open order: 0
2020-02-29 11:47:18.909   CNC 2 Touch   INF   Checking open downtime
2020-02-29 11:47:18.920   CNC 2 Touch   INF   Open downtime checked, elapsed: 11.267609ms
2020-02-29 11:47:18.920   CNC 2 Touch   INF   Actual open downtime: 0
2020-02-29 11:47:18.920   CNC 2 Touch   INF   Poweroff state
2020-02-29 11:47:18.920   CNC 2 Touch   INF   Loop ended, elapsed: 47.735678ms
2020-02-29 11:47:18.920   CNC 2 Touch   INF   Sleeping for 9.952126386s
2020-02-29 11:47:28.873   CNC 2 Touch   INF   Device still active
2020-02-29 11:47:28.873   CNC 2 Touch   INF   Starting device loop
2020-02-29 11:47:28.874   CNC 2 Touch   INF   Downloading actual state
2020-02-29 11:47:28.894   CNC 2 Touch   INF   Actual state downloaded, elapsed: 20.182786ms
2020-02-29 11:47:28.894   CNC 2 Touch   INF   Actual workplace state: Poweroff
2020-02-29 11:47:28.894   CNC 2 Touch   INF   Checking open order
2020-02-29 11:47:28.911   CNC 2 Touch   INF   Open order checked, elapsed: 16.452782ms
2020-02-29 11:47:28.911   CNC 2 Touch   INF   Actual open order: 0
2020-02-29 11:47:28.911   CNC 2 Touch   INF   Checking open downtime
2020-02-29 11:47:28.931   CNC 2 Touch   INF   Open downtime checked, elapsed: 20.022893ms
2020-02-29 11:47:28.931   CNC 2 Touch   INF   Actual open downtime: 0
2020-02-29 11:47:28.931   CNC 2 Touch   INF   Poweroff state
2020-02-29 11:47:28.931   CNC 2 Touch   INF   Loop ended, elapsed: 57.988607ms
2020-02-29 11:47:28.932   CNC 2 Touch   INF   Sleeping for 9.941920952s
2020-02-29 11:47:38.874   CNC 2 Touch   INF   Device still active
2020-02-29 11:47:38.874   CNC 2 Touch   INF   Starting device loop
2020-02-29 11:47:38.874   CNC 2 Touch   INF   Downloading actual state
2020-02-29 11:47:38.896   CNC 2 Touch   INF   Actual state downloaded, elapsed: 21.98653ms
2020-02-29 11:47:38.897   CNC 2 Touch   INF   Actual workplace state: Poweroff
2020-02-29 11:47:38.897   CNC 2 Touch   INF   Checking open order
2020-02-29 11:47:38.916   CNC 2 Touch   INF   Open order checked, elapsed: 19.159856ms
2020-02-29 11:47:38.916   CNC 2 Touch   INF   Actual open order: 0
2020-02-29 11:47:38.916   CNC 2 Touch   INF   Checking open downtime
2020-02-29 11:47:38.928   CNC 2 Touch   INF   Open downtime checked, elapsed: 11.26933ms
2020-02-29 11:47:38.929   CNC 2 Touch   INF   Actual open downtime: 0
2020-02-29 11:47:38.929   CNC 2 Touch   INF   Poweroff state
2020-02-29 11:47:38.929   CNC 2 Touch   INF   Loop ended, elapsed: 55.161263ms
2020-02-29 11:47:38.929   CNC 2 Touch   INF   Sleeping for 9.944737762s
2020-02-29 11:47:48.874   CNC 2 Touch   INF   Device still active
2020-02-29 11:47:48.875   CNC 2 Touch   INF   Starting device loop
2020-02-29 11:47:48.875   CNC 2 Touch   INF   Downloading actual state
2020-02-29 11:47:48.910   CNC 2 Touch   INF   Actual state downloaded, elapsed: 34.861163ms
2020-02-29 11:47:48.910   CNC 2 Touch   INF   Actual workplace state: Poweroff
2020-02-29 11:47:48.910   CNC 2 Touch   INF   Checking open order
2020-02-29 11:47:48.938   CNC 2 Touch   INF   Open order checked, elapsed: 27.336416ms
2020-02-29 11:47:48.938   CNC 2 Touch   INF   Actual open order: 0
2020-02-29 11:47:48.938   CNC 2 Touch   INF   Checking open downtime
2020-02-29 11:47:48.951   CNC 2 Touch   INF   Open downtime checked, elapsed: 13.425282ms
2020-02-29 11:47:48.952   CNC 2 Touch   INF   Actual open downtime: 0
2020-02-29 11:47:48.952   CNC 2 Touch   INF   Poweroff state
2020-02-29 11:47:48.952   CNC 2 Touch   INF   Loop ended, elapsed: 76.896934ms
2020-02-29 11:47:48.952   CNC 2 Touch   INF   Sleeping for 9.923009688s
2020-02-29 11:47:58.877   CNC 2 Touch   INF   Device still active
2020-02-29 11:47:58.878   CNC 2 Touch   INF   Starting device loop
2020-02-29 11:47:58.878   CNC 2 Touch   INF   Downloading actual state
2020-02-29 11:47:58.919   CNC 2 Touch   INF   Actual state downloaded, elapsed: 41.355438ms
2020-02-29 11:47:58.920   CNC 2 Touch   INF   Actual workplace state: Poweroff
2020-02-29 11:47:58.920   CNC 2 Touch   INF   Checking open order
2020-02-29 11:47:58.931   CNC 2 Touch   INF   Open order checked, elapsed: 11.23957ms
2020-02-29 11:47:58.931   CNC 2 Touch   INF   Actual open order: 0
2020-02-29 11:47:58.931   CNC 2 Touch   INF   Checking open downtime
2020-02-29 11:47:58.937   CNC 2 Touch   INF   Open downtime checked, elapsed: 5.700931ms
2020-02-29 11:47:58.937   CNC 2 Touch   INF   Actual open downtime: 0
2020-02-29 11:47:58.937   CNC 2 Touch   INF   Poweroff state
2020-02-29 11:47:58.938   CNC 2 Touch   INF   Loop ended, elapsed: 59.526165ms
2020-02-29 11:47:58.938   CNC 2 Touch   INF   Sleeping for 9.940401929s
2020-02-29 11:48:08.882   CNC 2 Touch   INF   Device still active
2020-02-29 11:48:08.882   CNC 2 Touch   INF   Starting device loop
2020-02-29 11:48:08.883   CNC 2 Touch   INF   Downloading actual state
2020-02-29 11:48:08.904   CNC 2 Touch   INF   Actual state downloaded, elapsed: 21.008234ms
2020-02-29 11:48:08.904   CNC 2 Touch   INF   Actual workplace state: Poweroff
2020-02-29 11:48:08.904   CNC 2 Touch   INF   Checking open order
2020-02-29 11:48:08.914   CNC 2 Touch   INF   Open order checked, elapsed: 10.155059ms
2020-02-29 11:48:08.915   CNC 2 Touch   INF   Actual open order: 0
2020-02-29 11:48:08.915   CNC 2 Touch   INF   Checking open downtime
2020-02-29 11:48:08.928   CNC 2 Touch   INF   Open downtime checked, elapsed: 13.2845ms
2020-02-29 11:48:08.928   CNC 2 Touch   INF   Actual open downtime: 0
2020-02-29 11:48:08.929   CNC 2 Touch   INF   Poweroff state
2020-02-29 11:48:08.929   CNC 2 Touch   INF   Loop ended, elapsed: 45.963378ms
2020-02-29 11:48:08.929   CNC 2 Touch   INF   Sleeping for 9.953963843s
2020-02-29 11:48:18.883   CNC 2 Touch   INF   Device still active
2020-02-29 11:48:18.884   CNC 2 Touch   INF   Starting device loop
2020-02-29 11:48:18.884   CNC 2 Touch   INF   Downloading actual state
2020-02-29 11:48:18.914   CNC 2 Touch   INF   Actual state downloaded, elapsed: 29.708658ms
2020-02-29 11:48:18.914   CNC 2 Touch   INF   Actual workplace state: Poweroff
2020-02-29 11:48:18.914   CNC 2 Touch   INF   Checking open order
2020-02-29 11:48:18.926   CNC 2 Touch   INF   Open order checked, elapsed: 11.214097ms
2020-02-29 11:48:18.926   CNC 2 Touch   INF   Actual open order: 0
2020-02-29 11:48:18.926   CNC 2 Touch   INF   Checking open downtime
2020-02-29 11:48:18.935   CNC 2 Touch   INF   Open downtime checked, elapsed: 9.231291ms
2020-02-29 11:48:18.935   CNC 2 Touch   INF   Actual open downtime: 0
2020-02-29 11:48:18.935   CNC 2 Touch   INF   Poweroff state
2020-02-29 11:48:18.935   CNC 2 Touch   INF   Loop ended, elapsed: 51.507524ms
2020-02-29 11:48:18.936   CNC 2 Touch   INF   Sleeping for 9.94837873s
2020-02-29 11:48:28.887   CNC 2 Touch   INF   Device still active
2020-02-29 11:48:28.887   CNC 2 Touch   INF   Starting device loop
2020-02-29 11:48:28.888   CNC 2 Touch   INF   Downloading actual state
2020-02-29 11:48:28.907   CNC 2 Touch   INF   Actual state downloaded, elapsed: 18.792434ms
2020-02-29 11:48:28.907   CNC 2 Touch   INF   Actual workplace state: Poweroff
2020-02-29 11:48:28.907   CNC 2 Touch   INF   Checking open order
2020-02-29 11:48:28.916   CNC 2 Touch   INF   Open order checked, elapsed: 9.211413ms
2020-02-29 11:48:28.916   CNC 2 Touch   INF   Actual open order: 0
2020-02-29 11:48:28.916   CNC 2 Touch   INF   Checking open downtime
2020-02-29 11:48:28.923   CNC 2 Touch   INF   Open downtime checked, elapsed: 6.518677ms
2020-02-29 11:48:28.923   CNC 2 Touch   INF   Actual open downtime: 0
2020-02-29 11:48:28.923   CNC 2 Touch   INF   Poweroff state
2020-02-29 11:48:28.923   CNC 2 Touch   INF   Loop ended, elapsed: 35.957589ms
2020-02-29 11:48:28.923   CNC 2 Touch   INF   Sleeping for 9.963982918s
2020-02-29 11:48:38.892   CNC 2 Touch   INF   Device still active
2020-02-29 11:48:38.892   CNC 2 Touch   INF   Starting device loop
2020-02-29 11:48:38.893   CNC 2 Touch   INF   Downloading actual state
2020-02-29 11:48:38.914   CNC 2 Touch   INF   Actual state downloaded, elapsed: 20.650415ms
2020-02-29 11:48:38.914   CNC 2 Touch   INF   Actual workplace state: Poweroff
2020-02-29 11:48:38.914   CNC 2 Touch   INF   Checking open order
2020-02-29 11:48:38.923   CNC 2 Touch   INF   Open order checked, elapsed: 9.130956ms
2020-02-29 11:48:38.923   CNC 2 Touch   INF   Actual open order: 0
2020-02-29 11:48:38.923   CNC 2 Touch   INF   Checking open downtime
2020-02-29 11:48:38.932   CNC 2 Touch   INF   Open downtime checked, elapsed: 8.217577ms
2020-02-29 11:48:38.932   CNC 2 Touch   INF   Actual open downtime: 0
2020-02-29 11:48:38.932   CNC 2 Touch   INF   Poweroff state
2020-02-29 11:48:38.933   CNC 2 Touch   INF   Loop ended, elapsed: 39.867995ms
2020-02-29 11:48:38.933   CNC 2 Touch   INF   Sleeping for 9.960048252s
2020-02-29 11:48:48.893   CNC 2 Touch   INF   Device still active
2020-02-29 11:48:48.893   CNC 2 Touch   INF   Starting device loop
2020-02-29 11:48:48.893   CNC 2 Touch   INF   Downloading actual state
2020-02-29 11:48:48.927   CNC 2 Touch   INF   Actual state downloaded, elapsed: 34.136674ms
2020-02-29 11:48:48.928   CNC 2 Touch   INF   Actual workplace state: Poweroff
2020-02-29 11:48:48.928   CNC 2 Touch   INF   Checking open order
2020-02-29 11:48:48.941   CNC 2 Touch   INF   Open order checked, elapsed: 13.354058ms
2020-02-29 11:48:48.941   CNC 2 Touch   INF   Actual open order: 0
2020-02-29 11:48:48.941   CNC 2 Touch   INF   Checking open downtime
2020-02-29 11:48:48.949   CNC 2 Touch   INF   Open downtime checked, elapsed: 7.636704ms
2020-02-29 11:48:48.949   CNC 2 Touch   INF   Actual open downtime: 0
2020-02-29 11:48:48.949   CNC 2 Touch   INF   Poweroff state
2020-02-29 11:48:48.949   CNC 2 Touch   INF   Loop ended, elapsed: 56.156363ms
2020-02-29 11:48:48.949   CNC 2 Touch   INF   Sleeping for 9.94378853s
2020-02-29 11:48:58.897   CNC 2 Touch   INF   Device still active
2020-02-29 11:48:58.898   CNC 2 Touch   INF   Starting device loop
2020-02-29 11:48:58.898   CNC 2 Touch   INF   Downloading actual state
2020-02-29 11:48:58.936   CNC 2 Touch   INF   Actual state downloaded, elapsed: 37.58718ms
2020-02-29 11:48:58.936   CNC 2 Touch   INF   Actual workplace state: Poweroff
2020-02-29 11:48:58.936   CNC 2 Touch   INF   Checking open order
2020-02-29 11:48:58.949   CNC 2 Touch   INF   Open order checked, elapsed: 12.674361ms
2020-02-29 11:48:58.949   CNC 2 Touch   INF   Actual open order: 0
2020-02-29 11:48:58.949   CNC 2 Touch   INF   Checking open downtime
2020-02-29 11:48:58.968   CNC 2 Touch   INF   Open downtime checked, elapsed: 19.063437ms
2020-02-29 11:48:58.968   CNC 2 Touch   INF   Actual open downtime: 0
2020-02-29 11:48:58.968   CNC 2 Touch   INF   Poweroff state
2020-02-29 11:48:58.969   CNC 2 Touch   INF   Loop ended, elapsed: 70.701621ms
2020-02-29 11:48:58.969   CNC 2 Touch   INF   Sleeping for 9.929220113s
2020-02-29 11:49:08.898   CNC 2 Touch   INF   Device still active
2020-02-29 11:49:08.899   CNC 2 Touch   INF   Starting device loop
2020-02-29 11:49:08.899   CNC 2 Touch   INF   Downloading actual state
2020-02-29 11:49:08.930   CNC 2 Touch   INF   Actual state downloaded, elapsed: 31.220342ms
2020-02-29 11:49:08.930   CNC 2 Touch   INF   Actual workplace state: Poweroff
2020-02-29 11:49:08.930   CNC 2 Touch   INF   Checking open order
2020-02-29 11:49:08.943   CNC 2 Touch   INF   Open order checked, elapsed: 11.985354ms
2020-02-29 11:49:08.943   CNC 2 Touch   INF   Actual open order: 0
2020-02-29 11:49:08.943   CNC 2 Touch   INF   Checking open downtime
2020-02-29 11:49:08.954   CNC 2 Touch   INF   Open downtime checked, elapsed: 10.704006ms
2020-02-29 11:49:08.954   CNC 2 Touch   INF   Actual open downtime: 0
2020-02-29 11:49:08.954   CNC 2 Touch   INF   Poweroff state
2020-02-29 11:49:08.954   CNC 2 Touch   INF   Loop ended, elapsed: 54.977079ms
2020-02-29 11:49:08.954   CNC 2 Touch   INF   Sleeping for 9.944922187s
2020-02-29 11:49:18.899   CNC 2 Touch   INF   Device still active
2020-02-29 11:49:18.899   CNC 2 Touch   INF   Starting device loop
2020-02-29 11:49:18.900   CNC 2 Touch   INF   Downloading actual state
2020-02-29 11:49:18.926   CNC 2 Touch   INF   Actual state downloaded, elapsed: 26.472902ms
2020-02-29 11:49:18.926   CNC 2 Touch   INF   Actual workplace state: Poweroff
2020-02-29 11:49:18.926   CNC 2 Touch   INF   Checking open order
2020-02-29 11:49:18.936   CNC 2 Touch   INF   Open order checked, elapsed: 9.48502ms
2020-02-29 11:49:18.936   CNC 2 Touch   INF   Actual open order: 0
2020-02-29 11:49:18.936   CNC 2 Touch   INF   Checking open downtime
2020-02-29 11:49:18.946   CNC 2 Touch   INF   Open downtime checked, elapsed: 10.037319ms
2020-02-29 11:49:18.946   CNC 2 Touch   INF   Actual open downtime: 0
2020-02-29 11:49:18.946   CNC 2 Touch   INF   Poweroff state
2020-02-29 11:49:18.947   CNC 2 Touch   INF   Loop ended, elapsed: 47.077928ms
2020-02-29 11:49:18.947   CNC 2 Touch   INF   Sleeping for 9.952849958s
2020-02-29 11:49:28.900   CNC 2 Touch   INF   Device still active
2020-02-29 11:49:28.900   CNC 2 Touch   INF   Starting device loop
2020-02-29 11:49:28.900   CNC 2 Touch   INF   Downloading actual state
2020-02-29 11:49:28.919   CNC 2 Touch   INF   Actual state downloaded, elapsed: 18.393861ms
2020-02-29 11:49:28.919   CNC 2 Touch   INF   Actual workplace state: Poweroff
2020-02-29 11:49:28.919   CNC 2 Touch   INF   Checking open order
2020-02-29 11:49:28.931   CNC 2 Touch   INF   Open order checked, elapsed: 11.522605ms
2020-02-29 11:49:28.931   CNC 2 Touch   INF   Actual open order: 0
2020-02-29 11:49:28.931   CNC 2 Touch   INF   Checking open downtime
2020-02-29 11:49:28.940   CNC 2 Touch   INF   Open downtime checked, elapsed: 8.757758ms
2020-02-29 11:49:28.940   CNC 2 Touch   INF   Actual open downtime: 0
2020-02-29 11:49:28.940   CNC 2 Touch   INF   Poweroff state
2020-02-29 11:49:28.940   CNC 2 Touch   INF   Loop ended, elapsed: 39.880096ms
2020-02-29 11:49:28.940   CNC 2 Touch   INF   Sleeping for 9.960014838s
2020-02-29 11:49:38.900   CNC 2 Touch   INF   Device still active
2020-02-29 11:49:38.901   CNC 2 Touch   INF   Starting device loop
2020-02-29 11:49:38.901   CNC 2 Touch   INF   Downloading actual state
2020-02-29 11:49:38.927   CNC 2 Touch   INF   Actual state downloaded, elapsed: 26.035847ms
2020-02-29 11:49:38.927   CNC 2 Touch   INF   Actual workplace state: Poweroff
2020-02-29 11:49:38.927   CNC 2 Touch   INF   Checking open order
2020-02-29 11:49:38.937   CNC 2 Touch   INF   Open order checked, elapsed: 9.459986ms
2020-02-29 11:49:38.937   CNC 2 Touch   INF   Actual open order: 0
2020-02-29 11:49:38.937   CNC 2 Touch   INF   Checking open downtime
2020-02-29 11:49:38.945   CNC 2 Touch   INF   Open downtime checked, elapsed: 7.885881ms
2020-02-29 11:49:38.945   CNC 2 Touch   INF   Actual open downtime: 0
2020-02-29 11:49:38.945   CNC 2 Touch   INF   Poweroff state
2020-02-29 11:49:38.945   CNC 2 Touch   INF   Loop ended, elapsed: 44.338548ms
2020-02-29 11:49:38.945   CNC 2 Touch   INF   Sleeping for 9.955557518s
2020-02-29 11:49:48.902   CNC 2 Touch   INF   Device still active
2020-02-29 11:49:48.902   CNC 2 Touch   INF   Starting device loop
2020-02-29 11:49:48.903   CNC 2 Touch   INF   Downloading actual state
2020-02-29 11:49:48.929   CNC 2 Touch   INF   Actual state downloaded, elapsed: 26.089006ms
2020-02-29 11:49:48.929   CNC 2 Touch   INF   Actual workplace state: Poweroff
2020-02-29 11:49:48.929   CNC 2 Touch   INF   Checking open order
2020-02-29 11:49:48.938   CNC 2 Touch   INF   Open order checked, elapsed: 9.060176ms
2020-02-29 11:49:48.938   CNC 2 Touch   INF   Actual open order: 0
2020-02-29 11:49:48.939   CNC 2 Touch   INF   Checking open downtime
2020-02-29 11:49:48.956   CNC 2 Touch   INF   Open downtime checked, elapsed: 17.04823ms
2020-02-29 11:49:48.956   CNC 2 Touch   INF   Actual open downtime: 0
2020-02-29 11:49:48.956   CNC 2 Touch   INF   Poweroff state
2020-02-29 11:49:48.956   CNC 2 Touch   INF   Loop ended, elapsed: 53.596292ms
2020-02-29 11:49:48.956   CNC 2 Touch   INF   Sleeping for 9.94630998s
2020-02-29 11:49:58.903   CNC 2 Touch   INF   Device still active
2020-02-29 11:49:58.903   CNC 2 Touch   INF   Starting device loop
2020-02-29 11:49:58.903   CNC 2 Touch   INF   Downloading actual state
2020-02-29 11:49:58.921   CNC 2 Touch   INF   Actual state downloaded, elapsed: 17.426018ms
2020-02-29 11:49:58.921   CNC 2 Touch   INF   Actual workplace state: Poweroff
2020-02-29 11:49:58.921   CNC 2 Touch   INF   Checking open order
2020-02-29 11:49:58.933   CNC 2 Touch   INF   Open order checked, elapsed: 12.04346ms
2020-02-29 11:49:58.933   CNC 2 Touch   INF   Actual open order: 0
2020-02-29 11:49:58.934   CNC 2 Touch   INF   Checking open downtime
2020-02-29 11:49:58.947   CNC 2 Touch   INF   Open downtime checked, elapsed: 13.755864ms
2020-02-29 11:49:58.948   CNC 2 Touch   INF   Actual open downtime: 0
2020-02-29 11:49:58.948   CNC 2 Touch   INF   Poweroff state
2020-02-29 11:49:58.948   CNC 2 Touch   INF   Loop ended, elapsed: 44.514818ms
2020-02-29 11:49:58.948   CNC 2 Touch   INF   Sleeping for 9.955428937s
2020-02-29 11:50:08.906   CNC 2 Touch   INF   Device still active
2020-02-29 11:50:08.906   CNC 2 Touch   INF   Starting device loop
2020-02-29 11:50:08.907   CNC 2 Touch   INF   Downloading actual state
2020-02-29 11:50:08.944   CNC 2 Touch   INF   Actual state downloaded, elapsed: 36.910499ms
2020-02-29 11:50:08.944   CNC 2 Touch   INF   Actual workplace state: Poweroff
2020-02-29 11:50:08.944   CNC 2 Touch   INF   Checking open order
2020-02-29 11:50:08.958   CNC 2 Touch   INF   Open order checked, elapsed: 14.026329ms
2020-02-29 11:50:08.958   CNC 2 Touch   INF   Actual open order: 0
2020-02-29 11:50:08.958   CNC 2 Touch   INF   Checking open downtime
2020-02-29 11:50:08.972   CNC 2 Touch   INF   Open downtime checked, elapsed: 13.317965ms
2020-02-29 11:50:08.972   CNC 2 Touch   INF   Actual open downtime: 0
2020-02-29 11:50:08.972   CNC 2 Touch   INF   Poweroff state
2020-02-29 11:50:08.973   CNC 2 Touch   INF   Loop ended, elapsed: 65.740066ms
2020-02-29 11:50:08.973   CNC 2 Touch   INF   Sleeping for 9.934114811s
2020-02-29 11:50:18.908   CNC 2 Touch   INF   Device still active
2020-02-29 11:50:18.908   CNC 2 Touch   INF   Starting device loop
2020-02-29 11:50:18.909   CNC 2 Touch   INF   Downloading actual state
2020-02-29 11:50:18.928   CNC 2 Touch   INF   Actual state downloaded, elapsed: 19.510538ms
2020-02-29 11:50:18.928   CNC 2 Touch   INF   Actual workplace state: Poweroff
2020-02-29 11:50:18.929   CNC 2 Touch   INF   Checking open order
2020-02-29 11:50:18.937   CNC 2 Touch   INF   Open order checked, elapsed: 8.419277ms
2020-02-29 11:50:18.937   CNC 2 Touch   INF   Actual open order: 0
2020-02-29 11:50:18.937   CNC 2 Touch   INF   Checking open downtime
2020-02-29 11:50:18.945   CNC 2 Touch   INF   Open downtime checked, elapsed: 7.512858ms
2020-02-29 11:50:18.945   CNC 2 Touch   INF   Actual open downtime: 0
2020-02-29 11:50:18.945   CNC 2 Touch   INF   Poweroff state
2020-02-29 11:50:18.945   CNC 2 Touch   INF   Loop ended, elapsed: 36.435314ms
2020-02-29 11:50:18.945   CNC 2 Touch   INF   Sleeping for 9.963460308s
2020-02-29 11:50:28.910   CNC 2 Touch   INF   Device still active
2020-02-29 11:50:28.911   CNC 2 Touch   INF   Starting device loop
2020-02-29 11:50:28.911   CNC 2 Touch   INF   Downloading actual state
2020-02-29 11:50:28.944   CNC 2 Touch   INF   Actual state downloaded, elapsed: 32.550854ms
2020-02-29 11:50:28.944   CNC 2 Touch   INF   Actual workplace state: Poweroff
2020-02-29 11:50:28.944   CNC 2 Touch   INF   Checking open order
2020-02-29 11:50:28.962   CNC 2 Touch   INF   Open order checked, elapsed: 17.243251ms
2020-02-29 11:50:28.964   CNC 2 Touch   INF   Actual open order: 0
2020-02-29 11:50:28.964   CNC 2 Touch   INF   Checking open downtime
2020-02-29 11:50:28.993   CNC 2 Touch   INF   Open downtime checked, elapsed: 28.361526ms
2020-02-29 11:50:28.993   CNC 2 Touch   INF   Actual open downtime: 0
2020-02-29 11:50:28.993   CNC 2 Touch   INF   Poweroff state
2020-02-29 11:50:28.993   CNC 2 Touch   INF   Loop ended, elapsed: 81.825215ms
2020-02-29 11:50:28.993   CNC 2 Touch   INF   Sleeping for 9.918086203s
2020-02-29 11:50:38.913   CNC 2 Touch   INF   Device still active
2020-02-29 11:50:38.915   CNC 2 Touch   INF   Starting device loop
2020-02-29 11:50:38.915   CNC 2 Touch   INF   Downloading actual state
2020-02-29 11:50:38.939   CNC 2 Touch   INF   Actual state downloaded, elapsed: 23.609443ms
2020-02-29 11:50:38.939   CNC 2 Touch   INF   Actual workplace state: Poweroff
2020-02-29 11:50:38.939   CNC 2 Touch   INF   Checking open order
2020-02-29 11:50:38.954   CNC 2 Touch   INF   Open order checked, elapsed: 13.747893ms
2020-02-29 11:50:38.955   CNC 2 Touch   INF   Actual open order: 0
2020-02-29 11:50:38.955   CNC 2 Touch   INF   Checking open downtime
2020-02-29 11:50:38.972   CNC 2 Touch   INF   Open downtime checked, elapsed: 16.513139ms
2020-02-29 11:50:38.972   CNC 2 Touch   INF   Actual open downtime: 0
2020-02-29 11:50:38.972   CNC 2 Touch   INF   Poweroff state
2020-02-29 11:50:38.972   CNC 2 Touch   INF   Loop ended, elapsed: 56.698681ms
2020-02-29 11:50:38.972   CNC 2 Touch   INF   Sleeping for 9.943204205s
2020-02-29 11:50:48.916   CNC 2 Touch   INF   Device still active
2020-02-29 11:50:48.917   CNC 2 Touch   INF   Starting device loop
2020-02-29 11:50:48.917   CNC 2 Touch   INF   Downloading actual state
2020-02-29 11:50:48.948   CNC 2 Touch   INF   Actual state downloaded, elapsed: 30.552713ms
2020-02-29 11:50:48.948   CNC 2 Touch   INF   Actual workplace state: Poweroff
2020-02-29 11:50:48.948   CNC 2 Touch   INF   Checking open order
2020-02-29 11:50:48.970   CNC 2 Touch   INF   Open order checked, elapsed: 21.379945ms
2020-02-29 11:50:48.970   CNC 2 Touch   INF   Actual open order: 0
2020-02-29 11:50:48.970   CNC 2 Touch   INF   Checking open downtime
2020-02-29 11:50:48.993   CNC 2 Touch   INF   Open downtime checked, elapsed: 23.157361ms
2020-02-29 11:50:48.994   CNC 2 Touch   INF   Actual open downtime: 0
2020-02-29 11:50:48.994   CNC 2 Touch   INF   Poweroff state
2020-02-29 11:50:48.994   CNC 2 Touch   INF   Loop ended, elapsed: 76.486306ms
2020-02-29 11:50:48.994   CNC 2 Touch   INF   Sleeping for 9.923433603s
2020-02-29 11:50:58.918   CNC 2 Touch   INF   Device still active
2020-02-29 11:50:58.918   CNC 2 Touch   INF   Starting device loop
2020-02-29 11:50:58.919   CNC 2 Touch   INF   Downloading actual state
2020-02-29 11:50:58.941   CNC 2 Touch   INF   Actual state downloaded, elapsed: 22.469921ms
2020-02-29 11:50:58.942   CNC 2 Touch   INF   Actual workplace state: Poweroff
2020-02-29 11:50:58.942   CNC 2 Touch   INF   Checking open order
2020-02-29 11:50:58.951   CNC 2 Touch   INF   Open order checked, elapsed: 9.702984ms
2020-02-29 11:50:58.952   CNC 2 Touch   INF   Actual open order: 0
2020-02-29 11:50:58.952   CNC 2 Touch   INF   Checking open downtime
2020-02-29 11:50:58.962   CNC 2 Touch   INF   Open downtime checked, elapsed: 9.836449ms
2020-02-29 11:50:58.962   CNC 2 Touch   INF   Actual open downtime: 0
2020-02-29 11:50:58.962   CNC 2 Touch   INF   Poweroff state
2020-02-29 11:50:58.962   CNC 2 Touch   INF   Loop ended, elapsed: 43.283011ms
2020-02-29 11:50:58.962   CNC 2 Touch   INF   Sleeping for 9.956646134s
2020-02-29 11:51:08.919   CNC 2 Touch   INF   Device still active
2020-02-29 11:51:08.919   CNC 2 Touch   INF   Starting device loop
2020-02-29 11:51:08.919   CNC 2 Touch   INF   Downloading actual state
2020-02-29 11:51:08.937   CNC 2 Touch   INF   Actual state downloaded, elapsed: 17.477835ms
2020-02-29 11:51:08.937   CNC 2 Touch   INF   Actual workplace state: Poweroff
2020-02-29 11:51:08.937   CNC 2 Touch   INF   Checking open order
2020-02-29 11:51:08.950   CNC 2 Touch   INF   Open order checked, elapsed: 12.757959ms
2020-02-29 11:51:08.950   CNC 2 Touch   INF   Actual open order: 0
2020-02-29 11:51:08.950   CNC 2 Touch   INF   Checking open downtime
2020-02-29 11:51:08.960   CNC 2 Touch   INF   Open downtime checked, elapsed: 9.718869ms
2020-02-29 11:51:08.961   CNC 2 Touch   INF   Actual open downtime: 0
2020-02-29 11:51:08.961   CNC 2 Touch   INF   Poweroff state
2020-02-29 11:51:08.961   CNC 2 Touch   INF   Loop ended, elapsed: 41.468935ms
2020-02-29 11:51:08.961   CNC 2 Touch   INF   Sleeping for 9.958425536s
2020-02-29 11:51:18.920   CNC 2 Touch   INF   Device still active
2020-02-29 11:51:18.920   CNC 2 Touch   INF   Starting device loop
2020-02-29 11:51:18.920   CNC 2 Touch   INF   Downloading actual state
2020-02-29 11:51:18.944   CNC 2 Touch   INF   Actual state downloaded, elapsed: 23.625697ms
2020-02-29 11:51:18.944   CNC 2 Touch   INF   Actual workplace state: Poweroff
2020-02-29 11:51:18.945   CNC 2 Touch   INF   Checking open order
2020-02-29 11:51:18.962   CNC 2 Touch   INF   Open order checked, elapsed: 17.733997ms
2020-02-29 11:51:18.963   CNC 2 Touch   INF   Actual open order: 0
2020-02-29 11:51:18.963   CNC 2 Touch   INF   Checking open downtime
2020-02-29 11:51:18.977   CNC 2 Touch   INF   Open downtime checked, elapsed: 14.02666ms
2020-02-29 11:51:18.977   CNC 2 Touch   INF   Actual open downtime: 0
2020-02-29 11:51:18.977   CNC 2 Touch   INF   Poweroff state
2020-02-29 11:51:18.977   CNC 2 Touch   INF   Loop ended, elapsed: 57.075018ms
2020-02-29 11:51:18.977   CNC 2 Touch   INF   Sleeping for 9.942817186s
2020-02-29 11:51:28.921   CNC 2 Touch   INF   Device still active
2020-02-29 11:51:28.921   CNC 2 Touch   INF   Starting device loop
2020-02-29 11:51:28.921   CNC 2 Touch   INF   Downloading actual state
2020-02-29 11:51:28.979   CNC 2 Touch   INF   Actual state downloaded, elapsed: 57.678349ms
2020-02-29 11:51:28.979   CNC 2 Touch   INF   Actual workplace state: Poweroff
2020-02-29 11:51:28.979   CNC 2 Touch   INF   Checking open order
2020-02-29 11:51:28.988   CNC 2 Touch   INF   Open order checked, elapsed: 8.190737ms
2020-02-29 11:51:28.988   CNC 2 Touch   INF   Actual open order: 0
2020-02-29 11:51:28.988   CNC 2 Touch   INF   Checking open downtime
2020-02-29 11:51:28.995   CNC 2 Touch   INF   Open downtime checked, elapsed: 6.621659ms
2020-02-29 11:51:28.995   CNC 2 Touch   INF   Actual open downtime: 0
2020-02-29 11:51:28.995   CNC 2 Touch   INF   Poweroff state
2020-02-29 11:51:28.995   CNC 2 Touch   INF   Loop ended, elapsed: 73.84024ms
2020-02-29 11:51:28.995   CNC 2 Touch   INF   Sleeping for 9.926107108s
2020-02-29 11:51:38.921   CNC 2 Touch   INF   Device still active
2020-02-29 11:51:38.921   CNC 2 Touch   INF   Starting device loop
2020-02-29 11:51:38.921   CNC 2 Touch   INF   Downloading actual state
2020-02-29 11:51:38.944   CNC 2 Touch   INF   Actual state downloaded, elapsed: 22.440053ms
2020-02-29 11:51:38.944   CNC 2 Touch   INF   Actual workplace state: Poweroff
2020-02-29 11:51:38.944   CNC 2 Touch   INF   Checking open order
2020-02-29 11:51:38.953   CNC 2 Touch   INF   Open order checked, elapsed: 8.93482ms
2020-02-29 11:51:38.953   CNC 2 Touch   INF   Actual open order: 0
2020-02-29 11:51:38.953   CNC 2 Touch   INF   Checking open downtime
2020-02-29 11:51:38.963   CNC 2 Touch   INF   Open downtime checked, elapsed: 9.251638ms
2020-02-29 11:51:38.963   CNC 2 Touch   INF   Actual open downtime: 0
2020-02-29 11:51:38.963   CNC 2 Touch   INF   Poweroff state
2020-02-29 11:51:38.963   CNC 2 Touch   INF   Loop ended, elapsed: 41.732365ms
2020-02-29 11:51:38.963   CNC 2 Touch   INF   Sleeping for 9.958202875s
2020-02-29 11:51:48.922   CNC 2 Touch   INF   Device still active
2020-02-29 11:51:48.922   CNC 2 Touch   INF   Starting device loop
2020-02-29 11:51:48.923   CNC 2 Touch   INF   Downloading actual state
2020-02-29 11:51:48.985   CNC 2 Touch   INF   Actual state downloaded, elapsed: 61.793869ms
2020-02-29 11:51:48.985   CNC 2 Touch   INF   Actual workplace state: Poweroff
2020-02-29 11:51:48.985   CNC 2 Touch   INF   Checking open order
2020-02-29 11:51:48.996   CNC 2 Touch   INF   Open order checked, elapsed: 10.305447ms
2020-02-29 11:51:48.996   CNC 2 Touch   INF   Actual open order: 0
2020-02-29 11:51:48.996   CNC 2 Touch   INF   Checking open downtime
2020-02-29 11:51:49.011   CNC 2 Touch   INF   Open downtime checked, elapsed: 14.982266ms
2020-02-29 11:51:49.012   CNC 2 Touch   INF   Actual open downtime: 0
2020-02-29 11:51:49.012   CNC 2 Touch   INF   Poweroff state
2020-02-29 11:51:49.013   CNC 2 Touch   INF   Loop ended, elapsed: 89.898598ms
2020-02-29 11:51:49.013   CNC 2 Touch   INF   Sleeping for 9.910004163s
2020-02-29 11:51:58.923   CNC 2 Touch   INF   Device still active
2020-02-29 11:51:58.923   CNC 2 Touch   INF   Starting device loop
2020-02-29 11:51:58.924   CNC 2 Touch   INF   Downloading actual state
2020-02-29 11:51:58.942   CNC 2 Touch   INF   Actual state downloaded, elapsed: 18.387878ms
2020-02-29 11:51:58.943   CNC 2 Touch   INF   Actual workplace state: Poweroff
2020-02-29 11:51:58.943   CNC 2 Touch   INF   Checking open order
2020-02-29 11:51:58.954   CNC 2 Touch   INF   Open order checked, elapsed: 10.738343ms
2020-02-29 11:51:58.954   CNC 2 Touch   INF   Actual open order: 0
2020-02-29 11:51:58.954   CNC 2 Touch   INF   Checking open downtime
2020-02-29 11:51:58.961   CNC 2 Touch   INF   Open downtime checked, elapsed: 6.960937ms
2020-02-29 11:51:58.961   CNC 2 Touch   INF   Actual open downtime: 0
2020-02-29 11:51:58.961   CNC 2 Touch   INF   Poweroff state
2020-02-29 11:51:58.961   CNC 2 Touch   INF   Loop ended, elapsed: 37.555242ms
2020-02-29 11:51:58.961   CNC 2 Touch   INF   Sleeping for 9.962374377s
2020-02-29 11:52:08.924   CNC 2 Touch   INF   Device still active
2020-02-29 11:52:08.924   CNC 2 Touch   INF   Starting device loop
2020-02-29 11:52:08.925   CNC 2 Touch   INF   Downloading actual state
2020-02-29 11:52:08.946   CNC 2 Touch   INF   Actual state downloaded, elapsed: 20.917029ms
2020-02-29 11:52:08.946   CNC 2 Touch   INF   Actual workplace state: Poweroff
2020-02-29 11:52:08.946   CNC 2 Touch   INF   Checking open order
2020-02-29 11:52:08.955   CNC 2 Touch   INF   Open order checked, elapsed: 8.614406ms
2020-02-29 11:52:08.955   CNC 2 Touch   INF   Actual open order: 0
2020-02-29 11:52:08.955   CNC 2 Touch   INF   Checking open downtime
2020-02-29 11:52:08.968   CNC 2 Touch   INF   Open downtime checked, elapsed: 13.232792ms
2020-02-29 11:52:08.969   CNC 2 Touch   INF   Actual open downtime: 0
2020-02-29 11:52:08.969   CNC 2 Touch   INF   Poweroff state
2020-02-29 11:52:08.969   CNC 2 Touch   INF   Loop ended, elapsed: 44.124147ms
2020-02-29 11:52:08.969   CNC 2 Touch   INF   Sleeping for 9.955795973s
2020-02-29 11:52:18.928   CNC 2 Touch   INF   Device still active
2020-02-29 11:52:18.928   CNC 2 Touch   INF   Starting device loop
2020-02-29 11:52:18.929   CNC 2 Touch   INF   Downloading actual state
2020-02-29 11:52:18.954   CNC 2 Touch   INF   Actual state downloaded, elapsed: 25.590228ms
2020-02-29 11:52:18.955   CNC 2 Touch   INF   Actual workplace state: Poweroff
2020-02-29 11:52:18.955   CNC 2 Touch   INF   Checking open order
2020-02-29 11:52:18.972   CNC 2 Touch   INF   Open order checked, elapsed: 17.222576ms
2020-02-29 11:52:18.973   CNC 2 Touch   INF   Actual open order: 0
2020-02-29 11:52:18.973   CNC 2 Touch   INF   Checking open downtime
2020-02-29 11:52:18.988   CNC 2 Touch   INF   Open downtime checked, elapsed: 14.495418ms
2020-02-29 11:52:18.988   CNC 2 Touch   INF   Actual open downtime: 0
2020-02-29 11:52:18.988   CNC 2 Touch   INF   Poweroff state
2020-02-29 11:52:18.988   CNC 2 Touch   INF   Loop ended, elapsed: 59.342928ms
2020-02-29 11:52:18.988   CNC 2 Touch   INF   Sleeping for 9.940559782s
2020-02-29 11:52:28.930   CNC 2 Touch   INF   Device still active
2020-02-29 11:52:28.930   CNC 2 Touch   INF   Starting device loop
2020-02-29 11:52:28.930   CNC 2 Touch   INF   Downloading actual state
2020-02-29 11:52:28.947   CNC 2 Touch   INF   Actual state downloaded, elapsed: 17.226024ms
2020-02-29 11:52:28.947   CNC 2 Touch   INF   Actual workplace state: Poweroff
2020-02-29 11:52:28.948   CNC 2 Touch   INF   Checking open order
2020-02-29 11:52:28.964   CNC 2 Touch   INF   Open order checked, elapsed: 16.493711ms
2020-02-29 11:52:28.964   CNC 2 Touch   INF   Actual open order: 0
2020-02-29 11:52:28.964   CNC 2 Touch   INF   Checking open downtime
2020-02-29 11:52:28.972   CNC 2 Touch   INF   Open downtime checked, elapsed: 7.63973ms
2020-02-29 11:52:28.972   CNC 2 Touch   INF   Actual open downtime: 0
2020-02-29 11:52:28.972   CNC 2 Touch   INF   Poweroff state
2020-02-29 11:52:28.972   CNC 2 Touch   INF   Loop ended, elapsed: 42.522648ms
2020-02-29 11:52:28.973   CNC 2 Touch   INF   Sleeping for 9.957379895s
2020-02-29 11:52:38.930   CNC 2 Touch   INF   Device still active
2020-02-29 11:52:38.931   CNC 2 Touch   INF   Starting device loop
2020-02-29 11:52:38.931   CNC 2 Touch   INF   Downloading actual state
2020-02-29 11:52:38.952   CNC 2 Touch   INF   Actual state downloaded, elapsed: 21.027947ms
2020-02-29 11:52:38.952   CNC 2 Touch   INF   Actual workplace state: Poweroff
2020-02-29 11:52:38.952   CNC 2 Touch   INF   Checking open order
2020-02-29 11:52:38.966   CNC 2 Touch   INF   Open order checked, elapsed: 13.71342ms
2020-02-29 11:52:38.967   CNC 2 Touch   INF   Actual open order: 0
2020-02-29 11:52:38.967   CNC 2 Touch   INF   Checking open downtime
2020-02-29 11:52:38.976   CNC 2 Touch   INF   Open downtime checked, elapsed: 9.668513ms
2020-02-29 11:52:38.977   CNC 2 Touch   INF   Actual open downtime: 0
2020-02-29 11:52:38.977   CNC 2 Touch   INF   Poweroff state
2020-02-29 11:52:38.977   CNC 2 Touch   INF   Loop ended, elapsed: 45.87489ms
2020-02-29 11:52:38.977   CNC 2 Touch   INF   Sleeping for 9.954071413s
2020-02-29 11:52:48.932   CNC 2 Touch   INF   Device still active
2020-02-29 11:52:48.933   CNC 2 Touch   INF   Starting device loop
2020-02-29 11:52:48.933   CNC 2 Touch   INF   Downloading actual state
2020-02-29 11:52:48.991   CNC 2 Touch   INF   Actual state downloaded, elapsed: 58.134962ms
2020-02-29 11:52:48.991   CNC 2 Touch   INF   Actual workplace state: Poweroff
2020-02-29 11:52:48.992   CNC 2 Touch   INF   Checking open order
2020-02-29 11:52:49.018   CNC 2 Touch   INF   Open order checked, elapsed: 26.178683ms
2020-02-29 11:52:49.019   CNC 2 Touch   INF   Actual open order: 0
2020-02-29 11:52:49.019   CNC 2 Touch   INF   Checking open downtime
2020-02-29 11:52:49.032   CNC 2 Touch   INF   Open downtime checked, elapsed: 13.584988ms
2020-02-29 11:52:49.033   CNC 2 Touch   INF   Actual open downtime: 0
2020-02-29 11:52:49.033   CNC 2 Touch   INF   Poweroff state
2020-02-29 11:52:49.033   CNC 2 Touch   INF   Loop ended, elapsed: 99.87368ms
2020-02-29 11:52:49.033   CNC 2 Touch   INF   Sleeping for 9.900026451s
2020-02-29 11:52:58.935   CNC 2 Touch   INF   Device still active
2020-02-29 11:52:58.935   CNC 2 Touch   INF   Starting device loop
2020-02-29 11:52:58.936   CNC 2 Touch   INF   Downloading actual state
2020-02-29 11:52:58.956   CNC 2 Touch   INF   Actual state downloaded, elapsed: 20.163978ms
2020-02-29 11:52:58.956   CNC 2 Touch   INF   Actual workplace state: Poweroff
2020-02-29 11:52:58.956   CNC 2 Touch   INF   Checking open order
2020-02-29 11:52:58.967   CNC 2 Touch   INF   Open order checked, elapsed: 10.338105ms
2020-02-29 11:52:58.967   CNC 2 Touch   INF   Actual open order: 0
2020-02-29 11:52:58.967   CNC 2 Touch   INF   Checking open downtime
2020-02-29 11:52:58.977   CNC 2 Touch   INF   Open downtime checked, elapsed: 9.521289ms
2020-02-29 11:52:58.977   CNC 2 Touch   INF   Actual open downtime: 0
2020-02-29 11:52:58.977   CNC 2 Touch   INF   Poweroff state
2020-02-29 11:52:58.977   CNC 2 Touch   INF   Loop ended, elapsed: 41.458534ms
2020-02-29 11:52:58.977   CNC 2 Touch   INF   Sleeping for 9.958430914s
2020-02-29 11:53:08.939   CNC 2 Touch   INF   Device still active
2020-02-29 11:53:08.940   CNC 2 Touch   INF   Starting device loop
2020-02-29 11:53:08.940   CNC 2 Touch   INF   Downloading actual state
2020-02-29 11:53:08.960   CNC 2 Touch   INF   Actual state downloaded, elapsed: 19.687897ms
2020-02-29 11:53:08.960   CNC 2 Touch   INF   Actual workplace state: Poweroff
2020-02-29 11:53:08.960   CNC 2 Touch   INF   Checking open order
2020-02-29 11:53:08.973   CNC 2 Touch   INF   Open order checked, elapsed: 13.002689ms
2020-02-29 11:53:08.974   CNC 2 Touch   INF   Actual open order: 0
2020-02-29 11:53:08.974   CNC 2 Touch   INF   Checking open downtime
2020-02-29 11:53:08.985   CNC 2 Touch   INF   Open downtime checked, elapsed: 10.832735ms
2020-02-29 11:53:08.985   CNC 2 Touch   INF   Actual open downtime: 0
2020-02-29 11:53:08.985   CNC 2 Touch   INF   Poweroff state
2020-02-29 11:53:08.985   CNC 2 Touch   INF   Loop ended, elapsed: 45.038879ms
2020-02-29 11:53:08.985   CNC 2 Touch   INF   Sleeping for 9.954845889s
2020-02-29 11:53:18.940   CNC 2 Touch   INF   Device still active
2020-02-29 11:53:18.941   CNC 2 Touch   INF   Starting device loop
2020-02-29 11:53:18.941   CNC 2 Touch   INF   Downloading actual state
2020-02-29 11:53:18.984   CNC 2 Touch   INF   Actual state downloaded, elapsed: 42.703953ms
2020-02-29 11:53:18.985   CNC 2 Touch   INF   Actual workplace state: Poweroff
2020-02-29 11:53:18.986   CNC 2 Touch   INF   Checking open order
2020-02-29 11:53:19.003   CNC 2 Touch   INF   Open order checked, elapsed: 17.702092ms
2020-02-29 11:53:19.004   CNC 2 Touch   INF   Actual open order: 0
2020-02-29 11:53:19.004   CNC 2 Touch   INF   Checking open downtime
2020-02-29 11:53:19.018   CNC 2 Touch   INF   Open downtime checked, elapsed: 13.63399ms
2020-02-29 11:53:19.019   CNC 2 Touch   INF   Actual open downtime: 0
2020-02-29 11:53:19.019   CNC 2 Touch   INF   Poweroff state
2020-02-29 11:53:19.019   CNC 2 Touch   INF   Loop ended, elapsed: 77.896722ms
2020-02-29 11:53:19.019   CNC 2 Touch   INF   Sleeping for 9.921970554s
2020-02-29 11:53:28.941   CNC 2 Touch   INF   Device still active
2020-02-29 11:53:28.942   CNC 2 Touch   INF   Starting device loop
2020-02-29 11:53:28.942   CNC 2 Touch   INF   Downloading actual state
2020-02-29 11:53:28.961   CNC 2 Touch   INF   Actual state downloaded, elapsed: 19.228059ms
2020-02-29 11:53:28.961   CNC 2 Touch   INF   Actual workplace state: Poweroff
2020-02-29 11:53:28.961   CNC 2 Touch   INF   Checking open order
2020-02-29 11:53:28.975   CNC 2 Touch   INF   Open order checked, elapsed: 13.109296ms
2020-02-29 11:53:28.975   CNC 2 Touch   INF   Actual open order: 0
2020-02-29 11:53:28.975   CNC 2 Touch   INF   Checking open downtime
2020-02-29 11:53:28.986   CNC 2 Touch   INF   Open downtime checked, elapsed: 10.795285ms
2020-02-29 11:53:28.986   CNC 2 Touch   INF   Actual open downtime: 0
2020-02-29 11:53:28.986   CNC 2 Touch   INF   Poweroff state
2020-02-29 11:53:28.986   CNC 2 Touch   INF   Loop ended, elapsed: 44.448399ms
2020-02-29 11:53:28.986   CNC 2 Touch   INF   Sleeping for 9.95547223s
2020-02-29 11:53:38.944   CNC 2 Touch   INF   Device still active
2020-02-29 11:53:38.944   CNC 2 Touch   INF   Starting device loop
2020-02-29 11:53:38.945   CNC 2 Touch   INF   Downloading actual state
2020-02-29 11:53:38.968   CNC 2 Touch   INF   Actual state downloaded, elapsed: 23.320684ms
2020-02-29 11:53:38.968   CNC 2 Touch   INF   Actual workplace state: Poweroff
2020-02-29 11:53:38.968   CNC 2 Touch   INF   Checking open order
2020-02-29 11:53:38.994   CNC 2 Touch   INF   Open order checked, elapsed: 25.657983ms
2020-02-29 11:53:38.994   CNC 2 Touch   INF   Actual open order: 0
2020-02-29 11:53:38.994   CNC 2 Touch   INF   Checking open downtime
2020-02-29 11:53:39.000   CNC 2 Touch   INF   Open downtime checked, elapsed: 6.097916ms
2020-02-29 11:53:39.001   CNC 2 Touch   INF   Actual open downtime: 0
2020-02-29 11:53:39.001   CNC 2 Touch   INF   Poweroff state
2020-02-29 11:53:39.001   CNC 2 Touch   INF   Loop ended, elapsed: 56.058977ms
2020-02-29 11:53:39.001   CNC 2 Touch   INF   Sleeping for 9.943853533s
2020-02-29 11:53:48.946   CNC 2 Touch   INF   Device still active
2020-02-29 11:53:48.946   CNC 2 Touch   INF   Starting device loop
2020-02-29 11:53:48.947   CNC 2 Touch   INF   Downloading actual state
2020-02-29 11:53:48.974   CNC 2 Touch   INF   Actual state downloaded, elapsed: 27.173774ms
2020-02-29 11:53:48.974   CNC 2 Touch   INF   Actual workplace state: Poweroff
2020-02-29 11:53:48.975   CNC 2 Touch   INF   Checking open order
2020-02-29 11:53:48.989   CNC 2 Touch   INF   Open order checked, elapsed: 13.534238ms
2020-02-29 11:53:48.989   CNC 2 Touch   INF   Actual open order: 0
2020-02-29 11:53:48.990   CNC 2 Touch   INF   Checking open downtime
2020-02-29 11:53:49.004   CNC 2 Touch   INF   Open downtime checked, elapsed: 13.925537ms
2020-02-29 11:53:49.004   CNC 2 Touch   INF   Actual open downtime: 0
2020-02-29 11:53:49.004   CNC 2 Touch   INF   Poweroff state
2020-02-29 11:53:49.004   CNC 2 Touch   INF   Loop ended, elapsed: 57.301045ms
2020-02-29 11:53:49.004   CNC 2 Touch   INF   Sleeping for 9.942613579s
2020-02-29 11:53:58.948   CNC 2 Touch   INF   Device still active
2020-02-29 11:53:58.948   CNC 2 Touch   INF   Starting device loop
2020-02-29 11:53:58.949   CNC 2 Touch   INF   Downloading actual state
2020-02-29 11:53:58.967   CNC 2 Touch   INF   Actual state downloaded, elapsed: 18.358284ms
2020-02-29 11:53:58.967   CNC 2 Touch   INF   Actual workplace state: Poweroff
2020-02-29 11:53:58.967   CNC 2 Touch   INF   Checking open order
2020-02-29 11:53:58.976   CNC 2 Touch   INF   Open order checked, elapsed: 8.970307ms
2020-02-29 11:53:58.977   CNC 2 Touch   INF   Actual open order: 0
2020-02-29 11:53:58.977   CNC 2 Touch   INF   Checking open downtime
2020-02-29 11:53:58.985   CNC 2 Touch   INF   Open downtime checked, elapsed: 7.660132ms
2020-02-29 11:53:58.985   CNC 2 Touch   INF   Actual open downtime: 0
2020-02-29 11:53:58.985   CNC 2 Touch   INF   Poweroff state
2020-02-29 11:53:58.985   CNC 2 Touch   INF   Loop ended, elapsed: 36.739545ms
2020-02-29 11:53:58.985   CNC 2 Touch   INF   Sleeping for 9.96316924s
2020-02-29 11:54:08.949   CNC 2 Touch   INF   Device still active
2020-02-29 11:54:08.949   CNC 2 Touch   INF   Starting device loop
2020-02-29 11:54:08.950   CNC 2 Touch   INF   Downloading actual state
2020-02-29 11:54:08.968   CNC 2 Touch   INF   Actual state downloaded, elapsed: 18.655934ms
2020-02-29 11:54:08.968   CNC 2 Touch   INF   Actual workplace state: Poweroff
2020-02-29 11:54:08.969   CNC 2 Touch   INF   Checking open order
2020-02-29 11:54:08.979   CNC 2 Touch   INF   Open order checked, elapsed: 10.706446ms
2020-02-29 11:54:08.979   CNC 2 Touch   INF   Actual open order: 0
2020-02-29 11:54:08.980   CNC 2 Touch   INF   Checking open downtime
2020-02-29 11:54:08.988   CNC 2 Touch   INF   Open downtime checked, elapsed: 8.608759ms
2020-02-29 11:54:08.988   CNC 2 Touch   INF   Actual open downtime: 0
2020-02-29 11:54:08.988   CNC 2 Touch   INF   Poweroff state
2020-02-29 11:54:08.988   CNC 2 Touch   INF   Loop ended, elapsed: 38.976375ms
2020-02-29 11:54:08.989   CNC 2 Touch   INF   Sleeping for 9.960925991s
2020-02-29 11:54:18.950   CNC 2 Touch   INF   Device still active
2020-02-29 11:54:18.951   CNC 2 Touch   INF   Starting device loop
2020-02-29 11:54:18.951   CNC 2 Touch   INF   Downloading actual state
2020-02-29 11:54:18.972   CNC 2 Touch   INF   Actual state downloaded, elapsed: 21.176102ms
2020-02-29 11:54:18.973   CNC 2 Touch   INF   Actual workplace state: Poweroff
2020-02-29 11:54:18.973   CNC 2 Touch   INF   Checking open order
2020-02-29 11:54:18.983   CNC 2 Touch   INF   Open order checked, elapsed: 9.884675ms
2020-02-29 11:54:18.983   CNC 2 Touch   INF   Actual open order: 0
2020-02-29 11:54:18.983   CNC 2 Touch   INF   Checking open downtime
2020-02-29 11:54:18.996   CNC 2 Touch   INF   Open downtime checked, elapsed: 12.785749ms
2020-02-29 11:54:18.996   CNC 2 Touch   INF   Actual open downtime: 0
2020-02-29 11:54:18.996   CNC 2 Touch   INF   Poweroff state
2020-02-29 11:54:18.997   CNC 2 Touch   INF   Loop ended, elapsed: 45.798218ms
2020-02-29 11:54:18.997   CNC 2 Touch   INF   Sleeping for 9.954137052s
2020-02-29 11:54:28.952   CNC 2 Touch   INF   Device still active
2020-02-29 11:54:28.952   CNC 2 Touch   INF   Starting device loop
2020-02-29 11:54:28.952   CNC 2 Touch   INF   Downloading actual state
2020-02-29 11:54:28.977   CNC 2 Touch   INF   Actual state downloaded, elapsed: 24.788288ms
2020-02-29 11:54:28.977   CNC 2 Touch   INF   Actual workplace state: Poweroff
2020-02-29 11:54:28.977   CNC 2 Touch   INF   Checking open order
2020-02-29 11:54:28.987   CNC 2 Touch   INF   Open order checked, elapsed: 9.561049ms
2020-02-29 11:54:28.987   CNC 2 Touch   INF   Actual open order: 0
2020-02-29 11:54:28.987   CNC 2 Touch   INF   Checking open downtime
2020-02-29 11:54:28.999   CNC 2 Touch   INF   Open downtime checked, elapsed: 11.429197ms
2020-02-29 11:54:28.999   CNC 2 Touch   INF   Actual open downtime: 0
2020-02-29 11:54:28.999   CNC 2 Touch   INF   Poweroff state
2020-02-29 11:54:28.999   CNC 2 Touch   INF   Loop ended, elapsed: 46.992919ms
2020-02-29 11:54:28.999   CNC 2 Touch   INF   Sleeping for 9.952902257s
2020-02-29 11:54:38.955   CNC 2 Touch   INF   Device still active
2020-02-29 11:54:38.955   CNC 2 Touch   INF   Starting device loop
2020-02-29 11:54:38.956   CNC 2 Touch   INF   Downloading actual state
2020-02-29 11:54:38.978   CNC 2 Touch   INF   Actual state downloaded, elapsed: 22.015463ms
2020-02-29 11:54:38.979   CNC 2 Touch   INF   Actual workplace state: Poweroff
2020-02-29 11:54:38.979   CNC 2 Touch   INF   Checking open order
2020-02-29 11:54:39.004   CNC 2 Touch   INF   Open order checked, elapsed: 24.823789ms
2020-02-29 11:54:39.004   CNC 2 Touch   INF   Actual open order: 0
2020-02-29 11:54:39.004   CNC 2 Touch   INF   Checking open downtime
2020-02-29 11:54:39.017   CNC 2 Touch   INF   Open downtime checked, elapsed: 13.108169ms
2020-02-29 11:54:39.018   CNC 2 Touch   INF   Actual open downtime: 0
2020-02-29 11:54:39.018   CNC 2 Touch   INF   Poweroff state
2020-02-29 11:54:39.018   CNC 2 Touch   INF   Loop ended, elapsed: 62.232096ms
2020-02-29 11:54:39.018   CNC 2 Touch   INF   Sleeping for 9.937681826s
2020-02-29 11:54:48.957   CNC 2 Touch   INF   Device still active
2020-02-29 11:54:48.957   CNC 2 Touch   INF   Starting device loop
2020-02-29 11:54:48.957   CNC 2 Touch   INF   Downloading actual state
2020-02-29 11:54:49.006   CNC 2 Touch   INF   Actual state downloaded, elapsed: 49.157261ms
2020-02-29 11:54:49.007   CNC 2 Touch   INF   Actual workplace state: Poweroff
2020-02-29 11:54:49.007   CNC 2 Touch   INF   Checking open order
2020-02-29 11:54:49.024   CNC 2 Touch   INF   Open order checked, elapsed: 16.568389ms
2020-02-29 11:54:49.024   CNC 2 Touch   INF   Actual open order: 0
2020-02-29 11:54:49.024   CNC 2 Touch   INF   Checking open downtime
2020-02-29 11:54:49.040   CNC 2 Touch   INF   Open downtime checked, elapsed: 15.953254ms
2020-02-29 11:54:49.040   CNC 2 Touch   INF   Actual open downtime: 0
2020-02-29 11:54:49.040   CNC 2 Touch   INF   Poweroff state
2020-02-29 11:54:49.040   CNC 2 Touch   INF   Loop ended, elapsed: 83.156993ms
2020-02-29 11:54:49.040   CNC 2 Touch   INF   Sleeping for 9.916769125s
2020-02-29 11:54:58.960   CNC 2 Touch   INF   Device still active
2020-02-29 11:54:58.960   CNC 2 Touch   INF   Starting device loop
2020-02-29 11:54:58.960   CNC 2 Touch   INF   Downloading actual state
2020-02-29 11:54:58.978   CNC 2 Touch   INF   Actual state downloaded, elapsed: 17.668471ms
2020-02-29 11:54:58.978   CNC 2 Touch   INF   Actual workplace state: Poweroff
2020-02-29 11:54:58.978   CNC 2 Touch   INF   Checking open order
2020-02-29 11:54:58.989   CNC 2 Touch   INF   Open order checked, elapsed: 10.417003ms
2020-02-29 11:54:58.989   CNC 2 Touch   INF   Actual open order: 0
2020-02-29 11:54:58.989   CNC 2 Touch   INF   Checking open downtime
2020-02-29 11:54:59.002   CNC 2 Touch   INF   Open downtime checked, elapsed: 12.196614ms
2020-02-29 11:54:59.002   CNC 2 Touch   INF   Actual open downtime: 0
2020-02-29 11:54:59.002   CNC 2 Touch   INF   Poweroff state
2020-02-29 11:54:59.002   CNC 2 Touch   INF   Loop ended, elapsed: 41.701799ms
2020-02-29 11:54:59.002   CNC 2 Touch   INF   Sleeping for 9.958227965s
2020-02-29 11:55:08.965   CNC 2 Touch   INF   Device still active
2020-02-29 11:55:08.965   CNC 2 Touch   INF   Starting device loop
2020-02-29 11:55:08.965   CNC 2 Touch   INF   Downloading actual state
2020-02-29 11:55:08.988   CNC 2 Touch   INF   Actual state downloaded, elapsed: 22.842773ms
2020-02-29 11:55:08.989   CNC 2 Touch   INF   Actual workplace state: Poweroff
2020-02-29 11:55:08.989   CNC 2 Touch   INF   Checking open order
2020-02-29 11:55:09.002   CNC 2 Touch   INF   Open order checked, elapsed: 13.315038ms
2020-02-29 11:55:09.002   CNC 2 Touch   INF   Actual open order: 0
2020-02-29 11:55:09.002   CNC 2 Touch   INF   Checking open downtime
2020-02-29 11:55:09.017   CNC 2 Touch   INF   Open downtime checked, elapsed: 14.403664ms
2020-02-29 11:55:09.017   CNC 2 Touch   INF   Actual open downtime: 0
2020-02-29 11:55:09.017   CNC 2 Touch   INF   Poweroff state
2020-02-29 11:55:09.017   CNC 2 Touch   INF   Loop ended, elapsed: 51.759557ms
2020-02-29 11:55:09.017   CNC 2 Touch   INF   Sleeping for 9.948158084s
2020-02-29 11:55:18.969   CNC 2 Touch   INF   Device still active
2020-02-29 11:55:18.970   CNC 2 Touch   INF   Starting device loop
2020-02-29 11:55:18.970   CNC 2 Touch   INF   Downloading actual state
2020-02-29 11:55:18.994   CNC 2 Touch   INF   Actual state downloaded, elapsed: 23.625202ms
2020-02-29 11:55:18.994   CNC 2 Touch   INF   Actual workplace state: Poweroff
2020-02-29 11:55:18.994   CNC 2 Touch   INF   Checking open order
2020-02-29 11:55:19.002   CNC 2 Touch   INF   Open order checked, elapsed: 7.773937ms
2020-02-29 11:55:19.002   CNC 2 Touch   INF   Actual open order: 0
2020-02-29 11:55:19.002   CNC 2 Touch   INF   Checking open downtime
2020-02-29 11:55:19.011   CNC 2 Touch   INF   Open downtime checked, elapsed: 8.786759ms
2020-02-29 11:55:19.011   CNC 2 Touch   INF   Actual open downtime: 0
2020-02-29 11:55:19.011   CNC 2 Touch   INF   Poweroff state
2020-02-29 11:55:19.012   CNC 2 Touch   INF   Loop ended, elapsed: 41.370885ms
2020-02-29 11:55:19.012   CNC 2 Touch   INF   Sleeping for 9.958553964s
2020-02-29 11:55:28.970   CNC 2 Touch   INF   Device still active
2020-02-29 11:55:28.971   CNC 2 Touch   INF   Starting device loop
2020-02-29 11:55:28.971   CNC 2 Touch   INF   Downloading actual state
2020-02-29 11:55:28.993   CNC 2 Touch   INF   Actual state downloaded, elapsed: 22.132544ms
2020-02-29 11:55:28.993   CNC 2 Touch   INF   Actual workplace state: Poweroff
2020-02-29 11:55:28.993   CNC 2 Touch   INF   Checking open order
2020-02-29 11:55:29.005   CNC 2 Touch   INF   Open order checked, elapsed: 11.2859ms
2020-02-29 11:55:29.005   CNC 2 Touch   INF   Actual open order: 0
2020-02-29 11:55:29.005   CNC 2 Touch   INF   Checking open downtime
2020-02-29 11:55:29.015   CNC 2 Touch   INF   Open downtime checked, elapsed: 9.839152ms
2020-02-29 11:55:29.015   CNC 2 Touch   INF   Actual open downtime: 0
2020-02-29 11:55:29.015   CNC 2 Touch   INF   Poweroff state
2020-02-29 11:55:29.015   CNC 2 Touch   INF   Loop ended, elapsed: 44.69684ms
2020-02-29 11:55:29.015   CNC 2 Touch   INF   Sleeping for 9.95521814s
2020-02-29 11:55:38.971   CNC 2 Touch   INF   Device still active
2020-02-29 11:55:38.971   CNC 2 Touch   INF   Starting device loop
2020-02-29 11:55:38.971   CNC 2 Touch   INF   Downloading actual state
2020-02-29 11:55:38.993   CNC 2 Touch   INF   Actual state downloaded, elapsed: 21.470387ms
2020-02-29 11:55:38.993   CNC 2 Touch   INF   Actual workplace state: Poweroff
2020-02-29 11:55:38.993   CNC 2 Touch   INF   Checking open order
2020-02-29 11:55:39.002   CNC 2 Touch   INF   Open order checked, elapsed: 8.467476ms
2020-02-29 11:55:39.002   CNC 2 Touch   INF   Actual open order: 0
2020-02-29 11:55:39.002   CNC 2 Touch   INF   Checking open downtime
2020-02-29 11:55:39.010   CNC 2 Touch   INF   Open downtime checked, elapsed: 7.677937ms
2020-02-29 11:55:39.010   CNC 2 Touch   INF   Actual open downtime: 0
2020-02-29 11:55:39.010   CNC 2 Touch   INF   Poweroff state
2020-02-29 11:55:39.010   CNC 2 Touch   INF   Loop ended, elapsed: 38.929286ms
2020-02-29 11:55:39.010   CNC 2 Touch   INF   Sleeping for 9.960957899s
2020-02-29 11:55:48.972   CNC 2 Touch   INF   Device still active
2020-02-29 11:55:48.972   CNC 2 Touch   INF   Starting device loop
2020-02-29 11:55:48.972   CNC 2 Touch   INF   Downloading actual state
2020-02-29 11:55:48.992   CNC 2 Touch   INF   Actual state downloaded, elapsed: 19.7161ms
2020-02-29 11:55:48.992   CNC 2 Touch   INF   Actual workplace state: Poweroff
2020-02-29 11:55:48.992   CNC 2 Touch   INF   Checking open order
2020-02-29 11:55:49.003   CNC 2 Touch   INF   Open order checked, elapsed: 11.11999ms
2020-02-29 11:55:49.004   CNC 2 Touch   INF   Actual open order: 0
2020-02-29 11:55:49.004   CNC 2 Touch   INF   Checking open downtime
2020-02-29 11:55:49.016   CNC 2 Touch   INF   Open downtime checked, elapsed: 11.920447ms
2020-02-29 11:55:49.016   CNC 2 Touch   INF   Actual open downtime: 0
2020-02-29 11:55:49.016   CNC 2 Touch   INF   Poweroff state
2020-02-29 11:55:49.016   CNC 2 Touch   INF   Loop ended, elapsed: 43.879165ms
2020-02-29 11:55:49.016   CNC 2 Touch   INF   Sleeping for 9.956050593s
2020-02-29 11:55:58.972   CNC 2 Touch   INF   Device still active
2020-02-29 11:55:58.972   CNC 2 Touch   INF   Starting device loop
2020-02-29 11:55:58.973   CNC 2 Touch   INF   Downloading actual state
2020-02-29 11:55:58.993   CNC 2 Touch   INF   Actual state downloaded, elapsed: 19.972863ms
2020-02-29 11:55:58.993   CNC 2 Touch   INF   Actual workplace state: Poweroff
2020-02-29 11:55:58.993   CNC 2 Touch   INF   Checking open order
2020-02-29 11:55:59.003   CNC 2 Touch   INF   Open order checked, elapsed: 10.124666ms
2020-02-29 11:55:59.003   CNC 2 Touch   INF   Actual open order: 0
2020-02-29 11:55:59.004   CNC 2 Touch   INF   Checking open downtime
2020-02-29 11:55:59.013   CNC 2 Touch   INF   Open downtime checked, elapsed: 9.129501ms
2020-02-29 11:55:59.013   CNC 2 Touch   INF   Actual open downtime: 0
2020-02-29 11:55:59.013   CNC 2 Touch   INF   Poweroff state
2020-02-29 11:55:59.013   CNC 2 Touch   INF   Loop ended, elapsed: 40.548324ms
2020-02-29 11:55:59.013   CNC 2 Touch   INF   Sleeping for 9.959390793s
2020-02-29 11:56:08.973   CNC 2 Touch   INF   Device still active
2020-02-29 11:56:08.973   CNC 2 Touch   INF   Starting device loop
2020-02-29 11:56:08.973   CNC 2 Touch   INF   Downloading actual state
2020-02-29 11:56:09.001   CNC 2 Touch   INF   Actual state downloaded, elapsed: 27.567253ms
2020-02-29 11:56:09.001   CNC 2 Touch   INF   Actual workplace state: Poweroff
2020-02-29 11:56:09.001   CNC 2 Touch   INF   Checking open order
2020-02-29 11:56:09.019   CNC 2 Touch   INF   Open order checked, elapsed: 17.28261ms
2020-02-29 11:56:09.019   CNC 2 Touch   INF   Actual open order: 0
2020-02-29 11:56:09.019   CNC 2 Touch   INF   Checking open downtime
2020-02-29 11:56:09.025   CNC 2 Touch   INF   Open downtime checked, elapsed: 6.580052ms
2020-02-29 11:56:09.026   CNC 2 Touch   INF   Actual open downtime: 0
2020-02-29 11:56:09.026   CNC 2 Touch   INF   Poweroff state
2020-02-29 11:56:09.026   CNC 2 Touch   INF   Loop ended, elapsed: 52.570392ms
2020-02-29 11:56:09.026   CNC 2 Touch   INF   Sleeping for 9.947335562s
2020-02-29 11:56:18.973   CNC 2 Touch   INF   Device still active
2020-02-29 11:56:18.974   CNC 2 Touch   INF   Starting device loop
2020-02-29 11:56:18.974   CNC 2 Touch   INF   Downloading actual state
2020-02-29 11:56:19.008   CNC 2 Touch   INF   Actual state downloaded, elapsed: 34.232236ms
2020-02-29 11:56:19.009   CNC 2 Touch   INF   Actual workplace state: Poweroff
2020-02-29 11:56:19.010   CNC 2 Touch   INF   Checking open order
2020-02-29 11:56:19.026   CNC 2 Touch   INF   Open order checked, elapsed: 16.122947ms
2020-02-29 11:56:19.026   CNC 2 Touch   INF   Actual open order: 0
2020-02-29 11:56:19.026   CNC 2 Touch   INF   Checking open downtime
2020-02-29 11:56:19.047   CNC 2 Touch   INF   Open downtime checked, elapsed: 20.244058ms
2020-02-29 11:56:19.047   CNC 2 Touch   INF   Actual open downtime: 0
2020-02-29 11:56:19.047   CNC 2 Touch   INF   Poweroff state
2020-02-29 11:56:19.047   CNC 2 Touch   INF   Loop ended, elapsed: 73.484984ms
2020-02-29 11:56:19.047   CNC 2 Touch   INF   Sleeping for 9.926442878s
2020-02-29 11:56:28.976   CNC 2 Touch   INF   Device still active
2020-02-29 11:56:28.976   CNC 2 Touch   INF   Starting device loop
2020-02-29 11:56:28.977   CNC 2 Touch   INF   Downloading actual state
2020-02-29 11:56:29.021   CNC 2 Touch   INF   Actual state downloaded, elapsed: 44.488112ms
2020-02-29 11:56:29.021   CNC 2 Touch   INF   Actual workplace state: Poweroff
2020-02-29 11:56:29.022   CNC 2 Touch   INF   Checking open order
2020-02-29 11:56:29.038   CNC 2 Touch   INF   Open order checked, elapsed: 16.11701ms
2020-02-29 11:56:29.038   CNC 2 Touch   INF   Actual open order: 0
2020-02-29 11:56:29.038   CNC 2 Touch   INF   Checking open downtime
2020-02-29 11:56:29.050   CNC 2 Touch   INF   Open downtime checked, elapsed: 11.711012ms
2020-02-29 11:56:29.051   CNC 2 Touch   INF   Actual open downtime: 0
2020-02-29 11:56:29.051   CNC 2 Touch   INF   Poweroff state
2020-02-29 11:56:29.051   CNC 2 Touch   INF   Loop ended, elapsed: 74.352976ms
2020-02-29 11:56:29.051   CNC 2 Touch   INF   Sleeping for 9.925528077s
2020-02-29 11:56:38.979   CNC 2 Touch   INF   Device still active
2020-02-29 11:56:38.979   CNC 2 Touch   INF   Device not active, stopped running
2020-02-29 11:56:38.991   CNC 2 Touch   INF   Device started running
2020-02-29 11:56:38.991   CNC 2 Touch   INF   Device directory exists
2020-02-29 11:56:38.991   CNC 2 Touch   INF   Device not active, stopped running
