2020-03-05 13:19:50.243   MAIN   INF   Starting Terminal Service on darwin-launchd
2020-03-05 13:19:55.244   MAIN   INF   Terminal Service version 2020.1.3.5 started
2020-03-05 13:19:55.244   MAIN   INF   Updating program version in database
2020-03-05 13:19:55.282   MAIN   INF   Program version updated, elapsed: 38.535065ms
2020-03-05 13:19:55.283   MAIN   INF   Program running
2020-03-05 13:19:55.283   MAIN   INF   Updating active devices
2020-03-05 13:19:55.303   MAIN   INF   Active devices updated, elapsed: 19.763191ms
2020-03-05 13:19:55.303   MAIN   INF   Deleting old log files
2020-03-05 13:19:55.303   MAIN   INF   Old log files deleted, elapsed: 160.319µs
2020-03-05 13:19:55.303   MAIN   INF   Active devices: 10, running devices: 0
2020-03-05 13:19:55.303   MAIN   INF   Sleeping for 9.979354044s
2020-03-05 13:20:05.285   MAIN   INF   Program running
2020-03-05 13:20:05.285   MAIN   INF   Updating active devices
2020-03-05 13:20:05.294   MAIN   INF   Active devices updated, elapsed: 9.416493ms
2020-03-05 13:20:05.294   MAIN   INF   Deleting old log files
2020-03-05 13:20:05.295   MAIN   INF   Old log files deleted, elapsed: 177.055µs
2020-03-05 13:20:05.295   MAIN   INF   Active devices: 10, running devices: 10
2020-03-05 13:20:05.295   MAIN   INF   Sleeping for 9.989790872s
2020-03-05 13:20:15.285   MAIN   INF   Program running
2020-03-05 13:20:15.285   MAIN   INF   Updating active devices
2020-03-05 13:20:15.294   MAIN   INF   Active devices updated, elapsed: 9.004604ms
2020-03-05 13:20:15.294   MAIN   INF   Deleting old log files
2020-03-05 13:20:15.295   MAIN   INF   Old log files deleted, elapsed: 217.004µs
2020-03-05 13:20:15.295   MAIN   INF   Active devices: 10, running devices: 10
2020-03-05 13:20:15.295   MAIN   INF   Sleeping for 9.990065042s
2020-03-05 13:20:25.286   MAIN   INF   Program running
2020-03-05 13:20:25.286   MAIN   INF   Updating active devices
2020-03-05 13:20:25.300   MAIN   INF   Active devices updated, elapsed: 13.115402ms
2020-03-05 13:20:25.300   MAIN   INF   Deleting old log files
2020-03-05 13:20:25.300   MAIN   INF   Old log files deleted, elapsed: 199.359µs
2020-03-05 13:20:25.300   MAIN   INF   Active devices: 10, running devices: 10
2020-03-05 13:20:25.301   MAIN   INF   Sleeping for 9.985376767s
2020-03-05 13:20:35.290   MAIN   INF   Program running
2020-03-05 13:20:35.291   MAIN   INF   Updating active devices
2020-03-05 13:20:35.310   MAIN   INF   Active devices updated, elapsed: 19.184389ms
2020-03-05 13:20:35.310   MAIN   INF   Deleting old log files
2020-03-05 13:20:35.311   MAIN   INF   Old log files deleted, elapsed: 267.624µs
2020-03-05 13:20:35.311   MAIN   INF   Active devices: 10, running devices: 0
2020-03-05 13:20:35.311   MAIN   INF   Sleeping for 9.979138338s
2020-03-05 13:20:45.291   MAIN   INF   Program running
2020-03-05 13:20:45.291   MAIN   INF   Updating active devices
2020-03-05 13:20:45.303   MAIN   INF   Active devices updated, elapsed: 12.253971ms
2020-03-05 13:20:45.303   MAIN   INF   Deleting old log files
2020-03-05 13:20:45.304   MAIN   INF   Old log files deleted, elapsed: 195.131µs
2020-03-05 13:20:45.304   MAIN   INF   Active devices: 10, running devices: 10
2020-03-05 13:20:45.304   MAIN   INF   Sleeping for 9.986530003s
2020-03-05 13:20:55.291   MAIN   INF   Program running
2020-03-05 13:20:55.291   MAIN   INF   Updating active devices
2020-03-05 13:20:55.305   MAIN   INF   Active devices updated, elapsed: 13.287698ms
2020-03-05 13:20:55.305   MAIN   INF   Deleting old log files
2020-03-05 13:20:55.305   MAIN   INF   Old log files deleted, elapsed: 188.433µs
2020-03-05 13:20:55.305   MAIN   INF   Active devices: 10, running devices: 10
2020-03-05 13:20:55.305   MAIN   INF   Sleeping for 9.985416281s
2020-03-05 13:21:05.294   MAIN   INF   Program running
2020-03-05 13:21:05.294   MAIN   INF   Updating active devices
2020-03-05 13:21:05.312   MAIN   INF   Active devices updated, elapsed: 18.071825ms
2020-03-05 13:21:05.312   MAIN   INF   Deleting old log files
2020-03-05 13:21:05.313   MAIN   INF   Old log files deleted, elapsed: 198.103µs
2020-03-05 13:21:05.313   MAIN   INF   Active devices: 10, running devices: 10
2020-03-05 13:21:05.313   MAIN   INF   Sleeping for 9.980618875s
2020-03-05 13:21:15.298   MAIN   INF   Program running
2020-03-05 13:21:15.298   MAIN   INF   Updating active devices
2020-03-05 13:21:15.322   MAIN   INF   Active devices updated, elapsed: 23.104215ms
2020-03-05 13:21:15.322   MAIN   INF   Deleting old log files
2020-03-05 13:21:15.322   MAIN   INF   Old log files deleted, elapsed: 224.553µs
2020-03-05 13:21:15.323   MAIN   INF   Active devices: 10, running devices: 8
2020-03-05 13:21:15.323   MAIN   INF   Sleeping for 9.975359996s
2020-03-05 13:21:25.301   MAIN   INF   Program running
2020-03-05 13:21:25.301   MAIN   INF   Updating active devices
2020-03-05 13:21:25.331   MAIN   INF   Active devices updated, elapsed: 28.531427ms
2020-03-05 13:21:25.331   MAIN   INF   Deleting old log files
2020-03-05 13:21:25.331   MAIN   INF   Old log files deleted, elapsed: 253.348µs
2020-03-05 13:21:25.331   MAIN   INF   Active devices: 10, running devices: 8
2020-03-05 13:21:25.331   MAIN   INF   Sleeping for 9.969488297s
2020-03-05 13:21:30.670   MAIN   INF   Stopping, still running devices: 10
2020-03-05 13:21:31.675   MAIN   INF   Stopping, still running devices: 10
2020-03-05 13:21:32.680   MAIN   INF   Stopping, still running devices: 10
2020-03-05 13:21:33.680   MAIN   INF   Stopping, still running devices: 10
2020-03-05 13:21:34.682   MAIN   INF   Stopping, still running devices: 10
2020-03-05 13:21:35.306   MAIN   INF   Program running
2020-03-05 13:21:35.306   MAIN   INF   Updating active devices
2020-03-05 13:21:35.321   MAIN   INF   Active devices updated, elapsed: 13.988156ms
2020-03-05 13:21:35.321   MAIN   INF   Deleting old log files
2020-03-05 13:21:35.321   MAIN   INF   Old log files deleted, elapsed: 196.323µs
2020-03-05 13:21:35.321   MAIN   INF   Active devices: 10, running devices: 2
2020-03-05 13:21:35.321   MAIN   INF   Sleeping for 9.984621155s
2020-03-05 13:21:35.683   MAIN   INF   Stopped on platform darwin-launchd
2020-03-05 13:21:37.809   MAIN   INF   Starting Terminal Service on darwin-launchd
2020-03-05 13:21:42.810   MAIN   INF   Terminal Service version 2020.1.3.5 started
2020-03-05 13:21:42.810   MAIN   INF   Updating program version in database
2020-03-05 13:21:42.827   MAIN   INF   Program version updated, elapsed: 16.939756ms
2020-03-05 13:21:42.828   MAIN   INF   Program running
2020-03-05 13:21:42.828   MAIN   INF   Updating active devices
2020-03-05 13:21:42.838   MAIN   INF   Active devices updated, elapsed: 9.711067ms
2020-03-05 13:21:42.838   MAIN   INF   Deleting old log files
2020-03-05 13:21:42.838   MAIN   INF   Old log files deleted, elapsed: 207.963µs
2020-03-05 13:21:42.838   MAIN   INF   Active devices: 10, running devices: 0
2020-03-05 13:21:42.838   MAIN   INF   Sleeping for 9.989423207s
2020-03-05 13:21:52.832   MAIN   INF   Program running
2020-03-05 13:21:52.832   MAIN   INF   Updating active devices
2020-03-05 13:21:52.868   MAIN   INF   Active devices updated, elapsed: 35.380946ms
2020-03-05 13:21:52.868   MAIN   INF   Deleting old log files
2020-03-05 13:21:52.869   MAIN   INF   Old log files deleted, elapsed: 219.176µs
2020-03-05 13:21:52.869   MAIN   INF   Active devices: 10, running devices: 10
2020-03-05 13:21:52.869   MAIN   INF   Sleeping for 9.963060641s
2020-03-05 13:22:02.832   MAIN   INF   Program running
2020-03-05 13:22:02.832   MAIN   INF   Updating active devices
2020-03-05 13:22:02.861   MAIN   INF   Active devices updated, elapsed: 28.390379ms
2020-03-05 13:22:02.861   MAIN   INF   Deleting old log files
2020-03-05 13:22:02.862   MAIN   INF   Old log files deleted, elapsed: 200.342µs
2020-03-05 13:22:02.862   MAIN   INF   Active devices: 10, running devices: 10
2020-03-05 13:22:02.862   MAIN   INF   Sleeping for 9.970204488s
2020-03-05 13:22:10.520   MAIN   INF   Stopping, still running devices: 10
2020-03-05 13:22:11.523   MAIN   INF   Stopping, still running devices: 10
2020-03-05 13:22:12.524   MAIN   INF   Stopping, still running devices: 10
2020-03-05 13:22:12.833   MAIN   INF   Program running
2020-03-05 13:22:12.833   MAIN   INF   Updating active devices
2020-03-05 13:22:12.848   MAIN   INF   Active devices updated, elapsed: 14.237521ms
2020-03-05 13:22:12.848   MAIN   INF   Deleting old log files
2020-03-05 13:22:12.848   MAIN   INF   Old log files deleted, elapsed: 193.102µs
2020-03-05 13:22:12.848   MAIN   INF   Active devices: 10, running devices: 0
2020-03-05 13:22:12.848   MAIN   INF   Sleeping for 9.984545698s
2020-03-05 13:22:13.528   MAIN   INF   Stopped on platform darwin-launchd
2020-03-05 13:42:12.918   MAIN   INF   Starting Terminal Service on darwin-launchd
2020-03-05 13:42:17.919   MAIN   INF   Terminal Service version 2020.1.3.5 started
2020-03-05 13:42:17.920   MAIN   INF   Updating program version in database
2020-03-05 13:42:17.927   MAIN   ERR   Problem opening zapsi3 database: pq: sorry, too many clients already
2020-03-05 13:42:17.927   MAIN   INF   Program running
2020-03-05 13:42:17.927   MAIN   INF   Updating active devices
2020-03-05 13:42:17.931   MAIN   ERR   Problem opening zapsi3 database: pq: sorry, too many clients already
2020-03-05 13:42:17.931   MAIN   INF   Deleting old log files
2020-03-05 13:42:17.931   MAIN   INF   Old log files deleted, elapsed: 245.92µs
2020-03-05 13:42:17.932   MAIN   INF   Active devices: 0, running devices: 0
2020-03-05 13:42:17.932   MAIN   INF   Sleeping for 9.99532859s
2020-03-05 13:42:27.927   MAIN   INF   Program running
2020-03-05 13:42:27.927   MAIN   INF   Updating active devices
2020-03-05 13:42:27.931   MAIN   ERR   Problem opening zapsi3 database: pq: sorry, too many clients already
2020-03-05 13:42:27.931   MAIN   INF   Deleting old log files
2020-03-05 13:42:27.932   MAIN   INF   Old log files deleted, elapsed: 241.431µs
2020-03-05 13:42:27.932   MAIN   INF   Active devices: 0, running devices: 0
2020-03-05 13:42:27.932   MAIN   INF   Sleeping for 9.995420275s
2020-03-05 13:42:37.441   MAIN   INF   Stopped on platform darwin-launchd
2020-03-05 13:42:40.940   MAIN   INF   Starting Terminal Service on darwin-launchd
2020-03-05 13:42:45.945   MAIN   INF   Terminal Service version 2020.1.3.5 started
2020-03-05 13:42:45.946   MAIN   INF   Updating program version in database
2020-03-05 13:42:45.955   MAIN   ERR   Problem opening zapsi3 database: pq: sorry, too many clients already
2020-03-05 13:42:45.955   MAIN   INF   Program running
2020-03-05 13:42:45.955   MAIN   INF   Updating active devices
2020-03-05 13:42:45.959   MAIN   ERR   Problem opening zapsi3 database: pq: sorry, too many clients already
2020-03-05 13:42:45.959   MAIN   INF   Deleting old log files
2020-03-05 13:42:45.959   MAIN   INF   Old log files deleted, elapsed: 204.445µs
2020-03-05 13:42:45.959   MAIN   INF   Active devices: 0, running devices: 0
2020-03-05 13:42:45.959   MAIN   INF   Sleeping for 9.995862354s
2020-03-05 13:42:49.214   MAIN   INF   Stopped on platform darwin-launchd
2020-03-05 13:44:08.514   MAIN   INF   Starting Terminal Service on darwin-launchd
2020-03-05 13:44:13.519   MAIN   INF   Terminal Service version 2020.1.3.5 started
2020-03-05 13:44:13.520   MAIN   INF   Updating program version in database
2020-03-05 13:44:13.539   MAIN   INF   Program version updated, elapsed: 17.969552ms
2020-03-05 13:44:13.539   MAIN   INF   Program running
2020-03-05 13:44:13.539   MAIN   INF   Updating active devices
2020-03-05 13:44:13.553   MAIN   INF   Active devices updated, elapsed: 14.25213ms
2020-03-05 13:44:13.553   MAIN   INF   Deleting old log files
2020-03-05 13:44:13.554   MAIN   INF   Old log files deleted, elapsed: 206.063µs
2020-03-05 13:44:13.554   MAIN   INF   Active devices: 10, running devices: 0
2020-03-05 13:44:13.554   MAIN   INF   Sleeping for 9.984958268s
2020-03-05 13:44:19.146   MAIN   INF   Stopping, still running devices: 10
2020-03-05 13:44:20.148   MAIN   INF   Stopping, still running devices: 10
2020-03-05 13:44:21.150   MAIN   INF   Stopping, still running devices: 10
2020-03-05 13:44:22.151   MAIN   INF   Stopping, still running devices: 10
2020-03-05 13:44:23.156   MAIN   INF   Stopping, still running devices: 10
2020-03-05 13:44:23.539   MAIN   INF   Program running
2020-03-05 13:44:23.539   MAIN   INF   Updating active devices
2020-03-05 13:44:23.550   MAIN   INF   Active devices updated, elapsed: 10.531892ms
2020-03-05 13:44:23.550   MAIN   INF   Deleting old log files
2020-03-05 13:44:23.551   MAIN   INF   Old log files deleted, elapsed: 194.883µs
2020-03-05 13:44:23.551   MAIN   INF   Active devices: 10, running devices: 10
2020-03-05 13:44:23.551   MAIN   INF   Sleeping for 9.988326984s
2020-03-05 13:44:24.156   MAIN   INF   Stopped on platform darwin-launchd
2020-03-05 13:45:20.039   MAIN   INF   Starting Terminal Service on darwin-launchd
2020-03-05 13:45:25.043   MAIN   INF   Terminal Service version 2020.1.3.5 started
2020-03-05 13:45:25.044   MAIN   INF   Updating program version in database
2020-03-05 13:45:25.061   MAIN   INF   Program version updated, elapsed: 17.528962ms
2020-03-05 13:45:25.062   MAIN   INF   Program running
2020-03-05 13:45:25.062   MAIN   INF   Updating active devices
2020-03-05 13:45:25.074   MAIN   INF   Active devices updated, elapsed: 12.321925ms
2020-03-05 13:45:25.074   MAIN   INF   Deleting old log files
2020-03-05 13:45:25.075   MAIN   INF   Old log files deleted, elapsed: 193.124µs
2020-03-05 13:45:25.075   MAIN   INF   Active devices: 10, running devices: 0
2020-03-05 13:45:25.075   MAIN   INF   Sleeping for 9.98681605s
2020-03-05 13:45:35.066   MAIN   INF   Program running
2020-03-05 13:45:35.067   MAIN   INF   Updating active devices
2020-03-05 13:45:35.090   MAIN   INF   Active devices updated, elapsed: 23.149042ms
2020-03-05 13:45:35.090   MAIN   INF   Deleting old log files
2020-03-05 13:45:35.091   MAIN   INF   Old log files deleted, elapsed: 209.842µs
2020-03-05 13:45:35.091   MAIN   INF   Active devices: 10, running devices: 10
2020-03-05 13:45:35.091   MAIN   INF   Sleeping for 9.975253001s
2020-03-05 13:45:45.072   MAIN   INF   Program running
2020-03-05 13:45:45.072   MAIN   INF   Updating active devices
2020-03-05 13:45:45.098   MAIN   INF   Active devices updated, elapsed: 25.506943ms
2020-03-05 13:45:45.098   MAIN   INF   Deleting old log files
2020-03-05 13:45:45.099   MAIN   INF   Old log files deleted, elapsed: 278.412µs
2020-03-05 13:45:45.099   MAIN   INF   Active devices: 10, running devices: 10
2020-03-05 13:45:45.099   MAIN   INF   Sleeping for 9.972673528s
2020-03-05 13:45:55.072   MAIN   INF   Program running
2020-03-05 13:45:55.073   MAIN   INF   Updating active devices
2020-03-05 13:45:55.094   MAIN   INF   Active devices updated, elapsed: 20.440482ms
2020-03-05 13:45:55.094   MAIN   INF   Deleting old log files
2020-03-05 13:45:55.094   MAIN   INF   Old log files deleted, elapsed: 193.45µs
2020-03-05 13:45:55.094   MAIN   INF   Active devices: 10, running devices: 10
2020-03-05 13:45:55.094   MAIN   INF   Sleeping for 9.978063397s
2020-03-05 13:46:04.779   MAIN   INF   Stopping, still running devices: 10
2020-03-05 13:46:05.078   MAIN   INF   Program running
2020-03-05 13:46:05.078   MAIN   INF   Updating active devices
2020-03-05 13:46:05.094   MAIN   INF   Active devices updated, elapsed: 15.843515ms
2020-03-05 13:46:05.095   MAIN   INF   Deleting old log files
2020-03-05 13:46:05.095   MAIN   INF   Old log files deleted, elapsed: 278.558µs
2020-03-05 13:46:05.095   MAIN   INF   Active devices: 10, running devices: 0
2020-03-05 13:46:05.095   MAIN   INF   Sleeping for 9.982350062s
2020-03-05 13:46:05.782   MAIN   INF   Stopped on platform darwin-launchd
2020-03-05 14:28:54.215   MAIN   INF   Starting Terminal Service on darwin-launchd
2020-03-05 14:28:59.216   MAIN   INF   Terminal Service version 2020.1.3.5 started
2020-03-05 14:28:59.217   MAIN   INF   Updating program version in database
2020-03-05 14:28:59.235   MAIN   INF   Program version updated, elapsed: 17.803984ms
2020-03-05 14:28:59.236   MAIN   INF   Program running
2020-03-05 14:28:59.236   MAIN   INF   Updating active devices
2020-03-05 14:28:59.249   MAIN   INF   Active devices updated, elapsed: 12.926919ms
2020-03-05 14:28:59.249   MAIN   INF   Deleting old log files
2020-03-05 14:28:59.249   MAIN   INF   Old log files deleted, elapsed: 266.799µs
2020-03-05 14:28:59.249   MAIN   INF   Active devices: 10, running devices: 0
2020-03-05 14:28:59.249   MAIN   INF   Sleeping for 9.986071522s
2020-03-05 14:29:05.802   MAIN   INF   Stopping, still running devices: 10
2020-03-05 14:29:06.805   MAIN   INF   Stopping, still running devices: 10
2020-03-05 14:29:07.805   MAIN   INF   Stopping, still running devices: 10
2020-03-05 14:29:08.809   MAIN   INF   Stopping, still running devices: 10
2020-03-05 14:29:09.240   MAIN   INF   Program running
2020-03-05 14:29:09.240   MAIN   INF   Updating active devices
2020-03-05 14:29:09.255   MAIN   INF   Active devices updated, elapsed: 15.096516ms
2020-03-05 14:29:09.256   MAIN   INF   Deleting old log files
2020-03-05 14:29:09.256   MAIN   INF   Old log files deleted, elapsed: 156.859µs
2020-03-05 14:29:09.256   MAIN   INF   Active devices: 10, running devices: 0
2020-03-05 14:29:09.256   MAIN   INF   Sleeping for 9.983721275s
2020-03-05 14:29:09.814   MAIN   INF   Stopped on platform darwin-launchd
2020-03-05 14:29:12.921   MAIN   INF   Starting Terminal Service on darwin-launchd
2020-03-05 14:29:13.740   MAIN   INF   Stopped on platform darwin-launchd
2020-03-05 14:32:24.666   MAIN   INF   Starting Terminal Service on darwin-launchd
2020-03-05 14:32:29.671   MAIN   INF   Terminal Service version 2020.1.3.5 started
2020-03-05 14:32:29.672   MAIN   INF   Updating program version in database
2020-03-05 14:32:29.694   MAIN   INF   Program version updated, elapsed: 22.221686ms
2020-03-05 14:32:29.694   MAIN   INF   Program running
2020-03-05 14:32:29.694   MAIN   INF   Updating active devices
2020-03-05 14:32:29.705   MAIN   INF   Active devices updated, elapsed: 10.481916ms
2020-03-05 14:32:29.705   MAIN   INF   Deleting old log files
2020-03-05 14:32:29.705   MAIN   INF   Old log files deleted, elapsed: 231.659µs
2020-03-05 14:32:29.705   MAIN   INF   Active devices: 10, running devices: 0
2020-03-05 14:32:29.706   MAIN   INF   Sleeping for 9.988669363s
2020-03-05 14:32:39.695   MAIN   INF   Program running
2020-03-05 14:32:39.695   MAIN   INF   Updating active devices
2020-03-05 14:32:39.714   MAIN   INF   Active devices updated, elapsed: 18.76578ms
2020-03-05 14:32:39.714   MAIN   INF   Deleting old log files
2020-03-05 14:32:39.715   MAIN   INF   Old log files deleted, elapsed: 242.03µs
2020-03-05 14:32:39.715   MAIN   INF   Active devices: 10, running devices: 5
2020-03-05 14:32:39.715   MAIN   INF   Sleeping for 9.97985581s
2020-03-05 14:32:40.182   MAIN   INF   Stopping, still running devices: 10
2020-03-05 14:32:41.186   MAIN   INF   Stopping, still running devices: 10
2020-03-05 14:32:42.190   MAIN   INF   Stopping, still running devices: 10
2020-03-05 14:32:43.193   MAIN   INF   Stopping, still running devices: 10
2020-03-05 14:32:44.196   MAIN   INF   Stopping, still running devices: 10
2020-03-05 14:32:45.200   MAIN   INF   Stopping, still running devices: 10
2020-03-05 14:32:46.202   MAIN   INF   Stopping, still running devices: 10
2020-03-05 14:32:47.203   MAIN   INF   Stopping, still running devices: 10
2020-03-05 14:32:48.206   MAIN   INF   Stopping, still running devices: 10
2020-03-05 14:32:49.211   MAIN   INF   Stopping, still running devices: 10
2020-03-05 14:32:49.699   MAIN   INF   Program running
2020-03-05 14:32:49.699   MAIN   INF   Updating active devices
2020-03-05 14:32:49.713   MAIN   INF   Active devices updated, elapsed: 13.215183ms
2020-03-05 14:32:49.713   MAIN   INF   Deleting old log files
2020-03-05 14:32:49.713   MAIN   INF   Old log files deleted, elapsed: 307.11µs
2020-03-05 14:32:49.713   MAIN   INF   Active devices: 10, running devices: 5
2020-03-05 14:32:49.713   MAIN   INF   Sleeping for 9.985416861s
2020-03-05 14:32:51.727   MAIN   INF   Starting Terminal Service on darwin-launchd
2020-03-05 14:32:56.729   MAIN   INF   Terminal Service version 2020.1.3.5 started
2020-03-05 14:32:56.730   MAIN   INF   Updating program version in database
2020-03-05 14:32:56.750   MAIN   INF   Program version updated, elapsed: 20.399289ms
2020-03-05 14:32:56.750   MAIN   INF   Program running
2020-03-05 14:32:56.750   MAIN   INF   Updating active devices
2020-03-05 14:32:56.762   MAIN   INF   Active devices updated, elapsed: 11.196332ms
2020-03-05 14:32:56.762   MAIN   INF   Deleting old log files
2020-03-05 14:32:56.762   MAIN   INF   Old log files deleted, elapsed: 208.241µs
2020-03-05 14:32:56.762   MAIN   INF   Active devices: 10, running devices: 0
2020-03-05 14:32:56.762   MAIN   INF   Sleeping for 9.987934192s
2020-03-05 14:33:06.751   MAIN   INF   Program running
2020-03-05 14:33:06.751   MAIN   INF   Updating active devices
2020-03-05 14:33:06.766   MAIN   INF   Active devices updated, elapsed: 14.378576ms
2020-03-05 14:33:06.766   MAIN   INF   Deleting old log files
2020-03-05 14:33:06.766   MAIN   INF   Old log files deleted, elapsed: 203.042µs
2020-03-05 14:33:06.766   MAIN   INF   Active devices: 10, running devices: 0
2020-03-05 14:33:06.766   MAIN   INF   Sleeping for 9.984389873s
2020-03-05 14:33:15.391   MAIN   INF   Stopping, still running devices: 10
2020-03-05 14:33:16.394   MAIN   INF   Stopping, still running devices: 10
2020-03-05 14:33:16.751   MAIN   INF   Program running
2020-03-05 14:33:16.751   MAIN   INF   Updating active devices
2020-03-05 14:33:16.765   MAIN   INF   Active devices updated, elapsed: 13.300854ms
2020-03-05 14:33:16.765   MAIN   INF   Deleting old log files
2020-03-05 14:33:16.766   MAIN   INF   Old log files deleted, elapsed: 334.649µs
2020-03-05 14:33:16.766   MAIN   INF   Active devices: 10, running devices: 10
2020-03-05 14:33:16.766   MAIN   INF   Sleeping for 9.984780731s
2020-03-05 14:33:17.398   MAIN   INF   Stopped on platform darwin-launchd
2020-03-05 14:33:19.451   MAIN   INF   Starting Terminal Service on darwin-launchd
2020-03-05 14:33:24.455   MAIN   INF   Terminal Service version 2020.1.3.5 started
2020-03-05 14:33:24.456   MAIN   INF   Updating program version in database
2020-03-05 14:33:24.472   MAIN   INF   Program version updated, elapsed: 16.285787ms
2020-03-05 14:33:24.472   MAIN   INF   Program running
2020-03-05 14:33:24.472   MAIN   INF   Updating active devices
2020-03-05 14:33:24.483   MAIN   INF   Active devices updated, elapsed: 10.480307ms
2020-03-05 14:33:24.483   MAIN   INF   Deleting old log files
2020-03-05 14:33:24.483   MAIN   INF   Old log files deleted, elapsed: 232.952µs
2020-03-05 14:33:24.483   MAIN   INF   Active devices: 10, running devices: 0
2020-03-05 14:33:24.484   MAIN   INF   Sleeping for 9.988635398s
2020-03-05 14:33:28.581   MAIN   INF   Stopping, still running devices: 10
2020-03-05 14:33:29.585   MAIN   INF   Stopping, still running devices: 10
2020-03-05 14:33:30.591   MAIN   INF   Stopping, still running devices: 10
2020-03-05 14:33:31.595   MAIN   INF   Stopping, still running devices: 10
2020-03-05 14:33:32.599   MAIN   INF   Stopping, still running devices: 10
2020-03-05 14:33:33.604   MAIN   INF   Stopping, still running devices: 10
2020-03-05 14:33:34.478   MAIN   INF   Program running
2020-03-05 14:33:34.478   MAIN   INF   Updating active devices
2020-03-05 14:33:34.492   MAIN   INF   Active devices updated, elapsed: 14.032163ms
2020-03-05 14:33:34.493   MAIN   INF   Deleting old log files
2020-03-05 14:33:34.493   MAIN   INF   Old log files deleted, elapsed: 210.098µs
2020-03-05 14:33:34.493   MAIN   INF   Active devices: 10, running devices: 0
2020-03-05 14:33:34.493   MAIN   INF   Sleeping for 9.984515094s
2020-03-05 14:33:34.609   MAIN   INF   Stopped on platform darwin-launchd
2020-03-05 14:34:01.761   MAIN   INF   Starting Terminal Service on darwin-launchd
2020-03-05 14:34:06.765   MAIN   INF   Terminal Service version 2020.1.3.5 started
2020-03-05 14:34:06.766   MAIN   INF   Updating program version in database
2020-03-05 14:34:06.783   MAIN   INF   Program version updated, elapsed: 16.893442ms
2020-03-05 14:34:06.783   MAIN   INF   Program running
2020-03-05 14:34:06.783   MAIN   INF   Updating active devices
2020-03-05 14:34:06.794   MAIN   INF   Active devices updated, elapsed: 10.845576ms
2020-03-05 14:34:06.794   MAIN   INF   Deleting old log files
2020-03-05 14:34:06.794   MAIN   INF   Old log files deleted, elapsed: 214.648µs
2020-03-05 14:34:06.794   MAIN   INF   Active devices: 10, running devices: 0
2020-03-05 14:34:06.795   MAIN   INF   Sleeping for 9.988274727s
2020-03-05 14:34:08.167   MAIN   INF   Stopping, still running devices: 10
2020-03-05 14:35:42.182   MAIN   INF   Starting Terminal Service on darwin-launchd
2020-03-05 14:35:47.183   MAIN   INF   Terminal Service version 2020.1.3.5 started
2020-03-05 14:35:47.183   MAIN   INF   Updating program version in database
2020-03-05 14:35:47.200   MAIN   INF   Program version updated, elapsed: 16.481074ms
2020-03-05 14:35:47.200   MAIN   INF   Program running
2020-03-05 14:35:47.200   MAIN   INF   Updating active devices
2020-03-05 14:35:47.211   MAIN   INF   Active devices updated, elapsed: 11.343248ms
2020-03-05 14:35:47.212   MAIN   INF   Deleting old log files
2020-03-05 14:35:47.212   MAIN   INF   Old log files deleted, elapsed: 216.621µs
2020-03-05 14:35:47.212   MAIN   INF   Active devices: 10, running devices: 0
2020-03-05 14:35:47.212   MAIN   INF   Sleeping for 9.987729738s
2020-03-05 14:35:57.205   MAIN   INF   Program running
2020-03-05 14:35:57.205   MAIN   INF   Updating active devices
2020-03-05 14:35:57.255   MAIN   INF   Active devices updated, elapsed: 49.204266ms
2020-03-05 14:35:57.255   MAIN   INF   Deleting old log files
2020-03-05 14:35:57.256   MAIN   INF   Old log files deleted, elapsed: 594.955µs
2020-03-05 14:35:57.256   MAIN   INF   Active devices: 10, running devices: 10
2020-03-05 14:35:57.257   MAIN   INF   Sleeping for 9.94750173s
2020-03-05 14:36:07.209   MAIN   INF   Program running
2020-03-05 14:36:07.210   MAIN   INF   Updating active devices
2020-03-05 14:36:07.242   MAIN   INF   Active devices updated, elapsed: 31.454036ms
2020-03-05 14:36:07.242   MAIN   INF   Deleting old log files
2020-03-05 14:36:07.242   MAIN   INF   Old log files deleted, elapsed: 222.781µs
2020-03-05 14:36:07.242   MAIN   INF   Active devices: 10, running devices: 10
2020-03-05 14:36:07.242   MAIN   INF   Sleeping for 9.967106829s
2020-03-05 14:36:08.487   MAIN   INF   Stopping, still running devices: 10
2020-03-05 14:36:09.489   MAIN   INF   Stopping, still running devices: 10
2020-03-05 14:36:10.490   MAIN   INF   Stopping, still running devices: 10
2020-03-05 14:36:11.493   MAIN   INF   Stopping, still running devices: 10
2020-03-05 14:36:12.497   MAIN   INF   Stopping, still running devices: 10
2020-03-05 14:36:13.498   MAIN   INF   Stopping, still running devices: 10
2020-03-05 14:36:14.499   MAIN   INF   Stopping, still running devices: 10
2020-03-05 14:36:15.500   MAIN   INF   Stopping, still running devices: 10
2020-03-05 14:36:16.502   MAIN   INF   Stopping, still running devices: 10
2020-03-05 14:36:17.211   MAIN   INF   Program running
2020-03-05 14:36:17.211   MAIN   INF   Updating active devices
2020-03-05 14:36:17.237   MAIN   INF   Active devices updated, elapsed: 25.653194ms
2020-03-05 14:36:17.238   MAIN   INF   Deleting old log files
2020-03-05 14:36:17.238   MAIN   INF   Old log files deleted, elapsed: 202.086µs
2020-03-05 14:36:17.238   MAIN   INF   Active devices: 10, running devices: 0
2020-03-05 14:36:17.238   MAIN   INF   Sleeping for 9.97314433s
2020-03-05 14:36:17.506   MAIN   INF   Stopped on platform darwin-launchd
