2020-02-01 15:28:19.781   MAIN   INF   Terminal Service version 2020.1.2.1 started
2020-02-01 15:28:19.781   MAIN   WRN   Config file does not exist, creating
2020-02-01 15:28:19.781   MAIN   INF   Directory for config file created
2020-02-01 15:28:19.781   MAIN   INF   Writing data to JSON file
2020-02-01 15:28:19.781   MAIN   INF   Data written to config file
2020-02-01 15:28:20.323   MAIN   WRN   Database zapsi4 does not exist
2020-02-01 15:28:20.326   MAIN   ERR   Problem opening database: dial tcp: lookup zapsi_database_postgres: no such host
2020-02-01 15:28:20.328   MAIN   ERR   Problem opening postgres database: dial tcp: lookup zapsi_database_postgres: no such host
2020-02-01 15:28:20.330   MAIN   WRN   Database zapsi4 does not exist
2020-02-01 15:28:20.332   MAIN   ERR   Problem opening database: dial tcp: lookup zapsi_database_postgres: no such host
2020-02-01 15:28:20.334   MAIN   ERR   Problem opening postgres database: dial tcp: lookup zapsi_database_postgres: no such host
2020-02-01 15:28:20.336   MAIN   WRN   Database zapsi4 does not exist
2020-02-01 15:28:20.338   MAIN   ERR   Problem opening database: dial tcp: lookup zapsi_database_postgres: no such host
2020-02-01 15:28:20.340   MAIN   ERR   Problem opening postgres database: dial tcp: lookup zapsi_database_postgres: no such host
2020-02-01 15:28:20.342   MAIN   WRN   Database zapsi4 does not exist
2020-02-01 15:28:20.344   MAIN   ERR   Problem opening database: dial tcp: lookup zapsi_database_postgres: no such host
2020-02-01 15:28:20.346   MAIN   ERR   Problem opening postgres database: dial tcp: lookup zapsi_database_postgres: no such host
2020-02-01 15:28:20.348   MAIN   WRN   Database zapsi4 does not exist
2020-02-01 15:28:20.350   MAIN   ERR   Problem opening database: dial tcp: lookup zapsi_database_postgres: no such host
2020-02-01 15:28:20.352   MAIN   ERR   Problem opening postgres database: dial tcp: lookup zapsi_database_postgres: no such host
2020-02-01 15:28:20.354   MAIN   WRN   Database zapsi4 does not exist
2020-02-01 15:28:20.356   MAIN   ERR   Problem opening database: dial tcp: lookup zapsi_database_postgres: no such host
2020-02-01 15:28:20.357   MAIN   ERR   Problem opening postgres database: dial tcp: lookup zapsi_database_postgres: no such host
2020-02-01 15:28:20.359   MAIN   WRN   Database zapsi4 does not exist
2020-02-01 15:28:20.361   MAIN   ERR   Problem opening database: dial tcp: lookup zapsi_database_postgres: no such host
2020-02-01 15:28:20.363   MAIN   ERR   Problem opening postgres database: dial tcp: lookup zapsi_database_postgres: no such host
2020-02-01 15:28:20.365   MAIN   WRN   Database zapsi4 does not exist
2020-02-01 15:28:20.366   MAIN   ERR   Problem opening database: dial tcp: lookup zapsi_database_postgres: no such host
2020-02-01 15:28:20.368   MAIN   ERR   Problem opening postgres database: dial tcp: lookup zapsi_database_postgres: no such host
2020-02-01 15:28:20.370   MAIN   WRN   Database zapsi4 does not exist
2020-02-01 15:28:20.372   MAIN   ERR   Problem opening database: dial tcp: lookup zapsi_database_postgres: no such host
2020-02-01 15:28:20.373   MAIN   ERR   Problem opening postgres database: dial tcp: lookup zapsi_database_postgres: no such host
2020-02-01 15:28:20.375   MAIN   WRN   Database zapsi4 does not exist
2020-02-01 15:28:20.379   MAIN   ERR   Problem opening database: dial tcp: lookup zapsi_database_postgres: no such host
2020-02-01 15:28:20.384   MAIN   ERR   Problem opening postgres database: dial tcp: lookup zapsi_database_postgres: no such host
2020-02-01 15:28:20.386   MAIN   WRN   Database zapsi4 does not exist
2020-02-01 15:28:20.389   MAIN   ERR   Problem opening database: dial tcp: lookup zapsi_database_postgres: no such host
2020-02-01 15:28:20.391   MAIN   ERR   Problem opening postgres database: dial tcp: lookup zapsi_database_postgres: no such host
2020-02-01 15:28:20.393   MAIN   WRN   Database zapsi4 does not exist
2020-02-01 15:28:20.395   MAIN   ERR   Problem opening database: dial tcp: lookup zapsi_database_postgres: no such host
2020-02-01 15:28:20.397   MAIN   ERR   Problem opening postgres database: dial tcp: lookup zapsi_database_postgres: no such host
2020-02-01 15:28:20.399   MAIN   WRN   Database zapsi4 does not exist
2020-02-01 15:28:20.401   MAIN   ERR   Problem opening database: dial tcp: lookup zapsi_database_postgres: no such host
2020-02-01 15:28:20.403   MAIN   ERR   Problem opening postgres database: dial tcp: lookup zapsi_database_postgres: no such host
2020-02-01 15:28:20.405   MAIN   WRN   Database zapsi4 does not exist
2020-02-01 15:28:20.407   MAIN   ERR   Problem opening database: dial tcp: lookup zapsi_database_postgres: no such host
2020-02-01 15:28:20.409   MAIN   ERR   Problem opening postgres database: dial tcp: lookup zapsi_database_postgres: no such host
2020-02-01 15:28:20.412   MAIN   WRN   Database zapsi4 does not exist
2020-02-01 15:28:20.415   MAIN   ERR   Problem opening database: dial tcp: lookup zapsi_database_postgres: no such host
2020-02-01 15:28:20.418   MAIN   ERR   Problem opening postgres database: dial tcp: lookup zapsi_database_postgres: no such host
2020-02-01 15:28:20.421   MAIN   WRN   Database zapsi4 does not exist
2020-02-01 15:28:20.426   MAIN   ERR   Problem opening database: dial tcp: lookup zapsi_database_postgres: no such host
2020-02-01 15:28:20.431   MAIN   ERR   Problem opening postgres database: dial tcp: lookup zapsi_database_postgres: no such host
2020-02-01 15:28:20.433   MAIN   WRN   Database zapsi4 does not exist
2020-02-01 15:28:20.436   MAIN   ERR   Problem opening database: dial tcp: lookup zapsi_database_postgres: no such host
2020-02-01 15:28:20.438   MAIN   ERR   Problem opening postgres database: dial tcp: lookup zapsi_database_postgres: no such host
2020-02-01 15:28:20.441   MAIN   WRN   Database zapsi4 does not exist
2020-02-01 15:28:20.443   MAIN   ERR   Problem opening database: dial tcp: lookup zapsi_database_postgres: no such host
2020-02-01 15:28:20.444   MAIN   ERR   Problem opening postgres database: dial tcp: lookup zapsi_database_postgres: no such host
2020-02-01 15:28:20.447   MAIN   WRN   Database zapsi4 does not exist
2020-02-01 15:28:20.449   MAIN   ERR   Problem opening database: dial tcp: lookup zapsi_database_postgres: no such host
2020-02-01 15:28:20.451   MAIN   ERR   Problem opening postgres database: dial tcp: lookup zapsi_database_postgres: no such host
2020-02-01 15:28:20.452   MAIN   WRN   Database zapsi4 does not exist
2020-02-01 15:28:20.455   MAIN   ERR   Problem opening database: dial tcp: lookup zapsi_database_postgres: no such host
2020-02-01 15:28:20.460   MAIN   ERR   Problem opening postgres database: dial tcp: lookup zapsi_database_postgres: no such host
2020-02-01 15:28:20.465   MAIN   WRN   Database zapsi4 does not exist
2020-02-01 15:28:20.467   MAIN   ERR   Problem opening database: dial tcp: lookup zapsi_database_postgres: no such host
2020-02-01 15:28:20.470   MAIN   ERR   Problem opening postgres database: dial tcp: lookup zapsi_database_postgres: no such host
2020-02-01 15:28:20.472   MAIN   WRN   Database zapsi4 does not exist
2020-02-01 15:28:20.474   MAIN   ERR   Problem opening database: dial tcp: lookup zapsi_database_postgres: no such host
2020-02-01 15:28:20.476   MAIN   ERR   Problem opening postgres database: dial tcp: lookup zapsi_database_postgres: no such host
2020-02-01 15:28:20.478   MAIN   WRN   Database zapsi4 does not exist
2020-02-01 15:28:20.480   MAIN   ERR   Problem opening database: dial tcp: lookup zapsi_database_postgres: no such host
2020-02-01 15:28:20.482   MAIN   ERR   Problem opening postgres database: dial tcp: lookup zapsi_database_postgres: no such host
2020-02-01 15:28:20.484   MAIN   WRN   Database zapsi4 does not exist
2020-02-01 15:28:20.486   MAIN   ERR   Problem opening database: dial tcp: lookup zapsi_database_postgres: no such host
2020-02-01 15:28:20.491   MAIN   ERR   Problem opening postgres database: dial tcp: lookup zapsi_database_postgres: no such host
2020-02-01 15:28:20.494   MAIN   WRN   Database zapsi4 does not exist
2020-02-01 15:28:20.497   MAIN   ERR   Problem opening database: dial tcp: lookup zapsi_database_postgres: no such host
2020-02-01 15:28:20.499   MAIN   ERR   Problem opening postgres database: dial tcp: lookup zapsi_database_postgres: no such host
2020-02-01 15:28:20.502   MAIN   WRN   Database zapsi4 does not exist
2020-02-01 15:28:20.504   MAIN   ERR   Problem opening database: dial tcp: lookup zapsi_database_postgres: no such host
2020-02-01 15:28:20.506   MAIN   ERR   Problem opening postgres database: dial tcp: lookup zapsi_database_postgres: no such host
2020-02-01 15:28:20.508   MAIN   WRN   Database zapsi4 does not exist
2020-02-01 15:28:20.510   MAIN   ERR   Problem opening database: dial tcp: lookup zapsi_database_postgres: no such host
2020-02-01 15:28:20.512   MAIN   ERR   Problem opening postgres database: dial tcp: lookup zapsi_database_postgres: no such host
2020-02-01 15:28:20.514   MAIN   WRN   Database zapsi4 does not exist
2020-02-01 15:28:20.515   MAIN   ERR   Problem opening database: dial tcp: lookup zapsi_database_postgres: no such host
2020-02-01 15:28:20.519   MAIN   ERR   Problem opening postgres database: dial tcp: lookup zapsi_database_postgres: no such host
2020-02-01 15:28:20.523   MAIN   WRN   Database zapsi4 does not exist
2020-02-01 15:28:20.527   MAIN   ERR   Problem opening database: dial tcp: lookup zapsi_database_postgres: no such host
2020-02-01 15:28:20.530   MAIN   ERR   Problem opening postgres database: dial tcp: lookup zapsi_database_postgres: no such host
2020-02-01 15:28:20.533   MAIN   WRN   Database zapsi4 does not exist
2020-02-01 15:28:20.535   MAIN   ERR   Problem opening database: dial tcp: lookup zapsi_database_postgres: no such host
2020-02-01 15:28:20.537   MAIN   ERR   Problem opening postgres database: dial tcp: lookup zapsi_database_postgres: no such host
2020-02-01 15:28:20.539   MAIN   WRN   Database zapsi4 does not exist
2020-02-01 15:28:20.541   MAIN   ERR   Problem opening database: dial tcp: lookup zapsi_database_postgres: no such host
2020-02-01 15:28:20.543   MAIN   ERR   Problem opening postgres database: dial tcp: lookup zapsi_database_postgres: no such host
2020-02-01 15:28:20.545   MAIN   WRN   Database zapsi4 does not exist
2020-02-01 15:28:20.548   MAIN   ERR   Problem opening database: dial tcp: lookup zapsi_database_postgres: no such host
2020-02-01 15:28:20.552   MAIN   ERR   Problem opening postgres database: dial tcp: lookup zapsi_database_postgres: no such host
2020-02-01 15:28:20.556   MAIN   WRN   Database zapsi4 does not exist
2020-02-01 15:28:20.562   MAIN   ERR   Problem opening database: dial tcp: lookup zapsi_database_postgres: no such host
2020-02-01 15:28:20.566   MAIN   ERR   Problem opening postgres database: dial tcp: lookup zapsi_database_postgres: no such host
2020-02-01 15:28:20.568   MAIN   WRN   Database zapsi4 does not exist
2020-02-01 15:28:20.571   MAIN   ERR   Problem opening database: dial tcp: lookup zapsi_database_postgres: no such host
2020-02-01 15:28:20.573   MAIN   ERR   Problem opening postgres database: dial tcp: lookup zapsi_database_postgres: no such host
2020-02-01 15:28:20.575   MAIN   WRN   Database zapsi4 does not exist
2020-02-01 15:28:20.577   MAIN   ERR   Problem opening database: dial tcp: lookup zapsi_database_postgres: no such host
2020-02-01 15:28:20.579   MAIN   ERR   Problem opening postgres database: dial tcp: lookup zapsi_database_postgres: no such host
2020-02-01 15:28:20.581   MAIN   WRN   Database zapsi4 does not exist
2020-02-01 15:28:20.583   MAIN   ERR   Problem opening database: dial tcp: lookup zapsi_database_postgres: no such host
2020-02-01 15:28:20.588   MAIN   ERR   Problem opening postgres database: dial tcp: lookup zapsi_database_postgres: no such host
2020-02-01 15:28:20.592   MAIN   WRN   Database zapsi4 does not exist
2020-02-01 15:28:20.596   MAIN   ERR   Problem opening database: dial tcp: lookup zapsi_database_postgres: no such host
2020-02-01 15:28:20.600   MAIN   ERR   Problem opening postgres database: dial tcp: lookup zapsi_database_postgres: no such host
2020-02-01 15:28:20.604   MAIN   WRN   Database zapsi4 does not exist
2020-02-01 15:28:20.606   MAIN   ERR   Problem opening database: dial tcp: lookup zapsi_database_postgres: no such host
2020-02-01 15:28:20.608   MAIN   ERR   Problem opening postgres database: dial tcp: lookup zapsi_database_postgres: no such host
2020-02-01 15:28:20.610   MAIN   WRN   Database zapsi4 does not exist
2020-02-01 15:28:20.612   MAIN   ERR   Problem opening database: dial tcp: lookup zapsi_database_postgres: no such host
2020-02-01 15:28:20.614   MAIN   ERR   Problem opening postgres database: dial tcp: lookup zapsi_database_postgres: no such host
2020-02-01 15:28:20.616   MAIN   WRN   Database zapsi4 does not exist
2020-02-01 15:28:20.618   MAIN   ERR   Problem opening database: dial tcp: lookup zapsi_database_postgres: no such host
2020-02-01 15:28:20.621   MAIN   ERR   Problem opening postgres database: dial tcp: lookup zapsi_database_postgres: no such host
2020-02-01 15:28:20.627   MAIN   WRN   Database zapsi4 does not exist
2020-02-01 15:28:20.631   MAIN   ERR   Problem opening database: dial tcp: lookup zapsi_database_postgres: no such host
2020-02-01 15:28:20.634   MAIN   ERR   Problem opening postgres database: dial tcp: lookup zapsi_database_postgres: no such host
2020-02-01 15:28:20.636   MAIN   WRN   Database zapsi4 does not exist
2020-02-01 15:28:20.638   MAIN   ERR   Problem opening database: dial tcp: lookup zapsi_database_postgres: no such host
2020-02-01 15:28:20.640   MAIN   ERR   Problem opening postgres database: dial tcp: lookup zapsi_database_postgres: no such host
2020-02-01 15:28:20.642   MAIN   WRN   Database zapsi4 does not exist
2020-02-01 15:28:20.644   MAIN   ERR   Problem opening database: dial tcp: lookup zapsi_database_postgres: no such host
2020-02-01 15:28:20.646   MAIN   ERR   Problem opening postgres database: dial tcp: lookup zapsi_database_postgres: no such host
2020-02-01 15:28:20.650   MAIN   WRN   Database zapsi4 does not exist
2020-02-01 15:28:20.653   MAIN   ERR   Problem opening database: dial tcp: lookup zapsi_database_postgres: no such host
2020-02-01 15:28:20.657   MAIN   ERR   Problem opening postgres database: dial tcp: lookup zapsi_database_postgres: no such host
2020-02-01 15:28:20.661   MAIN   WRN   Database zapsi4 does not exist
2020-02-01 15:28:20.664   MAIN   ERR   Problem opening database: dial tcp: lookup zapsi_database_postgres: no such host
2020-02-01 15:28:20.666   MAIN   ERR   Problem opening postgres database: dial tcp: lookup zapsi_database_postgres: no such host
2020-02-01 15:28:20.668   MAIN   WRN   Database zapsi4 does not exist
2020-02-01 15:28:20.670   MAIN   ERR   Problem opening database: dial tcp: lookup zapsi_database_postgres: no such host
2020-02-01 15:28:20.671   MAIN   ERR   Problem opening postgres database: dial tcp: lookup zapsi_database_postgres: no such host
2020-02-01 15:28:20.673   MAIN   WRN   Database zapsi4 does not exist
2020-02-01 15:28:20.676   MAIN   ERR   Problem opening database: dial tcp: lookup zapsi_database_postgres: no such host
2020-02-01 15:28:20.681   MAIN   ERR   Problem opening postgres database: dial tcp: lookup zapsi_database_postgres: no such host
2020-02-01 15:28:20.687   MAIN   WRN   Database zapsi4 does not exist
2020-02-01 15:28:20.690   MAIN   ERR   Problem opening database: dial tcp: lookup zapsi_database_postgres: no such host
2020-02-01 15:28:20.692   MAIN   ERR   Problem opening postgres database: dial tcp: lookup zapsi_database_postgres: no such host
2020-02-01 15:28:20.694   MAIN   WRN   Database zapsi4 does not exist
2020-02-01 15:28:20.696   MAIN   ERR   Problem opening database: dial tcp: lookup zapsi_database_postgres: no such host
2020-02-01 15:28:20.698   MAIN   ERR   Problem opening postgres database: dial tcp: lookup zapsi_database_postgres: no such host
2020-02-01 15:28:20.700   MAIN   WRN   Database zapsi4 does not exist
2020-02-01 15:28:20.703   MAIN   ERR   Problem opening database: dial tcp: lookup zapsi_database_postgres: no such host
2020-02-01 15:28:20.708   MAIN   ERR   Problem opening postgres database: dial tcp: lookup zapsi_database_postgres: no such host
2020-02-01 15:28:20.712   MAIN   WRN   Database zapsi4 does not exist
2020-02-01 15:28:20.716   MAIN   ERR   Problem opening database: dial tcp: lookup zapsi_database_postgres: no such host
2020-02-01 15:28:20.719   MAIN   ERR   Problem opening postgres database: dial tcp: lookup zapsi_database_postgres: no such host
2020-02-01 15:28:20.721   MAIN   WRN   Database zapsi4 does not exist
2020-02-01 15:28:20.723   MAIN   ERR   Problem opening database: dial tcp: lookup zapsi_database_postgres: no such host
2020-02-01 15:28:20.725   MAIN   ERR   Problem opening postgres database: dial tcp: lookup zapsi_database_postgres: no such host
2020-02-01 15:28:20.727   MAIN   WRN   Database zapsi4 does not exist
2020-02-01 15:28:20.729   MAIN   ERR   Problem opening database: dial tcp: lookup zapsi_database_postgres: no such host
2020-02-01 15:28:20.732   MAIN   ERR   Problem opening postgres database: dial tcp: lookup zapsi_database_postgres: no such host
2020-02-01 15:28:20.737   MAIN   WRN   Database zapsi4 does not exist
2020-02-01 15:28:20.741   MAIN   ERR   Problem opening database: dial tcp: lookup zapsi_database_postgres: no such host
2020-02-01 15:28:20.744   MAIN   ERR   Problem opening postgres database: dial tcp: lookup zapsi_database_postgres: no such host
2020-02-01 15:28:20.747   MAIN   WRN   Database zapsi4 does not exist
2020-02-01 15:28:20.749   MAIN   ERR   Problem opening database: dial tcp: lookup zapsi_database_postgres: no such host
2020-02-01 15:28:20.752   MAIN   ERR   Problem opening postgres database: dial tcp: lookup zapsi_database_postgres: no such host
2020-02-01 15:28:20.753   MAIN   WRN   Database zapsi4 does not exist
2020-02-01 15:28:20.755   MAIN   ERR   Problem opening database: dial tcp: lookup zapsi_database_postgres: no such host
2020-02-01 15:28:20.758   MAIN   ERR   Problem opening postgres database: dial tcp: lookup zapsi_database_postgres: no such host
2020-02-01 15:28:20.764   MAIN   WRN   Database zapsi4 does not exist
2020-02-01 15:28:20.768   MAIN   ERR   Problem opening database: dial tcp: lookup zapsi_database_postgres: no such host
2020-02-01 15:28:20.771   MAIN   ERR   Problem opening postgres database: dial tcp: lookup zapsi_database_postgres: no such host
2020-02-01 15:28:20.773   MAIN   WRN   Database zapsi4 does not exist
2020-02-01 15:28:20.775   MAIN   ERR   Problem opening database: dial tcp: lookup zapsi_database_postgres: no such host
2020-02-01 15:28:20.777   MAIN   ERR   Problem opening postgres database: dial tcp: lookup zapsi_database_postgres: no such host
2020-02-01 15:28:20.779   MAIN   WRN   Database zapsi4 does not exist
2020-02-01 15:28:20.781   MAIN   ERR   Problem opening database: dial tcp: lookup zapsi_database_postgres: no such host
2020-02-01 15:28:20.788   MAIN   ERR   Problem opening postgres database: dial tcp: lookup zapsi_database_postgres: no such host
2020-02-01 15:28:20.792   MAIN   WRN   Database zapsi4 does not exist
2020-02-01 15:28:20.795   MAIN   ERR   Problem opening database: dial tcp: lookup zapsi_database_postgres: no such host
2020-02-01 15:28:20.797   MAIN   ERR   Problem opening postgres database: dial tcp: lookup zapsi_database_postgres: no such host
2020-02-01 15:28:20.799   MAIN   WRN   Database zapsi4 does not exist
2020-02-01 15:28:20.801   MAIN   ERR   Problem opening database: dial tcp: lookup zapsi_database_postgres: no such host
2020-02-01 15:28:20.803   MAIN   ERR   Problem opening postgres database: dial tcp: lookup zapsi_database_postgres: no such host
2020-02-01 15:28:20.806   MAIN   WRN   Database zapsi4 does not exist
2020-02-01 15:28:20.812   MAIN   ERR   Problem opening database: dial tcp: lookup zapsi_database_postgres: no such host
2020-02-01 15:28:20.817   MAIN   ERR   Problem opening postgres database: dial tcp: lookup zapsi_database_postgres: no such host
2020-02-01 15:28:20.820   MAIN   WRN   Database zapsi4 does not exist
2020-02-01 15:28:20.822   MAIN   ERR   Problem opening database: dial tcp: lookup zapsi_database_postgres: no such host
2020-02-01 15:28:20.824   MAIN   ERR   Problem opening postgres database: dial tcp: lookup zapsi_database_postgres: no such host
2020-02-01 15:28:20.826   MAIN   WRN   Database zapsi4 does not exist
2020-02-01 15:28:20.828   MAIN   ERR   Problem opening database: dial tcp: lookup zapsi_database_postgres: no such host
2020-02-01 15:28:20.833   MAIN   ERR   Problem opening postgres database: dial tcp: lookup zapsi_database_postgres: no such host
2020-02-01 15:28:20.837   MAIN   WRN   Database zapsi4 does not exist
2020-02-01 15:28:20.841   MAIN   ERR   Problem opening database: dial tcp: lookup zapsi_database_postgres: no such host
2020-02-01 15:28:20.844   MAIN   ERR   Problem opening postgres database: dial tcp: lookup zapsi_database_postgres: no such host
2020-02-01 15:28:20.847   MAIN   WRN   Database zapsi4 does not exist
2020-02-01 15:28:20.849   MAIN   ERR   Problem opening database: dial tcp: lookup zapsi_database_postgres: no such host
2020-02-01 15:28:20.851   MAIN   ERR   Problem opening postgres database: dial tcp: lookup zapsi_database_postgres: no such host
2020-02-01 15:28:20.853   MAIN   WRN   Database zapsi4 does not exist
2020-02-01 15:28:20.856   MAIN   ERR   Problem opening database: dial tcp: lookup zapsi_database_postgres: no such host
2020-02-01 15:28:20.862   MAIN   ERR   Problem opening postgres database: dial tcp: lookup zapsi_database_postgres: no such host
2020-02-01 15:28:20.866   MAIN   WRN   Database zapsi4 does not exist
2020-02-01 15:28:20.869   MAIN   ERR   Problem opening database: dial tcp: lookup zapsi_database_postgres: no such host
2020-02-01 15:28:20.871   MAIN   ERR   Problem opening postgres database: dial tcp: lookup zapsi_database_postgres: no such host
2020-02-01 15:28:20.874   MAIN   WRN   Database zapsi4 does not exist
2020-02-01 15:28:20.876   MAIN   ERR   Problem opening database: dial tcp: lookup zapsi_database_postgres: no such host
2020-02-01 15:28:20.877   MAIN   ERR   Problem opening postgres database: dial tcp: lookup zapsi_database_postgres: no such host
2020-02-01 15:28:20.883   MAIN   WRN   Database zapsi4 does not exist
2020-02-01 15:28:20.886   MAIN   ERR   Problem opening database: dial tcp: lookup zapsi_database_postgres: no such host
2020-02-01 15:28:20.891   MAIN   ERR   Problem opening postgres database: dial tcp: lookup zapsi_database_postgres: no such host
2020-02-01 15:28:20.895   MAIN   WRN   Database zapsi4 does not exist
2020-02-01 15:28:20.897   MAIN   ERR   Problem opening database: dial tcp: lookup zapsi_database_postgres: no such host
2020-02-01 15:28:20.899   MAIN   ERR   Problem opening postgres database: dial tcp: lookup zapsi_database_postgres: no such host
2020-02-01 15:28:20.901   MAIN   WRN   Database zapsi4 does not exist
2020-02-01 15:28:20.903   MAIN   ERR   Problem opening database: dial tcp: lookup zapsi_database_postgres: no such host
2020-02-01 15:28:20.910   MAIN   ERR   Problem opening postgres database: dial tcp: lookup zapsi_database_postgres: no such host
2020-02-01 15:28:20.916   MAIN   WRN   Database zapsi4 does not exist
2020-02-01 15:28:20.919   MAIN   ERR   Problem opening database: dial tcp: lookup zapsi_database_postgres: no such host
2020-02-01 15:28:20.923   MAIN   ERR   Problem opening postgres database: dial tcp: lookup zapsi_database_postgres: no such host
2020-02-01 15:28:20.925   MAIN   WRN   Database zapsi4 does not exist
2020-02-01 15:28:20.927   MAIN   ERR   Problem opening database: dial tcp: lookup zapsi_database_postgres: no such host
2020-02-01 15:28:20.929   MAIN   ERR   Problem opening postgres database: dial tcp: lookup zapsi_database_postgres: no such host
2020-02-01 15:28:20.933   MAIN   WRN   Database zapsi4 does not exist
2020-02-01 15:28:20.938   MAIN   ERR   Problem opening database: dial tcp: lookup zapsi_database_postgres: no such host
2020-02-01 15:28:20.941   MAIN   ERR   Problem opening postgres database: dial tcp: lookup zapsi_database_postgres: no such host
2020-02-01 15:28:20.945   MAIN   WRN   Database zapsi4 does not exist
2020-02-01 15:28:20.947   MAIN   ERR   Problem opening database: dial tcp: lookup zapsi_database_postgres: no such host
2020-02-01 15:28:20.949   MAIN   ERR   Problem opening postgres database: dial tcp: lookup zapsi_database_postgres: no such host
2020-02-01 15:28:20.951   MAIN   WRN   Database zapsi4 does not exist
2020-02-01 15:28:20.955   MAIN   ERR   Problem opening database: dial tcp: lookup zapsi_database_postgres: no such host
2020-02-01 15:28:20.962   MAIN   ERR   Problem opening postgres database: dial tcp: lookup zapsi_database_postgres: no such host
2020-02-01 15:28:20.965   MAIN   WRN   Database zapsi4 does not exist
2020-02-01 15:28:20.968   MAIN   ERR   Problem opening database: dial tcp: lookup zapsi_database_postgres: no such host
2020-02-01 15:28:20.970   MAIN   ERR   Problem opening postgres database: dial tcp: lookup zapsi_database_postgres: no such host
2020-02-01 15:28:20.972   MAIN   WRN   Database zapsi4 does not exist
2020-02-01 15:28:20.974   MAIN   ERR   Problem opening database: dial tcp: lookup zapsi_database_postgres: no such host
2020-02-01 15:28:20.978   MAIN   ERR   Problem opening postgres database: dial tcp: lookup zapsi_database_postgres: no such host
2020-02-01 15:28:20.984   MAIN   WRN   Database zapsi4 does not exist
2020-02-01 15:28:20.987   MAIN   ERR   Problem opening database: dial tcp: lookup zapsi_database_postgres: no such host
2020-02-01 15:28:20.990   MAIN   ERR   Problem opening postgres database: dial tcp: lookup zapsi_database_postgres: no such host
2020-02-01 15:28:20.992   MAIN   WRN   Database zapsi4 does not exist
2020-02-01 15:28:20.994   MAIN   ERR   Problem opening database: dial tcp: lookup zapsi_database_postgres: no such host
2020-02-01 15:28:20.996   MAIN   ERR   Problem opening postgres database: dial tcp: lookup zapsi_database_postgres: no such host
2020-02-01 15:28:20.999   MAIN   WRN   Database zapsi4 does not exist
2020-02-01 15:28:21.005   MAIN   ERR   Problem opening database: dial tcp: lookup zapsi_database_postgres: no such host
2020-02-01 15:28:21.008   MAIN   ERR   Problem opening postgres database: dial tcp: lookup zapsi_database_postgres: no such host
2020-02-01 15:28:21.012   MAIN   WRN   Database zapsi4 does not exist
2020-02-01 15:28:21.014   MAIN   ERR   Problem opening database: dial tcp: lookup zapsi_database_postgres: no such host
2020-02-01 15:28:21.016   MAIN   ERR   Problem opening postgres database: dial tcp: lookup zapsi_database_postgres: no such host
2020-02-01 15:28:21.019   MAIN   WRN   Database zapsi4 does not exist
2020-02-01 15:28:21.022   MAIN   ERR   Problem opening database: dial tcp: lookup zapsi_database_postgres: no such host
2020-02-01 15:28:21.028   MAIN   ERR   Problem opening postgres database: dial tcp: lookup zapsi_database_postgres: no such host
2020-02-01 15:28:21.032   MAIN   WRN   Database zapsi4 does not exist
2020-02-01 15:28:21.034   MAIN   ERR   Problem opening database: dial tcp: lookup zapsi_database_postgres: no such host
2020-02-01 15:28:21.036   MAIN   ERR   Problem opening postgres database: dial tcp: lookup zapsi_database_postgres: no such host
2020-02-01 15:28:21.038   MAIN   WRN   Database zapsi4 does not exist
2020-02-01 15:28:21.040   MAIN   ERR   Problem opening database: dial tcp: lookup zapsi_database_postgres: no such host
2020-02-01 15:28:21.043   MAIN   ERR   Problem opening postgres database: dial tcp: lookup zapsi_database_postgres: no such host
2020-02-01 15:28:21.049   MAIN   WRN   Database zapsi4 does not exist
2020-02-01 15:28:21.053   MAIN   ERR   Problem opening database: dial tcp: lookup zapsi_database_postgres: no such host
2020-02-01 15:28:21.056   MAIN   ERR   Problem opening postgres database: dial tcp: lookup zapsi_database_postgres: no such host
2020-02-01 15:28:21.058   MAIN   WRN   Database zapsi4 does not exist
2020-02-01 15:28:21.060   MAIN   ERR   Problem opening database: dial tcp: lookup zapsi_database_postgres: no such host
2020-02-01 15:28:21.062   MAIN   ERR   Problem opening postgres database: dial tcp: lookup zapsi_database_postgres: no such host
2020-02-01 15:28:21.065   MAIN   WRN   Database zapsi4 does not exist
2020-02-01 15:28:21.071   MAIN   ERR   Problem opening database: dial tcp: lookup zapsi_database_postgres: no such host
2020-02-01 15:28:21.074   MAIN   ERR   Problem opening postgres database: dial tcp: lookup zapsi_database_postgres: no such host
2020-02-01 15:28:21.078   MAIN   WRN   Database zapsi4 does not exist
2020-02-01 15:28:21.080   MAIN   ERR   Problem opening database: dial tcp: lookup zapsi_database_postgres: no such host
2020-02-01 15:28:21.082   MAIN   ERR   Problem opening postgres database: dial tcp: lookup zapsi_database_postgres: no such host
2020-02-01 15:28:21.084   MAIN   WRN   Database zapsi4 does not exist
2020-02-01 15:28:21.088   MAIN   ERR   Problem opening database: dial tcp: lookup zapsi_database_postgres: no such host
2020-02-01 15:28:21.094   MAIN   ERR   Problem opening postgres database: dial tcp: lookup zapsi_database_postgres: no such host
2020-02-01 15:28:21.098   MAIN   WRN   Database zapsi4 does not exist
2020-02-01 15:28:21.100   MAIN   ERR   Problem opening database: dial tcp: lookup zapsi_database_postgres: no such host
2020-02-01 15:28:21.103   MAIN   ERR   Problem opening postgres database: dial tcp: lookup zapsi_database_postgres: no such host
2020-02-01 15:28:21.105   MAIN   WRN   Database zapsi4 does not exist
2020-02-01 15:28:21.107   MAIN   ERR   Problem opening database: dial tcp: lookup zapsi_database_postgres: no such host
2020-02-01 15:28:21.110   MAIN   ERR   Problem opening postgres database: dial tcp: lookup zapsi_database_postgres: no such host
2020-02-01 15:28:21.115   MAIN   WRN   Database zapsi4 does not exist
2020-02-01 15:28:21.119   MAIN   ERR   Problem opening database: dial tcp: lookup zapsi_database_postgres: no such host
2020-02-01 15:28:21.121   MAIN   ERR   Problem opening postgres database: dial tcp: lookup zapsi_database_postgres: no such host
2020-02-01 15:28:21.123   MAIN   WRN   Database zapsi4 does not exist
2020-02-01 15:28:21.125   MAIN   ERR   Problem opening database: dial tcp: lookup zapsi_database_postgres: no such host
2020-02-01 15:28:21.127   MAIN   ERR   Problem opening postgres database: dial tcp: lookup zapsi_database_postgres: no such host
2020-02-01 15:28:21.129   MAIN   WRN   Database zapsi4 does not exist
2020-02-01 15:28:21.134   MAIN   ERR   Problem opening database: dial tcp: lookup zapsi_database_postgres: no such host
2020-02-01 15:28:21.140   MAIN   ERR   Problem opening postgres database: dial tcp: lookup zapsi_database_postgres: no such host
2020-02-01 15:28:21.144   MAIN   WRN   Database zapsi4 does not exist
2020-02-01 15:28:21.146   MAIN   ERR   Problem opening database: dial tcp: lookup zapsi_database_postgres: no such host
2020-02-01 15:28:21.148   MAIN   ERR   Problem opening postgres database: dial tcp: lookup zapsi_database_postgres: no such host
2020-02-01 15:28:21.150   MAIN   WRN   Database zapsi4 does not exist
2020-02-01 15:28:21.154   MAIN   ERR   Problem opening database: dial tcp: lookup zapsi_database_postgres: no such host
2020-02-01 15:28:21.160   MAIN   ERR   Problem opening postgres database: dial tcp: lookup zapsi_database_postgres: no such host
2020-02-01 15:28:21.163   MAIN   WRN   Database zapsi4 does not exist
2020-02-01 15:28:21.167   MAIN   ERR   Problem opening database: dial tcp: lookup zapsi_database_postgres: no such host
2020-02-01 15:28:21.169   MAIN   ERR   Problem opening postgres database: dial tcp: lookup zapsi_database_postgres: no such host
2020-02-01 15:28:21.171   MAIN   WRN   Database zapsi4 does not exist
2020-02-01 15:28:21.173   MAIN   ERR   Problem opening database: dial tcp: lookup zapsi_database_postgres: no such host
2020-02-01 15:28:21.176   MAIN   ERR   Problem opening postgres database: dial tcp: lookup zapsi_database_postgres: no such host
2020-02-01 15:28:21.182   MAIN   WRN   Database zapsi4 does not exist
2020-02-01 15:28:21.186   MAIN   ERR   Problem opening database: dial tcp: lookup zapsi_database_postgres: no such host
2020-02-01 15:28:21.189   MAIN   ERR   Problem opening postgres database: dial tcp: lookup zapsi_database_postgres: no such host
2020-02-01 15:28:21.191   MAIN   WRN   Database zapsi4 does not exist
2020-02-01 15:28:21.193   MAIN   ERR   Problem opening database: dial tcp: lookup zapsi_database_postgres: no such host
2020-02-01 15:28:21.195   MAIN   ERR   Problem opening postgres database: dial tcp: lookup zapsi_database_postgres: no such host
2020-02-01 15:28:21.197   MAIN   WRN   Database zapsi4 does not exist
2020-02-01 15:28:21.204   MAIN   ERR   Problem opening database: dial tcp: lookup zapsi_database_postgres: no such host
2020-02-01 15:28:21.209   MAIN   ERR   Problem opening postgres database: dial tcp: lookup zapsi_database_postgres: no such host
2020-02-01 15:28:21.212   MAIN   WRN   Database zapsi4 does not exist
2020-02-01 15:28:21.215   MAIN   ERR   Problem opening database: dial tcp: lookup zapsi_database_postgres: no such host
2020-02-01 15:28:21.217   MAIN   ERR   Problem opening postgres database: dial tcp: lookup zapsi_database_postgres: no such host
2020-02-01 15:28:21.219   MAIN   WRN   Database zapsi4 does not exist
2020-02-01 15:28:21.222   MAIN   ERR   Problem opening database: dial tcp: lookup zapsi_database_postgres: no such host
2020-02-01 15:28:21.227   MAIN   ERR   Problem opening postgres database: dial tcp: lookup zapsi_database_postgres: no such host
2020-02-01 15:28:21.231   MAIN   WRN   Database zapsi4 does not exist
2020-02-01 15:28:21.234   MAIN   ERR   Problem opening database: dial tcp: lookup zapsi_database_postgres: no such host
2020-02-01 15:28:21.236   MAIN   ERR   Problem opening postgres database: dial tcp: lookup zapsi_database_postgres: no such host
2020-02-01 15:28:21.239   MAIN   WRN   Database zapsi4 does not exist
2020-02-01 15:28:21.241   MAIN   ERR   Problem opening database: dial tcp: lookup zapsi_database_postgres: no such host
2020-02-01 15:28:21.244   MAIN   ERR   Problem opening postgres database: dial tcp: lookup zapsi_database_postgres: no such host
2020-02-01 15:28:21.250   MAIN   WRN   Database zapsi4 does not exist
2020-02-01 15:28:21.253   MAIN   ERR   Problem opening database: dial tcp: lookup zapsi_database_postgres: no such host
2020-02-01 15:28:21.256   MAIN   ERR   Problem opening postgres database: dial tcp: lookup zapsi_database_postgres: no such host
2020-02-01 15:28:21.258   MAIN   WRN   Database zapsi4 does not exist
2020-02-01 15:28:21.260   MAIN   ERR   Problem opening database: dial tcp: lookup zapsi_database_postgres: no such host
2020-02-01 15:28:21.263   MAIN   ERR   Problem opening postgres database: dial tcp: lookup zapsi_database_postgres: no such host
2020-02-01 15:28:21.265   MAIN   WRN   Database zapsi4 does not exist
2020-02-01 15:28:21.271   MAIN   ERR   Problem opening database: dial tcp: lookup zapsi_database_postgres: no such host
2020-02-01 15:28:21.275   MAIN   ERR   Problem opening postgres database: dial tcp: lookup zapsi_database_postgres: no such host
2020-02-01 15:28:21.279   MAIN   WRN   Database zapsi4 does not exist
2020-02-01 15:28:21.281   MAIN   ERR   Problem opening database: dial tcp: lookup zapsi_database_postgres: no such host
2020-02-01 15:28:21.283   MAIN   ERR   Problem opening postgres database: dial tcp: lookup zapsi_database_postgres: no such host
2020-02-01 15:28:21.285   MAIN   WRN   Database zapsi4 does not exist
2020-02-01 15:28:21.288   MAIN   ERR   Problem opening database: dial tcp: lookup zapsi_database_postgres: no such host
2020-02-01 15:28:21.295   MAIN   ERR   Problem opening postgres database: dial tcp: lookup zapsi_database_postgres: no such host
2020-02-01 15:28:21.299   MAIN   WRN   Database zapsi4 does not exist
2020-02-01 15:28:21.302   MAIN   ERR   Problem opening database: dial tcp: lookup zapsi_database_postgres: no such host
2020-02-01 15:28:21.304   MAIN   ERR   Problem opening postgres database: dial tcp: lookup zapsi_database_postgres: no such host
2020-02-01 15:28:21.306   MAIN   WRN   Database zapsi4 does not exist
2020-02-01 15:28:21.308   MAIN   ERR   Problem opening database: dial tcp: lookup zapsi_database_postgres: no such host
2020-02-01 15:28:21.311   MAIN   ERR   Problem opening postgres database: dial tcp: lookup zapsi_database_postgres: no such host
2020-02-01 15:28:21.318   MAIN   WRN   Database zapsi4 does not exist
2020-02-01 15:28:21.321   MAIN   ERR   Problem opening database: dial tcp: lookup zapsi_database_postgres: no such host
2020-02-01 15:28:21.326   MAIN   ERR   Problem opening postgres database: dial tcp: lookup zapsi_database_postgres: no such host
2020-02-01 15:28:21.330   MAIN   WRN   Database zapsi4 does not exist
2020-02-01 15:28:21.332   MAIN   ERR   Problem opening database: dial tcp: lookup zapsi_database_postgres: no such host
2020-02-01 15:28:21.335   MAIN   ERR   Problem opening postgres database: dial tcp: lookup zapsi_database_postgres: no such host
2020-02-01 15:28:21.337   MAIN   WRN   Database zapsi4 does not exist
2020-02-01 15:28:21.339   MAIN   ERR   Problem opening database: dial tcp: lookup zapsi_database_postgres: no such host
2020-02-01 15:28:21.346   MAIN   ERR   Problem opening postgres database: dial tcp: lookup zapsi_database_postgres: no such host
2020-02-01 15:28:21.350   MAIN   WRN   Database zapsi4 does not exist
2020-02-01 15:28:21.353   MAIN   ERR   Problem opening database: dial tcp: lookup zapsi_database_postgres: no such host
2020-02-01 15:28:21.356   MAIN   ERR   Problem opening postgres database: dial tcp: lookup zapsi_database_postgres: no such host
2020-02-01 15:28:21.358   MAIN   WRN   Database zapsi4 does not exist
2020-02-01 15:28:21.360   MAIN   ERR   Problem opening database: dial tcp: lookup zapsi_database_postgres: no such host
2020-02-01 15:28:21.363   MAIN   ERR   Problem opening postgres database: dial tcp: lookup zapsi_database_postgres: no such host
2020-02-01 15:28:21.368   MAIN   WRN   Database zapsi4 does not exist
2020-02-01 15:28:21.373   MAIN   ERR   Problem opening database: dial tcp: lookup zapsi_database_postgres: no such host
2020-02-01 15:28:21.376   MAIN   ERR   Problem opening postgres database: dial tcp: lookup zapsi_database_postgres: no such host
2020-02-01 15:28:21.380   MAIN   WRN   Database zapsi4 does not exist
2020-02-01 15:28:21.382   MAIN   ERR   Problem opening database: dial tcp: lookup zapsi_database_postgres: no such host
2020-02-01 15:28:21.385   MAIN   ERR   Problem opening postgres database: dial tcp: lookup zapsi_database_postgres: no such host
2020-02-01 15:28:21.387   MAIN   WRN   Database zapsi4 does not exist
2020-02-01 15:28:21.391   MAIN   ERR   Problem opening database: dial tcp: lookup zapsi_database_postgres: no such host
2020-02-01 15:28:21.396   MAIN   ERR   Problem opening postgres database: dial tcp: lookup zapsi_database_postgres: no such host
2020-02-01 15:28:21.400   MAIN   WRN   Database zapsi4 does not exist
2020-02-01 15:28:21.402   MAIN   ERR   Problem opening database: dial tcp: lookup zapsi_database_postgres: no such host
2020-02-01 15:28:21.404   MAIN   ERR   Problem opening postgres database: dial tcp: lookup zapsi_database_postgres: no such host
2020-02-01 15:28:21.407   MAIN   WRN   Database zapsi4 does not exist
2020-02-01 15:28:21.409   MAIN   ERR   Problem opening database: dial tcp: lookup zapsi_database_postgres: no such host
2020-02-01 15:28:21.413   MAIN   ERR   Problem opening postgres database: dial tcp: lookup zapsi_database_postgres: no such host
2020-02-01 15:28:21.419   MAIN   WRN   Database zapsi4 does not exist
2020-02-01 15:28:21.422   MAIN   ERR   Problem opening database: dial tcp: lookup zapsi_database_postgres: no such host
2020-02-01 15:28:21.428   MAIN   ERR   Problem opening postgres database: dial tcp: lookup zapsi_database_postgres: no such host
2020-02-01 15:28:21.432   MAIN   WRN   Database zapsi4 does not exist
2020-02-01 15:28:21.434   MAIN   ERR   Problem opening database: dial tcp: lookup zapsi_database_postgres: no such host
2020-02-01 15:28:21.437   MAIN   ERR   Problem opening postgres database: dial tcp: lookup zapsi_database_postgres: no such host
2020-02-01 15:28:21.439   MAIN   WRN   Database zapsi4 does not exist
2020-02-01 15:28:21.442   MAIN   ERR   Problem opening database: dial tcp: lookup zapsi_database_postgres: no such host
2020-02-01 15:28:21.448   MAIN   ERR   Problem opening postgres database: dial tcp: lookup zapsi_database_postgres: no such host
2020-02-01 15:28:21.452   MAIN   WRN   Database zapsi4 does not exist
2020-02-01 15:28:21.455   MAIN   ERR   Problem opening database: dial tcp: lookup zapsi_database_postgres: no such host
2020-02-01 15:28:21.457   MAIN   ERR   Problem opening postgres database: dial tcp: lookup zapsi_database_postgres: no such host
2020-02-01 15:28:21.459   MAIN   WRN   Database zapsi4 does not exist
2020-02-01 15:28:21.461   MAIN   ERR   Problem opening database: dial tcp: lookup zapsi_database_postgres: no such host
2020-02-01 15:28:21.464   MAIN   ERR   Problem opening postgres database: dial tcp: lookup zapsi_database_postgres: no such host
2020-02-01 15:28:21.470   MAIN   WRN   Database zapsi4 does not exist
2020-02-01 15:28:21.476   MAIN   ERR   Problem opening database: dial tcp: lookup zapsi_database_postgres: no such host
2020-02-01 15:28:21.479   MAIN   ERR   Problem opening postgres database: dial tcp: lookup zapsi_database_postgres: no such host
2020-02-01 15:28:21.482   MAIN   WRN   Database zapsi4 does not exist
2020-02-01 15:28:21.484   MAIN   ERR   Problem opening database: dial tcp: lookup zapsi_database_postgres: no such host
2020-02-01 15:28:21.486   MAIN   ERR   Problem opening postgres database: dial tcp: lookup zapsi_database_postgres: no such host
2020-02-01 15:28:21.489   MAIN   WRN   Database zapsi4 does not exist
2020-02-01 15:28:21.494   MAIN   ERR   Problem opening database: dial tcp: lookup zapsi_database_postgres: no such host
2020-02-01 15:28:21.500   MAIN   ERR   Problem opening postgres database: dial tcp: lookup zapsi_database_postgres: no such host
2020-02-01 15:28:21.503   MAIN   WRN   Database zapsi4 does not exist
2020-02-01 15:28:21.506   MAIN   ERR   Problem opening database: dial tcp: lookup zapsi_database_postgres: no such host
2020-02-01 15:28:21.508   MAIN   ERR   Problem opening postgres database: dial tcp: lookup zapsi_database_postgres: no such host
2020-02-01 15:28:21.510   MAIN   WRN   Database zapsi4 does not exist
2020-02-01 15:28:21.513   MAIN   ERR   Problem opening database: dial tcp: lookup zapsi_database_postgres: no such host
2020-02-01 15:28:21.518   MAIN   ERR   Problem opening postgres database: dial tcp: lookup zapsi_database_postgres: no such host
2020-02-01 15:28:21.523   MAIN   WRN   Database zapsi4 does not exist
2020-02-01 15:28:21.527   MAIN   ERR   Problem opening database: dial tcp: lookup zapsi_database_postgres: no such host
2020-02-01 15:28:21.530   MAIN   ERR   Problem opening postgres database: dial tcp: lookup zapsi_database_postgres: no such host
2020-02-01 15:28:21.532   MAIN   WRN   Database zapsi4 does not exist
2020-02-01 15:28:21.535   MAIN   ERR   Problem opening database: dial tcp: lookup zapsi_database_postgres: no such host
2020-02-01 15:28:21.537   MAIN   ERR   Problem opening postgres database: dial tcp: lookup zapsi_database_postgres: no such host
2020-02-01 15:28:21.542   MAIN   WRN   Database zapsi4 does not exist
2020-02-01 15:28:21.551   MAIN   ERR   Problem opening database: dial tcp: lookup zapsi_database_postgres: no such host
2020-02-01 15:28:21.555   MAIN   ERR   Problem opening postgres database: dial tcp: lookup zapsi_database_postgres: no such host
2020-02-01 15:28:21.557   MAIN   WRN   Database zapsi4 does not exist
2020-02-01 15:28:21.559   MAIN   ERR   Problem opening database: dial tcp: lookup zapsi_database_postgres: no such host
2020-02-01 15:28:21.562   MAIN   ERR   Problem opening postgres database: dial tcp: lookup zapsi_database_postgres: no such host
2020-02-01 15:28:21.564   MAIN   WRN   Database zapsi4 does not exist
2020-02-01 15:28:21.568   MAIN   ERR   Problem opening database: dial tcp: lookup zapsi_database_postgres: no such host
2020-02-01 15:28:21.576   MAIN   ERR   Problem opening postgres database: dial tcp: lookup zapsi_database_postgres: no such host
2020-02-01 15:28:21.580   MAIN   WRN   Database zapsi4 does not exist
2020-02-01 15:28:21.583   MAIN   ERR   Problem opening database: dial tcp: lookup zapsi_database_postgres: no such host
2020-02-01 15:28:21.585   MAIN   ERR   Problem opening postgres database: dial tcp: lookup zapsi_database_postgres: no such host
2020-02-01 15:28:21.587   MAIN   WRN   Database zapsi4 does not exist
2020-02-01 15:28:21.589   MAIN   ERR   Problem opening database: dial tcp: lookup zapsi_database_postgres: no such host
2020-02-01 15:28:21.593   MAIN   ERR   Problem opening postgres database: dial tcp: lookup zapsi_database_postgres: no such host
2020-02-01 15:28:21.598   MAIN   WRN   Database zapsi4 does not exist
2020-02-01 15:28:21.602   MAIN   ERR   Problem opening database: dial tcp: lookup zapsi_database_postgres: no such host
2020-02-01 15:28:21.604   MAIN   ERR   Problem opening postgres database: dial tcp: lookup zapsi_database_postgres: no such host
2020-02-01 15:28:21.606   MAIN   WRN   Database zapsi4 does not exist
2020-02-01 15:28:21.608   MAIN   ERR   Problem opening database: dial tcp: lookup zapsi_database_postgres: no such host
2020-02-01 15:28:21.610   MAIN   ERR   Problem opening postgres database: dial tcp: lookup zapsi_database_postgres: no such host
2020-02-01 15:28:21.614   MAIN   WRN   Database zapsi4 does not exist
2020-02-01 15:28:21.620   MAIN   ERR   Problem opening database: dial tcp: lookup zapsi_database_postgres: no such host
2020-02-01 15:28:21.625   MAIN   ERR   Problem opening postgres database: dial tcp: lookup zapsi_database_postgres: no such host
2020-02-01 15:28:21.629   MAIN   WRN   Database zapsi4 does not exist
2020-02-01 15:28:21.632   MAIN   ERR   Problem opening database: dial tcp: lookup zapsi_database_postgres: no such host
2020-02-01 15:28:21.634   MAIN   ERR   Problem opening postgres database: dial tcp: lookup zapsi_database_postgres: no such host
2020-02-01 15:28:21.636   MAIN   WRN   Database zapsi4 does not exist
2020-02-01 15:28:21.638   MAIN   ERR   Problem opening database: dial tcp: lookup zapsi_database_postgres: no such host
2020-02-01 15:28:21.640   MAIN   ERR   Problem opening postgres database: dial tcp: lookup zapsi_database_postgres: no such host
2020-02-01 15:28:21.642   MAIN   WRN   Database zapsi4 does not exist
2020-02-01 15:28:21.644   MAIN   ERR   Problem opening database: dial tcp: lookup zapsi_database_postgres: no such host
2020-02-01 15:28:21.646   MAIN   ERR   Problem opening postgres database: dial tcp: lookup zapsi_database_postgres: no such host
2020-02-01 15:28:21.649   MAIN   WRN   Database zapsi4 does not exist
2020-02-01 15:28:21.651   MAIN   ERR   Problem opening database: dial tcp: lookup zapsi_database_postgres: no such host
2020-02-01 15:28:21.653   MAIN   ERR   Problem opening postgres database: dial tcp: lookup zapsi_database_postgres: no such host
2020-02-01 15:28:21.655   MAIN   WRN   Database zapsi4 does not exist
2020-02-01 15:28:21.657   MAIN   ERR   Problem opening database: dial tcp: lookup zapsi_database_postgres: no such host
2020-02-01 15:28:21.659   MAIN   ERR   Problem opening postgres database: dial tcp: lookup zapsi_database_postgres: no such host
2020-02-01 15:28:21.662   MAIN   WRN   Database zapsi4 does not exist
2020-02-01 15:28:21.667   MAIN   ERR   Problem opening database: dial tcp: lookup zapsi_database_postgres: no such host
2020-02-01 15:28:21.669   MAIN   ERR   Problem opening postgres database: dial tcp: lookup zapsi_database_postgres: no such host
2020-02-01 15:28:21.671   MAIN   WRN   Database zapsi4 does not exist
2020-02-01 15:28:21.673   MAIN   ERR   Problem opening database: dial tcp: lookup zapsi_database_postgres: no such host
2020-02-01 15:28:21.676   MAIN   ERR   Problem opening postgres database: dial tcp: lookup zapsi_database_postgres: no such host
2020-02-01 15:28:21.679   MAIN   WRN   Database zapsi4 does not exist
2020-02-01 15:28:21.681   MAIN   ERR   Problem opening database: dial tcp: lookup zapsi_database_postgres: no such host
2020-02-01 15:28:21.683   MAIN   ERR   Problem opening postgres database: dial tcp: lookup zapsi_database_postgres: no such host
2020-02-01 15:28:21.686   MAIN   WRN   Database zapsi4 does not exist
2020-02-01 15:28:21.692   MAIN   ERR   Problem opening database: dial tcp: lookup zapsi_database_postgres: no such host
2020-02-01 15:28:21.696   MAIN   ERR   Problem opening postgres database: dial tcp: lookup zapsi_database_postgres: no such host
2020-02-01 15:28:21.699   MAIN   WRN   Database zapsi4 does not exist
2020-02-01 15:28:21.701   MAIN   ERR   Problem opening database: dial tcp: lookup zapsi_database_postgres: no such host
2020-02-01 15:28:21.703   MAIN   ERR   Problem opening postgres database: dial tcp: lookup zapsi_database_postgres: no such host
2020-02-01 15:28:21.705   MAIN   WRN   Database zapsi4 does not exist
2020-02-01 15:28:21.709   MAIN   ERR   Problem opening database: dial tcp: lookup zapsi_database_postgres: no such host
2020-02-01 15:28:21.714   MAIN   ERR   Problem opening postgres database: dial tcp: lookup zapsi_database_postgres: no such host
2020-02-01 15:28:21.720   MAIN   WRN   Database zapsi4 does not exist
2020-02-01 15:28:21.723   MAIN   ERR   Problem opening database: dial tcp: lookup zapsi_database_postgres: no such host
2020-02-01 15:28:21.725   MAIN   ERR   Problem opening postgres database: dial tcp: lookup zapsi_database_postgres: no such host
2020-02-01 15:28:21.728   MAIN   WRN   Database zapsi4 does not exist
2020-02-01 15:28:21.730   MAIN   ERR   Problem opening database: dial tcp: lookup zapsi_database_postgres: no such host
2020-02-01 15:28:21.732   MAIN   ERR   Problem opening postgres database: dial tcp: lookup zapsi_database_postgres: no such host
2020-02-01 15:28:21.734   MAIN   WRN   Database zapsi4 does not exist
2020-02-01 15:28:21.736   MAIN   ERR   Problem opening database: dial tcp: lookup zapsi_database_postgres: no such host
2020-02-01 15:28:21.738   MAIN   ERR   Problem opening postgres database: dial tcp: lookup zapsi_database_postgres: no such host
2020-02-01 15:28:21.740   MAIN   WRN   Database zapsi4 does not exist
2020-02-01 15:28:21.742   MAIN   ERR   Problem opening database: dial tcp: lookup zapsi_database_postgres: no such host
2020-02-01 15:28:21.744   MAIN   ERR   Problem opening postgres database: dial tcp: lookup zapsi_database_postgres: no such host
2020-02-01 15:28:21.746   MAIN   WRN   Database zapsi4 does not exist
2020-02-01 15:28:21.748   MAIN   ERR   Problem opening database: dial tcp: lookup zapsi_database_postgres: no such host
2020-02-01 15:28:21.750   MAIN   ERR   Problem opening postgres database: dial tcp: lookup zapsi_database_postgres: no such host
2020-02-01 15:28:21.752   MAIN   WRN   Database zapsi4 does not exist
2020-02-01 15:28:21.754   MAIN   ERR   Problem opening database: dial tcp: lookup zapsi_database_postgres: no such host
2020-02-01 15:28:21.757   MAIN   ERR   Problem opening postgres database: dial tcp: lookup zapsi_database_postgres: no such host
2020-02-01 15:28:34.600   MAIN   INF   Terminal Service version 2020.1.2.1 started
2020-02-01 15:28:34.987   MAIN   INF   Program running
2020-02-01 15:28:35.015   MAIN   INF   Active devices: 0, running devices: 0
2020-02-01 15:28:35.015   MAIN   INF   Sleeping for 9.971651734s
2020-02-01 15:30:16.342   MAIN   INF   Terminal Service version 2020.1.2.1 started
2020-02-01 15:30:16.987   MAIN   INF   Program running
2020-02-01 15:30:17.001   MAIN   INF   Active devices: 1, running devices: 0
2020-02-01 15:30:17.001   MAIN   INF   Sleeping for 9.98592728s
2020-02-01 15:30:26.992   MAIN   INF   Program running
2020-02-01 15:30:27.007   MAIN   INF   Active devices: 1, running devices: 1
2020-02-01 15:30:27.007   MAIN   INF   Sleeping for 9.985097261s
2020-02-01 15:30:36.993   MAIN   INF   Program running
2020-02-01 15:30:37.010   MAIN   INF   Active devices: 2, running devices: 1
2020-02-01 15:30:37.010   MAIN   INF   Sleeping for 9.98301187s
2020-02-01 15:30:46.995   MAIN   INF   Program running
2020-02-01 15:30:47.012   MAIN   INF   Active devices: 2, running devices: 1
2020-02-01 15:30:47.012   MAIN   INF   Sleeping for 9.982571019s
2020-02-01 16:14:50.493   MAIN   INF   Terminal Service version 2020.1.2.1 started
2020-02-01 16:14:50.822   MAIN   INF   PackageType table not exists, creating
2020-02-01 16:14:50.855   MAIN   INF   Package table not exists, creating
2020-02-01 16:14:50.878   MAIN   INF   FaultType table not exists, creating
2020-02-01 16:14:50.896   MAIN   INF   Fault table not exists, creating
2020-02-01 16:14:50.929   MAIN   INF   Program running
2020-02-01 16:14:50.943   MAIN   INF   Active devices: 0, running devices: 0
2020-02-01 16:14:50.943   MAIN   INF   Sleeping for 9.986220161s
2020-02-01 16:17:10.388   MAIN   INF   Terminal Service version 2020.1.2.1 started
2020-02-01 16:17:10.847   MAIN   INF   BreakdownType table not exists, creating
2020-02-01 16:17:10.862   MAIN   INF   Breakdown table not exists, creating
2020-02-01 16:17:10.895   MAIN   INF   Program running
2020-02-01 16:17:10.910   MAIN   INF   Active devices: 0, running devices: 0
2020-02-01 16:17:10.910   MAIN   INF   Sleeping for 9.984344425s
2020-02-01 16:19:11.196   MAIN   INF   Terminal Service version 2020.1.2.1 started
2020-02-01 16:19:11.743   MAIN   INF   DowntimeType table not exists, creating
2020-02-01 16:19:11.758   MAIN   INF   Downtime table not exists, creating
2020-02-01 16:19:11.794   MAIN   INF   Program running
2020-02-01 16:19:11.805   MAIN   INF   Active devices: 0, running devices: 0
2020-02-01 16:19:11.805   MAIN   INF   Sleeping for 9.988453474s
2020-02-01 16:20:22.016   MAIN   INF   Terminal Service version 2020.1.2.1 started
2020-02-01 16:20:22.631   MAIN   INF   Program running
2020-02-01 16:20:22.640   MAIN   INF   Active devices: 0, running devices: 0
2020-02-01 16:20:22.640   MAIN   INF   Sleeping for 9.990920351s
2020-02-01 16:20:50.717   MAIN   INF   Terminal Service version 2020.1.2.1 started
2020-02-01 16:20:51.261   MAIN   INF   Downtime table not exists, creating
2020-02-01 16:20:51.291   MAIN   INF   Program running
2020-02-01 16:20:51.302   MAIN   INF   Active devices: 0, running devices: 0
2020-02-01 16:20:51.302   MAIN   INF   Sleeping for 9.988868734s
2020-02-01 16:22:24.849   MAIN   INF   Terminal Service version 2020.1.2.1 started
2020-02-01 16:22:25.350   MAIN   INF   Downtime table not exists, creating
2020-02-01 16:22:25.383   MAIN   INF   Program running
2020-02-01 16:22:25.394   MAIN   INF   Active devices: 0, running devices: 0
2020-02-01 16:22:25.394   MAIN   INF   Sleeping for 9.989199588s
2020-02-01 16:24:19.190   MAIN   INF   Terminal Service version 2020.1.2.1 started
2020-02-01 16:24:19.780   MAIN   INF   DowntimeType table not exists, creating
2020-02-01 16:24:19.798   MAIN   INF   Downtime table not exists, creating
2020-02-01 16:24:19.832   MAIN   INF   Program running
2020-02-01 16:24:19.841   MAIN   INF   Active devices: 0, running devices: 0
2020-02-01 16:24:19.841   MAIN   INF   Sleeping for 9.990616985s
2020-02-01 16:25:00.070   MAIN   INF   Terminal Service version 2020.1.2.1 started
2020-02-01 16:25:00.631   MAIN   INF   DowntimeType table not exists, creating
2020-02-01 16:25:00.650   MAIN   INF   Downtime table not exists, creating
2020-02-01 16:25:00.685   MAIN   INF   Program running
2020-02-01 16:25:00.701   MAIN   INF   Active devices: 0, running devices: 0
2020-02-01 16:25:00.701   MAIN   INF   Sleeping for 9.984532479s
2020-02-01 16:34:15.158   MAIN   INF   Terminal Service version 2020.1.2.1 started
2020-02-01 16:34:15.858   MAIN   INF   UserType table not exists, creating
2020-02-01 16:34:15.892   MAIN   INF   UserRole table not exists, creating
2020-02-01 16:34:15.950   MAIN   INF   User table not exists, creating
2020-02-01 16:34:16.004   MAIN   INF   Program running
2020-02-01 16:34:16.026   MAIN   INF   Active devices: 0, running devices: 0
2020-02-01 16:34:16.026   MAIN   INF   Sleeping for 9.97795665s
2020-02-01 16:35:50.958   MAIN   INF   Terminal Service version 2020.1.2.1 started
2020-02-01 16:35:51.521   MAIN   INF   UserType table not exists, creating
2020-02-01 16:35:51.545   MAIN   INF   UserRole table not exists, creating
2020-02-01 16:35:51.570   MAIN   INF   User table not exists, creating
2020-02-01 16:35:51.612   MAIN   INF   Program running
2020-02-01 16:35:51.623   MAIN   INF   Active devices: 0, running devices: 0
2020-02-01 16:35:51.623   MAIN   INF   Sleeping for 9.988562728s
2020-02-01 16:45:32.099   MAIN   INF   Terminal Service version 2020.1.2.1 started
2020-02-01 16:45:33.207   MAIN   INF   Workshift table not exists, creating
2020-02-01 16:45:33.244   MAIN   INF   WorkplaceWorkshift table not exists, creating
2020-02-01 16:45:33.282   MAIN   INF   Program running
2020-02-01 16:45:33.302   MAIN   INF   Active devices: 0, running devices: 0
2020-02-01 16:45:33.302   MAIN   INF   Sleeping for 9.980113611s
2020-02-01 16:46:13.870   MAIN   INF   Terminal Service version 2020.1.2.1 started
2020-02-01 16:46:14.589   MAIN   INF   Workshift table not exists, creating
2020-02-01 16:46:14.616   MAIN   INF   WorkplaceWorkshift table not exists, creating
2020-02-01 16:46:14.640   MAIN   INF   Program running
2020-02-01 16:46:14.653   MAIN   INF   Active devices: 0, running devices: 0
2020-02-01 16:46:14.653   MAIN   INF   Sleeping for 9.986360476s
2020-02-01 16:46:33.968   MAIN   INF   Terminal Service version 2020.1.2.1 started
2020-02-01 16:46:34.759   MAIN   INF   WorkplaceWorkshift table not exists, creating
2020-02-01 16:46:34.801   MAIN   INF   Program running
2020-02-01 16:46:34.824   MAIN   INF   Active devices: 0, running devices: 0
2020-02-01 16:46:34.825   MAIN   INF   Sleeping for 9.976240195s
2020-02-01 16:48:03.682   MAIN   INF   Terminal Service version 2020.1.2.1 started
2020-02-01 16:48:04.599   MAIN   INF   Program running
2020-02-01 16:48:04.613   MAIN   INF   Active devices: 0, running devices: 0
2020-02-01 16:48:04.613   MAIN   INF   Sleeping for 9.986674078s
2020-02-01 16:50:24.519   MAIN   INF   Terminal Service version 2020.1.2.1 started
2020-02-01 16:50:25.481   MAIN   INF   Part table not exists, creating
2020-02-01 16:50:25.495   MAIN   INF   Operation table not exists, creating
2020-02-01 16:50:25.521   MAIN   INF   Program running
2020-02-01 16:50:25.532   MAIN   INF   Active devices: 0, running devices: 0
2020-02-01 16:50:25.532   MAIN   INF   Sleeping for 9.989147286s
2020-02-01 16:56:27.472   MAIN   INF   Terminal Service version 2020.1.2.1 started
2020-02-01 16:56:28.464   MAIN   INF   Product table not exists, creating
2020-02-01 16:56:28.480   MAIN   INF   Order table not exists, creating
2020-02-01 16:56:28.507   MAIN   INF   Operation table not exists, creating
2020-02-01 16:56:28.545   MAIN   INF   Program running
2020-02-01 16:56:28.557   MAIN   INF   Active devices: 0, running devices: 0
2020-02-01 16:56:28.557   MAIN   INF   Sleeping for 9.9880598s
2020-02-01 16:58:05.151   MAIN   INF   Terminal Service version 2020.1.2.1 started
2020-02-01 16:58:06.268   MAIN   INF   DevicePartRecord table not exists, creating
2020-02-01 16:58:06.305   MAIN   INF   Program running
2020-02-01 16:58:06.316   MAIN   INF   Active devices: 0, running devices: 0
2020-02-01 16:58:06.316   MAIN   INF   Sleeping for 9.98908682s
2020-02-01 17:01:45.554   MAIN   INF   Terminal Service version 2020.1.2.1 started
2020-02-01 17:01:46.659   MAIN   INF   DeviceOrderRecord table not exists, creating
2020-02-01 17:01:46.723   MAIN   INF   Program running
2020-02-01 17:01:46.738   MAIN   INF   Active devices: 0, running devices: 0
2020-02-01 17:01:46.738   MAIN   INF   Sleeping for 9.985252237s
2020-02-01 17:02:08.407   MAIN   INF   Terminal Service version 2020.1.2.1 started
2020-02-01 17:02:09.554   MAIN   INF   DeviceOrderRecord table not exists, creating
2020-02-01 17:02:09.652   MAIN   INF   Program running
2020-02-01 17:02:09.661   MAIN   INF   Active devices: 0, running devices: 0
2020-02-01 17:02:09.661   MAIN   INF   Sleeping for 9.990599779s
2020-02-01 17:02:30.842   MAIN   INF   Terminal Service version 2020.1.2.1 started
2020-02-01 17:02:32.279   MAIN   INF   DevicePartRecord table not exists, creating
2020-02-01 17:02:32.535   MAIN   INF   Program running
2020-02-01 17:02:32.547   MAIN   INF   Active devices: 0, running devices: 0
2020-02-01 17:02:32.547   MAIN   INF   Sleeping for 9.988225566s
2020-02-01 17:03:26.245   MAIN   INF   Terminal Service version 2020.1.2.1 started
2020-02-01 17:03:27.493   MAIN   INF   Program running
2020-02-01 17:03:27.504   MAIN   INF   Active devices: 0, running devices: 0
2020-02-01 17:03:27.504   MAIN   INF   Sleeping for 9.988899043s
2020-02-01 17:03:46.127   MAIN   INF   Terminal Service version 2020.1.2.1 started
2020-02-01 17:03:47.237   MAIN   INF   DevicePartRecord table not exists, creating
2020-02-01 17:03:47.411   MAIN   INF   Program running
2020-02-01 17:03:47.421   MAIN   INF   Active devices: 0, running devices: 0
2020-02-01 17:03:47.421   MAIN   INF   Sleeping for 9.990033777s
2020-02-01 17:05:52.988   MAIN   INF   Terminal Service version 2020.1.2.1 started
2020-02-01 17:05:54.156   MAIN   INF   DeviceFaultRecord table not exists, creating
2020-02-01 17:05:54.196   MAIN   INF   Program running
2020-02-01 17:05:54.206   MAIN   INF   Active devices: 0, running devices: 0
2020-02-01 17:05:54.206   MAIN   INF   Sleeping for 9.990187727s
2020-02-01 17:06:24.563   MAIN   INF   Terminal Service version 2020.1.2.1 started
2020-02-01 17:06:26.011   MAIN   INF   DeviceFaultRecord table not exists, creating
2020-02-01 17:06:26.054   MAIN   INF   Program running
2020-02-01 17:06:26.069   MAIN   INF   Active devices: 0, running devices: 0
2020-02-01 17:06:26.069   MAIN   INF   Sleeping for 9.984669102s
2020-02-01 17:07:08.670   MAIN   INF   Terminal Service version 2020.1.2.1 started
2020-02-01 17:07:10.034   MAIN   INF   DeviceBreakdownRecord table not exists, creating
2020-02-01 17:07:10.082   MAIN   INF   Program running
2020-02-01 17:07:10.096   MAIN   INF   Active devices: 0, running devices: 0
2020-02-01 17:07:10.096   MAIN   INF   Sleeping for 9.985985785s
2020-02-01 17:07:54.587   MAIN   INF   Terminal Service version 2020.1.2.1 started
2020-02-01 17:07:55.933   MAIN   INF   DeviceDowntimeRecord table not exists, creating
2020-02-01 17:07:55.970   MAIN   INF   Program running
2020-02-01 17:07:55.982   MAIN   INF   Active devices: 0, running devices: 0
2020-02-01 17:07:55.983   MAIN   INF   Sleeping for 9.987494239s
2020-02-01 17:08:36.706   MAIN   INF   Terminal Service version 2020.1.2.1 started
2020-02-01 17:08:38.177   MAIN   INF   DeviceUserRecord table not exists, creating
2020-02-01 17:08:38.213   MAIN   INF   Program running
2020-02-01 17:08:38.225   MAIN   INF   Active devices: 0, running devices: 0
2020-02-01 17:08:38.225   MAIN   INF   Sleeping for 9.987607528s
2020-02-01 17:08:50.465   MAIN   INF   Terminal Service version 2020.1.2.1 started
2020-02-01 17:08:52.752   MAIN   INF   Program running
2020-02-01 17:08:52.768   MAIN   INF   Active devices: 0, running devices: 0
2020-02-01 17:08:52.768   MAIN   INF   Sleeping for 9.984050445s
2020-02-01 17:08:59.285   MAIN   INF   Terminal Service version 2020.1.2.1 started
2020-02-01 17:09:00.677   MAIN   INF   Program running
2020-02-01 17:09:00.689   MAIN   INF   Active devices: 2, running devices: 0
2020-02-01 17:09:00.690   MAIN   INF   Sleeping for 9.987519171s
